[2023-12-27 21:08:33]	link failed !, exit code: 1
   at unify_builder.Program.Main(String[] args_)
---
c:/users/administrator/.eide/tools/gcc_arm/bin/../lib/gcc/arm-none-eabi/10.2.1/../../../../arm-none-eabi/bin/ld.exe: cannot open linker script file e:/Document/STM32_Project/TP_DSP_F407ZGT_Hollies/<YOUR_LINKER_SCRIPT>.lds: Invalid argument
collect2.exe: error: ld returned 1 exit status


[2023-12-27 21:09:07]	link failed !, exit code: 1
   at unify_builder.Program.Main(String[] args_)
---
c:/users/administrator/.eide/tools/gcc_arm/bin/../lib/gcc/arm-none-eabi/10.2.1/../../../../arm-none-eabi/bin/ld.exe: cannot open linker script file e:/Document/STM32_Project/TP_DSP_F407ZGT_Hollies/<YOUR_LINKER_SCRIPT>.lds: Invalid argument
collect2.exe: error: ld returned 1 exit status


[2023-12-27 21:09:43]	link failed !, exit code: 1
   at unify_builder.Program.Main(String[] args_)
---
c:/users/administrator/.eide/tools/gcc_arm/bin/../lib/gcc/arm-none-eabi/10.2.1/../../../../arm-none-eabi/bin/ld.exe: cannot find -larm_cortexM4lf_math
collect2.exe: error: ld returned 1 exit status


[2023-12-27 21:15:51]	link failed !, exit code: 1
   at unify_builder.Program.Main(String[] args_)
---
E:/Software/STM32CubeIDE_1.12.0/STM32CubeIDE/plugins/com.st.stm32cube.ide.mcu.externaltools.gnu-tools-for-stm32.11.3.rel1.win32_1.1.1.202309131626/tools/bin/../lib/gcc/arm-none-eabi/11.3.1/../../../../arm-none-eabi/bin/ld.exe: cannot find -larm_cortexM4lf_math: No such file or directory
collect2.exe: error: ld returned 1 exit status


[2023-12-27 21:16:42]	link failed !, exit code: 1
   at unify_builder.Program.Main(String[] args_)
---
E:/Software/STM32CubeIDE_1.12.0/STM32CubeIDE/plugins/com.st.stm32cube.ide.mcu.externaltools.gnu-tools-for-stm32.11.3.rel1.win32_1.1.1.202309131626/tools/bin/../lib/gcc/arm-none-eabi/11.3.1/../../../../arm-none-eabi/bin/ld.exe: cannot open linker script file e:/Document/STM32_Project/TP_DSP_F407ZGT_Hollies/<YOUR_LINKER_SCRIPT>.lds: No such file or directory
collect2.exe: error: ld returned 1 exit status


[2023-12-27 21:18:35]	link failed !, exit code: 1
   at unify_builder.Program.Main(String[] args_)
---
E:/Software/STM32CubeIDE_1.12.0/STM32CubeIDE/plugins/com.st.stm32cube.ide.mcu.externaltools.gnu-tools-for-stm32.11.3.rel1.win32_1.1.1.202309131626/tools/bin/../lib/gcc/arm-none-eabi/11.3.1/../../../../arm-none-eabi/bin/ld.exe: cannot find -larm_cortexM4lf_math: No such file or directory
collect2.exe: error: ld returned 1 exit status


[2023-12-27 21:19:46]	link failed !, exit code: 1
   at unify_builder.Program.Main(String[] args_)
---
E:/Software/STM32CubeIDE_1.12.0/STM32CubeIDE/plugins/com.st.stm32cube.ide.mcu.externaltools.gnu-tools-for-stm32.11.3.rel1.win32_1.1.1.202309131626/tools/bin/../lib/gcc/arm-none-eabi/11.3.1/../../../../arm-none-eabi/bin/ld.exe: cannot find -larm_cortexM4lf_math: No such file or directory
collect2.exe: error: ld returned 1 exit status


