2023-05-07 15:03:17,785 [INFO] Activator:176 - 


2023-05-07 15:03:17,795 [INFO] Activator:177 - !SESSION log4j initialized
2023-05-07 15:03:23,315 [ERROR] LogOutputStream:75 - [STDERR_REDIRECT] Warning: NLS unused message: ?????????????????????? in: org.eclipse.ui.views.markers.internal.messages
2023-05-07 15:03:26,575 [INFO] LogOutputStream:77 - [STDOUT_REDIRECT] 
2023-05-07 15:03:51,989 [ERROR] LogOutputStream:75 - [STDERR_REDIRECT] SLF4J: Failed to load class "org.slf4j.impl.StaticLoggerBinder".
2023-05-07 15:03:51,989 [ERROR] LogOutputStream:75 - [STDERR_REDIRECT] SLF4J: Defaulting to no-operation (NOP) logger implementation
2023-05-07 15:03:51,989 [ERROR] LogOutputStream:75 - [STDERR_REDIRECT] SLF4J: See http://www.slf4j.org/codes.html#StaticLoggerBinder for further details.
2023-05-07 15:51:16,289 [INFO] ApplicationProperties:184 - Using Application install path: E:\Software\STM32CubeIDE_1.12.0\STM32CubeIDE\plugins\com.st.stm32cube.common.mx_6.8.0.202302231600
2023-05-07 15:51:16,319 [INFO] DbMcusXml:78 - Set database path to: E:\Software\STM32CubeIDE_1.12.0\STM32CubeIDE\plugins\com.st.stm32cube.common.mx_6.8.0.202302231600\\db\/mcu/
2023-05-07 15:51:16,319 [INFO] ApiDb:274 - Set plugin database path to: E:\Software\STM32CubeIDE_1.12.0\STM32CubeIDE\plugins\com.st.stm32cube.common.mx_6.8.0.202302231600\\db\/plugins/boardmanager/
2023-05-07 15:51:16,319 [WARN] ApiDb:259 - Overriding images path with different value:  => E:\Software\STM32CubeIDE_1.12.0\STM32CubeIDE\plugins\com.st.stm32cube.common.mx_6.8.0.202302231600\\db\/plugins/mcufinder/images/
2023-05-07 15:51:16,349 [INFO] ApiDb:250 - Set database path to: C:\Users\Administrator\.stmcufinder\plugins\mcufinder//mcu/
2023-05-07 15:51:16,349 [INFO] DbMcusAds:125 - Set database path to: C:\Users\Administrator\.stmcufinder\plugins\mcufinder//mcu/
2023-05-07 15:51:16,369 [INFO] CrossReferenceDbSqlite:203 - Set database path to: C:\Users\Administrator\.stmcufinder\plugins\mcufinder//mcu/cs/
2023-05-07 15:51:16,509 [INFO] RulesReader:64 - Compatibility file has been processed (293 Rules)
2023-05-07 15:51:16,599 [INFO] DbMcusXml:78 - Set database path to: E:\Software\STM32CubeIDE_1.12.0\STM32CubeIDE\plugins\com.st.stm32cube.common.mx_6.8.0.202302231600\\db\/mcu/
2023-05-07 15:51:16,599 [INFO] ApiDb:274 - Set plugin database path to: E:\Software\STM32CubeIDE_1.12.0\STM32CubeIDE\plugins\com.st.stm32cube.common.mx_6.8.0.202302231600\\db\/plugins/boardmanager/
2023-05-07 15:51:16,599 [INFO] ApiDb:261 - Set plugin images path to: E:\Software\STM32CubeIDE_1.12.0\STM32CubeIDE\plugins\com.st.stm32cube.common.mx_6.8.0.202302231600\\db\/plugins/mcufinder/images/
2023-05-07 15:51:16,599 [WARN] DbFile:41 - Overriding database path with different value: C:\Users\Administrator\.stmcufinder\plugins\mcufinder/ => C:\Users\Administrator\.stmcufinder\plugins\mcufinder
2023-05-07 15:51:16,599 [INFO] ApiDb:250 - Set database path to: C:\Users\Administrator\.stmcufinder\plugins\mcufinder//mcu/
2023-05-07 15:51:16,599 [WARN] DbFile:41 - Overriding database path with different value: C:\Users\Administrator\.stmcufinder\plugins\mcufinder/ => C:\Users\Administrator\.stmcufinder\plugins\mcufinder
2023-05-07 15:51:16,599 [INFO] DbMcusAds:125 - Set database path to: C:\Users\Administrator\.stmcufinder\plugins\mcufinder//mcu/
2023-05-07 15:51:16,599 [WARN] DbFile:41 - Overriding database path with different value: C:\Users\Administrator\.stmcufinder\plugins\mcufinder/ => C:\Users\Administrator\.stmcufinder\plugins\mcufinder
2023-05-07 15:51:16,599 [WARN] DbFile:41 - Overriding database path with different value: C:\Users\Administrator\.stmcufinder\plugins\mcufinder/ => C:\Users\Administrator\.stmcufinder\plugins\mcufinder
2023-05-07 15:51:16,599 [INFO] CrossReferenceDbSqlite:203 - Set database path to: C:\Users\Administrator\.stmcufinder\plugins\mcufinder//mcu/cs/
2023-05-07 15:51:16,709 [INFO] MainPanel:253 - HeapMemory: 944766976
2023-05-07 15:51:16,819 [INFO] DbMcusXml:78 - Set database path to: E:\Software\STM32CubeIDE_1.12.0\STM32CubeIDE\plugins\com.st.stm32cube.common.mx_6.8.0.202302231600\\db\/mcu/
2023-05-07 15:51:16,819 [INFO] ApiDb:274 - Set plugin database path to: E:\Software\STM32CubeIDE_1.12.0\STM32CubeIDE\plugins\com.st.stm32cube.common.mx_6.8.0.202302231600\\db\/plugins/boardmanager/
2023-05-07 15:51:16,819 [INFO] ApiDb:261 - Set plugin images path to: E:\Software\STM32CubeIDE_1.12.0\STM32CubeIDE\plugins\com.st.stm32cube.common.mx_6.8.0.202302231600\\db\/plugins/mcufinder/images/
2023-05-07 15:51:16,819 [WARN] DbFile:41 - Overriding database path with different value: C:\Users\Administrator\.stmcufinder\plugins\mcufinder/ => C:\Users\Administrator\.stmcufinder\plugins\mcufinder
2023-05-07 15:51:16,819 [INFO] ApiDb:250 - Set database path to: C:\Users\Administrator\.stmcufinder\plugins\mcufinder//mcu/
2023-05-07 15:51:16,819 [WARN] DbFile:41 - Overriding database path with different value: C:\Users\Administrator\.stmcufinder\plugins\mcufinder/ => C:\Users\Administrator\.stmcufinder\plugins\mcufinder
2023-05-07 15:51:16,819 [INFO] DbMcusAds:125 - Set database path to: C:\Users\Administrator\.stmcufinder\plugins\mcufinder//mcu/
2023-05-07 15:51:16,819 [WARN] DbFile:41 - Overriding database path with different value: C:\Users\Administrator\.stmcufinder\plugins\mcufinder/ => C:\Users\Administrator\.stmcufinder\plugins\mcufinder
2023-05-07 15:51:16,819 [WARN] DbFile:41 - Overriding database path with different value: C:\Users\Administrator\.stmcufinder\plugins\mcufinder/ => C:\Users\Administrator\.stmcufinder\plugins\mcufinder
2023-05-07 15:51:16,819 [INFO] CrossReferenceDbSqlite:203 - Set database path to: C:\Users\Administrator\.stmcufinder\plugins\mcufinder//mcu/cs/
2023-05-07 15:51:16,829 [INFO] ApplicationProperties:184 - Using Application install path: E:\Software\STM32CubeIDE_1.12.0\STM32CubeIDE\plugins\com.st.stm32cube.common.mx_6.8.0.202302231600
2023-05-07 15:51:16,839 [INFO] PluginManage:196 - Search for loadable plugins [exclusion list=, ]
2023-05-07 15:51:16,839 [INFO] PluginManage:310 - Check plugin analytics
2023-05-07 15:51:16,989 [INFO] AnalyticsPlugin:253 - Accepted Software Licenses: 
2023-05-07 15:51:16,989 [INFO] AnalyticsPlugin:255 - Accepted CMSIS Pack Licenses: 
2023-05-07 15:51:16,989 [INFO] AnalyticsPlugin:257 - Accepted Firmware Licenses: FW.C0.1.0.0
2023-05-07 15:51:16,999 [INFO] PluginManage:359 - Loaded plugin analytics (category:tool,tabindex:-1)
2023-05-07 15:51:16,999 [INFO] PluginManage:310 - Check plugin cadmodel
2023-05-07 15:51:17,039 [INFO] CADModel:105 - Init CAD model plugin
2023-05-07 15:51:17,039 [INFO] PluginManage:359 - Loaded plugin cadmodel (category:power,tabindex:5)
2023-05-07 15:51:17,039 [INFO] PluginManage:310 - Check plugin clock
2023-05-07 15:51:17,089 [INFO] PluginManage:359 - Loaded plugin clock (category:base,tabindex:2)
2023-05-07 15:51:17,089 [INFO] PluginManage:310 - Check plugin ddr
2023-05-07 15:51:17,099 [INFO] PluginManage:359 - Loaded plugin ddr (category:tool,tabindex:6)
2023-05-07 15:51:17,099 [INFO] PluginManage:310 - Check plugin filemanager
2023-05-07 15:51:17,229 [INFO] PluginManage:359 - Loaded plugin filemanager (category:base,tabindex:10)
2023-05-07 15:51:17,229 [INFO] PluginManage:310 - Check plugin ipmanager
2023-05-07 15:51:17,249 [INFO] PluginManage:359 - Loaded plugin ipmanager (category:base,tabindex:5)
2023-05-07 15:51:17,249 [INFO] PluginManage:310 - Check plugin lpbam
2023-05-07 15:51:17,269 [INFO] PluginManage:359 - Loaded plugin lpbam (category:base,tabindex:0)
2023-05-07 15:51:17,269 [INFO] PluginManage:310 - Check plugin pinoutandconfiguration
2023-05-07 15:51:17,289 [INFO] PluginManage:359 - Loaded plugin pinoutandconfiguration (category:base,tabindex:1)
2023-05-07 15:51:17,289 [INFO] PluginManage:310 - Check plugin pinoutconfig
2023-05-07 15:51:17,399 [WARN] SupportedApi:132 - Cannot load RTOS API schema: s4s-elt-must-match.1: The content of 'definitions' must match (annotation?, (simpleType | complexType)?, (unique | key | keyref)*)). A problem was found starting at: attribute.
2023-05-07 15:51:17,519 [INFO] PluginManage:359 - Loaded plugin pinoutconfig (category:base,tabindex:0)
2023-05-07 15:51:17,519 [INFO] PluginManage:310 - Check plugin power
2023-05-07 15:51:17,569 [INFO] PluginManage:359 - Loaded plugin power (category:power,tabindex:4)
2023-05-07 15:51:17,569 [INFO] PluginManage:310 - Check plugin projectmanager
2023-05-07 15:51:17,579 [INFO] PluginManage:359 - Loaded plugin projectmanager (category:projectmanager,tabindex:3)
2023-05-07 15:51:17,579 [INFO] PluginManage:310 - Check plugin thirdparty
2023-05-07 15:51:17,809 [INFO] PluginManage:359 - Loaded plugin thirdparty (category:base,tabindex:-1)
2023-05-07 15:51:17,809 [INFO] PluginManage:310 - Check plugin tools
2023-05-07 15:51:17,809 [WARN] IntegrityCheckThread:84 - waiting for thirdparty lock release [integrity check]
2023-05-07 15:51:17,809 [INFO] IntegrityCheckThread:86 - entering critical section [integrity check]
2023-05-07 15:51:17,809 [INFO] ThirdPartyUpdaterWithRetryManager:70 - Updater plugin not ready yet. [1/15]
2023-05-07 15:51:17,829 [INFO] PluginManage:359 - Loaded plugin tools (category:base,tabindex:7)
2023-05-07 15:51:17,829 [INFO] PluginManage:310 - Check plugin tutovideos
2023-05-07 15:51:18,059 [INFO] PluginManage:359 - Loaded plugin tutovideos (category:base,tabindex:-1)
2023-05-07 15:51:18,059 [INFO] PluginManage:310 - Check plugin updater
2023-05-07 15:51:18,079 [INFO] PluginManage:359 - Loaded plugin updater (category:base,tabindex:12)
2023-05-07 15:51:18,079 [INFO] PluginManage:283 - PluginManage : Loaded plugins [15]
2023-05-07 15:51:18,499 [INFO] PinOutPanel:1499 - setPackage(No Configuration,No Configuration)
2023-05-07 15:51:18,579 [INFO] CADModel:165 - CPN selected for project level
2023-05-07 15:51:18,579 [INFO] CADModel:114 - Register for checkConnection events
2023-05-07 15:51:18,629 [INFO] IPUIPlugin:80 - create IPUIPlugin
2023-05-07 15:51:18,629 [INFO] PluginManager:220 - loadIPPluginJar : add adc
2023-05-07 15:51:18,659 [INFO] IPUIPlugin:80 - create IPUIPlugin
2023-05-07 15:51:18,659 [INFO] PluginManager:220 - loadIPPluginJar : add aes
2023-05-07 15:51:18,699 [INFO] IPUIPlugin:80 - create IPUIPlugin
2023-05-07 15:51:18,699 [INFO] PluginManager:220 - loadIPPluginJar : add can
2023-05-07 15:51:18,719 [INFO] IPUIPlugin:80 - create IPUIPlugin
2023-05-07 15:51:18,719 [INFO] PluginManager:220 - loadIPPluginJar : add comp
2023-05-07 15:51:18,739 [INFO] IPUIPlugin:80 - create IPUIPlugin
2023-05-07 15:51:18,739 [INFO] PluginManager:220 - loadIPPluginJar : add cryp
2023-05-07 15:51:18,769 [INFO] IPUIPlugin:80 - create IPUIPlugin
2023-05-07 15:51:18,769 [INFO] PluginManager:220 - loadIPPluginJar : add dfsdm
2023-05-07 15:51:18,779 [INFO] IPUIPlugin:80 - create IPUIPlugin
2023-05-07 15:51:18,779 [INFO] PluginManager:220 - loadIPPluginJar : add dma
2023-05-07 15:51:18,799 [INFO] IPUIPlugin:80 - create IPUIPlugin
2023-05-07 15:51:18,799 [INFO] PluginManager:220 - loadIPPluginJar : add dma3
2023-05-07 15:51:18,809 [INFO] IPUIPlugin:80 - create IPUIPlugin
2023-05-07 15:51:18,809 [INFO] PluginManager:220 - loadIPPluginJar : add fatfs
2023-05-07 15:51:18,839 [INFO] IPUIPlugin:80 - create IPUIPlugin
2023-05-07 15:51:18,839 [INFO] PluginManager:220 - loadIPPluginJar : add fmc
2023-05-07 15:51:18,859 [INFO] IPUIPlugin:80 - create IPUIPlugin
2023-05-07 15:51:18,859 [INFO] PluginManager:220 - loadIPPluginJar : add freertos
2023-05-07 15:51:18,869 [INFO] IPUIPlugin:80 - create IPUIPlugin
2023-05-07 15:51:18,869 [INFO] PluginManager:220 - loadIPPluginJar : add genericplugin
2023-05-07 15:51:18,939 [INFO] IPUIPlugin:80 - create IPUIPlugin
2023-05-07 15:51:18,939 [INFO] PluginManager:220 - loadIPPluginJar : add gfxmmu
2023-05-07 15:51:19,019 [INFO] IPUIPlugin:80 - create IPUIPlugin
2023-05-07 15:51:19,019 [INFO] PluginManager:220 - loadIPPluginJar : add gic
2023-05-07 15:51:19,029 [INFO] IPUIPlugin:80 - create IPUIPlugin
2023-05-07 15:51:19,029 [INFO] PluginManager:220 - loadIPPluginJar : add gpio
2023-05-07 15:51:19,099 [INFO] IPUIPlugin:80 - create IPUIPlugin
2023-05-07 15:51:19,099 [INFO] PluginManager:220 - loadIPPluginJar : add gtzc
2023-05-07 15:51:19,129 [INFO] IPUIPlugin:80 - create IPUIPlugin
2023-05-07 15:51:19,129 [INFO] PluginManager:220 - loadIPPluginJar : add hash
2023-05-07 15:51:19,159 [INFO] IPUIPlugin:80 - create IPUIPlugin
2023-05-07 15:51:19,159 [INFO] PluginManager:220 - loadIPPluginJar : add i2c
2023-05-07 15:51:19,179 [INFO] IPUIPlugin:80 - create IPUIPlugin
2023-05-07 15:51:19,179 [INFO] PluginManager:220 - loadIPPluginJar : add i2s
2023-05-07 15:51:19,209 [INFO] IPUIPlugin:80 - create IPUIPlugin
2023-05-07 15:51:19,209 [INFO] PluginManager:220 - loadIPPluginJar : add i3c
2023-05-07 15:51:19,299 [INFO] IPUIPlugin:80 - create IPUIPlugin
2023-05-07 15:51:19,299 [INFO] PluginManager:220 - loadIPPluginJar : add ipddr
2023-05-07 15:51:19,369 [INFO] IPUIPlugin:80 - create IPUIPlugin
2023-05-07 15:51:19,369 [INFO] PluginManager:220 - loadIPPluginJar : add linkedlist
2023-05-07 15:51:19,399 [INFO] IPUIPlugin:80 - create IPUIPlugin
2023-05-07 15:51:19,399 [INFO] PluginManager:220 - loadIPPluginJar : add lorawan
2023-05-07 15:51:19,419 [INFO] IPUIPlugin:80 - create IPUIPlugin
2023-05-07 15:51:19,419 [INFO] PluginManager:220 - loadIPPluginJar : add ltdc
2023-05-07 15:51:19,429 [INFO] IPUIPlugin:80 - create IPUIPlugin
2023-05-07 15:51:19,429 [INFO] PluginManager:220 - loadIPPluginJar : add mdma
2023-05-07 15:51:19,439 [INFO] IPUIPlugin:80 - create IPUIPlugin
2023-05-07 15:51:19,439 [INFO] PluginManager:220 - loadIPPluginJar : add nvic
2023-05-07 15:51:19,459 [INFO] IPUIPlugin:80 - create IPUIPlugin
2023-05-07 15:51:19,459 [INFO] PluginManager:220 - loadIPPluginJar : add opamp
2023-05-07 15:51:19,499 [INFO] IPUIPlugin:80 - create IPUIPlugin
2023-05-07 15:51:19,499 [INFO] PluginManager:220 - loadIPPluginJar : add openamp
2023-05-07 15:51:19,519 [INFO] IPUIPlugin:80 - create IPUIPlugin
2023-05-07 15:51:19,519 [INFO] PluginManager:220 - loadIPPluginJar : add pdm2pcm
2023-05-07 15:51:19,539 [INFO] IPUIPlugin:80 - create IPUIPlugin
2023-05-07 15:51:19,539 [INFO] PluginManager:220 - loadIPPluginJar : add plateformsettings
2023-05-07 15:51:19,559 [INFO] IPUIPlugin:80 - create IPUIPlugin
2023-05-07 15:51:19,559 [INFO] PluginManager:220 - loadIPPluginJar : add quadspi
2023-05-07 15:51:19,579 [INFO] IPUIPlugin:80 - create IPUIPlugin
2023-05-07 15:51:19,579 [INFO] PluginManager:220 - loadIPPluginJar : add resmgrutility
2023-05-07 15:51:19,609 [INFO] IPUIPlugin:80 - create IPUIPlugin
2023-05-07 15:51:19,609 [INFO] PluginManager:220 - loadIPPluginJar : add sai
2023-05-07 15:51:19,629 [INFO] IPUIPlugin:80 - create IPUIPlugin
2023-05-07 15:51:19,629 [INFO] PluginManager:220 - loadIPPluginJar : add spi
2023-05-07 15:51:19,679 [INFO] IPUIPlugin:80 - create IPUIPlugin
2023-05-07 15:51:19,679 [INFO] PluginManager:220 - loadIPPluginJar : add stm32_wpan
2023-05-07 15:51:19,709 [INFO] IPUIPlugin:80 - create IPUIPlugin
2023-05-07 15:51:19,709 [INFO] PluginManager:220 - loadIPPluginJar : add tim
2023-05-07 15:51:19,749 [INFO] IPUIPlugin:80 - create IPUIPlugin
2023-05-07 15:51:19,749 [INFO] PluginManager:220 - loadIPPluginJar : add touchsensing
2023-05-07 15:51:19,769 [INFO] IPUIPlugin:80 - create IPUIPlugin
2023-05-07 15:51:19,769 [INFO] PluginManager:220 - loadIPPluginJar : add tracer_emb
2023-05-07 15:51:19,779 [INFO] IPUIPlugin:80 - create IPUIPlugin
2023-05-07 15:51:19,779 [INFO] PluginManager:220 - loadIPPluginJar : add ts
2023-05-07 15:51:19,789 [INFO] IPUIPlugin:80 - create IPUIPlugin
2023-05-07 15:51:19,789 [INFO] PluginManager:220 - loadIPPluginJar : add tsc
2023-05-07 15:51:19,809 [INFO] IPUIPlugin:80 - create IPUIPlugin
2023-05-07 15:51:19,809 [INFO] PluginManager:220 - loadIPPluginJar : add ucpd
2023-05-07 15:51:19,839 [INFO] IPUIPlugin:80 - create IPUIPlugin
2023-05-07 15:51:19,839 [INFO] PluginManager:220 - loadIPPluginJar : add usart
2023-05-07 15:51:19,869 [INFO] IPUIPlugin:80 - create IPUIPlugin
2023-05-07 15:51:19,869 [INFO] PluginManager:220 - loadIPPluginJar : add usbx
2023-05-07 15:51:19,988 [INFO] CADModel:165 - CPN selected for project level
2023-05-07 15:51:19,988 [INFO] CADModel:114 - Register for checkConnection events
2023-05-07 15:51:19,988 [FATAL] Updater:308 - Updater called before beeing initialized
2023-05-07 15:51:19,988 [ERROR] CADModel:125 - Updater not yet initialized, retry later 
2023-05-07 15:51:20,168 [INFO] CADModel:165 - CPN selected for project level
2023-05-07 15:51:20,168 [INFO] CADModel:114 - Register for checkConnection events
2023-05-07 15:51:20,168 [FATAL] Updater:308 - Updater called before beeing initialized
2023-05-07 15:51:20,168 [ERROR] CADModel:125 - Updater not yet initialized, retry later 
2023-05-07 15:51:20,178 [FATAL] Updater:308 - Updater called before beeing initialized
2023-05-07 15:51:20,258 [FATAL] Updater:308 - Updater called before beeing initialized
2023-05-07 15:51:20,268 [INFO] DbMcusAds:53 - JSON generation date=Tue Mar 07 16:50:55 CST 2023 (1678179055114)
2023-05-07 15:51:20,268 [FATAL] Updater:308 - Updater called before beeing initialized
2023-05-07 15:51:20,378 [WARN] DetailPanel:346 - Failed to get advertising image, set to default
2023-05-07 15:51:20,478 [FATAL] Updater:308 - Updater called before beeing initialized
2023-05-07 15:51:20,478 [FATAL] Updater:308 - Updater called before beeing initialized
2023-05-07 15:51:20,478 [FATAL] Updater:308 - Updater called before beeing initialized
2023-05-07 15:51:20,478 [WARN] DetailPanel:346 - Failed to get advertising image, set to default
2023-05-07 15:51:20,478 [FATAL] Updater:308 - Updater called before beeing initialized
2023-05-07 15:51:20,538 [ERROR] Updater:1120 - MainUpdater not yet initialized. External WinMGr cannot be set.
2023-05-07 15:51:20,558 [INFO] Updater:1056 - Updater Version found : 6.8.0
2023-05-07 15:51:20,578 [INFO] ApplicationProperties:184 - Using Application install path: E:\Software\STM32CubeIDE_1.12.0\STM32CubeIDE\plugins\com.st.stm32cube.common.mx_6.8.0.202302231600
2023-05-07 15:51:20,759 [INFO] MainUpdater:2854 - connection check result : 10
2023-05-07 15:51:20,759 [INFO] MainUpdater:283 - Updater Check For Update Now.
2023-05-07 15:51:20,759 [INFO] MicroXplorer:498 - Change Database Version : DB.6.0.80
2023-05-07 15:51:20,820 [WARN] MainUpdater:1187 - Updater busy. Cannot search thirdparties
2023-05-07 15:51:20,820 [INFO] ThirdPartyUpdaterWithRetryManager:96 - Updater plugin is busy. [1/15]
2023-05-07 15:51:20,909 [INFO] CheckServerUpdateThread:120 - End of CheckServer Thread
2023-05-07 15:51:20,989 [INFO] MainUpdater:2854 - connection check result : 10
2023-05-07 15:51:20,989 [INFO] MainUpdater:2854 - connection check result : 10
2023-05-07 15:51:21,220 [INFO] MicroXplorer:468 - Change Database Path : 
2023-05-07 15:51:21,220 [INFO] MicroXplorer:498 - Change Database Version : DB.6.0.80
2023-05-07 15:51:21,220 [WARN] ThirdParty:871 - waiting for thirdparty lock release [close project]
2023-05-07 15:51:23,963 [WARN] PackLoader:240 - Cannot read IP mode file for wolfSSL.I-CUBE-wolfSSL.5.2.0
2023-05-07 15:51:23,983 [WARN] PackLoader:240 - Cannot read IP mode file for STMicroelectronics.X-CUBE-GNSS1.6.0.0
2023-05-07 15:51:24,003 [WARN] PackLoader:240 - Cannot read IP mode file for STMicroelectronics.X-CUBE-AZRTOS-F4.1.1.0
2023-05-07 15:51:24,013 [WARN] PackLoader:240 - Cannot read IP mode file for STMicroelectronics.X-CUBE-SMBUS.2.1.0
2023-05-07 15:51:24,063 [WARN] PackLoader:240 - Cannot read IP mode file for STMicroelectronics.X-CUBE-MEMS1.9.2.0
2023-05-07 15:51:24,163 [WARN] PackLoader:240 - Cannot read IP mode file for STMicroelectronics.X-CUBE-BLEMGR.1.2.0
2023-05-07 15:51:24,183 [WARN] PackLoader:240 - Cannot read IP mode file for STMicroelectronics.X-CUBE-AZRTOS-F7.1.1.0
2023-05-07 15:51:24,223 [WARN] PackLoader:240 - Cannot read IP mode file for STMicroelectronics.X-CUBE-MEMS1.9.6.0
2023-05-07 15:51:24,343 [WARN] PackLoader:240 - Cannot read IP mode file for STMicroelectronics.X-CUBE-AI.7.1.0
2023-05-07 15:51:24,353 [WARN] PackLoader:240 - Cannot read IP mode file for STMicroelectronics.X-CUBE-TOUCHGFX.4.19.1
2023-05-07 15:51:24,363 [WARN] PackLoader:240 - Cannot read IP mode file for STMicroelectronics.X-CUBE-BLE1.6.2.3
2023-05-07 15:51:24,363 [WARN] PackLoader:240 - Cannot read IP mode file for STMicroelectronics.X-CUBE-BLE1.6.2.4
2023-05-07 15:51:24,373 [WARN] PackLoader:240 - Cannot read IP mode file for STMicroelectronics.X-CUBE-BLEMGR.2.0.0
2023-05-07 15:51:24,383 [WARN] PackLoader:240 - Cannot read IP mode file for STMicroelectronics.X-CUBE-BLE1.6.2.2
2023-05-07 15:51:24,393 [WARN] PackLoader:240 - Cannot read IP mode file for STMicroelectronics.X-CUBE-NFC4.2.0.5
2023-05-07 15:51:24,403 [WARN] PackLoader:240 - Cannot read IP mode file for STMicroelectronics.X-CUBE-NFC4.2.0.4
2023-05-07 15:51:24,413 [WARN] PackLoader:240 - Cannot read IP mode file for STMicroelectronics.X-CUBE-BLE2.3.2.2
2023-05-07 15:51:24,413 [WARN] PackLoader:240 - Cannot read IP mode file for STMicroelectronics.X-CUBE-NFC4.2.0.3
2023-05-07 15:51:24,433 [WARN] ConditionMgr:438 - getConditionDescription Invalid condition id : UX DEVICE CLASS RTOS Condition cause : null
2023-05-07 15:51:24,433 [WARN] ConditionMgr:438 - getConditionDescription Invalid condition id : UX DEVICE CLASS RTOS Condition cause : null
2023-05-07 15:51:24,433 [WARN] PackLoader:240 - Cannot read IP mode file for STMicroelectronics.X-CUBE-AZRTOS-H7.3.1.0
2023-05-07 15:51:24,443 [WARN] ConditionMgr:1039 - genDependencies : Invalid condition id : UX DEVICE CLASS RTOS Condition cause : null
2023-05-07 15:51:24,443 [WARN] ConditionMgr:1039 - genDependencies : Invalid condition id : UX DEVICE CLASS RTOS Condition cause : null
2023-05-07 15:51:24,443 [WARN] ConditionMgr:1039 - genDependencies : Invalid condition id : UX DEVICE CLASS RTOS Condition cause : null
2023-05-07 15:51:24,443 [WARN] ConditionMgr:1039 - genDependencies : Invalid condition id : UX DEVICE CLASS RTOS Condition cause : null
2023-05-07 15:51:24,443 [WARN] ConditionMgr:1039 - genDependencies : Invalid condition id : UX DEVICE CLASS RTOS Condition cause : null
2023-05-07 15:51:24,453 [WARN] PackLoader:240 - Cannot read IP mode file for STMicroelectronics.X-CUBE-TOF1.3.1.0
2023-05-07 15:51:24,473 [WARN] PackLoader:240 - Cannot read IP mode file for STMicroelectronics.X-CUBE-SFXS2LP1.3.1.0
2023-05-07 15:51:24,483 [WARN] PackLoader:240 - Cannot read IP mode file for STMicroelectronics.X-CUBE-DISPLAY.3.0.0
2023-05-07 15:51:24,503 [WARN] PackLoader:240 - Cannot read IP mode file for STMicroelectronics.X-CUBE-AZRTOS-F4.1.0.0
2023-05-07 15:51:24,503 [WARN] PackLoader:240 - Cannot read IP mode file for STMicroelectronics.X-CUBE-NFC7.1.0.0
2023-05-07 15:51:24,523 [WARN] PackLoader:240 - Cannot read IP mode file for STMicroelectronics.X-CUBE-SUBG2.4.2.0
2023-05-07 15:51:24,553 [WARN] PackLoader:240 - Cannot read IP mode file for STMicroelectronics.X-CUBE-MEMS1.9.3.0
2023-05-07 15:51:24,643 [WARN] PackLoader:240 - Cannot read IP mode file for STMicroelectronics.X-CUBE-EEPRMA1.4.1.0
2023-05-07 15:51:24,643 [WARN] PackLoader:240 - Cannot read IP mode file for STMicroelectronics.X-CUBE-AI.7.2.0
2023-05-07 15:51:24,663 [WARN] PackLoader:240 - Cannot read IP mode file for STMicroelectronics.X-CUBE-AZRTOS-G0.1.0.0
2023-05-07 15:51:24,673 [WARN] PackLoader:240 - Cannot read IP mode file for WES.I-CUBE-Cesium.1.3.0
2023-05-07 15:51:24,683 [WARN] PackLoader:240 - Cannot read IP mode file for STMicroelectronics.X-CUBE-SFXS2LP1.4.0.0
2023-05-07 15:51:24,693 [WARN] PackLoader:240 - Cannot read IP mode file for STMicroelectronics.X-CUBE-BLE2.3.3.0
2023-05-07 15:51:24,693 [WARN] PackLoader:240 - Cannot read IP mode file for STMicroelectronics.X-CUBE-DISPLAY.2.2.0
2023-05-07 15:51:24,723 [WARN] PackLoader:240 - Cannot read IP mode file for STMicroelectronics.X-CUBE-TOF1.3.2.0
2023-05-07 15:51:24,733 [WARN] PackLoader:240 - Cannot read IP mode file for STMicroelectronics.X-CUBE-TOUCHGFX.4.18.1
2023-05-07 15:51:24,753 [WARN] PackLoader:240 - Cannot read IP mode file for STMicroelectronics.X-CUBE-AZRTOS-H7.3.0.0
2023-05-07 15:51:24,753 [WARN] PackLoader:240 - Cannot read IP mode file for STMicroelectronics.X-CUBE-ISPU.1.1.0
2023-05-07 15:51:24,763 [WARN] PackLoader:240 - Cannot read IP mode file for RoweBots.I-CUBE-UNISONRTOS.5.5.0-4
2023-05-07 15:51:24,793 [WARN] PackLoader:240 - Cannot read IP mode file for STMicroelectronics.X-CUBE-AZRTOS-H7.2.1.0
2023-05-07 15:51:24,803 [WARN] PackLoader:240 - Cannot read IP mode file for STMicroelectronics.X-CUBE-AI.8.0.0
2023-05-07 15:51:24,803 [WARN] PackLoader:240 - Cannot read IP mode file for STMicroelectronics.X-CUBE-FREERTOS.1.0.0
2023-05-07 15:51:24,813 [WARN] PackLoader:240 - Cannot read IP mode file for STMicroelectronics.X-CUBE-FREERTOS.1.0.1
2023-05-07 15:51:24,823 [WARN] PackLoader:240 - Cannot read IP mode file for STMicroelectronics.X-CUBE-TOUCHGFX.4.21.1
2023-05-07 15:51:24,823 [WARN] PackLoader:240 - Cannot read IP mode file for STMicroelectronics.X-CUBE-TOUCHGFX.4.21.3
2023-05-07 15:51:24,833 [WARN] PackLoader:240 - Cannot read IP mode file for STMicroelectronics.X-CUBE-BLEMGR.1.0.0
2023-05-07 15:51:24,843 [WARN] PackLoader:240 - Cannot read IP mode file for STMicroelectronics.X-CUBE-AI.7.3.0
2023-05-07 15:51:24,843 [WARN] PackLoader:240 - Cannot read IP mode file for STMicroelectronics.X-CUBE-ALGOBUILD.1.3.0
2023-05-07 15:51:24,863 [WARN] PackLoader:240 - Cannot read IP mode file for STMicroelectronics.X-CUBE-AZRTOS-L5.1.1.0
2023-05-07 15:51:24,883 [WARN] PackLoader:240 - Cannot read IP mode file for STMicroelectronics.X-CUBE-AZRTOS-G0.1.1.0
2023-05-07 15:51:24,893 [WARN] PackLoader:240 - Cannot read IP mode file for STMicroelectronics.X-CUBE-SUBG2.5.0.0
2023-05-07 15:51:24,903 [WARN] PackLoader:240 - Cannot read IP mode file for STMicroelectronics.X-CUBE-NFC4.3.0.0
2023-05-07 15:51:24,933 [WARN] PackLoader:240 - Cannot read IP mode file for SEGGER.I-CUBE-embOS.1.2.0
2023-05-07 15:51:24,953 [WARN] PackLoader:240 - Cannot read IP mode file for STMicroelectronics.X-CUBE-DISPLAY.2.1.0
2023-05-07 15:51:24,973 [WARN] PackLoader:240 - Cannot read IP mode file for STMicroelectronics.X-CUBE-AZRTOS-G4.2.0.0
2023-05-07 15:51:24,989 [WARN] PackLoader:240 - Cannot read IP mode file for STMicroelectronics.X-CUBE-TOF1.3.3.0
2023-05-07 15:51:25,003 [WARN] PackLoader:240 - Cannot read IP mode file for STMicroelectronics.FP-ATR-ASTRA1.1.1.1
2023-05-07 15:51:25,013 [WARN] PackLoader:240 - Cannot read IP mode file for STMicroelectronics.FP-ATR-ASTRA1.1.1.0
2023-05-07 15:51:25,023 [WARN] PackLoader:240 - Cannot read IP mode file for STMicroelectronics.X-CUBE-AZRTOS-H7.2.0.0
2023-05-07 15:51:25,043 [WARN] PackLoader:240 - Cannot read IP mode file for STMicroelectronics.X-CUBE-AZRTOS-G4.1.0.0
2023-05-07 15:51:25,043 [WARN] PackLoader:240 - Cannot read IP mode file for STMicroelectronics.FP-ATR-SIGFOX1.3.2.0
2023-05-07 15:51:25,063 [WARN] PackLoader:240 - Cannot read IP mode file for STMicroelectronics.X-CUBE-AZRTOS-L4.1.0.0
2023-05-07 15:51:25,073 [WARN] PackLoader:240 - Cannot read IP mode file for emotas.I-CUBE-CANOPEN.1.1.2
2023-05-07 15:51:25,083 [WARN] PackLoader:240 - Cannot read IP mode file for STMicroelectronics.X-CUBE-TOUCHGFX.4.20.0
2023-05-07 15:51:25,093 [WARN] PackLoader:240 - Cannot read IP mode file for STMicroelectronics.X-CUBE-AZRTOS-F7.1.0.0
2023-05-07 15:51:25,113 [WARN] PackLoader:240 - Cannot read IP mode file for STMicroelectronics.X-CUBE-AZRTOS-WL.1.0.0
2023-05-07 15:51:25,143 [WARN] PackLoader:240 - Cannot read IP mode file for STMicroelectronics.X-CUBE-MEMS1.9.1.0
2023-05-07 15:51:25,223 [WARN] PackLoader:240 - Cannot read IP mode file for portGmbH.I-Cube-SoM-uGOAL.1.1.0
2023-05-07 15:51:25,223 [WARN] PackLoader:240 - Cannot read IP mode file for STMicroelectronics.X-CUBE-ALS.1.0.1
2023-05-07 15:51:25,253 [WARN] PackLoader:240 - Cannot read IP mode file for STMicroelectronics.X-CUBE-MEMS1.9.5.0
2023-05-07 15:51:25,362 [WARN] PackLoader:240 - Cannot read IP mode file for STMicroelectronics.X-CUBE-AZRTOS-WB.1.1.0
2023-05-07 15:51:25,382 [WARN] PackLoader:240 - Cannot read IP mode file for SEGGER.I-CUBE-embOS.1.3.1
2023-05-07 15:51:25,422 [WARN] PackLoader:240 - Cannot read IP mode file for STMicroelectronics.X-CUBE-AZRTOS-L5.1.0.0
2023-05-07 15:51:25,432 [WARN] PackLoader:240 - Cannot read IP mode file for STMicroelectronics.X-CUBE-EEPRMA1.3.1.1
2023-05-07 15:51:25,432 [WARN] PackLoader:240 - Cannot read IP mode file for STMicroelectronics.X-CUBE-GNSS1.5.2.0
2023-05-07 15:51:25,442 [WARN] PackLoader:240 - Cannot read IP mode file for STMicroelectronics.FP-ATR-ASTRA1.2.0.0
2023-05-07 15:51:25,452 [WARN] PackLoader:240 - Cannot read IP mode file for STMicroelectronics.X-CUBE-DISPLAY.2.0.1
2023-05-07 15:51:25,452 [WARN] PackLoader:240 - Cannot read IP mode file for STMicroelectronics.X-CUBE-TOF1.3.0.0
2023-05-07 15:51:25,462 [INFO] ThirdParty:978 - Integrity check success = true
2023-05-07 15:51:25,462 [INFO] IntegrityCheckThread:100 - exiting critical section [integrity check]
2023-05-07 15:51:25,462 [INFO] IntegrityCheckThread:103 - End integrity checks thread
2023-05-07 15:51:25,462 [INFO] ThirdParty:873 - entering critical section [close project]
2023-05-07 15:51:25,462 [INFO] ThirdParty:883 - exiting critical section [close project]
2023-05-07 15:51:25,462 [INFO] PinOutPanel:1499 - setPackage(No Configuration,No Configuration)
2023-05-07 15:51:25,462 [INFO] UtilMem:75 - Begin LoadConfig() Used Memory: 865699112 Bytes (944766976)
2023-05-07 15:51:25,462 [INFO] MicroXplorer:468 - Change Database Path : 
2023-05-07 15:51:25,462 [INFO] MicroXplorer:498 - Change Database Version : DB.6.0.80
2023-05-07 15:51:25,462 [INFO] OpenFileManager:308 - Change cursor
2023-05-07 15:51:25,542 [INFO] Mcu:1937 - Initializing MCU STM32F103Z(C-D-E)Tx STM32F103ZETx STM32F103ZET6
2023-05-07 15:51:26,800 [INFO] Context:659 - Trying to add GPIOservice into a context  which must be forbidden
2023-05-07 15:51:27,250 [INFO] RtosManager:555 - Registered RTOS mode: class=CMSIS, group=RTOS, mode=CMSIS_V1, owner=FREERTOS
2023-05-07 15:51:27,250 [INFO] RtosManager:555 - Registered RTOS mode: class=CMSIS, group=RTOS2, mode=CMSIS_V2, owner=FREERTOS
2023-05-07 15:51:27,250 [INFO] RtosManager:555 - Registered RTOS mode: class=RTOS, group=Core, mode=CMSIS_V1, owner=FREERTOS
2023-05-07 15:51:27,250 [INFO] RtosManager:555 - Registered RTOS mode: class=RTOS, group=Core, mode=CMSIS_V2, owner=FREERTOS
2023-05-07 15:51:27,250 [WARN] ModelIntegratedComponent:184 - Missing modes for component STMicroelectronics:FreeRTOS:0.0.1:STMicroelectronics:RTOS:FreeRTOS:Core:::10.2.0:
2023-05-07 15:51:27,260 [WARN] ModelIntegratedComponent:63 - No mode defined for component null
2023-05-07 15:51:27,260 [WARN] ModelIntegratedComponent:63 - No mode defined for component null
2023-05-07 15:51:27,260 [WARN] ModelIntegratedComponent:63 - No mode defined for component null
2023-05-07 15:51:27,260 [WARN] ModelIntegratedComponent:63 - No mode defined for component null
2023-05-07 15:51:27,260 [WARN] ModelIntegratedComponent:63 - No mode defined for component null
2023-05-07 15:51:27,260 [WARN] ModelIntegratedComponent:63 - No mode defined for component null
2023-05-07 15:51:27,260 [WARN] ModelIntegratedComponent:63 - No mode defined for component null
2023-05-07 15:51:27,260 [WARN] ModelIntegratedComponent:63 - No mode defined for component null
2023-05-07 15:51:27,260 [WARN] ModelIntegratedComponent:63 - No mode defined for component null
2023-05-07 15:51:27,260 [WARN] ModelIntegratedComponent:63 - No mode defined for component null
2023-05-07 15:51:27,260 [WARN] ModelIntegratedComponent:63 - No mode defined for component null
2023-05-07 15:51:27,260 [WARN] ModelIntegratedComponent:63 - No mode defined for component null
2023-05-07 15:51:27,260 [WARN] ModelIntegratedComponent:63 - No mode defined for component null
2023-05-07 15:51:27,260 [WARN] ModelIntegratedComponent:63 - No mode defined for component null
2023-05-07 15:51:27,260 [WARN] ModelIntegratedComponent:63 - No mode defined for component null
2023-05-07 15:51:27,260 [WARN] ModelIntegratedComponent:63 - No mode defined for component null
2023-05-07 15:51:27,260 [WARN] ModelIntegratedComponent:63 - No mode defined for component null
2023-05-07 15:51:27,260 [WARN] ModelIntegratedComponent:63 - No mode defined for component null
2023-05-07 15:51:27,260 [WARN] ModelIntegratedComponent:63 - No mode defined for component null
2023-05-07 15:51:27,260 [WARN] ModelIntegratedComponent:63 - No mode defined for component null
2023-05-07 15:51:27,260 [WARN] ModelIntegratedComponent:63 - No mode defined for component null
2023-05-07 15:51:27,260 [WARN] ModelIntegratedComponent:63 - No mode defined for component null
2023-05-07 15:51:27,260 [WARN] ModelIntegratedComponent:63 - No mode defined for component null
2023-05-07 15:51:27,260 [WARN] ModelIntegratedComponent:63 - No mode defined for component null
2023-05-07 15:51:27,260 [WARN] ModelIntegratedComponent:63 - No mode defined for component null
2023-05-07 15:51:27,260 [WARN] ModelIntegratedComponent:63 - No mode defined for component null
2023-05-07 15:51:27,260 [WARN] ModelIntegratedComponent:63 - No mode defined for component null
2023-05-07 15:51:27,260 [WARN] ModelIntegratedComponent:63 - No mode defined for component null
2023-05-07 15:51:27,260 [WARN] ModelIntegratedComponent:63 - No mode defined for component null
2023-05-07 15:51:27,260 [WARN] ModelIntegratedComponent:63 - No mode defined for component null
2023-05-07 15:51:27,260 [WARN] ModelIntegratedComponent:63 - No mode defined for component null
2023-05-07 15:51:27,260 [WARN] ModelIntegratedComponent:63 - No mode defined for component null
2023-05-07 15:51:27,260 [WARN] ModelIntegratedComponent:63 - No mode defined for component null
2023-05-07 15:51:27,390 [INFO] ThirdPartyModel:298 - Start build external matchings
2023-05-07 15:51:28,591 [INFO] ThirdPartyModel:316 - End build external matchings
2023-05-07 15:51:28,631 [INFO] ImportTextPane:194 - (OptionalMessage_ERROR) IP (RCC) : Parameter (ADCFreqValue) has invalid value (36000000)
2023-05-07 15:51:28,631 [INFO] ImportTextPane:194 - (OptionalMessage_ERROR) IP (RCC) : Invalid parameter (FamilyName)
2023-05-07 15:51:28,631 [INFO] ImportTextPane:194 - (OptionalMessage_ERROR) IP (RCC) : Parameter (MCOFreq_Value) has invalid value (72000000)
2023-05-07 15:51:28,631 [INFO] ImportTextPane:194 - (OptionalMessage_ERROR) IP (RCC) : Parameter (USBFreq_Value) has invalid value (72000000)
2023-05-07 15:51:28,923 [INFO] UtilMem:75 - End LoadConfig() Used Memory: 846254808 Bytes (959447040)
2023-05-07 15:51:29,051 [INFO] ApiDb:581 - Connected to CubeFinder SQLite database (C:\Users\Administrator\.stmcufinder\plugins\mcufinder\mcu\cube-finder-db.db)
2023-05-07 15:51:29,111 [INFO] ApiDb:668 - CubeFinder database Data Model version=2.1
2023-05-07 15:51:29,111 [INFO] ApiDb:669 - CubeFinder database Configuration version=3.0.35
2023-05-07 15:51:29,111 [INFO] ApiDb:670 - CubeFinder database generation date=2023-04-03 (1680511692)
2023-05-07 15:51:29,111 [INFO] ApiDb:671 - CubeFinder database FW Pack versions=[FP-ATR-ASTRA1_V2.0.0, STM32Cube_FW_C0_V1.0.1, STM32Cube_FW_F0_V1.11.4, STM32Cube_FW_F3_V1.11.4, STM32Cube_FW_F4_V1.27.1, STM32Cube_FW_F7_V1.17.0, STM32Cube_FW_G0_V1.6.1, STM32Cube_FW_G4_V1.5.1, STM32Cube_FW_H5_V0.5.1, STM32Cube_FW_H5_V1.0.0, STM32Cube_FW_H7_V1.11.0, STM32Cube_FW_L0_V1.12.2, STM32Cube_FW_L5_V1.5.0, STM32Cube_FW_U5_V1.2.0, STM32Cube_FW_WBA_V1.0.0, STM32Cube_FW_WBA_V1.0.0RC1, STM32Cube_FW_WBA_V1.0.0RC3, STM32Cube_FW_WB_V1.15.0RC1, STM32Cube_FW_WB_V1.16.0, STM32Cube_FW_WB_V1.16.0RC2, STM32Cube_FW_WL_V1.3.0, X-CUBE-ALGOBUILD_V1.3.0, X-CUBE-ALS_V1.0.1, X-CUBE-AZRTOS-F4_V1.1.0, X-CUBE-AZRTOS-F7_V1.1.0, X-CUBE-AZRTOS-G0_V1.1.0, X-CUBE-AZRTOS-G4_V1.0.0, X-CUBE-AZRTOS-H7_V3.0.0, X-CUBE-AZRTOS-L4_V1.0.0, X-CUBE-AZRTOS-L5_V1.1.0, X-CUBE-AZRTOS-WB_V1.1.0, X-CUBE-AZRTOS-WL_V1.0.0, X-CUBE-BLE1_V6.2.4, X-CUBE-BLE2_V3.3.0, X-CUBE-BLEMGR_V1.3.0, X-CUBE-EEPRMA1_V4.1.0, X-CUBE-FREERTOS_V1.0.1, X-CUBE-GNSS1_V6.0.0, X-CUBE-MEMS1_V9.1.0, X-CUBE-MEMS1_V9.4.0, X-CUBE-MEMS1_V9.5.0, X-CUBE-NFC4_V3.0.0, X-CUBE-NFC7_V1.0.0, X-CUBE-SFXS2LP1_V4.0.0, X-CUBE-SUBG2_V5.0.0]
2023-05-07 15:51:30,824 [INFO] ApiDb:240 - Found 297 in-development CPN: [B-G473E-ZEST1S, B-WB1M-WPAN1, B-WL5M-SUBG1, NUCLEO-C031C6, NUCLEO-H503RB, NUCLEO-H563ZI, NUCLEO-U545RE-Q, NUCLEO-U5A5ZJ-Q, NUCLEO-WBA52CG, STEVAL-PROTEUS1, STEVAL-STWINBX1, STM320518-EVAL, STM32C0116-DK, STM32C011D6Y3TR, STM32C011D6Y6TR, STM32C011F4P3, STM32C011F4P6, STM32C011F4U3, STM32C011F4U6TR, STM32C011F6P3, STM32C011F6P6, STM32C011F6U3, STM32C011F6U6TR, STM32C011J4M3, STM32C011J4M6, STM32C011J6M3, STM32C011J6M6, STM32C0316-DK, STM32C031C4T3, STM32C031C4T6, STM32C031C4U3, STM32C031C4U6, STM32C031C6T3, STM32C031C6T6, STM32C031C6U3, STM32C031C6U6, STM32C031F4P3, STM32C031F4P6, STM32C031F6P3, STM32C031F6P6, STM32C031G4U3, STM32C031G4U6, STM32C031G6U3, STM32C031G6U6, STM32C031K4T3, STM32C031K4T6, STM32C031K4U3, STM32C031K4U6, STM32C031K6T3, STM32C031K6T6, STM32C031K6U3, STM32C031K6U6, STM32G071K8TXN, STM32G071K8UXN, STM32G081GBU6N, STM32G081KBT6N, STM32G081KBUXN, STM32G0B1CCT6N, STM32G0B1KCT6, STM32G0B1NEY6TR, STM32G0B1RCT6N, STM32G0C1CCT6, STM32G0C1CCT6N, STM32G0C1CCU6N, STM32G0C1CET6N, STM32G0C1CEU6N, STM32G0C1KCT6, STM32G0C1NEY6TR, STM32G0C1RCI6N, STM32G0C1RCT6N, STM32G0C1REI6N, STM32G0C1RET6N, STM32G0C1VCI6, STM32G0C1VEI6, STM32G471CCT6, STM32G471CCU6, STM32G471CET3, STM32G471CET6, STM32G471CEU3, STM32G471CEU6, STM32G471MCT6, STM32G471MET3, STM32G471MET6, STM32G471MEY6TR, STM32G471QCT6, STM32G471QET3, STM32G471RCT6, STM32G471RET3, STM32G471RET6, STM32G471VCH6, STM32G471VCI6, STM32G471VCT6, STM32G471VEH3, STM32G471VEH6, STM32G471VEI3, STM32G471VEI6, STM32G471VET3, STM32G471VET6, STM32G474CCT6, STM32H503CBT6, STM32H503CBU6, STM32H503EBY6TR, STM32H503KBU6, STM32H503RBT6, STM32H562AGI6, STM32H562AII6, STM32H562IGK6, STM32H562IGT6, STM32H562IIK6, STM32H562IIT6, STM32H562RGT6, STM32H562RGV6, STM32H562RIT6, STM32H562RIV6, STM32H562VGT6, STM32H562VIT6, STM32H562ZGT6, STM32H562ZIT6, STM32H563AGI6, STM32H563AII3Q, STM32H563AII6, STM32H563IGK6, STM32H563IGT6, STM32H563IIK3Q, STM32H563IIK6, STM32H563IIT3Q, STM32H563IIT6, STM32H563MIY3QTR, STM32H563RGT6, STM32H563RGV6, STM32H563RIT6, STM32H563RIV6, STM32H563VGT6, STM32H563VIT3Q, STM32H563VIT6, STM32H563ZGT6, STM32H563ZIT3Q, STM32H563ZIT6, STM32H573AII3Q, STM32H573AII6, STM32H573I-DK, STM32H573IIK3Q, STM32H573IIK6, STM32H573IIT3Q, STM32H573IIT6, STM32H573MIY3QTR, STM32H573RIT6, STM32H573RIV6, STM32H573VIT3Q, STM32H573VIT6, STM32H573ZIT3Q, STM32H573ZIT6, STM32L4R5QGI6STR, STM32MP131AAE3, STM32MP131AAF3, STM32MP131AAG3, STM32MP131CAE3, STM32MP131CAF3, STM32MP131CAG3, STM32MP131DAE7, STM32MP131DAF7, STM32MP131DAG7, STM32MP131FAE7, STM32MP131FAF7, STM32MP131FAG7, STM32MP133AAE3, STM32MP133AAF3, STM32MP133AAG3, STM32MP133CAE3, STM32MP133CAF3, STM32MP133CAG3, STM32MP133DAE7, STM32MP133DAF7, STM32MP133DAG7, STM32MP133FAE7, STM32MP133FAF7, STM32MP133FAG7, STM32MP135AAE3, STM32MP135AAF3, STM32MP135AAG3, STM32MP135CAE3, STM32MP135CAF3, STM32MP135CAG3, STM32MP135DAE7, STM32MP135DAF7, STM32MP135DAG7, STM32MP135F-DK, STM32MP135FAE7, STM32MP135FAF7, STM32MP135FAF7T, STM32MP135FAF7U, STM32MP135FAG7, STM32U535CBT6, STM32U535CBT6Q, STM32U535CBU6, STM32U535CBU6Q, STM32U535CCT6, STM32U535CCT6Q, STM32U535CCU6, STM32U535CCU6Q, STM32U535CET6, STM32U535CET6Q, STM32U535CEU6, STM32U535CEU6Q, STM32U535JEY6QTR, STM32U535NCY6QTR, STM32U535NEY6QTR, STM32U535RBI6, STM32U535RBI6Q, STM32U535RBT6, STM32U535RBT6Q, STM32U535RCI6, STM32U535RCI6Q, STM32U535RCT6, STM32U535RCT6Q, STM32U535REI6, STM32U535REI6Q, STM32U535RET6, STM32U535RET6Q, STM32U535VCI6, STM32U535VCI6Q, STM32U535VCT6, STM32U535VCT6Q, STM32U535VEI6, STM32U535VEI6Q, STM32U535VET6, STM32U535VET6Q, STM32U545CET6, STM32U545CET6Q, STM32U545CEU6, STM32U545CEU6Q, STM32U545JEY6QTR, STM32U545NEY6QTR, STM32U545REI6, STM32U545REI6Q, STM32U545RET6, STM32U545RET6Q, STM32U545VEI6, STM32U545VEI6Q, STM32U545VET6, STM32U545VET6Q, STM32U595AIH6, STM32U595AIH6Q, STM32U595AJH6, STM32U595AJH6Q, STM32U595QII6, STM32U595QII6Q, STM32U595QJI6, STM32U595QJI6Q, STM32U595RIT6, STM32U595RIT6Q, STM32U595RJT6, STM32U595RJT6Q, STM32U595VIT6, STM32U595VIT6Q, STM32U595VJT6, STM32U595VJT6Q, STM32U595ZIT6, STM32U595ZIT6Q, STM32U595ZIY6QTR, STM32U595ZJT6, STM32U595ZJT6Q, STM32U595ZJY6QTR, STM32U599BJY6QTR, STM32U599NIH6Q, STM32U599NJH6Q, STM32U599VIT6Q, STM32U599VJT6, STM32U599VJT6Q, STM32U599ZIT6Q, STM32U599ZIY6QTR, STM32U599ZJT6Q, STM32U599ZJY6QTR, STM32U5A5AJH6, STM32U5A5AJH6Q, STM32U5A5QJI6, STM32U5A5QJI6Q, STM32U5A5RJT6, STM32U5A5RJT6Q, STM32U5A5VJT6, STM32U5A5VJT6Q, STM32U5A5ZJT6, STM32U5A5ZJT6Q, STM32U5A5ZJY6QTR, STM32U5A9BJY6QTR, STM32U5A9J-DK, STM32U5A9NJH6Q, STM32U5A9VJT6Q, STM32U5A9ZJT6Q, STM32U5A9ZJY6QTR, STM32WB1MMCH6, STM32WBA52CEU6, STM32WBA52CEU6T, STM32WBA52CGU6, STM32WBA52CGU6T, STM32WL5MOCH6, STM32WL5MOCH6TR]
2023-05-07 15:51:30,824 [INFO] DbMcus:216 - Found 3775 MCUs, 3775 are supported
2023-05-07 15:51:30,832 [INFO] ApiDb:423 - Load user favorites file C:\Users\Administrator/.stm32cubeide/favorites.mcus.txt: 2 item(s)
2023-05-07 15:51:30,832 [INFO] ApiDb:427 - User favorites MCUs=[STM32F103C6T6A, STM32F103ZET6]
2023-05-07 15:51:30,832 [INFO] DbMcus:222 - Set 2 / 2 favorites MCUs
2023-05-07 15:51:31,132 [WARN] ThirdParty:833 - waiting for thirdparty lock release [change project]
2023-05-07 15:51:31,132 [INFO] ThirdParty:835 - entering critical section [change project]
2023-05-07 15:51:31,132 [INFO] ThirdParty:1030 - CMSIS Pack Vendor :STMicroelectronics X-CUBE-ISPU 1.1.0
2023-05-07 15:51:31,132 [INFO] ThirdParty:1030 - CMSIS Pack Vendor :wolfSSL I-CUBE-wolfSSL 5.2.0
2023-05-07 15:51:31,132 [INFO] ThirdParty:1030 - CMSIS Pack Vendor :RoweBots I-CUBE-UNISONRTOS 5.5.0-4
2023-05-07 15:51:31,132 [INFO] ThirdParty:1030 - CMSIS Pack Vendor :STMicroelectronics X-CUBE-GNSS1 6.0.0
2023-05-07 15:51:31,132 [INFO] ThirdParty:1030 - CMSIS Pack Vendor :STMicroelectronics X-CUBE-AZRTOS-H7 2.1.0
2023-05-07 15:51:31,132 [INFO] ThirdParty:1030 - CMSIS Pack Vendor :STMicroelectronics USB_HOST 2.0.0
2023-05-07 15:51:31,132 [INFO] ThirdParty:1030 - CMSIS Pack Vendor :STMicroelectronics X-CUBE-AZRTOS-F4 1.1.0
2023-05-07 15:51:31,132 [INFO] ThirdParty:1030 - CMSIS Pack Vendor :STMicroelectronics LIBJPEG 8.0.0
2023-05-07 15:51:31,132 [INFO] ThirdParty:1030 - CMSIS Pack Vendor :STMicroelectronics X-CUBE-SMBUS 2.1.0
2023-05-07 15:51:31,132 [INFO] ThirdParty:1030 - CMSIS Pack Vendor :STMicroelectronics USB_DEVICE 3.0.0
2023-05-07 15:51:31,132 [INFO] ThirdParty:1030 - CMSIS Pack Vendor :STMicroelectronics X-CUBE-AI 8.0.0
2023-05-07 15:51:31,132 [INFO] ThirdParty:1030 - CMSIS Pack Vendor :STMicroelectronics X-CUBE-FREERTOS 1.0.0
2023-05-07 15:51:31,132 [INFO] ThirdParty:1030 - CMSIS Pack Vendor :STMicroelectronics X-CUBE-FREERTOS 1.0.1
2023-05-07 15:51:31,132 [INFO] ThirdParty:1030 - CMSIS Pack Vendor :STMicroelectronics X-CUBE-TOUCHGFX 4.21.1
2023-05-07 15:51:31,132 [INFO] ThirdParty:1030 - CMSIS Pack Vendor :STMicroelectronics X-CUBE-TOUCHGFX 4.21.3
2023-05-07 15:51:31,132 [INFO] ThirdParty:1030 - CMSIS Pack Vendor :STMicroelectronics X-CUBE-BLEMGR 1.0.0
2023-05-07 15:51:31,132 [INFO] ThirdParty:1030 - CMSIS Pack Vendor :STMicroelectronics X-CUBE-MEMS1 9.2.0
2023-05-07 15:51:31,132 [INFO] ThirdParty:1030 - CMSIS Pack Vendor :STMicroelectronics X-CUBE-BLEMGR 1.2.0
2023-05-07 15:51:31,132 [INFO] ThirdParty:1030 - CMSIS Pack Vendor :STMicroelectronics X-CUBE-AZRTOS-F7 1.1.0
2023-05-07 15:51:31,132 [INFO] ThirdParty:1030 - CMSIS Pack Vendor :STMicroelectronics USB_DEVICE 2.0.0
2023-05-07 15:51:31,132 [INFO] ThirdParty:1030 - CMSIS Pack Vendor :STMicroelectronics X-CUBE-MEMS1 9.6.0
2023-05-07 15:51:31,132 [INFO] ThirdParty:1030 - CMSIS Pack Vendor :STMicroelectronics X-CUBE-AI 7.3.0
2023-05-07 15:51:31,132 [INFO] ThirdParty:1030 - CMSIS Pack Vendor :STMicroelectronics X-CUBE-AI 7.1.0
2023-05-07 15:51:31,132 [INFO] ThirdParty:1030 - CMSIS Pack Vendor :STMicroelectronics X-CUBE-TOUCHGFX 4.19.1
2023-05-07 15:51:31,132 [INFO] ThirdParty:1030 - CMSIS Pack Vendor :STMicroelectronics X-CUBE-BLE1 6.2.3
2023-05-07 15:51:31,132 [INFO] ThirdParty:1030 - CMSIS Pack Vendor :STMicroelectronics X-CUBE-ALGOBUILD 1.3.0
2023-05-07 15:51:31,132 [INFO] ThirdParty:1030 - CMSIS Pack Vendor :STMicroelectronics X-CUBE-BLE1 6.2.4
2023-05-07 15:51:31,132 [INFO] ThirdParty:1030 - CMSIS Pack Vendor :STMicroelectronics X-CUBE-AZRTOS-L5 1.1.0
2023-05-07 15:51:31,132 [INFO] ThirdParty:1030 - CMSIS Pack Vendor :STMicroelectronics FreeRTOS 0.0.1
2023-05-07 15:51:31,132 [INFO] ThirdParty:1030 - CMSIS Pack Vendor :STMicroelectronics X-CUBE-AZRTOS-G0 1.1.0
2023-05-07 15:51:31,132 [INFO] ThirdParty:1030 - CMSIS Pack Vendor :STMicroelectronics X-CUBE-BLEMGR 2.0.0
2023-05-07 15:51:31,132 [INFO] ThirdParty:1030 - CMSIS Pack Vendor :STMicroelectronics X-CUBE-SUBG2 5.0.0
2023-05-07 15:51:31,132 [INFO] ThirdParty:1030 - CMSIS Pack Vendor :STMicroelectronics X-CUBE-NFC4 3.0.0
2023-05-07 15:51:31,132 [INFO] ThirdParty:1030 - CMSIS Pack Vendor :SEGGER I-CUBE-embOS 1.2.0
2023-05-07 15:51:31,132 [INFO] ThirdParty:1030 - CMSIS Pack Vendor :STMicroelectronics STM32_WPAN 1.0.0
2023-05-07 15:51:31,132 [INFO] ThirdParty:1030 - CMSIS Pack Vendor :STMicroelectronics lwIP 2.0.3
2023-05-07 15:51:31,132 [INFO] ThirdParty:1030 - CMSIS Pack Vendor :STMicroelectronics X-CUBE-BLE1 6.2.2
2023-05-07 15:51:31,132 [INFO] ThirdParty:1030 - CMSIS Pack Vendor :STMicroelectronics X-CUBE-NFC4 2.0.5
2023-05-07 15:51:31,132 [INFO] ThirdParty:1030 - CMSIS Pack Vendor :STMicroelectronics X-CUBE-NFC4 2.0.4
2023-05-07 15:51:31,132 [INFO] ThirdParty:1030 - CMSIS Pack Vendor :STMicroelectronics X-CUBE-BLE2 3.2.2
2023-05-07 15:51:31,132 [INFO] ThirdParty:1030 - CMSIS Pack Vendor :STMicroelectronics USB_HOST 1.0.0
2023-05-07 15:51:31,132 [INFO] ThirdParty:1030 - CMSIS Pack Vendor :STMicroelectronics X-CUBE-NFC4 2.0.3
2023-05-07 15:51:31,132 [INFO] ThirdParty:1030 - CMSIS Pack Vendor :STMicroelectronics X-CUBE-DISPLAY 2.1.0
2023-05-07 15:51:31,132 [INFO] ThirdParty:1030 - CMSIS Pack Vendor :STMicroelectronics X-CUBE-AZRTOS-G4 2.0.0
2023-05-07 15:51:31,132 [INFO] ThirdParty:1030 - CMSIS Pack Vendor :STMicroelectronics PDM2PCM 3.1.0
2023-05-07 15:51:31,132 [INFO] ThirdParty:1030 - CMSIS Pack Vendor :STMicroelectronics X-CUBE-AZRTOS-H7 3.1.0
2023-05-07 15:51:31,132 [INFO] ThirdParty:1030 - CMSIS Pack Vendor :STMicroelectronics X-CUBE-TOF1 3.3.0
2023-05-07 15:51:31,132 [INFO] ThirdParty:1030 - CMSIS Pack Vendor :STMicroelectronics FP-ATR-ASTRA1 1.1.1
2023-05-07 15:51:31,132 [INFO] ThirdParty:1030 - CMSIS Pack Vendor :STMicroelectronics PDM2PCM 3.3.0
2023-05-07 15:51:31,132 [INFO] ThirdParty:1030 - CMSIS Pack Vendor :STMicroelectronics X-CUBE-TOF1 3.1.0
2023-05-07 15:51:31,132 [INFO] ThirdParty:1030 - CMSIS Pack Vendor :STMicroelectronics X-CUBE-SFXS2LP1 3.1.0
2023-05-07 15:51:31,132 [INFO] ThirdParty:1030 - CMSIS Pack Vendor :STMicroelectronics FP-ATR-ASTRA1 1.1.0
2023-05-07 15:51:31,132 [INFO] ThirdParty:1030 - CMSIS Pack Vendor :STMicroelectronics X-CUBE-DISPLAY 3.0.0
2023-05-07 15:51:31,132 [INFO] ThirdParty:1030 - CMSIS Pack Vendor :STMicroelectronics X-CUBE-AZRTOS-F4 1.0.0
2023-05-07 15:51:31,132 [INFO] ThirdParty:1030 - CMSIS Pack Vendor :STMicroelectronics X-CUBE-AZRTOS-H7 2.0.0
2023-05-07 15:51:31,132 [INFO] ThirdParty:1030 - CMSIS Pack Vendor :STMicroelectronics X-CUBE-AZRTOS-G4 1.0.0
2023-05-07 15:51:31,132 [INFO] ThirdParty:1030 - CMSIS Pack Vendor :STMicroelectronics FP-ATR-SIGFOX1 3.2.0
2023-05-07 15:51:31,132 [INFO] ThirdParty:1030 - CMSIS Pack Vendor :STMicroelectronics X-CUBE-AZRTOS-L4 1.0.0
2023-05-07 15:51:31,132 [INFO] ThirdParty:1030 - CMSIS Pack Vendor :STMicroelectronics HAL Drivers 0.0.0
2023-05-07 15:51:31,132 [INFO] ThirdParty:1030 - CMSIS Pack Vendor :STMicroelectronics MBEDTLS 2.16.2
2023-05-07 15:51:31,132 [INFO] ThirdParty:1030 - CMSIS Pack Vendor :emotas I-CUBE-CANOPEN 1.1.2
2023-05-07 15:51:31,132 [INFO] ThirdParty:1030 - CMSIS Pack Vendor :STMicroelectronics X-CUBE-TOUCHGFX 4.20.0
2023-05-07 15:51:31,132 [INFO] ThirdParty:1030 - CMSIS Pack Vendor :STMicroelectronics MBEDTLS 2.14.1
2023-05-07 15:51:31,132 [INFO] ThirdParty:1030 - CMSIS Pack Vendor :STMicroelectronics X-CUBE-NFC7 1.0.0
2023-05-07 15:51:31,132 [INFO] ThirdParty:1030 - CMSIS Pack Vendor :STMicroelectronics X-CUBE-AZRTOS-F7 1.0.0
2023-05-07 15:51:31,132 [INFO] ThirdParty:1030 - CMSIS Pack Vendor :STMicroelectronics X-CUBE-AZRTOS-WL 1.0.0
2023-05-07 15:51:31,132 [INFO] ThirdParty:1030 - CMSIS Pack Vendor :STMicroelectronics X-CUBE-SUBG2 4.2.0
2023-05-07 15:51:31,132 [INFO] ThirdParty:1030 - CMSIS Pack Vendor :STMicroelectronics X-CUBE-MEMS1 9.1.0
2023-05-07 15:51:31,132 [INFO] ThirdParty:1030 - CMSIS Pack Vendor :STMicroelectronics X-CUBE-MEMS1 9.3.0
2023-05-07 15:51:31,132 [INFO] ThirdParty:1030 - CMSIS Pack Vendor :STMicroelectronics X-CUBE-EEPRMA1 4.1.0
2023-05-07 15:51:31,132 [INFO] ThirdParty:1030 - CMSIS Pack Vendor :portGmbH I-Cube-SoM-uGOAL 1.1.0
2023-05-07 15:51:31,132 [INFO] ThirdParty:1030 - CMSIS Pack Vendor :STMicroelectronics X-CUBE-ALS 1.0.1
2023-05-07 15:51:31,132 [INFO] ThirdParty:1030 - CMSIS Pack Vendor :STMicroelectronics X-CUBE-AI 7.2.0
2023-05-07 15:51:31,132 [INFO] ThirdParty:1030 - CMSIS Pack Vendor :STMicroelectronics X-CUBE-MEMS1 9.5.0
2023-05-07 15:51:31,132 [INFO] ThirdParty:1030 - CMSIS Pack Vendor :STMicroelectronics ThreadX 1.0.0
2023-05-07 15:51:31,132 [INFO] ThirdParty:1030 - CMSIS Pack Vendor :STMicroelectronics X-CUBE-AZRTOS-WB 1.1.0
2023-05-07 15:51:31,132 [INFO] ThirdParty:1030 - CMSIS Pack Vendor :SEGGER I-CUBE-embOS 1.3.1
2023-05-07 15:51:31,132 [INFO] ThirdParty:1030 - CMSIS Pack Vendor :STMicroelectronics X-CUBE-AZRTOS-L5 1.0.0
2023-05-07 15:51:31,132 [INFO] ThirdParty:1030 - CMSIS Pack Vendor :STMicroelectronics USB_DEVICE 1.0.0
2023-05-07 15:51:31,142 [INFO] ThirdParty:1030 - CMSIS Pack Vendor :STMicroelectronics X-CUBE-AZRTOS-G0 1.0.0
2023-05-07 15:51:31,142 [INFO] ThirdParty:1030 - CMSIS Pack Vendor :STMicroelectronics X-CUBE-EEPRMA1 3.1.1
2023-05-07 15:51:31,142 [INFO] ThirdParty:1030 - CMSIS Pack Vendor :STMicroelectronics X-CUBE-GNSS1 5.2.0
2023-05-07 15:51:31,142 [INFO] ThirdParty:1030 - CMSIS Pack Vendor :STMicroelectronics ThreadX 0.0.2
2023-05-07 15:51:31,142 [INFO] ThirdParty:1030 - CMSIS Pack Vendor :WES I-CUBE-Cesium 1.3.0
2023-05-07 15:51:31,142 [INFO] ThirdParty:1030 - CMSIS Pack Vendor :STMicroelectronics FP-ATR-ASTRA1 2.0.0
2023-05-07 15:51:31,142 [INFO] ThirdParty:1030 - CMSIS Pack Vendor :STMicroelectronics lwIP 2.1.2
2023-05-07 15:51:31,142 [INFO] ThirdParty:1030 - CMSIS Pack Vendor :STMicroelectronics X-CUBE-SFXS2LP1 4.0.0
2023-05-07 15:51:31,142 [INFO] ThirdParty:1030 - CMSIS Pack Vendor :STMicroelectronics X-CUBE-BLE2 3.3.0
2023-05-07 15:51:31,142 [INFO] ThirdParty:1030 - CMSIS Pack Vendor :STMicroelectronics X-CUBE-DISPLAY 2.0.1
2023-05-07 15:51:31,142 [INFO] ThirdParty:1030 - CMSIS Pack Vendor :STMicroelectronics X-CUBE-DISPLAY 2.2.0
2023-05-07 15:51:31,142 [INFO] ThirdParty:1030 - CMSIS Pack Vendor :STMicroelectronics X-CUBE-TOF1 3.2.0
2023-05-07 15:51:31,142 [INFO] ThirdParty:1030 - CMSIS Pack Vendor :STMicroelectronics PDM2PCM 3.2.0
2023-05-07 15:51:31,142 [INFO] ThirdParty:1030 - CMSIS Pack Vendor :STMicroelectronics X-CUBE-TOUCHGFX 4.18.1
2023-05-07 15:51:31,142 [INFO] ThirdParty:1030 - CMSIS Pack Vendor :STMicroelectronics X-CUBE-AZRTOS-H7 3.0.0
2023-05-07 15:51:31,142 [INFO] ThirdParty:1030 - CMSIS Pack Vendor :STMicroelectronics X-CUBE-TOF1 3.0.0
2023-05-07 15:51:31,142 [INFO] ThirdParty:841 - exiting critical section [change project]
2023-05-07 15:51:31,502 [INFO] PinOutPanel:1499 - setPackage(No Configuration,No Configuration)
2023-05-07 15:51:31,502 [INFO] PinOutPanel:1499 - setPackage(STM32F103ZETx,LQFP144)
2023-05-07 15:51:31,992 [INFO] UtilMem:75 - Before build in PCC Used Memory: 875449632 Bytes (959447040)
2023-05-07 15:51:32,652 [INFO] UtilMem:75 - After build in PCC Used Memory: 868915928 Bytes (959447040)
2023-05-07 15:51:32,672 [INFO] IPUIPlugin:80 - create IPUIPlugin
2023-05-07 15:51:32,672 [INFO] IPUIPlugin:80 - create IPUIPlugin
2023-05-07 15:51:32,672 [INFO] IPUIPlugin:80 - create IPUIPlugin
2023-05-07 15:51:32,672 [INFO] IPUIPlugin:80 - create IPUIPlugin
2023-05-07 15:51:32,672 [INFO] IPUIPlugin:80 - create IPUIPlugin
2023-05-07 15:51:32,672 [INFO] IPUIPlugin:80 - create IPUIPlugin
2023-05-07 15:51:32,672 [INFO] IPUIPlugin:80 - create IPUIPlugin
2023-05-07 15:51:32,672 [INFO] IPUIPlugin:80 - create IPUIPlugin
2023-05-07 15:51:32,672 [INFO] IPUIPlugin:80 - create IPUIPlugin
2023-05-07 15:51:32,672 [INFO] IPUIPlugin:80 - create IPUIPlugin
2023-05-07 15:51:32,672 [INFO] IPUIPlugin:80 - create IPUIPlugin
2023-05-07 15:51:32,672 [INFO] IPUIPlugin:80 - create IPUIPlugin
2023-05-07 15:51:32,672 [INFO] IPUIPlugin:80 - create IPUIPlugin
2023-05-07 15:51:32,672 [INFO] IPUIPlugin:80 - create IPUIPlugin
2023-05-07 15:51:32,672 [INFO] IPUIPlugin:80 - create IPUIPlugin
2023-05-07 15:51:32,672 [INFO] IPUIPlugin:80 - create IPUIPlugin
2023-05-07 15:51:32,672 [INFO] IPUIPlugin:80 - create IPUIPlugin
2023-05-07 15:51:32,672 [INFO] IPUIPlugin:80 - create IPUIPlugin
2023-05-07 15:51:32,672 [INFO] IPUIPlugin:80 - create IPUIPlugin
2023-05-07 15:51:32,672 [INFO] IPUIPlugin:80 - create IPUIPlugin
2023-05-07 15:51:32,672 [INFO] IPUIPlugin:80 - create IPUIPlugin
2023-05-07 15:51:32,672 [INFO] IPUIPlugin:80 - create IPUIPlugin
2023-05-07 15:51:32,672 [INFO] IPUIPlugin:80 - create IPUIPlugin
2023-05-07 15:51:32,672 [INFO] IPUIPlugin:80 - create IPUIPlugin
2023-05-07 15:51:32,672 [INFO] IPUIPlugin:80 - create IPUIPlugin
2023-05-07 15:51:32,672 [INFO] IPUIPlugin:80 - create IPUIPlugin
2023-05-07 15:51:32,682 [INFO] IPUIPlugin:80 - create IPUIPlugin
2023-05-07 15:51:32,682 [INFO] IPUIPlugin:80 - create IPUIPlugin
2023-05-07 15:51:32,682 [INFO] IPUIPlugin:80 - create IPUIPlugin
2023-05-07 15:51:32,682 [INFO] IPUIPlugin:80 - create IPUIPlugin
2023-05-07 15:51:32,682 [INFO] IPUIPlugin:80 - create IPUIPlugin
2023-05-07 15:51:32,682 [INFO] IPUIPlugin:80 - create IPUIPlugin
2023-05-07 15:51:32,682 [INFO] IPUIPlugin:80 - create IPUIPlugin
2023-05-07 15:51:32,682 [INFO] IPUIPlugin:80 - create IPUIPlugin
2023-05-07 15:51:32,682 [INFO] IPUIPlugin:80 - create IPUIPlugin
2023-05-07 15:51:32,682 [INFO] IPUIPlugin:80 - create IPUIPlugin
2023-05-07 15:51:32,682 [INFO] IPUIPlugin:80 - create IPUIPlugin
2023-05-07 15:51:32,682 [INFO] IPUIPlugin:80 - create IPUIPlugin
2023-05-07 15:51:32,682 [INFO] IPUIPlugin:80 - create IPUIPlugin
2023-05-07 15:51:32,682 [INFO] IPUIPlugin:80 - create IPUIPlugin
2023-05-07 15:51:32,692 [WARN] IP:2113 - I2C_Coeff_DF not found: check if there is a RefParameter without a condition.
2023-05-07 15:51:32,692 [WARN] IP:2113 - Analog_Filter not found: check if there is a RefParameter without a condition.
2023-05-07 15:51:32,702 [WARN] IP:2113 - I2C_Coeff_DF not found: check if there is a RefParameter without a condition.
2023-05-07 15:51:32,702 [WARN] IP:2113 - Analog_Filter not found: check if there is a RefParameter without a condition.
2023-05-07 15:51:32,912 [INFO] CADModel:165 - CPN selected for project levelSTM32F103ZET6
2023-05-07 15:51:32,912 [INFO] CADModel:114 - Register for checkConnection events
2023-05-07 15:51:32,962 [INFO] OpenFileManager:328 - Restore cursor
2023-05-07 15:51:33,112 [WARN] IP:2113 - I2C_Coeff_DF not found: check if there is a RefParameter without a condition.
2023-05-07 15:51:33,112 [WARN] IP:2113 - Analog_Filter not found: check if there is a RefParameter without a condition.
2023-05-07 15:51:33,112 [WARN] IP:2113 - I2C_Coeff_DF not found: check if there is a RefParameter without a condition.
2023-05-07 15:51:33,112 [WARN] IP:2113 - Analog_Filter not found: check if there is a RefParameter without a condition.
2023-05-07 15:51:33,122 [WARN] IP:2113 - I2C_Coeff_DF not found: check if there is a RefParameter without a condition.
2023-05-07 15:51:33,122 [WARN] IP:2113 - Analog_Filter not found: check if there is a RefParameter without a condition.
2023-05-07 15:51:33,122 [WARN] IP:2113 - I2C_Coeff_DF not found: check if there is a RefParameter without a condition.
2023-05-07 15:51:33,122 [WARN] IP:2113 - Analog_Filter not found: check if there is a RefParameter without a condition.
2023-05-07 18:09:08,925 [INFO] NvicIntPanel:101 - NVIC parent = com.st.microxplorer.plugins.ip.nvic.MultiNvicIntPanel[,0,0,0x0,invalid,layout=javax.swing.BoxLayout,alignmentX=0.0,alignmentY=0.0,border=,flags=9,maximumSize=,minimumSize=,preferredSize=]
2023-05-07 18:09:17,097 [INFO] UtilMem:75 - End SaveConfig() Used Memory: 909752520 Bytes (1032847360)
2023-05-07 18:09:19,697 [INFO] UtilMem:75 - End SaveConfig() Used Memory: 880944672 Bytes (1032847360)
2023-05-07 18:09:20,177 [INFO] UtilMem:75 - End SaveConfig() Used Memory: 917824320 Bytes (1032847360)
2023-05-07 18:09:20,607 [INFO] BlockDiagram:2759 - set Specific Code input for plugin: SPI
2023-05-07 18:09:20,607 [INFO] BlockDiagram:2759 - set Specific Code input for plugin: NVIC
2023-05-07 18:09:20,607 [INFO] BlockDiagram:2759 - set Specific Code input for plugin: TIM1_8F1
2023-05-07 18:09:20,607 [INFO] BlockDiagram:2759 - set Specific Code input for plugin: TIM1_8F1
2023-05-07 18:09:20,607 [INFO] BlockDiagram:2759 - set Specific Code input for plugin: SYS
2023-05-07 18:09:20,607 [INFO] BlockDiagram:2759 - set Specific Code input for plugin: GPIO
2023-05-07 18:09:20,607 [INFO] BlockDiagram:2759 - set Specific Code input for plugin: RCC
2023-05-07 18:09:20,607 [INFO] BlockDiagram:2759 - set Specific Code input for plugin: I2C
2023-05-07 18:09:20,607 [INFO] BlockDiagram:2759 - set Specific Code input for plugin: I2C
2023-05-07 18:09:20,607 [INFO] CodeGenerator:793 - code generatio: config db path: E:\Software\STM32CubeIDE_1.12.0\STM32CubeIDE\plugins\com.st.stm32cube.common.mx_6.8.0.202302231600\\db\
2023-05-07 18:09:20,617 [WARN] IP:2113 - I2C_Coeff_DF not found: check if there is a RefParameter without a condition.
2023-05-07 18:09:20,617 [WARN] IP:2113 - Analog_Filter not found: check if there is a RefParameter without a condition.
2023-05-07 18:09:20,617 [WARN] IP:2113 - I2C_Coeff_DF not found: check if there is a RefParameter without a condition.
2023-05-07 18:09:20,617 [WARN] IP:2113 - Analog_Filter not found: check if there is a RefParameter without a condition.
2023-05-07 18:09:20,957 [INFO] CodeEngine:255 - oldGeneratedFile, E:\Document\STM32_Project\CP_ThreePortDCDC_F103ZET6_Hollies_Schoo\MXTmpFiles\license.tmp_save
2023-05-07 18:09:21,387 [INFO] CodeEngine:279 - Generated code: E:\Document\STM32_Project\CP_ThreePortDCDC_F103ZET6_Hollies_Schoo\MXTmpFiles\license.tmp
2023-05-07 18:09:21,557 [INFO] CodeEngine:255 - oldGeneratedFile, E:\Document\STM32_Project\CP_ThreePortDCDC_F103ZET6_Hollies_Schoo\MXTmpFiles\gpio.tmp_save
2023-05-07 18:09:21,657 [INFO] CodeEngine:279 - Generated code: E:\Document\STM32_Project\CP_ThreePortDCDC_F103ZET6_Hollies_Schoo\MXTmpFiles\gpio.tmp
2023-05-07 18:09:21,957 [INFO] CodeEngine:255 - oldGeneratedFile, E:\Document\STM32_Project\CP_ThreePortDCDC_F103ZET6_Hollies_Schoo\Core\Src\stm32f1xx_it.c_save
2023-05-07 18:09:22,050 [INFO] CodeEngine:279 - Generated code: E:\Document\STM32_Project\CP_ThreePortDCDC_F103ZET6_Hollies_Schoo\Core\Src\stm32f1xx_it.c
2023-05-07 18:09:22,057 [INFO] CodeEngine:255 - oldGeneratedFile, E:\Document\STM32_Project\CP_ThreePortDCDC_F103ZET6_Hollies_Schoo\Core\Inc\stm32f1xx_it.h_save
2023-05-07 18:09:22,127 [INFO] CodeEngine:279 - Generated code: E:\Document\STM32_Project\CP_ThreePortDCDC_F103ZET6_Hollies_Schoo\Core\Inc\stm32f1xx_it.h
2023-05-07 18:09:22,150 [INFO] CodeEngine:255 - oldGeneratedFile, E:\Document\STM32_Project\CP_ThreePortDCDC_F103ZET6_Hollies_Schoo\Core\Src\stm32f1xx_hal_msp.c_save
2023-05-07 18:09:22,250 [INFO] CodeEngine:279 - Generated code: E:\Document\STM32_Project\CP_ThreePortDCDC_F103ZET6_Hollies_Schoo\Core\Src\stm32f1xx_hal_msp.c
2023-05-07 18:09:22,257 [INFO] CodeEngine:255 - oldGeneratedFile, E:\Document\STM32_Project\CP_ThreePortDCDC_F103ZET6_Hollies_Schoo\MXTmpFiles\system.tmp_save
2023-05-07 18:09:22,315 [INFO] CodeEngine:279 - Generated code: E:\Document\STM32_Project\CP_ThreePortDCDC_F103ZET6_Hollies_Schoo\MXTmpFiles\system.tmp
2023-05-07 18:09:22,337 [INFO] CodeEngine:311 - oldGeneratedFile, E:\Document\STM32_Project\CP_ThreePortDCDC_F103ZET6_Hollies_Schoo\Core\Inc\stm32f1xx_hal_conf.h_save
2023-05-07 18:09:22,407 [INFO] CodeEngine:335 - Generated code: E:\Document\STM32_Project\CP_ThreePortDCDC_F103ZET6_Hollies_Schoo\Core\Inc\stm32f1xx_hal_conf.h
2023-05-07 18:09:22,427 [WARN] IPConfigManager:3431 - IP not found : TIM
2023-05-07 18:09:22,427 [WARN] CodeGenerator:3754 - IP not found : null
2023-05-07 18:09:22,457 [INFO] CodeEngine:255 - oldGeneratedFile, E:\Document\STM32_Project\CP_ThreePortDCDC_F103ZET6_Hollies_Schoo\Core\Inc\main.h_save
2023-05-07 18:09:22,550 [INFO] CodeEngine:279 - Generated code: E:\Document\STM32_Project\CP_ThreePortDCDC_F103ZET6_Hollies_Schoo\Core\Inc\main.h
2023-05-07 18:09:22,567 [INFO] CodeEngine:255 - oldGeneratedFile, E:\Document\STM32_Project\CP_ThreePortDCDC_F103ZET6_Hollies_Schoo\Core\Src\main.c_save
2023-05-07 18:09:22,697 [INFO] CodeEngine:279 - Generated code: E:\Document\STM32_Project\CP_ThreePortDCDC_F103ZET6_Hollies_Schoo\Core\Src\main.c
2023-05-07 18:09:23,652 [INFO] ProjectBuilder:2996 - Time for Copy HAL[1] : 225mS.
2023-05-07 18:09:23,662 [INFO] ProjectBuilder:4304 - Project Generator version: 3.19.2
2023-05-07 18:09:23,912 [INFO] ConfigFileManager:1483 - The Die is : DIE414
2023-05-07 18:09:23,932 [INFO] ApiDbMcu:507 - Load IP Config File for FATFS
2023-05-07 18:09:23,952 [INFO] ApiDbMcu:507 - Load IP Config File for FREERTOS
2023-05-07 18:09:23,972 [INFO] ApiDbMcu:507 - Load IP Config File for USB_DEVICE
2023-05-07 18:09:25,232 [INFO] LogOutputStream:77 - [STDOUT_REDIRECT] 
2023-05-07 18:09:26,422 [INFO] ProjectBuilder:4505 - Time for Generating toolchain IDE Files: 2760mS.
2023-05-07 18:09:26,422 [INFO] ProjectBuilder:2867 - Time for Copy CMSIS : 0mS.
2023-05-07 18:09:26,422 [INFO] ProjectBuilder:2867 - Time for Copy CMSIS : 0mS.
2023-05-07 18:10:52,560 [INFO] NvicIntPanel:101 - NVIC parent = com.st.microxplorer.plugins.ip.nvic.MultiNvicIntPanel[,0,0,0x0,invalid,layout=javax.swing.BoxLayout,alignmentX=0.0,alignmentY=0.0,border=,flags=9,maximumSize=,minimumSize=,preferredSize=]
2023-05-07 18:10:55,385 [INFO] UtilMem:75 - End SaveConfig() Used Memory: 848432592 Bytes (1073741824)
2023-05-07 18:10:56,600 [INFO] UtilMem:75 - End SaveConfig() Used Memory: 871632728 Bytes (1073741824)
2023-05-07 18:10:56,910 [INFO] UtilMem:75 - End SaveConfig() Used Memory: 906130592 Bytes (1073741824)
2023-05-07 18:10:57,090 [INFO] BlockDiagram:2759 - set Specific Code input for plugin: SPI
2023-05-07 18:10:57,090 [INFO] BlockDiagram:2759 - set Specific Code input for plugin: NVIC
2023-05-07 18:10:57,090 [INFO] BlockDiagram:2759 - set Specific Code input for plugin: TIM1_8F1
2023-05-07 18:10:57,090 [INFO] BlockDiagram:2759 - set Specific Code input for plugin: TIM1_8F1
2023-05-07 18:10:57,090 [INFO] BlockDiagram:2759 - set Specific Code input for plugin: SYS
2023-05-07 18:10:57,090 [INFO] BlockDiagram:2759 - set Specific Code input for plugin: GPIO
2023-05-07 18:10:57,090 [INFO] BlockDiagram:2759 - set Specific Code input for plugin: RCC
2023-05-07 18:10:57,090 [INFO] BlockDiagram:2759 - set Specific Code input for plugin: I2C
2023-05-07 18:10:57,090 [INFO] BlockDiagram:2759 - set Specific Code input for plugin: I2C
2023-05-07 18:10:57,090 [INFO] CodeGenerator:793 - code generatio: config db path: E:\Software\STM32CubeIDE_1.12.0\STM32CubeIDE\plugins\com.st.stm32cube.common.mx_6.8.0.202302231600\\db\
2023-05-07 18:10:57,090 [WARN] IP:2113 - I2C_Coeff_DF not found: check if there is a RefParameter without a condition.
2023-05-07 18:10:57,090 [WARN] IP:2113 - Analog_Filter not found: check if there is a RefParameter without a condition.
2023-05-07 18:10:57,090 [WARN] IP:2113 - I2C_Coeff_DF not found: check if there is a RefParameter without a condition.
2023-05-07 18:10:57,090 [WARN] IP:2113 - Analog_Filter not found: check if there is a RefParameter without a condition.
2023-05-07 18:10:57,220 [INFO] CodeEngine:255 - oldGeneratedFile, E:\Document\STM32_Project\CP_ThreePortDCDC_F103ZET6_Hollies_Schoo\MXTmpFiles\license.tmp_save
2023-05-07 18:10:57,310 [INFO] CodeEngine:279 - Generated code: E:\Document\STM32_Project\CP_ThreePortDCDC_F103ZET6_Hollies_Schoo\MXTmpFiles\license.tmp
2023-05-07 18:10:57,330 [INFO] CodeEngine:255 - oldGeneratedFile, E:\Document\STM32_Project\CP_ThreePortDCDC_F103ZET6_Hollies_Schoo\MXTmpFiles\gpio.tmp_save
2023-05-07 18:10:57,400 [INFO] CodeEngine:279 - Generated code: E:\Document\STM32_Project\CP_ThreePortDCDC_F103ZET6_Hollies_Schoo\MXTmpFiles\gpio.tmp
2023-05-07 18:10:57,579 [INFO] CodeEngine:255 - oldGeneratedFile, E:\Document\STM32_Project\CP_ThreePortDCDC_F103ZET6_Hollies_Schoo\Core\Src\stm32f1xx_it.c_save
2023-05-07 18:10:57,719 [INFO] CodeEngine:279 - Generated code: E:\Document\STM32_Project\CP_ThreePortDCDC_F103ZET6_Hollies_Schoo\Core\Src\stm32f1xx_it.c
2023-05-07 18:10:57,719 [INFO] CodeEngine:255 - oldGeneratedFile, E:\Document\STM32_Project\CP_ThreePortDCDC_F103ZET6_Hollies_Schoo\Core\Inc\stm32f1xx_it.h_save
2023-05-07 18:10:57,771 [INFO] CodeEngine:279 - Generated code: E:\Document\STM32_Project\CP_ThreePortDCDC_F103ZET6_Hollies_Schoo\Core\Inc\stm32f1xx_it.h
2023-05-07 18:10:57,780 [INFO] CodeEngine:255 - oldGeneratedFile, E:\Document\STM32_Project\CP_ThreePortDCDC_F103ZET6_Hollies_Schoo\Core\Src\stm32f1xx_hal_msp.c_save
2023-05-07 18:10:57,871 [INFO] CodeEngine:279 - Generated code: E:\Document\STM32_Project\CP_ThreePortDCDC_F103ZET6_Hollies_Schoo\Core\Src\stm32f1xx_hal_msp.c
2023-05-07 18:10:57,871 [INFO] CodeEngine:255 - oldGeneratedFile, E:\Document\STM32_Project\CP_ThreePortDCDC_F103ZET6_Hollies_Schoo\MXTmpFiles\system.tmp_save
2023-05-07 18:10:57,920 [INFO] CodeEngine:279 - Generated code: E:\Document\STM32_Project\CP_ThreePortDCDC_F103ZET6_Hollies_Schoo\MXTmpFiles\system.tmp
2023-05-07 18:10:57,930 [INFO] CodeEngine:311 - oldGeneratedFile, E:\Document\STM32_Project\CP_ThreePortDCDC_F103ZET6_Hollies_Schoo\Core\Inc\stm32f1xx_hal_conf.h_save
2023-05-07 18:10:58,000 [INFO] CodeEngine:335 - Generated code: E:\Document\STM32_Project\CP_ThreePortDCDC_F103ZET6_Hollies_Schoo\Core\Inc\stm32f1xx_hal_conf.h
2023-05-07 18:10:58,019 [WARN] IPConfigManager:3431 - IP not found : TIM
2023-05-07 18:10:58,019 [WARN] CodeGenerator:3754 - IP not found : null
2023-05-07 18:10:58,019 [INFO] CodeEngine:255 - oldGeneratedFile, E:\Document\STM32_Project\CP_ThreePortDCDC_F103ZET6_Hollies_Schoo\Core\Inc\main.h_save
2023-05-07 18:10:58,090 [INFO] CodeEngine:279 - Generated code: E:\Document\STM32_Project\CP_ThreePortDCDC_F103ZET6_Hollies_Schoo\Core\Inc\main.h
2023-05-07 18:10:58,100 [INFO] CodeEngine:255 - oldGeneratedFile, E:\Document\STM32_Project\CP_ThreePortDCDC_F103ZET6_Hollies_Schoo\Core\Src\main.c_save
2023-05-07 18:10:58,190 [INFO] CodeEngine:279 - Generated code: E:\Document\STM32_Project\CP_ThreePortDCDC_F103ZET6_Hollies_Schoo\Core\Src\main.c
2023-05-07 18:10:58,690 [INFO] ProjectBuilder:2996 - Time for Copy HAL[1] : 150mS.
2023-05-07 18:10:58,690 [INFO] ProjectBuilder:4304 - Project Generator version: 3.19.2
2023-05-07 18:10:59,230 [INFO] ConfigFileManager:1483 - The Die is : DIE414
2023-05-07 18:11:00,350 [INFO] ProjectBuilder:4505 - Time for Generating toolchain IDE Files: 1660mS.
2023-05-07 18:11:00,350 [INFO] ProjectBuilder:2867 - Time for Copy CMSIS : 0mS.
2023-05-07 18:11:00,350 [INFO] ProjectBuilder:2867 - Time for Copy CMSIS : 0mS.
2023-05-07 20:35:55,012 [INFO] NvicIntPanel:101 - NVIC parent = com.st.microxplorer.plugins.ip.nvic.MultiNvicIntPanel[,0,0,0x0,invalid,layout=javax.swing.BoxLayout,alignmentX=0.0,alignmentY=0.0,border=,flags=9,maximumSize=,minimumSize=,preferredSize=]
2023-05-07 20:35:56,387 [INFO] UtilMem:75 - End SaveConfig() Used Memory: 888363216 Bytes (1073741824)
2023-05-07 20:35:57,514 [INFO] UtilMem:75 - End SaveConfig() Used Memory: 912054808 Bytes (1073741824)
2023-05-07 20:35:57,834 [INFO] UtilMem:75 - End SaveConfig() Used Memory: 895152472 Bytes (1073741824)
2023-05-07 20:35:57,993 [INFO] BlockDiagram:2759 - set Specific Code input for plugin: SPI
2023-05-07 20:35:57,993 [INFO] BlockDiagram:2759 - set Specific Code input for plugin: NVIC
2023-05-07 20:35:57,993 [INFO] BlockDiagram:2759 - set Specific Code input for plugin: TIM1_8F1
2023-05-07 20:35:57,993 [INFO] BlockDiagram:2759 - set Specific Code input for plugin: TIM1_8F1
2023-05-07 20:35:57,993 [INFO] BlockDiagram:2759 - set Specific Code input for plugin: SYS
2023-05-07 20:35:57,993 [INFO] BlockDiagram:2759 - set Specific Code input for plugin: GPIO
2023-05-07 20:35:57,993 [INFO] BlockDiagram:2759 - set Specific Code input for plugin: RCC
2023-05-07 20:35:57,993 [INFO] BlockDiagram:2759 - set Specific Code input for plugin: I2C
2023-05-07 20:35:57,993 [INFO] BlockDiagram:2759 - set Specific Code input for plugin: I2C
2023-05-07 20:35:57,993 [INFO] CodeGenerator:793 - code generatio: config db path: E:\Software\STM32CubeIDE_1.12.0\STM32CubeIDE\plugins\com.st.stm32cube.common.mx_6.8.0.202302231600\\db\
2023-05-07 20:35:57,993 [WARN] IP:2113 - I2C_Coeff_DF not found: check if there is a RefParameter without a condition.
2023-05-07 20:35:57,993 [WARN] IP:2113 - Analog_Filter not found: check if there is a RefParameter without a condition.
2023-05-07 20:35:57,993 [WARN] IP:2113 - I2C_Coeff_DF not found: check if there is a RefParameter without a condition.
2023-05-07 20:35:57,993 [WARN] IP:2113 - Analog_Filter not found: check if there is a RefParameter without a condition.
2023-05-07 20:35:58,123 [INFO] CodeEngine:255 - oldGeneratedFile, E:\Document\STM32_Project\CP_ThreePortDCDC_F103ZET6_Hollies_Schoo\MXTmpFiles\license.tmp_save
2023-05-07 20:35:58,183 [INFO] CodeEngine:279 - Generated code: E:\Document\STM32_Project\CP_ThreePortDCDC_F103ZET6_Hollies_Schoo\MXTmpFiles\license.tmp
2023-05-07 20:35:58,206 [INFO] CodeEngine:255 - oldGeneratedFile, E:\Document\STM32_Project\CP_ThreePortDCDC_F103ZET6_Hollies_Schoo\MXTmpFiles\gpio.tmp_save
2023-05-07 20:35:58,293 [INFO] CodeEngine:279 - Generated code: E:\Document\STM32_Project\CP_ThreePortDCDC_F103ZET6_Hollies_Schoo\MXTmpFiles\gpio.tmp
2023-05-07 20:35:58,423 [INFO] CodeEngine:255 - oldGeneratedFile, E:\Document\STM32_Project\CP_ThreePortDCDC_F103ZET6_Hollies_Schoo\Core\Src\stm32f1xx_it.c_save
2023-05-07 20:35:58,553 [INFO] CodeEngine:279 - Generated code: E:\Document\STM32_Project\CP_ThreePortDCDC_F103ZET6_Hollies_Schoo\Core\Src\stm32f1xx_it.c
2023-05-07 20:35:58,553 [INFO] CodeEngine:255 - oldGeneratedFile, E:\Document\STM32_Project\CP_ThreePortDCDC_F103ZET6_Hollies_Schoo\Core\Inc\stm32f1xx_it.h_save
2023-05-07 20:35:58,593 [INFO] CodeEngine:279 - Generated code: E:\Document\STM32_Project\CP_ThreePortDCDC_F103ZET6_Hollies_Schoo\Core\Inc\stm32f1xx_it.h
2023-05-07 20:35:58,606 [INFO] CodeEngine:255 - oldGeneratedFile, E:\Document\STM32_Project\CP_ThreePortDCDC_F103ZET6_Hollies_Schoo\Core\Src\stm32f1xx_hal_msp.c_save
2023-05-07 20:35:58,683 [INFO] CodeEngine:279 - Generated code: E:\Document\STM32_Project\CP_ThreePortDCDC_F103ZET6_Hollies_Schoo\Core\Src\stm32f1xx_hal_msp.c
2023-05-07 20:35:58,683 [INFO] CodeEngine:255 - oldGeneratedFile, E:\Document\STM32_Project\CP_ThreePortDCDC_F103ZET6_Hollies_Schoo\MXTmpFiles\system.tmp_save
2023-05-07 20:35:58,723 [INFO] CodeEngine:279 - Generated code: E:\Document\STM32_Project\CP_ThreePortDCDC_F103ZET6_Hollies_Schoo\MXTmpFiles\system.tmp
2023-05-07 20:35:58,733 [INFO] CodeEngine:311 - oldGeneratedFile, E:\Document\STM32_Project\CP_ThreePortDCDC_F103ZET6_Hollies_Schoo\Core\Inc\stm32f1xx_hal_conf.h_save
2023-05-07 20:35:58,793 [INFO] CodeEngine:335 - Generated code: E:\Document\STM32_Project\CP_ThreePortDCDC_F103ZET6_Hollies_Schoo\Core\Inc\stm32f1xx_hal_conf.h
2023-05-07 20:35:58,806 [WARN] IPConfigManager:3431 - IP not found : TIM
2023-05-07 20:35:58,806 [WARN] CodeGenerator:3754 - IP not found : null
2023-05-07 20:35:58,813 [INFO] CodeEngine:255 - oldGeneratedFile, E:\Document\STM32_Project\CP_ThreePortDCDC_F103ZET6_Hollies_Schoo\Core\Inc\main.h_save
2023-05-07 20:35:58,883 [INFO] CodeEngine:279 - Generated code: E:\Document\STM32_Project\CP_ThreePortDCDC_F103ZET6_Hollies_Schoo\Core\Inc\main.h
2023-05-07 20:35:58,893 [INFO] CodeEngine:255 - oldGeneratedFile, E:\Document\STM32_Project\CP_ThreePortDCDC_F103ZET6_Hollies_Schoo\Core\Src\main.c_save
2023-05-07 20:35:58,983 [INFO] CodeEngine:279 - Generated code: E:\Document\STM32_Project\CP_ThreePortDCDC_F103ZET6_Hollies_Schoo\Core\Src\main.c
2023-05-07 20:35:59,463 [INFO] ProjectBuilder:2996 - Time for Copy HAL[1] : 150mS.
2023-05-07 20:35:59,463 [INFO] ProjectBuilder:4304 - Project Generator version: 3.19.2
2023-05-07 20:35:59,992 [INFO] ConfigFileManager:1483 - The Die is : DIE414
2023-05-07 20:36:01,040 [INFO] ProjectBuilder:4505 - Time for Generating toolchain IDE Files: 1577mS.
2023-05-07 20:36:01,040 [INFO] ProjectBuilder:2867 - Time for Copy CMSIS : 0mS.
2023-05-07 20:36:01,040 [INFO] ProjectBuilder:2867 - Time for Copy CMSIS : 0mS.
2023-05-07 20:36:22,259 [ERROR] ConfigurationRetriever:142 - IOException on connection: Read timed out
2023-05-07 20:37:03,205 [INFO] NvicIntPanel:101 - NVIC parent = com.st.microxplorer.plugins.ip.nvic.MultiNvicIntPanel[,0,0,0x0,invalid,layout=javax.swing.BoxLayout,alignmentX=0.0,alignmentY=0.0,border=,flags=9,maximumSize=,minimumSize=,preferredSize=]
2023-05-07 20:37:04,196 [INFO] UtilMem:75 - End SaveConfig() Used Memory: 900157288 Bytes (1073741824)
2023-05-07 20:37:05,150 [INFO] UtilMem:75 - End SaveConfig() Used Memory: 923431016 Bytes (1073741824)
2023-05-07 20:37:05,461 [INFO] UtilMem:75 - End SaveConfig() Used Memory: 877971752 Bytes (1073741824)
2023-05-07 20:37:05,638 [INFO] BlockDiagram:2759 - set Specific Code input for plugin: SPI
2023-05-07 20:37:05,638 [INFO] BlockDiagram:2759 - set Specific Code input for plugin: NVIC
2023-05-07 20:37:05,638 [INFO] BlockDiagram:2759 - set Specific Code input for plugin: TIM1_8F1
2023-05-07 20:37:05,638 [INFO] BlockDiagram:2759 - set Specific Code input for plugin: TIM1_8F1
2023-05-07 20:37:05,638 [INFO] BlockDiagram:2759 - set Specific Code input for plugin: SYS
2023-05-07 20:37:05,638 [INFO] BlockDiagram:2759 - set Specific Code input for plugin: GPIO
2023-05-07 20:37:05,638 [INFO] BlockDiagram:2759 - set Specific Code input for plugin: RCC
2023-05-07 20:37:05,638 [INFO] BlockDiagram:2759 - set Specific Code input for plugin: I2C
2023-05-07 20:37:05,638 [INFO] BlockDiagram:2759 - set Specific Code input for plugin: I2C
2023-05-07 20:37:05,638 [INFO] CodeGenerator:793 - code generatio: config db path: E:\Software\STM32CubeIDE_1.12.0\STM32CubeIDE\plugins\com.st.stm32cube.common.mx_6.8.0.202302231600\\db\
2023-05-07 20:37:05,638 [WARN] IP:2113 - I2C_Coeff_DF not found: check if there is a RefParameter without a condition.
2023-05-07 20:37:05,638 [WARN] IP:2113 - Analog_Filter not found: check if there is a RefParameter without a condition.
2023-05-07 20:37:05,638 [WARN] IP:2113 - I2C_Coeff_DF not found: check if there is a RefParameter without a condition.
2023-05-07 20:37:05,638 [WARN] IP:2113 - Analog_Filter not found: check if there is a RefParameter without a condition.
2023-05-07 20:37:05,758 [INFO] CodeEngine:255 - oldGeneratedFile, E:\Document\STM32_Project\CP_ThreePortDCDC_F103ZET6_Hollies_Schoo\MXTmpFiles\license.tmp_save
2023-05-07 20:37:05,838 [INFO] CodeEngine:279 - Generated code: E:\Document\STM32_Project\CP_ThreePortDCDC_F103ZET6_Hollies_Schoo\MXTmpFiles\license.tmp
2023-05-07 20:37:05,848 [INFO] CodeEngine:255 - oldGeneratedFile, E:\Document\STM32_Project\CP_ThreePortDCDC_F103ZET6_Hollies_Schoo\MXTmpFiles\gpio.tmp_save
2023-05-07 20:37:05,918 [INFO] CodeEngine:279 - Generated code: E:\Document\STM32_Project\CP_ThreePortDCDC_F103ZET6_Hollies_Schoo\MXTmpFiles\gpio.tmp
2023-05-07 20:37:06,048 [INFO] CodeEngine:255 - oldGeneratedFile, E:\Document\STM32_Project\CP_ThreePortDCDC_F103ZET6_Hollies_Schoo\Core\Src\stm32f1xx_it.c_save
2023-05-07 20:37:06,178 [INFO] CodeEngine:279 - Generated code: E:\Document\STM32_Project\CP_ThreePortDCDC_F103ZET6_Hollies_Schoo\Core\Src\stm32f1xx_it.c
2023-05-07 20:37:06,178 [INFO] CodeEngine:255 - oldGeneratedFile, E:\Document\STM32_Project\CP_ThreePortDCDC_F103ZET6_Hollies_Schoo\Core\Inc\stm32f1xx_it.h_save
2023-05-07 20:37:06,238 [INFO] CodeEngine:279 - Generated code: E:\Document\STM32_Project\CP_ThreePortDCDC_F103ZET6_Hollies_Schoo\Core\Inc\stm32f1xx_it.h
2023-05-07 20:37:06,248 [INFO] CodeEngine:255 - oldGeneratedFile, E:\Document\STM32_Project\CP_ThreePortDCDC_F103ZET6_Hollies_Schoo\Core\Src\stm32f1xx_hal_msp.c_save
2023-05-07 20:37:06,328 [INFO] CodeEngine:279 - Generated code: E:\Document\STM32_Project\CP_ThreePortDCDC_F103ZET6_Hollies_Schoo\Core\Src\stm32f1xx_hal_msp.c
2023-05-07 20:37:06,328 [INFO] CodeEngine:255 - oldGeneratedFile, E:\Document\STM32_Project\CP_ThreePortDCDC_F103ZET6_Hollies_Schoo\MXTmpFiles\system.tmp_save
2023-05-07 20:37:06,368 [INFO] CodeEngine:279 - Generated code: E:\Document\STM32_Project\CP_ThreePortDCDC_F103ZET6_Hollies_Schoo\MXTmpFiles\system.tmp
2023-05-07 20:37:06,378 [INFO] CodeEngine:311 - oldGeneratedFile, E:\Document\STM32_Project\CP_ThreePortDCDC_F103ZET6_Hollies_Schoo\Core\Inc\stm32f1xx_hal_conf.h_save
2023-05-07 20:37:06,438 [INFO] CodeEngine:335 - Generated code: E:\Document\STM32_Project\CP_ThreePortDCDC_F103ZET6_Hollies_Schoo\Core\Inc\stm32f1xx_hal_conf.h
2023-05-07 20:37:06,448 [WARN] IPConfigManager:3431 - IP not found : TIM
2023-05-07 20:37:06,448 [WARN] CodeGenerator:3754 - IP not found : null
2023-05-07 20:37:06,448 [INFO] CodeEngine:255 - oldGeneratedFile, E:\Document\STM32_Project\CP_ThreePortDCDC_F103ZET6_Hollies_Schoo\Core\Inc\main.h_save
2023-05-07 20:37:06,518 [INFO] CodeEngine:279 - Generated code: E:\Document\STM32_Project\CP_ThreePortDCDC_F103ZET6_Hollies_Schoo\Core\Inc\main.h
2023-05-07 20:37:06,528 [INFO] CodeEngine:255 - oldGeneratedFile, E:\Document\STM32_Project\CP_ThreePortDCDC_F103ZET6_Hollies_Schoo\Core\Src\main.c_save
2023-05-07 20:37:06,608 [INFO] CodeEngine:279 - Generated code: E:\Document\STM32_Project\CP_ThreePortDCDC_F103ZET6_Hollies_Schoo\Core\Src\main.c
2023-05-07 20:37:07,078 [INFO] ProjectBuilder:2996 - Time for Copy HAL[1] : 141mS.
2023-05-07 20:37:07,088 [INFO] ProjectBuilder:4304 - Project Generator version: 3.19.2
2023-05-07 20:37:07,587 [INFO] ConfigFileManager:1483 - The Die is : DIE414
2023-05-07 20:37:08,627 [INFO] ProjectBuilder:4505 - Time for Generating toolchain IDE Files: 1539mS.
2023-05-07 20:37:08,627 [INFO] ProjectBuilder:2867 - Time for Copy CMSIS : 0mS.
2023-05-07 20:37:08,627 [INFO] ProjectBuilder:2867 - Time for Copy CMSIS : 0mS.
