2023-04-28 17:56:16,705 [INFO] Activator:176 - 


2023-04-28 17:56:16,705 [INFO] Activator:177 - !SESSION log4j initialized
2023-04-28 17:56:22,166 [ERROR] LogOutputStream:75 - [STDERR_REDIRECT] Warning: NLS unused message: ?????????????????????? in: org.eclipse.ui.views.markers.internal.messages
2023-04-28 17:56:25,467 [INFO] LogOutputStream:77 - [STDOUT_REDIRECT] 
2023-04-28 17:56:53,644 [ERROR] LogOutputStream:75 - [STDERR_REDIRECT] SLF4J: Failed to load class "org.slf4j.impl.StaticLoggerBinder".
2023-04-28 17:56:53,644 [ERROR] LogOutputStream:75 - [STDERR_REDIRECT] SLF4J: Defaulting to no-operation (NOP) logger implementation
2023-04-28 17:56:53,647 [ERROR] LogOutputStream:75 - [STDERR_REDIRECT] SLF4J: See http://www.slf4j.org/codes.html#StaticLoggerBinder for further details.
2023-04-28 17:59:12,508 [INFO] ApplicationProperties:184 - Using Application install path: E:\Software\STM32CubeIDE_1.12.0\STM32CubeIDE\plugins\com.st.stm32cube.common.mx_6.8.0.202302231600
2023-04-28 17:59:12,530 [INFO] DbMcusXml:78 - Set database path to: E:\Software\STM32CubeIDE_1.12.0\STM32CubeIDE\plugins\com.st.stm32cube.common.mx_6.8.0.202302231600\\db\/mcu/
2023-04-28 17:59:12,530 [INFO] ApiDb:274 - Set plugin database path to: E:\Software\STM32CubeIDE_1.12.0\STM32CubeIDE\plugins\com.st.stm32cube.common.mx_6.8.0.202302231600\\db\/plugins/boardmanager/
2023-04-28 17:59:12,538 [WARN] ApiDb:259 - Overriding images path with different value:  => E:\Software\STM32CubeIDE_1.12.0\STM32CubeIDE\plugins\com.st.stm32cube.common.mx_6.8.0.202302231600\\db\/plugins/mcufinder/images/
2023-04-28 17:59:12,638 [INFO] ApiDb:250 - Set database path to: C:\Users\Administrator\.stmcufinder\plugins\mcufinder//mcu/
2023-04-28 17:59:12,638 [INFO] DbMcusAds:125 - Set database path to: C:\Users\Administrator\.stmcufinder\plugins\mcufinder//mcu/
2023-04-28 17:59:12,658 [INFO] CrossReferenceDbSqlite:203 - Set database path to: C:\Users\Administrator\.stmcufinder\plugins\mcufinder//mcu/cs/
2023-04-28 17:59:12,868 [INFO] RulesReader:64 - Compatibility file has been processed (293 Rules)
2023-04-28 17:59:12,978 [INFO] DbMcusXml:78 - Set database path to: E:\Software\STM32CubeIDE_1.12.0\STM32CubeIDE\plugins\com.st.stm32cube.common.mx_6.8.0.202302231600\\db\/mcu/
2023-04-28 17:59:12,978 [INFO] ApiDb:274 - Set plugin database path to: E:\Software\STM32CubeIDE_1.12.0\STM32CubeIDE\plugins\com.st.stm32cube.common.mx_6.8.0.202302231600\\db\/plugins/boardmanager/
2023-04-28 17:59:12,978 [INFO] ApiDb:261 - Set plugin images path to: E:\Software\STM32CubeIDE_1.12.0\STM32CubeIDE\plugins\com.st.stm32cube.common.mx_6.8.0.202302231600\\db\/plugins/mcufinder/images/
2023-04-28 17:59:12,978 [WARN] DbFile:41 - Overriding database path with different value: C:\Users\Administrator\.stmcufinder\plugins\mcufinder/ => C:\Users\Administrator\.stmcufinder\plugins\mcufinder
2023-04-28 17:59:12,978 [INFO] ApiDb:250 - Set database path to: C:\Users\Administrator\.stmcufinder\plugins\mcufinder//mcu/
2023-04-28 17:59:12,978 [WARN] DbFile:41 - Overriding database path with different value: C:\Users\Administrator\.stmcufinder\plugins\mcufinder/ => C:\Users\Administrator\.stmcufinder\plugins\mcufinder
2023-04-28 17:59:12,978 [INFO] DbMcusAds:125 - Set database path to: C:\Users\Administrator\.stmcufinder\plugins\mcufinder//mcu/
2023-04-28 17:59:12,978 [WARN] DbFile:41 - Overriding database path with different value: C:\Users\Administrator\.stmcufinder\plugins\mcufinder/ => C:\Users\Administrator\.stmcufinder\plugins\mcufinder
2023-04-28 17:59:12,978 [WARN] DbFile:41 - Overriding database path with different value: C:\Users\Administrator\.stmcufinder\plugins\mcufinder/ => C:\Users\Administrator\.stmcufinder\plugins\mcufinder
2023-04-28 17:59:12,978 [INFO] CrossReferenceDbSqlite:203 - Set database path to: C:\Users\Administrator\.stmcufinder\plugins\mcufinder//mcu/cs/
2023-04-28 17:59:13,119 [INFO] MainPanel:253 - HeapMemory: 918552576
2023-04-28 17:59:13,239 [INFO] DbMcusXml:78 - Set database path to: E:\Software\STM32CubeIDE_1.12.0\STM32CubeIDE\plugins\com.st.stm32cube.common.mx_6.8.0.202302231600\\db\/mcu/
2023-04-28 17:59:13,239 [INFO] ApiDb:274 - Set plugin database path to: E:\Software\STM32CubeIDE_1.12.0\STM32CubeIDE\plugins\com.st.stm32cube.common.mx_6.8.0.202302231600\\db\/plugins/boardmanager/
2023-04-28 17:59:13,239 [INFO] ApiDb:261 - Set plugin images path to: E:\Software\STM32CubeIDE_1.12.0\STM32CubeIDE\plugins\com.st.stm32cube.common.mx_6.8.0.202302231600\\db\/plugins/mcufinder/images/
2023-04-28 17:59:13,239 [WARN] DbFile:41 - Overriding database path with different value: C:\Users\Administrator\.stmcufinder\plugins\mcufinder/ => C:\Users\Administrator\.stmcufinder\plugins\mcufinder
2023-04-28 17:59:13,239 [INFO] ApiDb:250 - Set database path to: C:\Users\Administrator\.stmcufinder\plugins\mcufinder//mcu/
2023-04-28 17:59:13,239 [WARN] DbFile:41 - Overriding database path with different value: C:\Users\Administrator\.stmcufinder\plugins\mcufinder/ => C:\Users\Administrator\.stmcufinder\plugins\mcufinder
2023-04-28 17:59:13,239 [INFO] DbMcusAds:125 - Set database path to: C:\Users\Administrator\.stmcufinder\plugins\mcufinder//mcu/
2023-04-28 17:59:13,239 [WARN] DbFile:41 - Overriding database path with different value: C:\Users\Administrator\.stmcufinder\plugins\mcufinder/ => C:\Users\Administrator\.stmcufinder\plugins\mcufinder
2023-04-28 17:59:13,239 [WARN] DbFile:41 - Overriding database path with different value: C:\Users\Administrator\.stmcufinder\plugins\mcufinder/ => C:\Users\Administrator\.stmcufinder\plugins\mcufinder
2023-04-28 17:59:13,239 [INFO] CrossReferenceDbSqlite:203 - Set database path to: C:\Users\Administrator\.stmcufinder\plugins\mcufinder//mcu/cs/
2023-04-28 17:59:13,249 [INFO] ApplicationProperties:184 - Using Application install path: E:\Software\STM32CubeIDE_1.12.0\STM32CubeIDE\plugins\com.st.stm32cube.common.mx_6.8.0.202302231600
2023-04-28 17:59:13,259 [INFO] PluginManage:196 - Search for loadable plugins [exclusion list=, ]
2023-04-28 17:59:13,259 [INFO] PluginManage:310 - Check plugin analytics
2023-04-28 17:59:13,419 [INFO] AnalyticsPlugin:253 - Accepted Software Licenses: 
2023-04-28 17:59:13,419 [INFO] AnalyticsPlugin:255 - Accepted CMSIS Pack Licenses: 
2023-04-28 17:59:13,419 [INFO] AnalyticsPlugin:257 - Accepted Firmware Licenses: FW.C0.1.0.0
2023-04-28 17:59:13,449 [INFO] PluginManage:359 - Loaded plugin analytics (category:tool,tabindex:-1)
2023-04-28 17:59:13,449 [INFO] PluginManage:310 - Check plugin cadmodel
2023-04-28 17:59:13,469 [INFO] CADModel:105 - Init CAD model plugin
2023-04-28 17:59:13,469 [INFO] PluginManage:359 - Loaded plugin cadmodel (category:power,tabindex:5)
2023-04-28 17:59:13,469 [INFO] PluginManage:310 - Check plugin clock
2023-04-28 17:59:13,509 [INFO] PluginManage:359 - Loaded plugin clock (category:base,tabindex:2)
2023-04-28 17:59:13,509 [INFO] PluginManage:310 - Check plugin ddr
2023-04-28 17:59:13,530 [INFO] PluginManage:359 - Loaded plugin ddr (category:tool,tabindex:6)
2023-04-28 17:59:13,530 [INFO] PluginManage:310 - Check plugin filemanager
2023-04-28 17:59:13,679 [INFO] PluginManage:359 - Loaded plugin filemanager (category:base,tabindex:10)
2023-04-28 17:59:13,679 [INFO] PluginManage:310 - Check plugin ipmanager
2023-04-28 17:59:13,689 [INFO] PluginManage:359 - Loaded plugin ipmanager (category:base,tabindex:5)
2023-04-28 17:59:13,689 [INFO] PluginManage:310 - Check plugin lpbam
2023-04-28 17:59:13,730 [INFO] PluginManage:359 - Loaded plugin lpbam (category:base,tabindex:0)
2023-04-28 17:59:13,730 [INFO] PluginManage:310 - Check plugin pinoutandconfiguration
2023-04-28 17:59:13,749 [INFO] PluginManage:359 - Loaded plugin pinoutandconfiguration (category:base,tabindex:1)
2023-04-28 17:59:13,749 [INFO] PluginManage:310 - Check plugin pinoutconfig
2023-04-28 17:59:13,879 [WARN] SupportedApi:132 - Cannot load RTOS API schema: s4s-elt-must-match.1: The content of 'definitions' must match (annotation?, (simpleType | complexType)?, (unique | key | keyref)*)). A problem was found starting at: attribute.
2023-04-28 17:59:14,049 [INFO] PluginManage:359 - Loaded plugin pinoutconfig (category:base,tabindex:0)
2023-04-28 17:59:14,049 [INFO] PluginManage:310 - Check plugin power
2023-04-28 17:59:14,089 [INFO] PluginManage:359 - Loaded plugin power (category:power,tabindex:4)
2023-04-28 17:59:14,089 [INFO] PluginManage:310 - Check plugin projectmanager
2023-04-28 17:59:14,109 [INFO] PluginManage:359 - Loaded plugin projectmanager (category:projectmanager,tabindex:3)
2023-04-28 17:59:14,109 [INFO] PluginManage:310 - Check plugin thirdparty
2023-04-28 17:59:14,439 [INFO] PluginManage:359 - Loaded plugin thirdparty (category:base,tabindex:-1)
2023-04-28 17:59:14,439 [INFO] PluginManage:310 - Check plugin tools
2023-04-28 17:59:14,439 [WARN] IntegrityCheckThread:84 - waiting for thirdparty lock release [integrity check]
2023-04-28 17:59:14,439 [INFO] IntegrityCheckThread:86 - entering critical section [integrity check]
2023-04-28 17:59:14,439 [INFO] ThirdPartyUpdaterWithRetryManager:70 - Updater plugin not ready yet. [1/15]
2023-04-28 17:59:14,469 [INFO] PluginManage:359 - Loaded plugin tools (category:base,tabindex:7)
2023-04-28 17:59:14,469 [INFO] PluginManage:310 - Check plugin tutovideos
2023-04-28 17:59:14,669 [INFO] PluginManage:359 - Loaded plugin tutovideos (category:base,tabindex:-1)
2023-04-28 17:59:14,669 [INFO] PluginManage:310 - Check plugin updater
2023-04-28 17:59:14,699 [INFO] PluginManage:359 - Loaded plugin updater (category:base,tabindex:12)
2023-04-28 17:59:14,699 [INFO] PluginManage:283 - PluginManage : Loaded plugins [15]
2023-04-28 17:59:15,089 [INFO] PinOutPanel:1499 - setPackage(No Configuration,No Configuration)
2023-04-28 17:59:15,169 [INFO] CADModel:165 - CPN selected for project level
2023-04-28 17:59:15,169 [INFO] CADModel:114 - Register for checkConnection events
2023-04-28 17:59:15,219 [INFO] IPUIPlugin:80 - create IPUIPlugin
2023-04-28 17:59:15,219 [INFO] PluginManager:220 - loadIPPluginJar : add adc
2023-04-28 17:59:15,259 [INFO] IPUIPlugin:80 - create IPUIPlugin
2023-04-28 17:59:15,259 [INFO] PluginManager:220 - loadIPPluginJar : add aes
2023-04-28 17:59:15,309 [INFO] IPUIPlugin:80 - create IPUIPlugin
2023-04-28 17:59:15,309 [INFO] PluginManager:220 - loadIPPluginJar : add can
2023-04-28 17:59:15,331 [INFO] IPUIPlugin:80 - create IPUIPlugin
2023-04-28 17:59:15,331 [INFO] PluginManager:220 - loadIPPluginJar : add comp
2023-04-28 17:59:15,349 [INFO] IPUIPlugin:80 - create IPUIPlugin
2023-04-28 17:59:15,349 [INFO] PluginManager:220 - loadIPPluginJar : add cryp
2023-04-28 17:59:15,369 [INFO] IPUIPlugin:80 - create IPUIPlugin
2023-04-28 17:59:15,369 [INFO] PluginManager:220 - loadIPPluginJar : add dfsdm
2023-04-28 17:59:15,379 [INFO] IPUIPlugin:80 - create IPUIPlugin
2023-04-28 17:59:15,379 [INFO] PluginManager:220 - loadIPPluginJar : add dma
2023-04-28 17:59:15,409 [INFO] IPUIPlugin:80 - create IPUIPlugin
2023-04-28 17:59:15,409 [INFO] PluginManager:220 - loadIPPluginJar : add dma3
2023-04-28 17:59:15,419 [INFO] IPUIPlugin:80 - create IPUIPlugin
2023-04-28 17:59:15,419 [INFO] PluginManager:220 - loadIPPluginJar : add fatfs
2023-04-28 17:59:15,449 [INFO] IPUIPlugin:80 - create IPUIPlugin
2023-04-28 17:59:15,449 [INFO] PluginManager:220 - loadIPPluginJar : add fmc
2023-04-28 17:59:15,469 [INFO] IPUIPlugin:80 - create IPUIPlugin
2023-04-28 17:59:15,469 [INFO] PluginManager:220 - loadIPPluginJar : add freertos
2023-04-28 17:59:15,479 [INFO] IPUIPlugin:80 - create IPUIPlugin
2023-04-28 17:59:15,479 [INFO] PluginManager:220 - loadIPPluginJar : add genericplugin
2023-04-28 17:59:15,549 [INFO] IPUIPlugin:80 - create IPUIPlugin
2023-04-28 17:59:15,549 [INFO] PluginManager:220 - loadIPPluginJar : add gfxmmu
2023-04-28 17:59:15,631 [INFO] IPUIPlugin:80 - create IPUIPlugin
2023-04-28 17:59:15,631 [INFO] PluginManager:220 - loadIPPluginJar : add gic
2023-04-28 17:59:15,639 [INFO] IPUIPlugin:80 - create IPUIPlugin
2023-04-28 17:59:15,639 [INFO] PluginManager:220 - loadIPPluginJar : add gpio
2023-04-28 17:59:15,699 [INFO] IPUIPlugin:80 - create IPUIPlugin
2023-04-28 17:59:15,699 [INFO] PluginManager:220 - loadIPPluginJar : add gtzc
2023-04-28 17:59:15,719 [INFO] IPUIPlugin:80 - create IPUIPlugin
2023-04-28 17:59:15,729 [INFO] PluginManager:220 - loadIPPluginJar : add hash
2023-04-28 17:59:15,769 [INFO] IPUIPlugin:80 - create IPUIPlugin
2023-04-28 17:59:15,769 [INFO] PluginManager:220 - loadIPPluginJar : add i2c
2023-04-28 17:59:15,809 [INFO] IPUIPlugin:80 - create IPUIPlugin
2023-04-28 17:59:15,809 [INFO] PluginManager:220 - loadIPPluginJar : add i2s
2023-04-28 17:59:15,831 [INFO] IPUIPlugin:80 - create IPUIPlugin
2023-04-28 17:59:15,831 [INFO] PluginManager:220 - loadIPPluginJar : add i3c
2023-04-28 17:59:15,909 [INFO] IPUIPlugin:80 - create IPUIPlugin
2023-04-28 17:59:15,909 [INFO] PluginManager:220 - loadIPPluginJar : add ipddr
2023-04-28 17:59:15,980 [INFO] IPUIPlugin:80 - create IPUIPlugin
2023-04-28 17:59:15,980 [INFO] PluginManager:220 - loadIPPluginJar : add linkedlist
2023-04-28 17:59:16,010 [INFO] IPUIPlugin:80 - create IPUIPlugin
2023-04-28 17:59:16,010 [INFO] PluginManager:220 - loadIPPluginJar : add lorawan
2023-04-28 17:59:16,030 [INFO] IPUIPlugin:80 - create IPUIPlugin
2023-04-28 17:59:16,030 [INFO] PluginManager:220 - loadIPPluginJar : add ltdc
2023-04-28 17:59:16,040 [INFO] IPUIPlugin:80 - create IPUIPlugin
2023-04-28 17:59:16,040 [INFO] PluginManager:220 - loadIPPluginJar : add mdma
2023-04-28 17:59:16,050 [INFO] IPUIPlugin:80 - create IPUIPlugin
2023-04-28 17:59:16,050 [INFO] PluginManager:220 - loadIPPluginJar : add nvic
2023-04-28 17:59:16,070 [INFO] IPUIPlugin:80 - create IPUIPlugin
2023-04-28 17:59:16,070 [INFO] PluginManager:220 - loadIPPluginJar : add opamp
2023-04-28 17:59:16,100 [INFO] IPUIPlugin:80 - create IPUIPlugin
2023-04-28 17:59:16,100 [INFO] PluginManager:220 - loadIPPluginJar : add openamp
2023-04-28 17:59:16,131 [INFO] IPUIPlugin:80 - create IPUIPlugin
2023-04-28 17:59:16,131 [INFO] PluginManager:220 - loadIPPluginJar : add pdm2pcm
2023-04-28 17:59:16,140 [INFO] IPUIPlugin:80 - create IPUIPlugin
2023-04-28 17:59:16,140 [INFO] PluginManager:220 - loadIPPluginJar : add plateformsettings
2023-04-28 17:59:16,160 [INFO] IPUIPlugin:80 - create IPUIPlugin
2023-04-28 17:59:16,160 [INFO] PluginManager:220 - loadIPPluginJar : add quadspi
2023-04-28 17:59:16,180 [INFO] IPUIPlugin:80 - create IPUIPlugin
2023-04-28 17:59:16,180 [INFO] PluginManager:220 - loadIPPluginJar : add resmgrutility
2023-04-28 17:59:16,210 [INFO] IPUIPlugin:80 - create IPUIPlugin
2023-04-28 17:59:16,210 [INFO] PluginManager:220 - loadIPPluginJar : add sai
2023-04-28 17:59:16,231 [INFO] IPUIPlugin:80 - create IPUIPlugin
2023-04-28 17:59:16,231 [INFO] PluginManager:220 - loadIPPluginJar : add spi
2023-04-28 17:59:16,270 [INFO] IPUIPlugin:80 - create IPUIPlugin
2023-04-28 17:59:16,270 [INFO] PluginManager:220 - loadIPPluginJar : add stm32_wpan
2023-04-28 17:59:16,280 [INFO] IPUIPlugin:80 - create IPUIPlugin
2023-04-28 17:59:16,280 [INFO] PluginManager:220 - loadIPPluginJar : add tim
2023-04-28 17:59:16,320 [INFO] IPUIPlugin:80 - create IPUIPlugin
2023-04-28 17:59:16,320 [INFO] PluginManager:220 - loadIPPluginJar : add touchsensing
2023-04-28 17:59:16,331 [INFO] IPUIPlugin:80 - create IPUIPlugin
2023-04-28 17:59:16,331 [INFO] PluginManager:220 - loadIPPluginJar : add tracer_emb
2023-04-28 17:59:16,340 [INFO] IPUIPlugin:80 - create IPUIPlugin
2023-04-28 17:59:16,340 [INFO] PluginManager:220 - loadIPPluginJar : add ts
2023-04-28 17:59:16,360 [INFO] IPUIPlugin:80 - create IPUIPlugin
2023-04-28 17:59:16,360 [INFO] PluginManager:220 - loadIPPluginJar : add tsc
2023-04-28 17:59:16,370 [INFO] IPUIPlugin:80 - create IPUIPlugin
2023-04-28 17:59:16,370 [INFO] PluginManager:220 - loadIPPluginJar : add ucpd
2023-04-28 17:59:16,410 [INFO] IPUIPlugin:80 - create IPUIPlugin
2023-04-28 17:59:16,410 [INFO] PluginManager:220 - loadIPPluginJar : add usart
2023-04-28 17:59:16,431 [INFO] IPUIPlugin:80 - create IPUIPlugin
2023-04-28 17:59:16,431 [INFO] PluginManager:220 - loadIPPluginJar : add usbx
2023-04-28 17:59:16,560 [INFO] CADModel:165 - CPN selected for project level
2023-04-28 17:59:16,560 [INFO] CADModel:114 - Register for checkConnection events
2023-04-28 17:59:16,560 [FATAL] Updater:308 - Updater called before beeing initialized
2023-04-28 17:59:16,560 [ERROR] CADModel:125 - Updater not yet initialized, retry later 
2023-04-28 17:59:16,762 [INFO] CADModel:165 - CPN selected for project level
2023-04-28 17:59:16,762 [INFO] CADModel:114 - Register for checkConnection events
2023-04-28 17:59:16,762 [FATAL] Updater:308 - Updater called before beeing initialized
2023-04-28 17:59:16,762 [ERROR] CADModel:125 - Updater not yet initialized, retry later 
2023-04-28 17:59:16,762 [FATAL] Updater:308 - Updater called before beeing initialized
2023-04-28 17:59:16,891 [FATAL] Updater:308 - Updater called before beeing initialized
2023-04-28 17:59:16,901 [INFO] DbMcusAds:53 - JSON generation date=Tue Mar 07 16:50:55 CST 2023 (1678179055335)
2023-04-28 17:59:16,901 [FATAL] Updater:308 - Updater called before beeing initialized
2023-04-28 17:59:17,021 [WARN] DetailPanel:346 - Failed to get advertising image, set to default
2023-04-28 17:59:17,121 [FATAL] Updater:308 - Updater called before beeing initialized
2023-04-28 17:59:17,121 [FATAL] Updater:308 - Updater called before beeing initialized
2023-04-28 17:59:17,121 [FATAL] Updater:308 - Updater called before beeing initialized
2023-04-28 17:59:17,121 [WARN] DetailPanel:346 - Failed to get advertising image, set to default
2023-04-28 17:59:17,121 [FATAL] Updater:308 - Updater called before beeing initialized
2023-04-28 17:59:17,242 [ERROR] Updater:1120 - MainUpdater not yet initialized. External WinMGr cannot be set.
2023-04-28 17:59:17,262 [INFO] Updater:1056 - Updater Version found : 6.8.0
2023-04-28 17:59:17,291 [INFO] ApplicationProperties:184 - Using Application install path: E:\Software\STM32CubeIDE_1.12.0\STM32CubeIDE\plugins\com.st.stm32cube.common.mx_6.8.0.202302231600
2023-04-28 17:59:17,442 [INFO] ThirdPartyUpdaterWithRetryManager:70 - Updater plugin not ready yet. [2/15]
2023-04-28 17:59:17,442 [INFO] MainUpdater:2854 - connection check result : 10
2023-04-28 17:59:17,442 [INFO] MainUpdater:283 - Updater Check For Update Now.
2023-04-28 17:59:17,442 [INFO] MicroXplorer:498 - Change Database Version : DB.6.0.80
2023-04-28 17:59:17,602 [INFO] CheckServerUpdateThread:120 - End of CheckServer Thread
2023-04-28 17:59:17,682 [INFO] MainUpdater:2854 - connection check result : 10
2023-04-28 17:59:17,682 [INFO] MainUpdater:2854 - connection check result : 10
2023-04-28 17:59:17,902 [INFO] MicroXplorer:468 - Change Database Path : 
2023-04-28 17:59:17,902 [INFO] MicroXplorer:498 - Change Database Version : DB.6.0.80
2023-04-28 17:59:17,902 [WARN] ThirdParty:871 - waiting for thirdparty lock release [close project]
2023-04-28 17:59:20,625 [WARN] PackLoader:240 - Cannot read IP mode file for wolfSSL.I-CUBE-wolfSSL.5.2.0
2023-04-28 17:59:20,645 [WARN] PackLoader:240 - Cannot read IP mode file for STMicroelectronics.X-CUBE-GNSS1.6.0.0
2023-04-28 17:59:20,675 [WARN] PackLoader:240 - Cannot read IP mode file for STMicroelectronics.X-CUBE-AZRTOS-F4.1.1.0
2023-04-28 17:59:20,685 [WARN] PackLoader:240 - Cannot read IP mode file for STMicroelectronics.X-CUBE-SMBUS.2.1.0
2023-04-28 17:59:20,735 [WARN] PackLoader:240 - Cannot read IP mode file for STMicroelectronics.X-CUBE-MEMS1.9.2.0
2023-04-28 17:59:20,845 [WARN] PackLoader:240 - Cannot read IP mode file for STMicroelectronics.X-CUBE-BLEMGR.1.2.0
2023-04-28 17:59:20,875 [WARN] PackLoader:240 - Cannot read IP mode file for STMicroelectronics.X-CUBE-AZRTOS-F7.1.1.0
2023-04-28 17:59:20,915 [WARN] PackLoader:240 - Cannot read IP mode file for STMicroelectronics.X-CUBE-MEMS1.9.6.0
2023-04-28 17:59:21,014 [WARN] PackLoader:240 - Cannot read IP mode file for STMicroelectronics.X-CUBE-AI.7.1.0
2023-04-28 17:59:21,024 [WARN] PackLoader:240 - Cannot read IP mode file for STMicroelectronics.X-CUBE-TOUCHGFX.4.19.1
2023-04-28 17:59:21,044 [WARN] PackLoader:240 - Cannot read IP mode file for STMicroelectronics.X-CUBE-BLE1.6.2.3
2023-04-28 17:59:21,054 [WARN] PackLoader:240 - Cannot read IP mode file for STMicroelectronics.X-CUBE-BLE1.6.2.4
2023-04-28 17:59:21,064 [WARN] PackLoader:240 - Cannot read IP mode file for STMicroelectronics.X-CUBE-BLEMGR.2.0.0
2023-04-28 17:59:21,074 [WARN] PackLoader:240 - Cannot read IP mode file for STMicroelectronics.X-CUBE-BLE1.6.2.2
2023-04-28 17:59:21,084 [WARN] PackLoader:240 - Cannot read IP mode file for STMicroelectronics.X-CUBE-NFC4.2.0.5
2023-04-28 17:59:21,094 [WARN] PackLoader:240 - Cannot read IP mode file for STMicroelectronics.X-CUBE-NFC4.2.0.4
2023-04-28 17:59:21,104 [WARN] PackLoader:240 - Cannot read IP mode file for STMicroelectronics.X-CUBE-BLE2.3.2.2
2023-04-28 17:59:21,114 [WARN] PackLoader:240 - Cannot read IP mode file for STMicroelectronics.X-CUBE-NFC4.2.0.3
2023-04-28 17:59:21,134 [WARN] ConditionMgr:438 - getConditionDescription Invalid condition id : UX DEVICE CLASS RTOS Condition cause : null
2023-04-28 17:59:21,134 [WARN] ConditionMgr:438 - getConditionDescription Invalid condition id : UX DEVICE CLASS RTOS Condition cause : null
2023-04-28 17:59:21,134 [WARN] PackLoader:240 - Cannot read IP mode file for STMicroelectronics.X-CUBE-AZRTOS-H7.3.1.0
2023-04-28 17:59:21,134 [WARN] ConditionMgr:1039 - genDependencies : Invalid condition id : UX DEVICE CLASS RTOS Condition cause : null
2023-04-28 17:59:21,134 [WARN] ConditionMgr:1039 - genDependencies : Invalid condition id : UX DEVICE CLASS RTOS Condition cause : null
2023-04-28 17:59:21,134 [WARN] ConditionMgr:1039 - genDependencies : Invalid condition id : UX DEVICE CLASS RTOS Condition cause : null
2023-04-28 17:59:21,134 [WARN] ConditionMgr:1039 - genDependencies : Invalid condition id : UX DEVICE CLASS RTOS Condition cause : null
2023-04-28 17:59:21,134 [WARN] ConditionMgr:1039 - genDependencies : Invalid condition id : UX DEVICE CLASS RTOS Condition cause : null
2023-04-28 17:59:21,154 [WARN] PackLoader:240 - Cannot read IP mode file for STMicroelectronics.X-CUBE-TOF1.3.1.0
2023-04-28 17:59:21,194 [WARN] PackLoader:240 - Cannot read IP mode file for STMicroelectronics.X-CUBE-SFXS2LP1.3.1.0
2023-04-28 17:59:21,204 [WARN] PackLoader:240 - Cannot read IP mode file for STMicroelectronics.X-CUBE-DISPLAY.3.0.0
2023-04-28 17:59:21,224 [WARN] PackLoader:240 - Cannot read IP mode file for STMicroelectronics.X-CUBE-AZRTOS-F4.1.0.0
2023-04-28 17:59:21,244 [WARN] PackLoader:240 - Cannot read IP mode file for STMicroelectronics.X-CUBE-NFC7.1.0.0
2023-04-28 17:59:21,254 [WARN] PackLoader:240 - Cannot read IP mode file for STMicroelectronics.X-CUBE-SUBG2.4.2.0
2023-04-28 17:59:21,284 [WARN] PackLoader:240 - Cannot read IP mode file for STMicroelectronics.X-CUBE-MEMS1.9.3.0
2023-04-28 17:59:21,364 [WARN] PackLoader:240 - Cannot read IP mode file for STMicroelectronics.X-CUBE-EEPRMA1.4.1.0
2023-04-28 17:59:21,364 [WARN] PackLoader:240 - Cannot read IP mode file for STMicroelectronics.X-CUBE-AI.7.2.0
2023-04-28 17:59:21,384 [WARN] PackLoader:240 - Cannot read IP mode file for STMicroelectronics.X-CUBE-AZRTOS-G0.1.0.0
2023-04-28 17:59:21,404 [WARN] PackLoader:240 - Cannot read IP mode file for WES.I-CUBE-Cesium.1.3.0
2023-04-28 17:59:21,414 [WARN] PackLoader:240 - Cannot read IP mode file for STMicroelectronics.X-CUBE-SFXS2LP1.4.0.0
2023-04-28 17:59:21,414 [WARN] PackLoader:240 - Cannot read IP mode file for STMicroelectronics.X-CUBE-BLE2.3.3.0
2023-04-28 17:59:21,424 [WARN] PackLoader:240 - Cannot read IP mode file for STMicroelectronics.X-CUBE-DISPLAY.2.2.0
2023-04-28 17:59:21,434 [WARN] PackLoader:240 - Cannot read IP mode file for STMicroelectronics.X-CUBE-TOF1.3.2.0
2023-04-28 17:59:21,444 [WARN] PackLoader:240 - Cannot read IP mode file for STMicroelectronics.X-CUBE-TOUCHGFX.4.18.1
2023-04-28 17:59:21,464 [WARN] PackLoader:240 - Cannot read IP mode file for STMicroelectronics.X-CUBE-AZRTOS-H7.3.0.0
2023-04-28 17:59:21,474 [WARN] PackLoader:240 - Cannot read IP mode file for STMicroelectronics.X-CUBE-ISPU.1.1.0
2023-04-28 17:59:21,484 [WARN] PackLoader:240 - Cannot read IP mode file for RoweBots.I-CUBE-UNISONRTOS.5.5.0-4
2023-04-28 17:59:21,504 [WARN] PackLoader:240 - Cannot read IP mode file for STMicroelectronics.X-CUBE-AZRTOS-H7.2.1.0
2023-04-28 17:59:21,514 [WARN] PackLoader:240 - Cannot read IP mode file for STMicroelectronics.X-CUBE-AI.8.0.0
2023-04-28 17:59:21,514 [WARN] PackLoader:240 - Cannot read IP mode file for STMicroelectronics.X-CUBE-FREERTOS.1.0.0
2023-04-28 17:59:21,524 [WARN] PackLoader:240 - Cannot read IP mode file for STMicroelectronics.X-CUBE-FREERTOS.1.0.1
2023-04-28 17:59:21,534 [WARN] PackLoader:240 - Cannot read IP mode file for STMicroelectronics.X-CUBE-TOUCHGFX.4.21.1
2023-04-28 17:59:21,534 [WARN] PackLoader:240 - Cannot read IP mode file for STMicroelectronics.X-CUBE-TOUCHGFX.4.21.3
2023-04-28 17:59:21,554 [WARN] PackLoader:240 - Cannot read IP mode file for STMicroelectronics.X-CUBE-BLEMGR.1.0.0
2023-04-28 17:59:21,564 [WARN] PackLoader:240 - Cannot read IP mode file for STMicroelectronics.X-CUBE-AI.7.3.0
2023-04-28 17:59:21,574 [WARN] PackLoader:240 - Cannot read IP mode file for STMicroelectronics.X-CUBE-ALGOBUILD.1.3.0
2023-04-28 17:59:21,584 [WARN] PackLoader:240 - Cannot read IP mode file for STMicroelectronics.X-CUBE-AZRTOS-L5.1.1.0
2023-04-28 17:59:21,604 [WARN] PackLoader:240 - Cannot read IP mode file for STMicroelectronics.X-CUBE-AZRTOS-G0.1.1.0
2023-04-28 17:59:21,614 [WARN] PackLoader:240 - Cannot read IP mode file for STMicroelectronics.X-CUBE-SUBG2.5.0.0
2023-04-28 17:59:21,624 [WARN] PackLoader:240 - Cannot read IP mode file for STMicroelectronics.X-CUBE-NFC4.3.0.0
2023-04-28 17:59:21,654 [WARN] PackLoader:240 - Cannot read IP mode file for SEGGER.I-CUBE-embOS.1.2.0
2023-04-28 17:59:21,684 [WARN] PackLoader:240 - Cannot read IP mode file for STMicroelectronics.X-CUBE-DISPLAY.2.1.0
2023-04-28 17:59:21,704 [WARN] PackLoader:240 - Cannot read IP mode file for STMicroelectronics.X-CUBE-AZRTOS-G4.2.0.0
2023-04-28 17:59:21,714 [WARN] PackLoader:240 - Cannot read IP mode file for STMicroelectronics.X-CUBE-TOF1.3.3.0
2023-04-28 17:59:21,724 [WARN] PackLoader:240 - Cannot read IP mode file for STMicroelectronics.FP-ATR-ASTRA1.1.1.1
2023-04-28 17:59:21,734 [WARN] PackLoader:240 - Cannot read IP mode file for STMicroelectronics.FP-ATR-ASTRA1.1.1.0
2023-04-28 17:59:21,754 [WARN] PackLoader:240 - Cannot read IP mode file for STMicroelectronics.X-CUBE-AZRTOS-H7.2.0.0
2023-04-28 17:59:21,774 [WARN] PackLoader:240 - Cannot read IP mode file for STMicroelectronics.X-CUBE-AZRTOS-G4.1.0.0
2023-04-28 17:59:21,784 [WARN] PackLoader:240 - Cannot read IP mode file for STMicroelectronics.FP-ATR-SIGFOX1.3.2.0
2023-04-28 17:59:21,794 [WARN] PackLoader:240 - Cannot read IP mode file for STMicroelectronics.X-CUBE-AZRTOS-L4.1.0.0
2023-04-28 17:59:21,804 [WARN] PackLoader:240 - Cannot read IP mode file for emotas.I-CUBE-CANOPEN.1.1.2
2023-04-28 17:59:21,814 [WARN] PackLoader:240 - Cannot read IP mode file for STMicroelectronics.X-CUBE-TOUCHGFX.4.20.0
2023-04-28 17:59:21,834 [WARN] PackLoader:240 - Cannot read IP mode file for STMicroelectronics.X-CUBE-AZRTOS-F7.1.0.0
2023-04-28 17:59:21,844 [WARN] PackLoader:240 - Cannot read IP mode file for STMicroelectronics.X-CUBE-AZRTOS-WL.1.0.0
2023-04-28 17:59:21,884 [WARN] PackLoader:240 - Cannot read IP mode file for STMicroelectronics.X-CUBE-MEMS1.9.1.0
2023-04-28 17:59:21,954 [WARN] PackLoader:240 - Cannot read IP mode file for portGmbH.I-Cube-SoM-uGOAL.1.1.0
2023-04-28 17:59:21,964 [WARN] PackLoader:240 - Cannot read IP mode file for STMicroelectronics.X-CUBE-ALS.1.0.1
2023-04-28 17:59:21,994 [WARN] PackLoader:240 - Cannot read IP mode file for STMicroelectronics.X-CUBE-MEMS1.9.5.0
2023-04-28 17:59:22,094 [WARN] PackLoader:240 - Cannot read IP mode file for STMicroelectronics.X-CUBE-AZRTOS-WB.1.1.0
2023-04-28 17:59:22,114 [WARN] PackLoader:240 - Cannot read IP mode file for SEGGER.I-CUBE-embOS.1.3.1
2023-04-28 17:59:22,154 [WARN] PackLoader:240 - Cannot read IP mode file for STMicroelectronics.X-CUBE-AZRTOS-L5.1.0.0
2023-04-28 17:59:22,164 [WARN] PackLoader:240 - Cannot read IP mode file for STMicroelectronics.X-CUBE-EEPRMA1.3.1.1
2023-04-28 17:59:22,174 [WARN] PackLoader:240 - Cannot read IP mode file for STMicroelectronics.X-CUBE-GNSS1.5.2.0
2023-04-28 17:59:22,174 [WARN] PackLoader:240 - Cannot read IP mode file for STMicroelectronics.FP-ATR-ASTRA1.2.0.0
2023-04-28 17:59:22,184 [WARN] PackLoader:240 - Cannot read IP mode file for STMicroelectronics.X-CUBE-DISPLAY.2.0.1
2023-04-28 17:59:22,195 [WARN] PackLoader:240 - Cannot read IP mode file for STMicroelectronics.X-CUBE-TOF1.3.0.0
2023-04-28 17:59:22,195 [INFO] ThirdParty:978 - Integrity check success = true
2023-04-28 17:59:22,195 [INFO] IntegrityCheckThread:100 - exiting critical section [integrity check]
2023-04-28 17:59:22,195 [INFO] IntegrityCheckThread:103 - End integrity checks thread
2023-04-28 17:59:22,195 [INFO] ThirdParty:873 - entering critical section [close project]
2023-04-28 17:59:22,195 [INFO] ThirdParty:883 - exiting critical section [close project]
2023-04-28 17:59:22,195 [INFO] PinOutPanel:1499 - setPackage(No Configuration,No Configuration)
2023-04-28 17:59:22,205 [INFO] UtilMem:75 - Begin LoadConfig() Used Memory: 883552360 Bytes (918552576)
2023-04-28 17:59:22,205 [INFO] MicroXplorer:468 - Change Database Path : 
2023-04-28 17:59:22,205 [INFO] MicroXplorer:498 - Change Database Version : DB.6.0.80
2023-04-28 17:59:22,205 [INFO] OpenFileManager:308 - Change cursor
2023-04-28 17:59:22,334 [INFO] Mcu:1937 - Initializing MCU STM32F103C(8-B)Tx STM32F103C8Tx STM32F103C8T6
2023-04-28 17:59:23,234 [INFO] Context:659 - Trying to add GPIOservice into a context  which must be forbidden
2023-04-28 17:59:23,674 [INFO] RtosManager:555 - Registered RTOS mode: class=CMSIS, group=RTOS, mode=CMSIS_V1, owner=FREERTOS
2023-04-28 17:59:23,674 [INFO] RtosManager:555 - Registered RTOS mode: class=CMSIS, group=RTOS2, mode=CMSIS_V2, owner=FREERTOS
2023-04-28 17:59:23,674 [INFO] RtosManager:555 - Registered RTOS mode: class=RTOS, group=Core, mode=CMSIS_V1, owner=FREERTOS
2023-04-28 17:59:23,674 [INFO] RtosManager:555 - Registered RTOS mode: class=RTOS, group=Core, mode=CMSIS_V2, owner=FREERTOS
2023-04-28 17:59:23,674 [WARN] ModelIntegratedComponent:184 - Missing modes for component STMicroelectronics:FreeRTOS:0.0.1:STMicroelectronics:RTOS:FreeRTOS:Core:::10.2.0:
2023-04-28 17:59:23,684 [WARN] ModelIntegratedComponent:63 - No mode defined for component null
2023-04-28 17:59:23,684 [WARN] ModelIntegratedComponent:63 - No mode defined for component null
2023-04-28 17:59:23,684 [WARN] ModelIntegratedComponent:63 - No mode defined for component null
2023-04-28 17:59:23,684 [WARN] ModelIntegratedComponent:63 - No mode defined for component null
2023-04-28 17:59:23,684 [WARN] ModelIntegratedComponent:63 - No mode defined for component null
2023-04-28 17:59:23,684 [WARN] ModelIntegratedComponent:63 - No mode defined for component null
2023-04-28 17:59:23,684 [WARN] ModelIntegratedComponent:63 - No mode defined for component null
2023-04-28 17:59:23,684 [WARN] ModelIntegratedComponent:63 - No mode defined for component null
2023-04-28 17:59:23,684 [WARN] ModelIntegratedComponent:63 - No mode defined for component null
2023-04-28 17:59:23,684 [WARN] ModelIntegratedComponent:63 - No mode defined for component null
2023-04-28 17:59:23,684 [WARN] ModelIntegratedComponent:63 - No mode defined for component null
2023-04-28 17:59:23,684 [WARN] ModelIntegratedComponent:63 - No mode defined for component null
2023-04-28 17:59:23,684 [WARN] ModelIntegratedComponent:63 - No mode defined for component null
2023-04-28 17:59:23,684 [WARN] ModelIntegratedComponent:63 - No mode defined for component null
2023-04-28 17:59:23,684 [WARN] ModelIntegratedComponent:63 - No mode defined for component null
2023-04-28 17:59:23,684 [WARN] ModelIntegratedComponent:63 - No mode defined for component null
2023-04-28 17:59:23,684 [WARN] ModelIntegratedComponent:63 - No mode defined for component null
2023-04-28 17:59:23,684 [WARN] ModelIntegratedComponent:63 - No mode defined for component null
2023-04-28 17:59:23,684 [WARN] ModelIntegratedComponent:63 - No mode defined for component null
2023-04-28 17:59:23,684 [WARN] ModelIntegratedComponent:63 - No mode defined for component null
2023-04-28 17:59:23,684 [WARN] ModelIntegratedComponent:63 - No mode defined for component null
2023-04-28 17:59:23,684 [WARN] ModelIntegratedComponent:63 - No mode defined for component null
2023-04-28 17:59:23,684 [WARN] ModelIntegratedComponent:63 - No mode defined for component null
2023-04-28 17:59:23,684 [WARN] ModelIntegratedComponent:63 - No mode defined for component null
2023-04-28 17:59:23,684 [WARN] ModelIntegratedComponent:63 - No mode defined for component null
2023-04-28 17:59:23,684 [WARN] ModelIntegratedComponent:63 - No mode defined for component null
2023-04-28 17:59:23,684 [WARN] ModelIntegratedComponent:63 - No mode defined for component null
2023-04-28 17:59:23,684 [WARN] ModelIntegratedComponent:63 - No mode defined for component null
2023-04-28 17:59:23,684 [WARN] ModelIntegratedComponent:63 - No mode defined for component null
2023-04-28 17:59:23,684 [WARN] ModelIntegratedComponent:63 - No mode defined for component null
2023-04-28 17:59:23,684 [WARN] ModelIntegratedComponent:63 - No mode defined for component null
2023-04-28 17:59:23,684 [WARN] ModelIntegratedComponent:63 - No mode defined for component null
2023-04-28 17:59:23,684 [WARN] ModelIntegratedComponent:63 - No mode defined for component null
2023-04-28 17:59:23,834 [INFO] ThirdPartyModel:298 - Start build external matchings
2023-04-28 17:59:25,065 [INFO] ThirdPartyModel:316 - End build external matchings
2023-04-28 17:59:25,095 [INFO] ImportTextPane:194 - (OptionalMessage_ERROR) IP (RCC) : Invalid parameter (FamilyName)
2023-04-28 17:59:25,105 [INFO] ImportTextPane:194 - (OptionalMessage_ERROR) IP (RCC) : Parameter (MCOFreq_Value) has invalid value (72000000)
2023-04-28 17:59:25,105 [INFO] ImportTextPane:194 - (OptionalMessage_ERROR) IP (RCC) : Parameter (USBFreq_Value) has invalid value (72000000)
2023-04-28 17:59:25,285 [INFO] UtilMem:75 - End LoadConfig() Used Memory: 847632192 Bytes (918552576)
2023-04-28 17:59:25,445 [INFO] ApiDb:581 - Connected to CubeFinder SQLite database (C:\Users\Administrator\.stmcufinder\plugins\mcufinder\mcu\cube-finder-db.db)
2023-04-28 17:59:25,505 [INFO] ApiDb:668 - CubeFinder database Data Model version=2.1
2023-04-28 17:59:25,505 [INFO] ApiDb:669 - CubeFinder database Configuration version=3.0.35
2023-04-28 17:59:25,505 [INFO] ApiDb:670 - CubeFinder database generation date=2023-03-10 (1678456172)
2023-04-28 17:59:25,505 [INFO] ApiDb:671 - CubeFinder database FW Pack versions=[FP-ATR-ASTRA1_V1.1.1, STM32Cube_FW_C0_V1.0.1, STM32Cube_FW_F0_V1.11.4, STM32Cube_FW_F3_V1.11.4, STM32Cube_FW_F4_V1.27.1, STM32Cube_FW_F7_V1.17.0, STM32Cube_FW_G0_V1.6.1, STM32Cube_FW_G4_V1.5.1, STM32Cube_FW_H5_V0.5.1, STM32Cube_FW_H5_V1.0.0, STM32Cube_FW_H7_V1.11.0, STM32Cube_FW_L0_V1.12.2, STM32Cube_FW_L5_V1.5.0, STM32Cube_FW_U5_V1.2.0, STM32Cube_FW_WBA_V1.0.0, STM32Cube_FW_WBA_V1.0.0RC1, STM32Cube_FW_WBA_V1.0.0RC3, STM32Cube_FW_WB_V1.15.0RC1, STM32Cube_FW_WB_V1.16.0, STM32Cube_FW_WB_V1.16.0RC2, STM32Cube_FW_WL_V1.3.0, X-CUBE-ALGOBUILD_V1.3.0, X-CUBE-ALS_V1.0.1, X-CUBE-AZRTOS-F4_V1.1.0, X-CUBE-AZRTOS-F7_V1.1.0, X-CUBE-AZRTOS-G0_V1.1.0, X-CUBE-AZRTOS-G4_V1.0.0, X-CUBE-AZRTOS-H7_V3.0.0, X-CUBE-AZRTOS-L4_V1.0.0, X-CUBE-AZRTOS-L5_V1.1.0, X-CUBE-AZRTOS-WB_V1.1.0, X-CUBE-AZRTOS-WL_V1.0.0, X-CUBE-BLE1_V6.2.4, X-CUBE-BLE2_V3.3.0, X-CUBE-BLEMGR_V1.3.0, X-CUBE-EEPRMA1_V4.1.0, X-CUBE-GNSS1_V6.0.0, X-CUBE-MEMS1_V9.1.0, X-CUBE-MEMS1_V9.4.0, X-CUBE-MEMS1_V9.5.0, X-CUBE-NFC4_V3.0.0, X-CUBE-NFC7_V1.0.0, X-CUBE-SFXS2LP1_V4.0.0, X-CUBE-SUBG2_V5.0.0]
2023-04-28 17:59:27,406 [INFO] ApiDb:240 - Found 297 in-development CPN: [B-G473E-ZEST1S, B-WB1M-WPAN1, B-WL5M-SUBG1, NUCLEO-C031C6, NUCLEO-H503RB, NUCLEO-H563ZI, NUCLEO-U545RE-Q, NUCLEO-U5A5ZJ-Q, NUCLEO-WBA52CG, STEVAL-PROTEUS1, STEVAL-STWINBX1, STM320518-EVAL, STM32C0116-DK, STM32C011D6Y3TR, STM32C011D6Y6TR, STM32C011F4P3, STM32C011F4P6, STM32C011F4U3, STM32C011F4U6TR, STM32C011F6P3, STM32C011F6P6, STM32C011F6U3, STM32C011F6U6TR, STM32C011J4M3, STM32C011J4M6, STM32C011J6M3, STM32C011J6M6, STM32C0316-DK, STM32C031C4T3, STM32C031C4T6, STM32C031C4U3, STM32C031C4U6, STM32C031C6T3, STM32C031C6T6, STM32C031C6U3, STM32C031C6U6, STM32C031F4P3, STM32C031F4P6, STM32C031F6P3, STM32C031F6P6, STM32C031G4U3, STM32C031G4U6, STM32C031G6U3, STM32C031G6U6, STM32C031K4T3, STM32C031K4T6, STM32C031K4U3, STM32C031K4U6, STM32C031K6T3, STM32C031K6T6, STM32C031K6U3, STM32C031K6U6, STM32G071K8TXN, STM32G071K8UXN, STM32G081GBU6N, STM32G081KBT6N, STM32G081KBUXN, STM32G0B1CCT6N, STM32G0B1KCT6, STM32G0B1NEY6TR, STM32G0B1RCT6N, STM32G0C1CCT6, STM32G0C1CCT6N, STM32G0C1CCU6N, STM32G0C1CET6N, STM32G0C1CEU6N, STM32G0C1KCT6, STM32G0C1NEY6TR, STM32G0C1RCI6N, STM32G0C1RCT6N, STM32G0C1REI6N, STM32G0C1RET6N, STM32G0C1VCI6, STM32G0C1VEI6, STM32G471CCT6, STM32G471CCU6, STM32G471CET3, STM32G471CET6, STM32G471CEU3, STM32G471CEU6, STM32G471MCT6, STM32G471MET3, STM32G471MET6, STM32G471MEY6TR, STM32G471QCT6, STM32G471QET3, STM32G471RCT6, STM32G471RET3, STM32G471RET6, STM32G471VCH6, STM32G471VCI6, STM32G471VCT6, STM32G471VEH3, STM32G471VEH6, STM32G471VEI3, STM32G471VEI6, STM32G471VET3, STM32G471VET6, STM32G474CCT6, STM32H503CBT6, STM32H503CBU6, STM32H503EBY6TR, STM32H503KBU6, STM32H503RBT6, STM32H562AGI6, STM32H562AII6, STM32H562IGK6, STM32H562IGT6, STM32H562IIK6, STM32H562IIT6, STM32H562RGT6, STM32H562RGV6, STM32H562RIT6, STM32H562RIV6, STM32H562VGT6, STM32H562VIT6, STM32H562ZGT6, STM32H562ZIT6, STM32H563AGI6, STM32H563AII3Q, STM32H563AII6, STM32H563IGK6, STM32H563IGT6, STM32H563IIK3Q, STM32H563IIK6, STM32H563IIT3Q, STM32H563IIT6, STM32H563MIY3QTR, STM32H563RGT6, STM32H563RGV6, STM32H563RIT6, STM32H563RIV6, STM32H563VGT6, STM32H563VIT3Q, STM32H563VIT6, STM32H563ZGT6, STM32H563ZIT3Q, STM32H563ZIT6, STM32H573AII3Q, STM32H573AII6, STM32H573I-DK, STM32H573IIK3Q, STM32H573IIK6, STM32H573IIT3Q, STM32H573IIT6, STM32H573MIY3QTR, STM32H573RIT6, STM32H573RIV6, STM32H573VIT3Q, STM32H573VIT6, STM32H573ZIT3Q, STM32H573ZIT6, STM32L4R5QGI6STR, STM32MP131AAE3, STM32MP131AAF3, STM32MP131AAG3, STM32MP131CAE3, STM32MP131CAF3, STM32MP131CAG3, STM32MP131DAE7, STM32MP131DAF7, STM32MP131DAG7, STM32MP131FAE7, STM32MP131FAF7, STM32MP131FAG7, STM32MP133AAE3, STM32MP133AAF3, STM32MP133AAG3, STM32MP133CAE3, STM32MP133CAF3, STM32MP133CAG3, STM32MP133DAE7, STM32MP133DAF7, STM32MP133DAG7, STM32MP133FAE7, STM32MP133FAF7, STM32MP133FAG7, STM32MP135AAE3, STM32MP135AAF3, STM32MP135AAG3, STM32MP135CAE3, STM32MP135CAF3, STM32MP135CAG3, STM32MP135DAE7, STM32MP135DAF7, STM32MP135DAG7, STM32MP135F-DK, STM32MP135FAE7, STM32MP135FAF7, STM32MP135FAF7T, STM32MP135FAF7U, STM32MP135FAG7, STM32U535CBT6, STM32U535CBT6Q, STM32U535CBU6, STM32U535CBU6Q, STM32U535CCT6, STM32U535CCT6Q, STM32U535CCU6, STM32U535CCU6Q, STM32U535CET6, STM32U535CET6Q, STM32U535CEU6, STM32U535CEU6Q, STM32U535JEY6QTR, STM32U535NCY6QTR, STM32U535NEY6QTR, STM32U535RBI6, STM32U535RBI6Q, STM32U535RBT6, STM32U535RBT6Q, STM32U535RCI6, STM32U535RCI6Q, STM32U535RCT6, STM32U535RCT6Q, STM32U535REI6, STM32U535REI6Q, STM32U535RET6, STM32U535RET6Q, STM32U535VCI6, STM32U535VCI6Q, STM32U535VCT6, STM32U535VCT6Q, STM32U535VEI6, STM32U535VEI6Q, STM32U535VET6, STM32U535VET6Q, STM32U545CET6, STM32U545CET6Q, STM32U545CEU6, STM32U545CEU6Q, STM32U545JEY6QTR, STM32U545NEY6QTR, STM32U545REI6, STM32U545REI6Q, STM32U545RET6, STM32U545RET6Q, STM32U545VEI6, STM32U545VEI6Q, STM32U545VET6, STM32U545VET6Q, STM32U595AIH6, STM32U595AIH6Q, STM32U595AJH6, STM32U595AJH6Q, STM32U595QII6, STM32U595QII6Q, STM32U595QJI6, STM32U595QJI6Q, STM32U595RIT6, STM32U595RIT6Q, STM32U595RJT6, STM32U595RJT6Q, STM32U595VIT6, STM32U595VIT6Q, STM32U595VJT6, STM32U595VJT6Q, STM32U595ZIT6, STM32U595ZIT6Q, STM32U595ZIY6QTR, STM32U595ZJT6, STM32U595ZJT6Q, STM32U595ZJY6QTR, STM32U599BJY6QTR, STM32U599NIH6Q, STM32U599NJH6Q, STM32U599VIT6Q, STM32U599VJT6, STM32U599VJT6Q, STM32U599ZIT6Q, STM32U599ZIY6QTR, STM32U599ZJT6Q, STM32U599ZJY6QTR, STM32U5A5AJH6, STM32U5A5AJH6Q, STM32U5A5QJI6, STM32U5A5QJI6Q, STM32U5A5RJT6, STM32U5A5RJT6Q, STM32U5A5VJT6, STM32U5A5VJT6Q, STM32U5A5ZJT6, STM32U5A5ZJT6Q, STM32U5A5ZJY6QTR, STM32U5A9BJY6QTR, STM32U5A9J-DK, STM32U5A9NJH6Q, STM32U5A9VJT6Q, STM32U5A9ZJT6Q, STM32U5A9ZJY6QTR, STM32WB1MMCH6, STM32WBA52CEU6, STM32WBA52CEU6T, STM32WBA52CGU6, STM32WBA52CGU6T, STM32WL5MOCH6, STM32WL5MOCH6TR]
2023-04-28 17:59:27,406 [INFO] DbMcus:216 - Found 3775 MCUs, 3775 are supported
2023-04-28 17:59:27,406 [INFO] ApiDb:423 - Load user favorites file C:\Users\Administrator/.stm32cubeide/favorites.mcus.txt: 1 item(s)
2023-04-28 17:59:27,406 [INFO] ApiDb:427 - User favorites MCUs=[STM32F103C6T6A]
2023-04-28 17:59:27,406 [INFO] DbMcus:222 - Set 1 / 1 favorites MCUs
2023-04-28 17:59:27,736 [WARN] ThirdParty:833 - waiting for thirdparty lock release [change project]
2023-04-28 17:59:27,736 [INFO] ThirdParty:835 - entering critical section [change project]
2023-04-28 17:59:27,736 [INFO] ThirdParty:1030 - CMSIS Pack Vendor :STMicroelectronics X-CUBE-ISPU 1.1.0
2023-04-28 17:59:27,736 [INFO] ThirdParty:1030 - CMSIS Pack Vendor :wolfSSL I-CUBE-wolfSSL 5.2.0
2023-04-28 17:59:27,736 [INFO] ThirdParty:1030 - CMSIS Pack Vendor :RoweBots I-CUBE-UNISONRTOS 5.5.0-4
2023-04-28 17:59:27,736 [INFO] ThirdParty:1030 - CMSIS Pack Vendor :STMicroelectronics X-CUBE-GNSS1 6.0.0
2023-04-28 17:59:27,736 [INFO] ThirdParty:1030 - CMSIS Pack Vendor :STMicroelectronics X-CUBE-AZRTOS-H7 2.1.0
2023-04-28 17:59:27,736 [INFO] ThirdParty:1030 - CMSIS Pack Vendor :STMicroelectronics USB_HOST 2.0.0
2023-04-28 17:59:27,736 [INFO] ThirdParty:1030 - CMSIS Pack Vendor :STMicroelectronics X-CUBE-AZRTOS-F4 1.1.0
2023-04-28 17:59:27,736 [INFO] ThirdParty:1030 - CMSIS Pack Vendor :STMicroelectronics LIBJPEG 8.0.0
2023-04-28 17:59:27,736 [INFO] ThirdParty:1030 - CMSIS Pack Vendor :STMicroelectronics X-CUBE-SMBUS 2.1.0
2023-04-28 17:59:27,736 [INFO] ThirdParty:1030 - CMSIS Pack Vendor :STMicroelectronics USB_DEVICE 3.0.0
2023-04-28 17:59:27,736 [INFO] ThirdParty:1030 - CMSIS Pack Vendor :STMicroelectronics X-CUBE-AI 8.0.0
2023-04-28 17:59:27,736 [INFO] ThirdParty:1030 - CMSIS Pack Vendor :STMicroelectronics X-CUBE-FREERTOS 1.0.0
2023-04-28 17:59:27,736 [INFO] ThirdParty:1030 - CMSIS Pack Vendor :STMicroelectronics X-CUBE-FREERTOS 1.0.1
2023-04-28 17:59:27,736 [INFO] ThirdParty:1030 - CMSIS Pack Vendor :STMicroelectronics X-CUBE-TOUCHGFX 4.21.1
2023-04-28 17:59:27,736 [INFO] ThirdParty:1030 - CMSIS Pack Vendor :STMicroelectronics X-CUBE-TOUCHGFX 4.21.3
2023-04-28 17:59:27,736 [INFO] ThirdParty:1030 - CMSIS Pack Vendor :STMicroelectronics X-CUBE-BLEMGR 1.0.0
2023-04-28 17:59:27,736 [INFO] ThirdParty:1030 - CMSIS Pack Vendor :STMicroelectronics X-CUBE-MEMS1 9.2.0
2023-04-28 17:59:27,736 [INFO] ThirdParty:1030 - CMSIS Pack Vendor :STMicroelectronics X-CUBE-BLEMGR 1.2.0
2023-04-28 17:59:27,736 [INFO] ThirdParty:1030 - CMSIS Pack Vendor :STMicroelectronics X-CUBE-AZRTOS-F7 1.1.0
2023-04-28 17:59:27,736 [INFO] ThirdParty:1030 - CMSIS Pack Vendor :STMicroelectronics USB_DEVICE 2.0.0
2023-04-28 17:59:27,736 [INFO] ThirdParty:1030 - CMSIS Pack Vendor :STMicroelectronics X-CUBE-MEMS1 9.6.0
2023-04-28 17:59:27,736 [INFO] ThirdParty:1030 - CMSIS Pack Vendor :STMicroelectronics X-CUBE-AI 7.3.0
2023-04-28 17:59:27,736 [INFO] ThirdParty:1030 - CMSIS Pack Vendor :STMicroelectronics X-CUBE-AI 7.1.0
2023-04-28 17:59:27,736 [INFO] ThirdParty:1030 - CMSIS Pack Vendor :STMicroelectronics X-CUBE-TOUCHGFX 4.19.1
2023-04-28 17:59:27,736 [INFO] ThirdParty:1030 - CMSIS Pack Vendor :STMicroelectronics X-CUBE-BLE1 6.2.3
2023-04-28 17:59:27,736 [INFO] ThirdParty:1030 - CMSIS Pack Vendor :STMicroelectronics X-CUBE-ALGOBUILD 1.3.0
2023-04-28 17:59:27,736 [INFO] ThirdParty:1030 - CMSIS Pack Vendor :STMicroelectronics X-CUBE-BLE1 6.2.4
2023-04-28 17:59:27,736 [INFO] ThirdParty:1030 - CMSIS Pack Vendor :STMicroelectronics X-CUBE-AZRTOS-L5 1.1.0
2023-04-28 17:59:27,736 [INFO] ThirdParty:1030 - CMSIS Pack Vendor :STMicroelectronics FreeRTOS 0.0.1
2023-04-28 17:59:27,736 [INFO] ThirdParty:1030 - CMSIS Pack Vendor :STMicroelectronics X-CUBE-AZRTOS-G0 1.1.0
2023-04-28 17:59:27,736 [INFO] ThirdParty:1030 - CMSIS Pack Vendor :STMicroelectronics X-CUBE-BLEMGR 2.0.0
2023-04-28 17:59:27,736 [INFO] ThirdParty:1030 - CMSIS Pack Vendor :STMicroelectronics X-CUBE-SUBG2 5.0.0
2023-04-28 17:59:27,736 [INFO] ThirdParty:1030 - CMSIS Pack Vendor :STMicroelectronics X-CUBE-NFC4 3.0.0
2023-04-28 17:59:27,736 [INFO] ThirdParty:1030 - CMSIS Pack Vendor :SEGGER I-CUBE-embOS 1.2.0
2023-04-28 17:59:27,736 [INFO] ThirdParty:1030 - CMSIS Pack Vendor :STMicroelectronics STM32_WPAN 1.0.0
2023-04-28 17:59:27,736 [INFO] ThirdParty:1030 - CMSIS Pack Vendor :STMicroelectronics lwIP 2.0.3
2023-04-28 17:59:27,736 [INFO] ThirdParty:1030 - CMSIS Pack Vendor :STMicroelectronics X-CUBE-BLE1 6.2.2
2023-04-28 17:59:27,736 [INFO] ThirdParty:1030 - CMSIS Pack Vendor :STMicroelectronics X-CUBE-NFC4 2.0.5
2023-04-28 17:59:27,736 [INFO] ThirdParty:1030 - CMSIS Pack Vendor :STMicroelectronics X-CUBE-NFC4 2.0.4
2023-04-28 17:59:27,736 [INFO] ThirdParty:1030 - CMSIS Pack Vendor :STMicroelectronics X-CUBE-BLE2 3.2.2
2023-04-28 17:59:27,736 [INFO] ThirdParty:1030 - CMSIS Pack Vendor :STMicroelectronics USB_HOST 1.0.0
2023-04-28 17:59:27,736 [INFO] ThirdParty:1030 - CMSIS Pack Vendor :STMicroelectronics X-CUBE-NFC4 2.0.3
2023-04-28 17:59:27,736 [INFO] ThirdParty:1030 - CMSIS Pack Vendor :STMicroelectronics X-CUBE-DISPLAY 2.1.0
2023-04-28 17:59:27,736 [INFO] ThirdParty:1030 - CMSIS Pack Vendor :STMicroelectronics X-CUBE-AZRTOS-G4 2.0.0
2023-04-28 17:59:27,736 [INFO] ThirdParty:1030 - CMSIS Pack Vendor :STMicroelectronics PDM2PCM 3.1.0
2023-04-28 17:59:27,736 [INFO] ThirdParty:1030 - CMSIS Pack Vendor :STMicroelectronics X-CUBE-AZRTOS-H7 3.1.0
2023-04-28 17:59:27,736 [INFO] ThirdParty:1030 - CMSIS Pack Vendor :STMicroelectronics X-CUBE-TOF1 3.3.0
2023-04-28 17:59:27,736 [INFO] ThirdParty:1030 - CMSIS Pack Vendor :STMicroelectronics FP-ATR-ASTRA1 1.1.1
2023-04-28 17:59:27,736 [INFO] ThirdParty:1030 - CMSIS Pack Vendor :STMicroelectronics PDM2PCM 3.3.0
2023-04-28 17:59:27,736 [INFO] ThirdParty:1030 - CMSIS Pack Vendor :STMicroelectronics X-CUBE-TOF1 3.1.0
2023-04-28 17:59:27,736 [INFO] ThirdParty:1030 - CMSIS Pack Vendor :STMicroelectronics X-CUBE-SFXS2LP1 3.1.0
2023-04-28 17:59:27,736 [INFO] ThirdParty:1030 - CMSIS Pack Vendor :STMicroelectronics FP-ATR-ASTRA1 1.1.0
2023-04-28 17:59:27,736 [INFO] ThirdParty:1030 - CMSIS Pack Vendor :STMicroelectronics X-CUBE-DISPLAY 3.0.0
2023-04-28 17:59:27,736 [INFO] ThirdParty:1030 - CMSIS Pack Vendor :STMicroelectronics X-CUBE-AZRTOS-F4 1.0.0
2023-04-28 17:59:27,736 [INFO] ThirdParty:1030 - CMSIS Pack Vendor :STMicroelectronics X-CUBE-AZRTOS-H7 2.0.0
2023-04-28 17:59:27,736 [INFO] ThirdParty:1030 - CMSIS Pack Vendor :STMicroelectronics X-CUBE-AZRTOS-G4 1.0.0
2023-04-28 17:59:27,736 [INFO] ThirdParty:1030 - CMSIS Pack Vendor :STMicroelectronics FP-ATR-SIGFOX1 3.2.0
2023-04-28 17:59:27,736 [INFO] ThirdParty:1030 - CMSIS Pack Vendor :STMicroelectronics X-CUBE-AZRTOS-L4 1.0.0
2023-04-28 17:59:27,736 [INFO] ThirdParty:1030 - CMSIS Pack Vendor :STMicroelectronics HAL Drivers 0.0.0
2023-04-28 17:59:27,736 [INFO] ThirdParty:1030 - CMSIS Pack Vendor :STMicroelectronics MBEDTLS 2.16.2
2023-04-28 17:59:27,736 [INFO] ThirdParty:1030 - CMSIS Pack Vendor :emotas I-CUBE-CANOPEN 1.1.2
2023-04-28 17:59:27,736 [INFO] ThirdParty:1030 - CMSIS Pack Vendor :STMicroelectronics X-CUBE-TOUCHGFX 4.20.0
2023-04-28 17:59:27,736 [INFO] ThirdParty:1030 - CMSIS Pack Vendor :STMicroelectronics MBEDTLS 2.14.1
2023-04-28 17:59:27,736 [INFO] ThirdParty:1030 - CMSIS Pack Vendor :STMicroelectronics X-CUBE-NFC7 1.0.0
2023-04-28 17:59:27,736 [INFO] ThirdParty:1030 - CMSIS Pack Vendor :STMicroelectronics X-CUBE-AZRTOS-F7 1.0.0
2023-04-28 17:59:27,736 [INFO] ThirdParty:1030 - CMSIS Pack Vendor :STMicroelectronics X-CUBE-AZRTOS-WL 1.0.0
2023-04-28 17:59:27,736 [INFO] ThirdParty:1030 - CMSIS Pack Vendor :STMicroelectronics X-CUBE-SUBG2 4.2.0
2023-04-28 17:59:27,736 [INFO] ThirdParty:1030 - CMSIS Pack Vendor :STMicroelectronics X-CUBE-MEMS1 9.1.0
2023-04-28 17:59:27,736 [INFO] ThirdParty:1030 - CMSIS Pack Vendor :STMicroelectronics X-CUBE-MEMS1 9.3.0
2023-04-28 17:59:27,736 [INFO] ThirdParty:1030 - CMSIS Pack Vendor :STMicroelectronics X-CUBE-EEPRMA1 4.1.0
2023-04-28 17:59:27,736 [INFO] ThirdParty:1030 - CMSIS Pack Vendor :portGmbH I-Cube-SoM-uGOAL 1.1.0
2023-04-28 17:59:27,736 [INFO] ThirdParty:1030 - CMSIS Pack Vendor :STMicroelectronics X-CUBE-ALS 1.0.1
2023-04-28 17:59:27,736 [INFO] ThirdParty:1030 - CMSIS Pack Vendor :STMicroelectronics X-CUBE-AI 7.2.0
2023-04-28 17:59:27,746 [INFO] ThirdParty:1030 - CMSIS Pack Vendor :STMicroelectronics X-CUBE-MEMS1 9.5.0
2023-04-28 17:59:27,746 [INFO] ThirdParty:1030 - CMSIS Pack Vendor :STMicroelectronics ThreadX 1.0.0
2023-04-28 17:59:27,746 [INFO] ThirdParty:1030 - CMSIS Pack Vendor :STMicroelectronics X-CUBE-AZRTOS-WB 1.1.0
2023-04-28 17:59:27,746 [INFO] ThirdParty:1030 - CMSIS Pack Vendor :SEGGER I-CUBE-embOS 1.3.1
2023-04-28 17:59:27,746 [INFO] ThirdParty:1030 - CMSIS Pack Vendor :STMicroelectronics X-CUBE-AZRTOS-L5 1.0.0
2023-04-28 17:59:27,746 [INFO] ThirdParty:1030 - CMSIS Pack Vendor :STMicroelectronics USB_DEVICE 1.0.0
2023-04-28 17:59:27,746 [INFO] ThirdParty:1030 - CMSIS Pack Vendor :STMicroelectronics X-CUBE-AZRTOS-G0 1.0.0
2023-04-28 17:59:27,746 [INFO] ThirdParty:1030 - CMSIS Pack Vendor :STMicroelectronics X-CUBE-EEPRMA1 3.1.1
2023-04-28 17:59:27,746 [INFO] ThirdParty:1030 - CMSIS Pack Vendor :STMicroelectronics X-CUBE-GNSS1 5.2.0
2023-04-28 17:59:27,746 [INFO] ThirdParty:1030 - CMSIS Pack Vendor :STMicroelectronics ThreadX 0.0.2
2023-04-28 17:59:27,746 [INFO] ThirdParty:1030 - CMSIS Pack Vendor :WES I-CUBE-Cesium 1.3.0
2023-04-28 17:59:27,746 [INFO] ThirdParty:1030 - CMSIS Pack Vendor :STMicroelectronics FP-ATR-ASTRA1 2.0.0
2023-04-28 17:59:27,746 [INFO] ThirdParty:1030 - CMSIS Pack Vendor :STMicroelectronics lwIP 2.1.2
2023-04-28 17:59:27,746 [INFO] ThirdParty:1030 - CMSIS Pack Vendor :STMicroelectronics X-CUBE-SFXS2LP1 4.0.0
2023-04-28 17:59:27,746 [INFO] ThirdParty:1030 - CMSIS Pack Vendor :STMicroelectronics X-CUBE-BLE2 3.3.0
2023-04-28 17:59:27,746 [INFO] ThirdParty:1030 - CMSIS Pack Vendor :STMicroelectronics X-CUBE-DISPLAY 2.0.1
2023-04-28 17:59:27,746 [INFO] ThirdParty:1030 - CMSIS Pack Vendor :STMicroelectronics X-CUBE-DISPLAY 2.2.0
2023-04-28 17:59:27,746 [INFO] ThirdParty:1030 - CMSIS Pack Vendor :STMicroelectronics X-CUBE-TOF1 3.2.0
2023-04-28 17:59:27,746 [INFO] ThirdParty:1030 - CMSIS Pack Vendor :STMicroelectronics PDM2PCM 3.2.0
2023-04-28 17:59:27,746 [INFO] ThirdParty:1030 - CMSIS Pack Vendor :STMicroelectronics X-CUBE-TOUCHGFX 4.18.1
2023-04-28 17:59:27,746 [INFO] ThirdParty:1030 - CMSIS Pack Vendor :STMicroelectronics X-CUBE-AZRTOS-H7 3.0.0
2023-04-28 17:59:27,746 [INFO] ThirdParty:1030 - CMSIS Pack Vendor :STMicroelectronics X-CUBE-TOF1 3.0.0
2023-04-28 17:59:27,746 [INFO] ThirdParty:841 - exiting critical section [change project]
2023-04-28 17:59:28,046 [INFO] PinOutPanel:1499 - setPackage(No Configuration,No Configuration)
2023-04-28 17:59:28,046 [INFO] PinOutPanel:1499 - setPackage(STM32F103C8Tx,LQFP48)
2023-04-28 17:59:28,666 [INFO] UtilMem:75 - Before build in PCC Used Memory: 857375896 Bytes (918552576)
2023-04-28 17:59:29,536 [INFO] UtilMem:75 - After build in PCC Used Memory: 864827872 Bytes (918552576)
2023-04-28 17:59:29,556 [INFO] IPUIPlugin:80 - create IPUIPlugin
2023-04-28 17:59:29,556 [INFO] IPUIPlugin:80 - create IPUIPlugin
2023-04-28 17:59:29,556 [INFO] IPUIPlugin:80 - create IPUIPlugin
2023-04-28 17:59:29,556 [INFO] IPUIPlugin:80 - create IPUIPlugin
2023-04-28 17:59:29,556 [INFO] IPUIPlugin:80 - create IPUIPlugin
2023-04-28 17:59:29,556 [INFO] IPUIPlugin:80 - create IPUIPlugin
2023-04-28 17:59:29,556 [INFO] IPUIPlugin:80 - create IPUIPlugin
2023-04-28 17:59:29,556 [INFO] IPUIPlugin:80 - create IPUIPlugin
2023-04-28 17:59:29,556 [INFO] IPUIPlugin:80 - create IPUIPlugin
2023-04-28 17:59:29,556 [INFO] IPUIPlugin:80 - create IPUIPlugin
2023-04-28 17:59:29,556 [INFO] IPUIPlugin:80 - create IPUIPlugin
2023-04-28 17:59:29,556 [INFO] IPUIPlugin:80 - create IPUIPlugin
2023-04-28 17:59:29,556 [INFO] IPUIPlugin:80 - create IPUIPlugin
2023-04-28 17:59:29,556 [INFO] IPUIPlugin:80 - create IPUIPlugin
2023-04-28 17:59:29,556 [INFO] IPUIPlugin:80 - create IPUIPlugin
2023-04-28 17:59:29,556 [INFO] IPUIPlugin:80 - create IPUIPlugin
2023-04-28 17:59:29,556 [INFO] IPUIPlugin:80 - create IPUIPlugin
2023-04-28 17:59:29,556 [INFO] IPUIPlugin:80 - create IPUIPlugin
2023-04-28 17:59:29,556 [INFO] IPUIPlugin:80 - create IPUIPlugin
2023-04-28 17:59:29,556 [INFO] IPUIPlugin:80 - create IPUIPlugin
2023-04-28 17:59:29,556 [INFO] IPUIPlugin:80 - create IPUIPlugin
2023-04-28 17:59:29,556 [INFO] IPUIPlugin:80 - create IPUIPlugin
2023-04-28 17:59:29,566 [INFO] IPUIPlugin:80 - create IPUIPlugin
2023-04-28 17:59:29,566 [INFO] IPUIPlugin:80 - create IPUIPlugin
2023-04-28 17:59:29,566 [INFO] IPUIPlugin:80 - create IPUIPlugin
2023-04-28 17:59:29,566 [INFO] IPUIPlugin:80 - create IPUIPlugin
2023-04-28 17:59:29,566 [INFO] IPUIPlugin:80 - create IPUIPlugin
2023-04-28 17:59:29,846 [INFO] CADModel:165 - CPN selected for project levelSTM32F103C8T6
2023-04-28 17:59:29,846 [INFO] CADModel:114 - Register for checkConnection events
2023-04-28 17:59:29,906 [INFO] OpenFileManager:328 - Restore cursor
2023-04-28 17:59:58,580 [INFO] MainUpdater:2854 - connection check result : 10
2023-04-28 17:59:58,590 [INFO] MainUpdater:2854 - connection check result : 10
2023-04-28 17:59:58,751 [INFO] MicroXplorer:468 - Change Database Path : 
2023-04-28 17:59:58,751 [INFO] MicroXplorer:498 - Change Database Version : DB.6.0.80
2023-04-28 17:59:58,770 [WARN] ThirdParty:871 - waiting for thirdparty lock release [close project]
2023-04-28 17:59:58,770 [INFO] ThirdParty:873 - entering critical section [close project]
2023-04-28 17:59:58,770 [INFO] ThirdParty:883 - exiting critical section [close project]
2023-04-28 17:59:58,770 [INFO] PinOutPanel:1499 - setPackage(No Configuration,No Configuration)
2023-04-28 17:59:58,770 [INFO] UtilMem:75 - Begin LoadConfig() Used Memory: 903189840 Bytes (919601152)
2023-04-28 17:59:58,770 [INFO] MicroXplorer:468 - Change Database Path : 
2023-04-28 17:59:58,770 [INFO] MicroXplorer:498 - Change Database Version : DB.6.0.80
2023-04-28 17:59:58,770 [INFO] OpenFileManager:308 - Change cursor
2023-04-28 17:59:58,810 [INFO] Mcu:1937 - Initializing MCU STM32F103C(4-6)Tx STM32F103C6Tx STM32F103C6T6A
2023-04-28 17:59:59,140 [INFO] Context:659 - Trying to add GPIOservice into a context  which must be forbidden
2023-04-28 17:59:59,340 [INFO] RtosManager:555 - Registered RTOS mode: class=CMSIS, group=RTOS, mode=CMSIS_V1, owner=FREERTOS
2023-04-28 17:59:59,340 [INFO] RtosManager:555 - Registered RTOS mode: class=CMSIS, group=RTOS2, mode=CMSIS_V2, owner=FREERTOS
2023-04-28 17:59:59,340 [INFO] RtosManager:555 - Registered RTOS mode: class=RTOS, group=Core, mode=CMSIS_V1, owner=FREERTOS
2023-04-28 17:59:59,340 [INFO] RtosManager:555 - Registered RTOS mode: class=RTOS, group=Core, mode=CMSIS_V2, owner=FREERTOS
2023-04-28 17:59:59,340 [WARN] ModelIntegratedComponent:184 - Missing modes for component STMicroelectronics:FreeRTOS:0.0.1:STMicroelectronics:RTOS:FreeRTOS:Core:::10.2.0:
2023-04-28 17:59:59,350 [WARN] ModelIntegratedComponent:63 - No mode defined for component null
2023-04-28 17:59:59,350 [WARN] ModelIntegratedComponent:63 - No mode defined for component null
2023-04-28 17:59:59,350 [WARN] ModelIntegratedComponent:63 - No mode defined for component null
2023-04-28 17:59:59,350 [WARN] ModelIntegratedComponent:63 - No mode defined for component null
2023-04-28 17:59:59,350 [WARN] ModelIntegratedComponent:63 - No mode defined for component null
2023-04-28 17:59:59,350 [WARN] ModelIntegratedComponent:63 - No mode defined for component null
2023-04-28 17:59:59,350 [WARN] ModelIntegratedComponent:63 - No mode defined for component null
2023-04-28 17:59:59,350 [WARN] ModelIntegratedComponent:63 - No mode defined for component null
2023-04-28 17:59:59,350 [WARN] ModelIntegratedComponent:63 - No mode defined for component null
2023-04-28 17:59:59,350 [WARN] ModelIntegratedComponent:63 - No mode defined for component null
2023-04-28 17:59:59,350 [WARN] ModelIntegratedComponent:63 - No mode defined for component null
2023-04-28 17:59:59,350 [WARN] ModelIntegratedComponent:63 - No mode defined for component null
2023-04-28 17:59:59,350 [WARN] ModelIntegratedComponent:63 - No mode defined for component null
2023-04-28 17:59:59,350 [WARN] ModelIntegratedComponent:63 - No mode defined for component null
2023-04-28 17:59:59,350 [WARN] ModelIntegratedComponent:63 - No mode defined for component null
2023-04-28 17:59:59,350 [WARN] ModelIntegratedComponent:63 - No mode defined for component null
2023-04-28 17:59:59,350 [WARN] ModelIntegratedComponent:63 - No mode defined for component null
2023-04-28 17:59:59,350 [WARN] ModelIntegratedComponent:63 - No mode defined for component null
2023-04-28 17:59:59,350 [WARN] ModelIntegratedComponent:63 - No mode defined for component null
2023-04-28 17:59:59,350 [WARN] ModelIntegratedComponent:63 - No mode defined for component null
2023-04-28 17:59:59,350 [WARN] ModelIntegratedComponent:63 - No mode defined for component null
2023-04-28 17:59:59,350 [WARN] ModelIntegratedComponent:63 - No mode defined for component null
2023-04-28 17:59:59,350 [WARN] ModelIntegratedComponent:63 - No mode defined for component null
2023-04-28 17:59:59,350 [WARN] ModelIntegratedComponent:63 - No mode defined for component null
2023-04-28 17:59:59,350 [WARN] ModelIntegratedComponent:63 - No mode defined for component null
2023-04-28 17:59:59,350 [WARN] ModelIntegratedComponent:63 - No mode defined for component null
2023-04-28 17:59:59,350 [WARN] ModelIntegratedComponent:63 - No mode defined for component null
2023-04-28 17:59:59,350 [WARN] ModelIntegratedComponent:63 - No mode defined for component null
2023-04-28 17:59:59,350 [WARN] ModelIntegratedComponent:63 - No mode defined for component null
2023-04-28 17:59:59,350 [WARN] ModelIntegratedComponent:63 - No mode defined for component null
2023-04-28 17:59:59,350 [WARN] ModelIntegratedComponent:63 - No mode defined for component null
2023-04-28 17:59:59,350 [WARN] ModelIntegratedComponent:63 - No mode defined for component null
2023-04-28 17:59:59,350 [WARN] ModelIntegratedComponent:63 - No mode defined for component null
2023-04-28 17:59:59,480 [INFO] ThirdPartyModel:298 - Start build external matchings
2023-04-28 18:00:00,722 [INFO] ThirdPartyModel:316 - End build external matchings
2023-04-28 18:00:00,752 [INFO] ImportTextPane:194 - (OptionalMessage_ERROR) IP (DMA) : Parameter (Instance) has Id (USART2_TX) currently not set
2023-04-28 18:00:00,752 [INFO] ImportTextPane:194 - (OptionalMessage_ERROR) IP (DMA) : Parameter (Direction) has Id (USART2_TX) currently not set
2023-04-28 18:00:00,752 [INFO] ImportTextPane:194 - (OptionalMessage_ERROR) IP (DMA) : Parameter (PeriphInc) has Id (USART2_TX) currently not set
2023-04-28 18:00:00,752 [INFO] ImportTextPane:194 - (OptionalMessage_ERROR) IP (DMA) : Parameter (MemInc) has Id (USART2_TX) currently not set
2023-04-28 18:00:00,752 [INFO] ImportTextPane:194 - (OptionalMessage_ERROR) IP (DMA) : Parameter (PeriphDataAlignment) has Id (USART2_TX) currently not set
2023-04-28 18:00:00,752 [INFO] ImportTextPane:194 - (OptionalMessage_ERROR) IP (DMA) : Parameter (MemDataAlignment) has Id (USART2_TX) currently not set
2023-04-28 18:00:00,752 [INFO] ImportTextPane:194 - (OptionalMessage_ERROR) IP (DMA) : Parameter (Mode) has Id (USART2_TX) currently not set
2023-04-28 18:00:00,752 [INFO] ImportTextPane:194 - (OptionalMessage_ERROR) IP (DMA) : Parameter (Priority) has Id (USART2_TX) currently not set
2023-04-28 18:00:00,752 [INFO] ImportTextPane:194 - (OptionalMessage_ERROR) IP (DMA) : Parameter (Instance) has Id (ADC1) currently not set
2023-04-28 18:00:00,752 [INFO] ImportTextPane:194 - (OptionalMessage_ERROR) IP (DMA) : Parameter (Direction) has Id (ADC1) currently not set
2023-04-28 18:00:00,752 [INFO] ImportTextPane:194 - (OptionalMessage_ERROR) IP (DMA) : Parameter (PeriphInc) has Id (ADC1) currently not set
2023-04-28 18:00:00,752 [INFO] ImportTextPane:194 - (OptionalMessage_ERROR) IP (DMA) : Parameter (MemInc) has Id (ADC1) currently not set
2023-04-28 18:00:00,752 [INFO] ImportTextPane:194 - (OptionalMessage_ERROR) IP (DMA) : Parameter (PeriphDataAlignment) has Id (ADC1) currently not set
2023-04-28 18:00:00,752 [INFO] ImportTextPane:194 - (OptionalMessage_ERROR) IP (DMA) : Parameter (MemDataAlignment) has Id (ADC1) currently not set
2023-04-28 18:00:00,752 [INFO] ImportTextPane:194 - (OptionalMessage_ERROR) IP (DMA) : Parameter (Mode) has Id (ADC1) currently not set
2023-04-28 18:00:00,752 [INFO] ImportTextPane:194 - (OptionalMessage_ERROR) IP (DMA) : Parameter (Priority) has Id (ADC1) currently not set
2023-04-28 18:00:00,752 [INFO] ImportTextPane:194 - (OptionalMessage_ERROR) IP (RCC) : Invalid parameter (FamilyName)
2023-04-28 18:00:00,752 [INFO] ImportTextPane:194 - (OptionalMessage_ERROR) IP (RCC) : Parameter (MCOFreq_Value) has invalid value (72000000)
2023-04-28 18:00:00,752 [INFO] ImportTextPane:194 - (OptionalMessage_ERROR) IP (RCC) : Parameter (USBFreq_Value) has invalid value (72000000)
2023-04-28 18:00:00,882 [INFO] UtilMem:75 - End LoadConfig() Used Memory: 922476032 Bytes (940572672)
2023-04-28 18:00:00,962 [WARN] ThirdParty:833 - waiting for thirdparty lock release [change project]
2023-04-28 18:00:00,962 [INFO] ThirdParty:835 - entering critical section [change project]
2023-04-28 18:00:00,962 [INFO] ThirdParty:1030 - CMSIS Pack Vendor :STMicroelectronics X-CUBE-ISPU 1.1.0
2023-04-28 18:00:00,962 [INFO] ThirdParty:1030 - CMSIS Pack Vendor :wolfSSL I-CUBE-wolfSSL 5.2.0
2023-04-28 18:00:00,962 [INFO] ThirdParty:1030 - CMSIS Pack Vendor :RoweBots I-CUBE-UNISONRTOS 5.5.0-4
2023-04-28 18:00:00,962 [INFO] ThirdParty:1030 - CMSIS Pack Vendor :STMicroelectronics X-CUBE-GNSS1 6.0.0
2023-04-28 18:00:00,962 [INFO] ThirdParty:1030 - CMSIS Pack Vendor :STMicroelectronics X-CUBE-AZRTOS-H7 2.1.0
2023-04-28 18:00:00,962 [INFO] ThirdParty:1030 - CMSIS Pack Vendor :STMicroelectronics USB_HOST 2.0.0
2023-04-28 18:00:00,962 [INFO] ThirdParty:1030 - CMSIS Pack Vendor :STMicroelectronics X-CUBE-AZRTOS-F4 1.1.0
2023-04-28 18:00:00,962 [INFO] ThirdParty:1030 - CMSIS Pack Vendor :STMicroelectronics LIBJPEG 8.0.0
2023-04-28 18:00:00,962 [INFO] ThirdParty:1030 - CMSIS Pack Vendor :STMicroelectronics X-CUBE-SMBUS 2.1.0
2023-04-28 18:00:00,962 [INFO] ThirdParty:1030 - CMSIS Pack Vendor :STMicroelectronics USB_DEVICE 3.0.0
2023-04-28 18:00:00,962 [INFO] ThirdParty:1030 - CMSIS Pack Vendor :STMicroelectronics X-CUBE-AI 8.0.0
2023-04-28 18:00:00,962 [INFO] ThirdParty:1030 - CMSIS Pack Vendor :STMicroelectronics X-CUBE-FREERTOS 1.0.0
2023-04-28 18:00:00,962 [INFO] ThirdParty:1030 - CMSIS Pack Vendor :STMicroelectronics X-CUBE-FREERTOS 1.0.1
2023-04-28 18:00:00,962 [INFO] ThirdParty:1030 - CMSIS Pack Vendor :STMicroelectronics X-CUBE-TOUCHGFX 4.21.1
2023-04-28 18:00:00,962 [INFO] ThirdParty:1030 - CMSIS Pack Vendor :STMicroelectronics X-CUBE-TOUCHGFX 4.21.3
2023-04-28 18:00:00,962 [INFO] ThirdParty:1030 - CMSIS Pack Vendor :STMicroelectronics X-CUBE-BLEMGR 1.0.0
2023-04-28 18:00:00,962 [INFO] ThirdParty:1030 - CMSIS Pack Vendor :STMicroelectronics X-CUBE-MEMS1 9.2.0
2023-04-28 18:00:00,962 [INFO] ThirdParty:1030 - CMSIS Pack Vendor :STMicroelectronics X-CUBE-BLEMGR 1.2.0
2023-04-28 18:00:00,962 [INFO] ThirdParty:1030 - CMSIS Pack Vendor :STMicroelectronics X-CUBE-AZRTOS-F7 1.1.0
2023-04-28 18:00:00,962 [INFO] ThirdParty:1030 - CMSIS Pack Vendor :STMicroelectronics USB_DEVICE 2.0.0
2023-04-28 18:00:00,962 [INFO] ThirdParty:1030 - CMSIS Pack Vendor :STMicroelectronics X-CUBE-MEMS1 9.6.0
2023-04-28 18:00:00,962 [INFO] ThirdParty:1030 - CMSIS Pack Vendor :STMicroelectronics X-CUBE-AI 7.3.0
2023-04-28 18:00:00,962 [INFO] ThirdParty:1030 - CMSIS Pack Vendor :STMicroelectronics X-CUBE-AI 7.1.0
2023-04-28 18:00:00,962 [INFO] ThirdParty:1030 - CMSIS Pack Vendor :STMicroelectronics X-CUBE-TOUCHGFX 4.19.1
2023-04-28 18:00:00,962 [INFO] ThirdParty:1030 - CMSIS Pack Vendor :STMicroelectronics X-CUBE-BLE1 6.2.3
2023-04-28 18:00:00,962 [INFO] ThirdParty:1030 - CMSIS Pack Vendor :STMicroelectronics X-CUBE-ALGOBUILD 1.3.0
2023-04-28 18:00:00,962 [INFO] ThirdParty:1030 - CMSIS Pack Vendor :STMicroelectronics X-CUBE-BLE1 6.2.4
2023-04-28 18:00:00,962 [INFO] ThirdParty:1030 - CMSIS Pack Vendor :STMicroelectronics X-CUBE-AZRTOS-L5 1.1.0
2023-04-28 18:00:00,962 [INFO] ThirdParty:1030 - CMSIS Pack Vendor :STMicroelectronics FreeRTOS 0.0.1
2023-04-28 18:00:00,962 [INFO] ThirdParty:1030 - CMSIS Pack Vendor :STMicroelectronics X-CUBE-AZRTOS-G0 1.1.0
2023-04-28 18:00:00,962 [INFO] ThirdParty:1030 - CMSIS Pack Vendor :STMicroelectronics X-CUBE-BLEMGR 2.0.0
2023-04-28 18:00:00,962 [INFO] ThirdParty:1030 - CMSIS Pack Vendor :STMicroelectronics X-CUBE-SUBG2 5.0.0
2023-04-28 18:00:00,962 [INFO] ThirdParty:1030 - CMSIS Pack Vendor :STMicroelectronics X-CUBE-NFC4 3.0.0
2023-04-28 18:00:00,962 [INFO] ThirdParty:1030 - CMSIS Pack Vendor :SEGGER I-CUBE-embOS 1.2.0
2023-04-28 18:00:00,962 [INFO] ThirdParty:1030 - CMSIS Pack Vendor :STMicroelectronics STM32_WPAN 1.0.0
2023-04-28 18:00:00,962 [INFO] ThirdParty:1030 - CMSIS Pack Vendor :STMicroelectronics lwIP 2.0.3
2023-04-28 18:00:00,962 [INFO] ThirdParty:1030 - CMSIS Pack Vendor :STMicroelectronics X-CUBE-BLE1 6.2.2
2023-04-28 18:00:00,962 [INFO] ThirdParty:1030 - CMSIS Pack Vendor :STMicroelectronics X-CUBE-NFC4 2.0.5
2023-04-28 18:00:00,962 [INFO] ThirdParty:1030 - CMSIS Pack Vendor :STMicroelectronics X-CUBE-NFC4 2.0.4
2023-04-28 18:00:00,962 [INFO] ThirdParty:1030 - CMSIS Pack Vendor :STMicroelectronics X-CUBE-BLE2 3.2.2
2023-04-28 18:00:00,962 [INFO] ThirdParty:1030 - CMSIS Pack Vendor :STMicroelectronics USB_HOST 1.0.0
2023-04-28 18:00:00,962 [INFO] ThirdParty:1030 - CMSIS Pack Vendor :STMicroelectronics X-CUBE-NFC4 2.0.3
2023-04-28 18:00:00,962 [INFO] ThirdParty:1030 - CMSIS Pack Vendor :STMicroelectronics X-CUBE-DISPLAY 2.1.0
2023-04-28 18:00:00,962 [INFO] ThirdParty:1030 - CMSIS Pack Vendor :STMicroelectronics X-CUBE-AZRTOS-G4 2.0.0
2023-04-28 18:00:00,962 [INFO] ThirdParty:1030 - CMSIS Pack Vendor :STMicroelectronics PDM2PCM 3.1.0
2023-04-28 18:00:00,962 [INFO] ThirdParty:1030 - CMSIS Pack Vendor :STMicroelectronics X-CUBE-AZRTOS-H7 3.1.0
2023-04-28 18:00:00,962 [INFO] ThirdParty:1030 - CMSIS Pack Vendor :STMicroelectronics X-CUBE-TOF1 3.3.0
2023-04-28 18:00:00,962 [INFO] ThirdParty:1030 - CMSIS Pack Vendor :STMicroelectronics FP-ATR-ASTRA1 1.1.1
2023-04-28 18:00:00,962 [INFO] ThirdParty:1030 - CMSIS Pack Vendor :STMicroelectronics PDM2PCM 3.3.0
2023-04-28 18:00:00,962 [INFO] ThirdParty:1030 - CMSIS Pack Vendor :STMicroelectronics X-CUBE-TOF1 3.1.0
2023-04-28 18:00:00,962 [INFO] ThirdParty:1030 - CMSIS Pack Vendor :STMicroelectronics X-CUBE-SFXS2LP1 3.1.0
2023-04-28 18:00:00,962 [INFO] ThirdParty:1030 - CMSIS Pack Vendor :STMicroelectronics FP-ATR-ASTRA1 1.1.0
2023-04-28 18:00:00,962 [INFO] ThirdParty:1030 - CMSIS Pack Vendor :STMicroelectronics X-CUBE-DISPLAY 3.0.0
2023-04-28 18:00:00,962 [INFO] ThirdParty:1030 - CMSIS Pack Vendor :STMicroelectronics X-CUBE-AZRTOS-F4 1.0.0
2023-04-28 18:00:00,962 [INFO] ThirdParty:1030 - CMSIS Pack Vendor :STMicroelectronics X-CUBE-AZRTOS-H7 2.0.0
2023-04-28 18:00:00,962 [INFO] ThirdParty:1030 - CMSIS Pack Vendor :STMicroelectronics X-CUBE-AZRTOS-G4 1.0.0
2023-04-28 18:00:00,962 [INFO] ThirdParty:1030 - CMSIS Pack Vendor :STMicroelectronics FP-ATR-SIGFOX1 3.2.0
2023-04-28 18:00:00,962 [INFO] ThirdParty:1030 - CMSIS Pack Vendor :STMicroelectronics X-CUBE-AZRTOS-L4 1.0.0
2023-04-28 18:00:00,962 [INFO] ThirdParty:1030 - CMSIS Pack Vendor :STMicroelectronics HAL Drivers 0.0.0
2023-04-28 18:00:00,962 [INFO] ThirdParty:1030 - CMSIS Pack Vendor :STMicroelectronics MBEDTLS 2.16.2
2023-04-28 18:00:00,962 [INFO] ThirdParty:1030 - CMSIS Pack Vendor :emotas I-CUBE-CANOPEN 1.1.2
2023-04-28 18:00:00,962 [INFO] ThirdParty:1030 - CMSIS Pack Vendor :STMicroelectronics X-CUBE-TOUCHGFX 4.20.0
2023-04-28 18:00:00,962 [INFO] ThirdParty:1030 - CMSIS Pack Vendor :STMicroelectronics MBEDTLS 2.14.1
2023-04-28 18:00:00,962 [INFO] ThirdParty:1030 - CMSIS Pack Vendor :STMicroelectronics X-CUBE-NFC7 1.0.0
2023-04-28 18:00:00,962 [INFO] ThirdParty:1030 - CMSIS Pack Vendor :STMicroelectronics X-CUBE-AZRTOS-F7 1.0.0
2023-04-28 18:00:00,962 [INFO] ThirdParty:1030 - CMSIS Pack Vendor :STMicroelectronics X-CUBE-AZRTOS-WL 1.0.0
2023-04-28 18:00:00,962 [INFO] ThirdParty:1030 - CMSIS Pack Vendor :STMicroelectronics X-CUBE-SUBG2 4.2.0
2023-04-28 18:00:00,962 [INFO] ThirdParty:1030 - CMSIS Pack Vendor :STMicroelectronics X-CUBE-MEMS1 9.1.0
2023-04-28 18:00:00,962 [INFO] ThirdParty:1030 - CMSIS Pack Vendor :STMicroelectronics X-CUBE-MEMS1 9.3.0
2023-04-28 18:00:00,962 [INFO] ThirdParty:1030 - CMSIS Pack Vendor :STMicroelectronics X-CUBE-EEPRMA1 4.1.0
2023-04-28 18:00:00,962 [INFO] ThirdParty:1030 - CMSIS Pack Vendor :portGmbH I-Cube-SoM-uGOAL 1.1.0
2023-04-28 18:00:00,962 [INFO] ThirdParty:1030 - CMSIS Pack Vendor :STMicroelectronics X-CUBE-ALS 1.0.1
2023-04-28 18:00:00,962 [INFO] ThirdParty:1030 - CMSIS Pack Vendor :STMicroelectronics X-CUBE-AI 7.2.0
2023-04-28 18:00:00,962 [INFO] ThirdParty:1030 - CMSIS Pack Vendor :STMicroelectronics X-CUBE-MEMS1 9.5.0
2023-04-28 18:00:00,962 [INFO] ThirdParty:1030 - CMSIS Pack Vendor :STMicroelectronics ThreadX 1.0.0
2023-04-28 18:00:00,962 [INFO] ThirdParty:1030 - CMSIS Pack Vendor :STMicroelectronics X-CUBE-AZRTOS-WB 1.1.0
2023-04-28 18:00:00,962 [INFO] ThirdParty:1030 - CMSIS Pack Vendor :SEGGER I-CUBE-embOS 1.3.1
2023-04-28 18:00:00,962 [INFO] ThirdParty:1030 - CMSIS Pack Vendor :STMicroelectronics X-CUBE-AZRTOS-L5 1.0.0
2023-04-28 18:00:00,962 [INFO] ThirdParty:1030 - CMSIS Pack Vendor :STMicroelectronics USB_DEVICE 1.0.0
2023-04-28 18:00:00,962 [INFO] ThirdParty:1030 - CMSIS Pack Vendor :STMicroelectronics X-CUBE-AZRTOS-G0 1.0.0
2023-04-28 18:00:00,962 [INFO] ThirdParty:1030 - CMSIS Pack Vendor :STMicroelectronics X-CUBE-EEPRMA1 3.1.1
2023-04-28 18:00:00,962 [INFO] ThirdParty:1030 - CMSIS Pack Vendor :STMicroelectronics X-CUBE-GNSS1 5.2.0
2023-04-28 18:00:00,962 [INFO] ThirdParty:1030 - CMSIS Pack Vendor :STMicroelectronics ThreadX 0.0.2
2023-04-28 18:00:00,962 [INFO] ThirdParty:1030 - CMSIS Pack Vendor :WES I-CUBE-Cesium 1.3.0
2023-04-28 18:00:00,962 [INFO] ThirdParty:1030 - CMSIS Pack Vendor :STMicroelectronics FP-ATR-ASTRA1 2.0.0
2023-04-28 18:00:00,962 [INFO] ThirdParty:1030 - CMSIS Pack Vendor :STMicroelectronics lwIP 2.1.2
2023-04-28 18:00:00,972 [INFO] ThirdParty:1030 - CMSIS Pack Vendor :STMicroelectronics X-CUBE-SFXS2LP1 4.0.0
2023-04-28 18:00:00,972 [INFO] ThirdParty:1030 - CMSIS Pack Vendor :STMicroelectronics X-CUBE-BLE2 3.3.0
2023-04-28 18:00:00,972 [INFO] ThirdParty:1030 - CMSIS Pack Vendor :STMicroelectronics X-CUBE-DISPLAY 2.0.1
2023-04-28 18:00:00,972 [INFO] ThirdParty:1030 - CMSIS Pack Vendor :STMicroelectronics X-CUBE-DISPLAY 2.2.0
2023-04-28 18:00:00,972 [INFO] ThirdParty:1030 - CMSIS Pack Vendor :STMicroelectronics X-CUBE-TOF1 3.2.0
2023-04-28 18:00:00,972 [INFO] ThirdParty:1030 - CMSIS Pack Vendor :STMicroelectronics PDM2PCM 3.2.0
2023-04-28 18:00:00,972 [INFO] ThirdParty:1030 - CMSIS Pack Vendor :STMicroelectronics X-CUBE-TOUCHGFX 4.18.1
2023-04-28 18:00:00,972 [INFO] ThirdParty:1030 - CMSIS Pack Vendor :STMicroelectronics X-CUBE-AZRTOS-H7 3.0.0
2023-04-28 18:00:00,972 [INFO] ThirdParty:1030 - CMSIS Pack Vendor :STMicroelectronics X-CUBE-TOF1 3.0.0
2023-04-28 18:00:00,972 [INFO] ThirdParty:841 - exiting critical section [change project]
2023-04-28 18:00:01,042 [INFO] PinOutPanel:1499 - setPackage(No Configuration,No Configuration)
2023-04-28 18:00:01,042 [INFO] PinOutPanel:1499 - setPackage(STM32F103C6Tx,LQFP48)
2023-04-28 18:00:01,231 [INFO] UtilMem:75 - Before build in PCC Used Memory: 933308360 Bytes (952107008)
2023-04-28 18:00:01,471 [INFO] UtilMem:75 - After build in PCC Used Memory: 933451896 Bytes (952107008)
2023-04-28 18:00:01,491 [INFO] IPUIPlugin:80 - create IPUIPlugin
2023-04-28 18:00:01,491 [INFO] IPUIPlugin:80 - create IPUIPlugin
2023-04-28 18:00:01,491 [INFO] IPUIPlugin:80 - create IPUIPlugin
2023-04-28 18:00:01,491 [INFO] IPUIPlugin:80 - create IPUIPlugin
2023-04-28 18:00:01,491 [INFO] IPUIPlugin:80 - create IPUIPlugin
2023-04-28 18:00:01,491 [INFO] IPUIPlugin:80 - create IPUIPlugin
2023-04-28 18:00:01,491 [INFO] IPUIPlugin:80 - create IPUIPlugin
2023-04-28 18:00:01,491 [INFO] IPUIPlugin:80 - create IPUIPlugin
2023-04-28 18:00:01,491 [INFO] IPUIPlugin:80 - create IPUIPlugin
2023-04-28 18:00:01,491 [INFO] IPUIPlugin:80 - create IPUIPlugin
2023-04-28 18:00:01,491 [INFO] IPUIPlugin:80 - create IPUIPlugin
2023-04-28 18:00:01,491 [INFO] IPUIPlugin:80 - create IPUIPlugin
2023-04-28 18:00:01,491 [INFO] IPUIPlugin:80 - create IPUIPlugin
2023-04-28 18:00:01,491 [INFO] IPUIPlugin:80 - create IPUIPlugin
2023-04-28 18:00:01,491 [INFO] IPUIPlugin:80 - create IPUIPlugin
2023-04-28 18:00:01,491 [INFO] IPUIPlugin:80 - create IPUIPlugin
2023-04-28 18:00:01,491 [INFO] IPUIPlugin:80 - create IPUIPlugin
2023-04-28 18:00:01,491 [INFO] IPUIPlugin:80 - create IPUIPlugin
2023-04-28 18:00:01,491 [INFO] IPUIPlugin:80 - create IPUIPlugin
2023-04-28 18:00:01,491 [INFO] IPUIPlugin:80 - create IPUIPlugin
2023-04-28 18:00:01,491 [INFO] IPUIPlugin:80 - create IPUIPlugin
2023-04-28 18:00:01,491 [INFO] IPUIPlugin:80 - create IPUIPlugin
2023-04-28 18:00:01,491 [INFO] IPUIPlugin:80 - create IPUIPlugin
2023-04-28 18:00:01,531 [INFO] CADModel:165 - CPN selected for project levelSTM32F103C6T6A
2023-04-28 18:00:01,531 [INFO] CADModel:114 - Register for checkConnection events
2023-04-28 18:00:01,581 [INFO] OpenFileManager:328 - Restore cursor
2023-04-28 18:00:17,929 [INFO] ADCParametersView:116 -                Rank 1 : false
2023-04-28 18:00:17,959 [INFO] ADCParametersView:116 -                Rank 1 : false
2023-04-28 18:00:17,959 [INFO] ADCParametersView:116 -                Rank 1 : false
2023-04-28 18:00:17,959 [INFO] ADCParametersView:116 -                Rank 1 : false
2023-04-28 18:00:17,959 [INFO] ADCParametersView:116 -                Rank 1 : false
2023-04-28 18:00:17,959 [INFO] ADCParametersView:116 -                Rank 1 : false
2023-04-28 18:00:17,959 [INFO] ADCParametersView:116 -                Rank 1 : false
2023-04-28 18:00:17,959 [INFO] ADCParametersView:116 -                Rank 1 : false
2023-04-28 18:00:17,959 [INFO] ADCParametersView:116 -                Rank 1 : false
2023-04-28 18:00:17,959 [INFO] ADCParametersView:116 -                Rank 1 : false
2023-04-28 18:00:17,959 [INFO] ADCParametersView:116 -                Rank 1 : false
2023-04-28 18:00:17,959 [INFO] ADCParametersView:116 -                Rank 1 : false
2023-04-28 18:00:17,969 [INFO] NvicIntPanel:101 - NVIC parent = com.st.microxplorer.plugins.ip.nvic.MultiNvicIntPanel[,0,0,0x0,invalid,layout=javax.swing.BoxLayout,alignmentX=0.0,alignmentY=0.0,border=,flags=9,maximumSize=,minimumSize=,preferredSize=]
