2023-05-17 09:57:00,553 [INFO] Activator:176 - 


2023-05-17 09:57:00,562 [INFO] Activator:177 - !SESSION log4j initialized
2023-05-17 09:57:05,791 [ERROR] LogOutputStream:75 - [STDERR_REDIRECT] Warning: NLS unused message: ?????????????????????? in: org.eclipse.ui.views.markers.internal.messages
2023-05-17 09:57:10,292 [INFO] LogOutputStream:77 - [STDOUT_REDIRECT] 
2023-05-17 09:57:24,126 [INFO] ApplicationProperties:184 - Using Application install path: E:\Software\STM32CubeIDE_1.12.0\STM32CubeIDE\plugins\com.st.stm32cube.common.mx_6.8.0.202302231600
2023-05-17 09:57:24,145 [INFO] DbMcusXml:78 - Set database path to: E:\Software\STM32CubeIDE_1.12.0\STM32CubeIDE\plugins\com.st.stm32cube.common.mx_6.8.0.202302231600\\db\/mcu/
2023-05-17 09:57:24,145 [INFO] ApiDb:274 - Set plugin database path to: E:\Software\STM32CubeIDE_1.12.0\STM32CubeIDE\plugins\com.st.stm32cube.common.mx_6.8.0.202302231600\\db\/plugins/boardmanager/
2023-05-17 09:57:24,155 [WARN] ApiDb:259 - Overriding images path with different value:  => E:\Software\STM32CubeIDE_1.12.0\STM32CubeIDE\plugins\com.st.stm32cube.common.mx_6.8.0.202302231600\\db\/plugins/mcufinder/images/
2023-05-17 09:57:24,256 [INFO] ApiDb:250 - Set database path to: C:\Users\Administrator\.stmcufinder\plugins\mcufinder//mcu/
2023-05-17 09:57:24,256 [INFO] DbMcusAds:125 - Set database path to: C:\Users\Administrator\.stmcufinder\plugins\mcufinder//mcu/
2023-05-17 09:57:24,695 [INFO] CrossReferenceDbSqlite:203 - Set database path to: C:\Users\Administrator\.stmcufinder\plugins\mcufinder//mcu/cs/
2023-05-17 09:57:24,875 [INFO] RulesReader:64 - Compatibility file has been processed (293 Rules)
2023-05-17 09:57:24,965 [INFO] DbMcusXml:78 - Set database path to: E:\Software\STM32CubeIDE_1.12.0\STM32CubeIDE\plugins\com.st.stm32cube.common.mx_6.8.0.202302231600\\db\/mcu/
2023-05-17 09:57:24,965 [INFO] ApiDb:274 - Set plugin database path to: E:\Software\STM32CubeIDE_1.12.0\STM32CubeIDE\plugins\com.st.stm32cube.common.mx_6.8.0.202302231600\\db\/plugins/boardmanager/
2023-05-17 09:57:24,965 [INFO] ApiDb:261 - Set plugin images path to: E:\Software\STM32CubeIDE_1.12.0\STM32CubeIDE\plugins\com.st.stm32cube.common.mx_6.8.0.202302231600\\db\/plugins/mcufinder/images/
2023-05-17 09:57:24,965 [WARN] DbFile:41 - Overriding database path with different value: C:\Users\Administrator\.stmcufinder\plugins\mcufinder/ => C:\Users\Administrator\.stmcufinder\plugins\mcufinder
2023-05-17 09:57:24,965 [INFO] ApiDb:250 - Set database path to: C:\Users\Administrator\.stmcufinder\plugins\mcufinder//mcu/
2023-05-17 09:57:24,965 [WARN] DbFile:41 - Overriding database path with different value: C:\Users\Administrator\.stmcufinder\plugins\mcufinder/ => C:\Users\Administrator\.stmcufinder\plugins\mcufinder
2023-05-17 09:57:24,965 [INFO] DbMcusAds:125 - Set database path to: C:\Users\Administrator\.stmcufinder\plugins\mcufinder//mcu/
2023-05-17 09:57:24,965 [WARN] DbFile:41 - Overriding database path with different value: C:\Users\Administrator\.stmcufinder\plugins\mcufinder/ => C:\Users\Administrator\.stmcufinder\plugins\mcufinder
2023-05-17 09:57:24,965 [WARN] DbFile:41 - Overriding database path with different value: C:\Users\Administrator\.stmcufinder\plugins\mcufinder/ => C:\Users\Administrator\.stmcufinder\plugins\mcufinder
2023-05-17 09:57:24,965 [INFO] CrossReferenceDbSqlite:203 - Set database path to: C:\Users\Administrator\.stmcufinder\plugins\mcufinder//mcu/cs/
2023-05-17 09:57:25,085 [INFO] MainPanel:253 - HeapMemory: 268435456
2023-05-17 09:57:25,205 [INFO] DbMcusXml:78 - Set database path to: E:\Software\STM32CubeIDE_1.12.0\STM32CubeIDE\plugins\com.st.stm32cube.common.mx_6.8.0.202302231600\\db\/mcu/
2023-05-17 09:57:25,205 [INFO] ApiDb:274 - Set plugin database path to: E:\Software\STM32CubeIDE_1.12.0\STM32CubeIDE\plugins\com.st.stm32cube.common.mx_6.8.0.202302231600\\db\/plugins/boardmanager/
2023-05-17 09:57:25,205 [INFO] ApiDb:261 - Set plugin images path to: E:\Software\STM32CubeIDE_1.12.0\STM32CubeIDE\plugins\com.st.stm32cube.common.mx_6.8.0.202302231600\\db\/plugins/mcufinder/images/
2023-05-17 09:57:25,205 [WARN] DbFile:41 - Overriding database path with different value: C:\Users\Administrator\.stmcufinder\plugins\mcufinder/ => C:\Users\Administrator\.stmcufinder\plugins\mcufinder
2023-05-17 09:57:25,205 [INFO] ApiDb:250 - Set database path to: C:\Users\Administrator\.stmcufinder\plugins\mcufinder//mcu/
2023-05-17 09:57:25,205 [WARN] DbFile:41 - Overriding database path with different value: C:\Users\Administrator\.stmcufinder\plugins\mcufinder/ => C:\Users\Administrator\.stmcufinder\plugins\mcufinder
2023-05-17 09:57:25,205 [INFO] DbMcusAds:125 - Set database path to: C:\Users\Administrator\.stmcufinder\plugins\mcufinder//mcu/
2023-05-17 09:57:25,205 [WARN] DbFile:41 - Overriding database path with different value: C:\Users\Administrator\.stmcufinder\plugins\mcufinder/ => C:\Users\Administrator\.stmcufinder\plugins\mcufinder
2023-05-17 09:57:25,205 [WARN] DbFile:41 - Overriding database path with different value: C:\Users\Administrator\.stmcufinder\plugins\mcufinder/ => C:\Users\Administrator\.stmcufinder\plugins\mcufinder
2023-05-17 09:57:25,205 [INFO] CrossReferenceDbSqlite:203 - Set database path to: C:\Users\Administrator\.stmcufinder\plugins\mcufinder//mcu/cs/
2023-05-17 09:57:25,215 [INFO] ApplicationProperties:184 - Using Application install path: E:\Software\STM32CubeIDE_1.12.0\STM32CubeIDE\plugins\com.st.stm32cube.common.mx_6.8.0.202302231600
2023-05-17 09:57:25,215 [INFO] PluginManage:196 - Search for loadable plugins [exclusion list=, ]
2023-05-17 09:57:25,215 [INFO] PluginManage:310 - Check plugin analytics
2023-05-17 09:57:25,355 [INFO] AnalyticsPlugin:253 - Accepted Software Licenses: 
2023-05-17 09:57:25,355 [INFO] AnalyticsPlugin:255 - Accepted CMSIS Pack Licenses: 
2023-05-17 09:57:25,355 [INFO] AnalyticsPlugin:257 - Accepted Firmware Licenses: FW.C0.1.0.0
2023-05-17 09:57:25,355 [INFO] PluginManage:359 - Loaded plugin analytics (category:tool,tabindex:-1)
2023-05-17 09:57:25,355 [INFO] PluginManage:310 - Check plugin cadmodel
2023-05-17 09:57:25,385 [INFO] CADModel:105 - Init CAD model plugin
2023-05-17 09:57:25,385 [INFO] PluginManage:359 - Loaded plugin cadmodel (category:power,tabindex:5)
2023-05-17 09:57:25,385 [INFO] PluginManage:310 - Check plugin clock
2023-05-17 09:57:25,425 [INFO] PluginManage:359 - Loaded plugin clock (category:base,tabindex:2)
2023-05-17 09:57:25,425 [INFO] PluginManage:310 - Check plugin ddr
2023-05-17 09:57:25,445 [INFO] PluginManage:359 - Loaded plugin ddr (category:tool,tabindex:6)
2023-05-17 09:57:25,445 [INFO] PluginManage:310 - Check plugin filemanager
2023-05-17 09:57:25,645 [INFO] PluginManage:359 - Loaded plugin filemanager (category:base,tabindex:10)
2023-05-17 09:57:25,645 [INFO] PluginManage:310 - Check plugin ipmanager
2023-05-17 09:57:25,665 [INFO] PluginManage:359 - Loaded plugin ipmanager (category:base,tabindex:5)
2023-05-17 09:57:25,665 [INFO] PluginManage:310 - Check plugin lpbam
2023-05-17 09:57:25,695 [INFO] PluginManage:359 - Loaded plugin lpbam (category:base,tabindex:0)
2023-05-17 09:57:25,695 [INFO] PluginManage:310 - Check plugin pinoutandconfiguration
2023-05-17 09:57:25,715 [INFO] PluginManage:359 - Loaded plugin pinoutandconfiguration (category:base,tabindex:1)
2023-05-17 09:57:25,715 [INFO] PluginManage:310 - Check plugin pinoutconfig
2023-05-17 09:57:25,836 [WARN] SupportedApi:132 - Cannot load RTOS API schema: s4s-elt-must-match.1: The content of 'definitions' must match (annotation?, (simpleType | complexType)?, (unique | key | keyref)*)). A problem was found starting at: attribute.
2023-05-17 09:57:25,975 [INFO] PluginManage:359 - Loaded plugin pinoutconfig (category:base,tabindex:0)
2023-05-17 09:57:25,975 [INFO] PluginManage:310 - Check plugin power
2023-05-17 09:57:26,015 [INFO] PluginManage:359 - Loaded plugin power (category:power,tabindex:4)
2023-05-17 09:57:26,015 [INFO] PluginManage:310 - Check plugin projectmanager
2023-05-17 09:57:26,025 [INFO] PluginManage:359 - Loaded plugin projectmanager (category:projectmanager,tabindex:3)
2023-05-17 09:57:26,025 [INFO] PluginManage:310 - Check plugin thirdparty
2023-05-17 09:57:26,355 [INFO] PluginManage:359 - Loaded plugin thirdparty (category:base,tabindex:-1)
2023-05-17 09:57:26,355 [INFO] PluginManage:310 - Check plugin tools
2023-05-17 09:57:26,355 [WARN] IntegrityCheckThread:84 - waiting for thirdparty lock release [integrity check]
2023-05-17 09:57:26,355 [INFO] IntegrityCheckThread:86 - entering critical section [integrity check]
2023-05-17 09:57:26,355 [INFO] ThirdPartyUpdaterWithRetryManager:70 - Updater plugin not ready yet. [1/15]
2023-05-17 09:57:26,385 [INFO] PluginManage:359 - Loaded plugin tools (category:base,tabindex:7)
2023-05-17 09:57:26,385 [INFO] PluginManage:310 - Check plugin tutovideos
2023-05-17 09:57:26,585 [INFO] PluginManage:359 - Loaded plugin tutovideos (category:base,tabindex:-1)
2023-05-17 09:57:26,585 [INFO] PluginManage:310 - Check plugin updater
2023-05-17 09:57:26,605 [INFO] PluginManage:359 - Loaded plugin updater (category:base,tabindex:12)
2023-05-17 09:57:26,605 [INFO] PluginManage:283 - PluginManage : Loaded plugins [15]
2023-05-17 09:57:26,995 [INFO] PinOutPanel:1499 - setPackage(No Configuration,No Configuration)
2023-05-17 09:57:27,066 [INFO] CADModel:165 - CPN selected for project level
2023-05-17 09:57:27,066 [INFO] CADModel:114 - Register for checkConnection events
2023-05-17 09:57:27,115 [INFO] IPUIPlugin:80 - create IPUIPlugin
2023-05-17 09:57:27,115 [INFO] PluginManager:220 - loadIPPluginJar : add adc
2023-05-17 09:57:27,166 [INFO] IPUIPlugin:80 - create IPUIPlugin
2023-05-17 09:57:27,166 [INFO] PluginManager:220 - loadIPPluginJar : add aes
2023-05-17 09:57:27,196 [INFO] IPUIPlugin:80 - create IPUIPlugin
2023-05-17 09:57:27,196 [INFO] PluginManager:220 - loadIPPluginJar : add can
2023-05-17 09:57:27,226 [INFO] IPUIPlugin:80 - create IPUIPlugin
2023-05-17 09:57:27,226 [INFO] PluginManager:220 - loadIPPluginJar : add comp
2023-05-17 09:57:27,246 [INFO] IPUIPlugin:80 - create IPUIPlugin
2023-05-17 09:57:27,246 [INFO] PluginManager:220 - loadIPPluginJar : add cryp
2023-05-17 09:57:27,266 [INFO] IPUIPlugin:80 - create IPUIPlugin
2023-05-17 09:57:27,266 [INFO] PluginManager:220 - loadIPPluginJar : add dfsdm
2023-05-17 09:57:27,276 [INFO] IPUIPlugin:80 - create IPUIPlugin
2023-05-17 09:57:27,276 [INFO] PluginManager:220 - loadIPPluginJar : add dma
2023-05-17 09:57:27,306 [INFO] IPUIPlugin:80 - create IPUIPlugin
2023-05-17 09:57:27,306 [INFO] PluginManager:220 - loadIPPluginJar : add dma3
2023-05-17 09:57:27,316 [INFO] IPUIPlugin:80 - create IPUIPlugin
2023-05-17 09:57:27,316 [INFO] PluginManager:220 - loadIPPluginJar : add fatfs
2023-05-17 09:57:27,345 [INFO] IPUIPlugin:80 - create IPUIPlugin
2023-05-17 09:57:27,345 [INFO] PluginManager:220 - loadIPPluginJar : add fmc
2023-05-17 09:57:27,375 [INFO] IPUIPlugin:80 - create IPUIPlugin
2023-05-17 09:57:27,375 [INFO] PluginManager:220 - loadIPPluginJar : add freertos
2023-05-17 09:57:27,385 [INFO] IPUIPlugin:80 - create IPUIPlugin
2023-05-17 09:57:27,385 [INFO] PluginManager:220 - loadIPPluginJar : add genericplugin
2023-05-17 09:57:27,455 [INFO] IPUIPlugin:80 - create IPUIPlugin
2023-05-17 09:57:27,455 [INFO] PluginManager:220 - loadIPPluginJar : add gfxmmu
2023-05-17 09:57:27,535 [INFO] IPUIPlugin:80 - create IPUIPlugin
2023-05-17 09:57:27,535 [INFO] PluginManager:220 - loadIPPluginJar : add gic
2023-05-17 09:57:27,545 [INFO] IPUIPlugin:80 - create IPUIPlugin
2023-05-17 09:57:27,545 [INFO] PluginManager:220 - loadIPPluginJar : add gpio
2023-05-17 09:57:27,615 [INFO] IPUIPlugin:80 - create IPUIPlugin
2023-05-17 09:57:27,615 [INFO] PluginManager:220 - loadIPPluginJar : add gtzc
2023-05-17 09:57:27,635 [INFO] IPUIPlugin:80 - create IPUIPlugin
2023-05-17 09:57:27,635 [INFO] PluginManager:220 - loadIPPluginJar : add hash
2023-05-17 09:57:27,665 [INFO] IPUIPlugin:80 - create IPUIPlugin
2023-05-17 09:57:27,665 [INFO] PluginManager:220 - loadIPPluginJar : add i2c
2023-05-17 09:57:27,705 [INFO] IPUIPlugin:80 - create IPUIPlugin
2023-05-17 09:57:27,705 [INFO] PluginManager:220 - loadIPPluginJar : add i2s
2023-05-17 09:57:27,725 [INFO] IPUIPlugin:80 - create IPUIPlugin
2023-05-17 09:57:27,725 [INFO] PluginManager:220 - loadIPPluginJar : add i3c
2023-05-17 09:57:27,816 [INFO] IPUIPlugin:80 - create IPUIPlugin
2023-05-17 09:57:27,816 [INFO] PluginManager:220 - loadIPPluginJar : add ipddr
2023-05-17 09:57:27,886 [INFO] IPUIPlugin:80 - create IPUIPlugin
2023-05-17 09:57:27,886 [INFO] PluginManager:220 - loadIPPluginJar : add linkedlist
2023-05-17 09:57:27,916 [INFO] IPUIPlugin:80 - create IPUIPlugin
2023-05-17 09:57:27,916 [INFO] PluginManager:220 - loadIPPluginJar : add lorawan
2023-05-17 09:57:27,936 [INFO] IPUIPlugin:80 - create IPUIPlugin
2023-05-17 09:57:27,936 [INFO] PluginManager:220 - loadIPPluginJar : add ltdc
2023-05-17 09:57:27,966 [INFO] IPUIPlugin:80 - create IPUIPlugin
2023-05-17 09:57:27,966 [INFO] PluginManager:220 - loadIPPluginJar : add mdma
2023-05-17 09:57:27,966 [INFO] IPUIPlugin:80 - create IPUIPlugin
2023-05-17 09:57:27,966 [INFO] PluginManager:220 - loadIPPluginJar : add nvic
2023-05-17 09:57:27,996 [INFO] IPUIPlugin:80 - create IPUIPlugin
2023-05-17 09:57:27,996 [INFO] PluginManager:220 - loadIPPluginJar : add opamp
2023-05-17 09:57:28,046 [INFO] IPUIPlugin:80 - create IPUIPlugin
2023-05-17 09:57:28,046 [INFO] PluginManager:220 - loadIPPluginJar : add openamp
2023-05-17 09:57:28,066 [INFO] IPUIPlugin:80 - create IPUIPlugin
2023-05-17 09:57:28,066 [INFO] PluginManager:220 - loadIPPluginJar : add pdm2pcm
2023-05-17 09:57:28,096 [INFO] IPUIPlugin:80 - create IPUIPlugin
2023-05-17 09:57:28,096 [INFO] PluginManager:220 - loadIPPluginJar : add plateformsettings
2023-05-17 09:57:28,116 [INFO] IPUIPlugin:80 - create IPUIPlugin
2023-05-17 09:57:28,116 [INFO] PluginManager:220 - loadIPPluginJar : add quadspi
2023-05-17 09:57:28,135 [INFO] IPUIPlugin:80 - create IPUIPlugin
2023-05-17 09:57:28,135 [INFO] PluginManager:220 - loadIPPluginJar : add resmgrutility
2023-05-17 09:57:28,165 [INFO] IPUIPlugin:80 - create IPUIPlugin
2023-05-17 09:57:28,165 [INFO] PluginManager:220 - loadIPPluginJar : add sai
2023-05-17 09:57:28,185 [INFO] IPUIPlugin:80 - create IPUIPlugin
2023-05-17 09:57:28,185 [INFO] PluginManager:220 - loadIPPluginJar : add spi
2023-05-17 09:57:28,235 [INFO] IPUIPlugin:80 - create IPUIPlugin
2023-05-17 09:57:28,235 [INFO] PluginManager:220 - loadIPPluginJar : add stm32_wpan
2023-05-17 09:57:28,245 [INFO] IPUIPlugin:80 - create IPUIPlugin
2023-05-17 09:57:28,245 [INFO] PluginManager:220 - loadIPPluginJar : add tim
2023-05-17 09:57:28,285 [INFO] IPUIPlugin:80 - create IPUIPlugin
2023-05-17 09:57:28,285 [INFO] PluginManager:220 - loadIPPluginJar : add touchsensing
2023-05-17 09:57:28,305 [INFO] IPUIPlugin:80 - create IPUIPlugin
2023-05-17 09:57:28,305 [INFO] PluginManager:220 - loadIPPluginJar : add tracer_emb
2023-05-17 09:57:28,315 [INFO] IPUIPlugin:80 - create IPUIPlugin
2023-05-17 09:57:28,315 [INFO] PluginManager:220 - loadIPPluginJar : add ts
2023-05-17 09:57:28,335 [INFO] IPUIPlugin:80 - create IPUIPlugin
2023-05-17 09:57:28,335 [INFO] PluginManager:220 - loadIPPluginJar : add tsc
2023-05-17 09:57:28,345 [INFO] IPUIPlugin:80 - create IPUIPlugin
2023-05-17 09:57:28,345 [INFO] PluginManager:220 - loadIPPluginJar : add ucpd
2023-05-17 09:57:28,385 [INFO] IPUIPlugin:80 - create IPUIPlugin
2023-05-17 09:57:28,385 [INFO] PluginManager:220 - loadIPPluginJar : add usart
2023-05-17 09:57:28,415 [INFO] IPUIPlugin:80 - create IPUIPlugin
2023-05-17 09:57:28,415 [INFO] PluginManager:220 - loadIPPluginJar : add usbx
2023-05-17 09:57:28,532 [INFO] CADModel:165 - CPN selected for project level
2023-05-17 09:57:28,532 [INFO] CADModel:114 - Register for checkConnection events
2023-05-17 09:57:28,532 [FATAL] Updater:308 - Updater called before beeing initialized
2023-05-17 09:57:28,532 [ERROR] CADModel:125 - Updater not yet initialized, retry later 
2023-05-17 09:57:28,712 [INFO] CADModel:165 - CPN selected for project level
2023-05-17 09:57:28,712 [INFO] CADModel:114 - Register for checkConnection events
2023-05-17 09:57:28,712 [FATAL] Updater:308 - Updater called before beeing initialized
2023-05-17 09:57:28,712 [ERROR] CADModel:125 - Updater not yet initialized, retry later 
2023-05-17 09:57:28,712 [FATAL] Updater:308 - Updater called before beeing initialized
2023-05-17 09:57:28,812 [FATAL] Updater:308 - Updater called before beeing initialized
2023-05-17 09:57:28,822 [INFO] DbMcusAds:53 - JSON generation date=Tue Mar 07 16:50:54 CST 2023 (1678179054945)
2023-05-17 09:57:28,822 [FATAL] Updater:308 - Updater called before beeing initialized
2023-05-17 09:57:28,971 [WARN] DetailPanel:346 - Failed to get advertising image, set to default
2023-05-17 09:57:29,061 [FATAL] Updater:308 - Updater called before beeing initialized
2023-05-17 09:57:29,061 [FATAL] Updater:308 - Updater called before beeing initialized
2023-05-17 09:57:29,061 [FATAL] Updater:308 - Updater called before beeing initialized
2023-05-17 09:57:29,061 [WARN] DetailPanel:346 - Failed to get advertising image, set to default
2023-05-17 09:57:29,061 [FATAL] Updater:308 - Updater called before beeing initialized
2023-05-17 09:57:29,181 [ERROR] Updater:1120 - MainUpdater not yet initialized. External WinMGr cannot be set.
2023-05-17 09:57:29,201 [INFO] Updater:1056 - Updater Version found : 6.8.0
2023-05-17 09:57:29,221 [INFO] ApplicationProperties:184 - Using Application install path: E:\Software\STM32CubeIDE_1.12.0\STM32CubeIDE\plugins\com.st.stm32cube.common.mx_6.8.0.202302231600
2023-05-17 09:57:29,361 [INFO] ThirdPartyUpdaterWithRetryManager:70 - Updater plugin not ready yet. [2/15]
2023-05-17 09:57:29,952 [INFO] MainUpdater:2854 - connection check result : 10
2023-05-17 09:57:29,952 [INFO] MainUpdater:3548 - Updater definition file requires update
2023-05-17 09:57:29,952 [INFO] MainUpdater:283 - Updater Check For Update Now.
2023-05-17 09:57:29,952 [INFO] MicroXplorer:498 - Change Database Version : DB.6.0.80
2023-05-17 09:57:30,261 [INFO] ServerAccessManage:473 - Download File updaters.zip
2023-05-17 09:57:32,362 [WARN] MainUpdater:1187 - Updater busy. Cannot search thirdparties
2023-05-17 09:57:32,362 [INFO] ThirdPartyUpdaterWithRetryManager:96 - Updater plugin is busy. [1/15]
2023-05-17 09:57:33,102 [INFO] FileExtend:240 - Unzip File : updaters.zip
2023-05-17 09:57:33,102 [INFO] FileExtend:255 - Standard Zip Deflate
2023-05-17 09:57:33,672 [INFO] ServerAccessManage:473 - Download File PacksControlFlags.xml
2023-05-17 09:57:33,993 [INFO] ServerAccessManage:473 - Download File cubemx.pidx
2023-05-17 09:57:35,102 [ERROR] LogOutputStream:75 - [STDERR_REDIRECT] SLF4J: Failed to load class "org.slf4j.impl.StaticLoggerBinder".
2023-05-17 09:57:35,102 [ERROR] LogOutputStream:75 - [STDERR_REDIRECT] SLF4J: Defaulting to no-operation (NOP) logger implementation
2023-05-17 09:57:35,102 [ERROR] LogOutputStream:75 - [STDERR_REDIRECT] SLF4J: See http://www.slf4j.org/codes.html#StaticLoggerBinder for further details.
2023-05-17 09:57:35,372 [WARN] MainUpdater:1187 - Updater busy. Cannot search thirdparties
2023-05-17 09:57:35,372 [INFO] ThirdPartyUpdaterWithRetryManager:96 - Updater plugin is busy. [2/15]
2023-05-17 09:57:36,882 [INFO] ServerAccessManage:473 - Download File STMicroelectronics.FP-SNS-FLIGHT1.pdsc
2023-05-17 09:57:37,732 [INFO] ServerAccessManage:473 - Download File STMicroelectronics.FP-SNS-MOTENV1.pdsc
2023-05-17 09:57:38,372 [WARN] MainUpdater:1187 - Updater busy. Cannot search thirdparties
2023-05-17 09:57:38,372 [INFO] ThirdPartyUpdaterWithRetryManager:96 - Updater plugin is busy. [3/15]
2023-05-17 09:57:38,432 [INFO] ServerAccessManage:473 - Download File STMicroelectronics.X-CUBE-AI.pdsc
2023-05-17 09:57:41,373 [WARN] MainUpdater:1187 - Updater busy. Cannot search thirdparties
2023-05-17 09:57:41,373 [INFO] ThirdPartyUpdaterWithRetryManager:96 - Updater plugin is busy. [4/15]
2023-05-17 09:57:42,903 [INFO] ServerAccessManage:473 - Download File STMicroelectronics.X-CUBE-TOUCHGFX.pdsc
2023-05-17 09:57:44,373 [WARN] MainUpdater:1187 - Updater busy. Cannot search thirdparties
2023-05-17 09:57:44,373 [INFO] ThirdPartyUpdaterWithRetryManager:96 - Updater plugin is busy. [5/15]
2023-05-17 09:57:45,794 [WARN] PackLoader:240 - Cannot read IP mode file for STMicroelectronics.FP-SNS-FLIGHT1.5.0.0
2023-05-17 09:57:45,804 [ERROR] RealEvaluatedCondition:428 - Found unsupported composite condition: GROUP='STM32_MetaDataManager' CLASS='Data Exchange'
2023-05-17 09:57:45,804 [ERROR] RealEvaluatedCondition:428 - Found unsupported composite condition: CLASS='Data Exchange' GROUP='STM32_MetaDataManager'
2023-05-17 09:57:45,804 [WARN] PackLoader:240 - Cannot read IP mode file for STMicroelectronics.FP-SNS-MOTENV1.4.3.0
2023-05-17 09:57:45,804 [WARN] PackLoader:240 - Cannot read IP mode file for STMicroelectronics.X-CUBE-AI.8.0.1
2023-05-17 09:57:45,804 [WARN] PackLoader:240 - Cannot read IP mode file for STMicroelectronics.X-CUBE-TOUCHGFX.4.21.4
2023-05-17 09:57:45,804 [INFO] PopulateThirdPartyThread:66 - Ending populate Thread
2023-05-17 09:57:45,814 [INFO] ThirdParty:1030 - CMSIS Pack Vendor :STMicroelectronics FP-SNS-MOTENV1 4.3.0
2023-05-17 09:57:45,814 [INFO] ThirdParty:1030 - CMSIS Pack Vendor :STMicroelectronics FP-SNS-FLIGHT1 5.0.0
2023-05-17 09:57:45,814 [INFO] ThirdParty:1030 - CMSIS Pack Vendor :STMicroelectronics X-CUBE-TOUCHGFX 4.21.4
2023-05-17 09:57:45,814 [INFO] ThirdParty:1030 - CMSIS Pack Vendor :STMicroelectronics X-CUBE-AI 8.0.1
2023-05-17 09:57:45,814 [INFO] LoadServerUpdatesThread:373 - End of LoadServerUpdate Thread
2023-05-17 09:57:45,894 [INFO] CheckServerUpdateThread:120 - End of CheckServer Thread
2023-05-17 09:57:45,954 [INFO] MainUpdater:2854 - connection check result : 10
2023-05-17 09:57:45,964 [INFO] MainUpdater:2854 - connection check result : 10
2023-05-17 09:57:46,174 [INFO] MicroXplorer:468 - Change Database Path : 
2023-05-17 09:57:46,174 [INFO] MicroXplorer:498 - Change Database Version : DB.6.0.80
2023-05-17 09:57:46,174 [WARN] ThirdParty:871 - waiting for thirdparty lock release [close project]
2023-05-17 09:57:47,483 [WARN] PackLoader:240 - Cannot read IP mode file for wolfSSL.I-CUBE-wolfSSL.5.2.0
2023-05-17 09:57:47,493 [WARN] PackLoader:240 - Cannot read IP mode file for STMicroelectronics.X-CUBE-GNSS1.6.0.0
2023-05-17 09:57:47,523 [WARN] PackLoader:240 - Cannot read IP mode file for STMicroelectronics.X-CUBE-AZRTOS-F4.1.1.0
2023-05-17 09:57:47,533 [WARN] PackLoader:240 - Cannot read IP mode file for STMicroelectronics.X-CUBE-SMBUS.2.1.0
2023-05-17 09:57:47,573 [WARN] PackLoader:240 - Cannot read IP mode file for STMicroelectronics.X-CUBE-MEMS1.9.2.0
2023-05-17 09:57:47,683 [WARN] PackLoader:240 - Cannot read IP mode file for STMicroelectronics.X-CUBE-BLEMGR.1.2.0
2023-05-17 09:57:47,703 [WARN] PackLoader:240 - Cannot read IP mode file for STMicroelectronics.X-CUBE-AZRTOS-F7.1.1.0
2023-05-17 09:57:47,733 [WARN] PackLoader:240 - Cannot read IP mode file for STMicroelectronics.X-CUBE-MEMS1.9.6.0
2023-05-17 09:57:47,834 [WARN] PackLoader:240 - Cannot read IP mode file for STMicroelectronics.X-CUBE-AI.7.1.0
2023-05-17 09:57:47,844 [WARN] PackLoader:240 - Cannot read IP mode file for STMicroelectronics.X-CUBE-TOUCHGFX.4.19.1
2023-05-17 09:57:47,844 [ERROR] RealEvaluatedCondition:428 - Found unsupported composite condition: GROUP='STM32_MetaDataManager' CLASS='Data Exchange'
2023-05-17 09:57:47,844 [ERROR] RealEvaluatedCondition:428 - Found unsupported composite condition: CLASS='Data Exchange' GROUP='STM32_MetaDataManager'
2023-05-17 09:57:47,844 [WARN] PackLoader:240 - Cannot read IP mode file for STMicroelectronics.FP-SNS-MOTENV1.4.3.0
2023-05-17 09:57:47,854 [WARN] PackLoader:240 - Cannot read IP mode file for STMicroelectronics.FP-SNS-FLIGHT1.5.0.0
2023-05-17 09:57:47,854 [WARN] PackLoader:240 - Cannot read IP mode file for STMicroelectronics.X-CUBE-BLE1.6.2.3
2023-05-17 09:57:47,864 [WARN] PackLoader:240 - Cannot read IP mode file for STMicroelectronics.X-CUBE-BLE1.6.2.4
2023-05-17 09:57:47,874 [WARN] PackLoader:240 - Cannot read IP mode file for STMicroelectronics.X-CUBE-BLEMGR.2.0.0
2023-05-17 09:57:47,884 [WARN] PackLoader:240 - Cannot read IP mode file for STMicroelectronics.X-CUBE-BLE1.6.2.2
2023-05-17 09:57:47,894 [WARN] PackLoader:240 - Cannot read IP mode file for STMicroelectronics.X-CUBE-NFC4.2.0.5
2023-05-17 09:57:47,904 [WARN] PackLoader:240 - Cannot read IP mode file for STMicroelectronics.X-CUBE-NFC4.2.0.4
2023-05-17 09:57:47,904 [WARN] PackLoader:240 - Cannot read IP mode file for STMicroelectronics.X-CUBE-BLE2.3.2.2
2023-05-17 09:57:47,914 [WARN] PackLoader:240 - Cannot read IP mode file for STMicroelectronics.X-CUBE-NFC4.2.0.3
2023-05-17 09:57:47,934 [WARN] ConditionMgr:438 - getConditionDescription Invalid condition id : UX DEVICE CLASS RTOS Condition cause : null
2023-05-17 09:57:47,934 [WARN] ConditionMgr:438 - getConditionDescription Invalid condition id : UX DEVICE CLASS RTOS Condition cause : null
2023-05-17 09:57:47,934 [WARN] PackLoader:240 - Cannot read IP mode file for STMicroelectronics.X-CUBE-AZRTOS-H7.3.1.0
2023-05-17 09:57:47,934 [WARN] ConditionMgr:1039 - genDependencies : Invalid condition id : UX DEVICE CLASS RTOS Condition cause : null
2023-05-17 09:57:47,934 [WARN] ConditionMgr:1039 - genDependencies : Invalid condition id : UX DEVICE CLASS RTOS Condition cause : null
2023-05-17 09:57:47,934 [WARN] ConditionMgr:1039 - genDependencies : Invalid condition id : UX DEVICE CLASS RTOS Condition cause : null
2023-05-17 09:57:47,934 [WARN] ConditionMgr:1039 - genDependencies : Invalid condition id : UX DEVICE CLASS RTOS Condition cause : null
2023-05-17 09:57:47,934 [WARN] ConditionMgr:1039 - genDependencies : Invalid condition id : UX DEVICE CLASS RTOS Condition cause : null
2023-05-17 09:57:47,944 [WARN] PackLoader:240 - Cannot read IP mode file for STMicroelectronics.X-CUBE-TOF1.3.1.0
2023-05-17 09:57:47,964 [WARN] PackLoader:240 - Cannot read IP mode file for STMicroelectronics.X-CUBE-SFXS2LP1.3.1.0
2023-05-17 09:57:47,964 [WARN] PackLoader:240 - Cannot read IP mode file for STMicroelectronics.X-CUBE-DISPLAY.3.0.0
2023-05-17 09:57:47,984 [WARN] PackLoader:240 - Cannot read IP mode file for STMicroelectronics.X-CUBE-AZRTOS-F4.1.0.0
2023-05-17 09:57:47,994 [WARN] PackLoader:240 - Cannot read IP mode file for STMicroelectronics.X-CUBE-NFC7.1.0.0
2023-05-17 09:57:48,004 [WARN] PackLoader:240 - Cannot read IP mode file for STMicroelectronics.X-CUBE-SUBG2.4.2.0
2023-05-17 09:57:48,034 [WARN] PackLoader:240 - Cannot read IP mode file for STMicroelectronics.X-CUBE-MEMS1.9.3.0
2023-05-17 09:57:48,114 [WARN] PackLoader:240 - Cannot read IP mode file for STMicroelectronics.X-CUBE-EEPRMA1.4.1.0
2023-05-17 09:57:48,114 [WARN] PackLoader:240 - Cannot read IP mode file for STMicroelectronics.X-CUBE-AI.7.2.0
2023-05-17 09:57:48,134 [WARN] PackLoader:240 - Cannot read IP mode file for STMicroelectronics.X-CUBE-AZRTOS-G0.1.0.0
2023-05-17 09:57:48,144 [WARN] PackLoader:240 - Cannot read IP mode file for WES.I-CUBE-Cesium.1.3.0
2023-05-17 09:57:48,154 [WARN] PackLoader:240 - Cannot read IP mode file for STMicroelectronics.X-CUBE-SFXS2LP1.4.0.0
2023-05-17 09:57:48,164 [WARN] PackLoader:240 - Cannot read IP mode file for STMicroelectronics.X-CUBE-BLE2.3.3.0
2023-05-17 09:57:48,164 [WARN] PackLoader:240 - Cannot read IP mode file for STMicroelectronics.X-CUBE-DISPLAY.2.2.0
2023-05-17 09:57:48,174 [WARN] PackLoader:240 - Cannot read IP mode file for STMicroelectronics.X-CUBE-TOF1.3.2.0
2023-05-17 09:57:48,184 [WARN] PackLoader:240 - Cannot read IP mode file for STMicroelectronics.X-CUBE-TOUCHGFX.4.18.1
2023-05-17 09:57:48,204 [WARN] PackLoader:240 - Cannot read IP mode file for STMicroelectronics.X-CUBE-AZRTOS-H7.3.0.0
2023-05-17 09:57:48,214 [WARN] PackLoader:240 - Cannot read IP mode file for STMicroelectronics.X-CUBE-ISPU.1.1.0
2023-05-17 09:57:48,224 [WARN] PackLoader:240 - Cannot read IP mode file for RoweBots.I-CUBE-UNISONRTOS.5.5.0-4
2023-05-17 09:57:48,244 [WARN] PackLoader:240 - Cannot read IP mode file for STMicroelectronics.X-CUBE-AZRTOS-H7.2.1.0
2023-05-17 09:57:48,253 [WARN] PackLoader:240 - Cannot read IP mode file for STMicroelectronics.X-CUBE-AI.8.0.0
2023-05-17 09:57:48,253 [WARN] PackLoader:240 - Cannot read IP mode file for STMicroelectronics.X-CUBE-FREERTOS.1.0.0
2023-05-17 09:57:48,263 [WARN] PackLoader:240 - Cannot read IP mode file for STMicroelectronics.X-CUBE-FREERTOS.1.0.1
2023-05-17 09:57:48,273 [WARN] PackLoader:240 - Cannot read IP mode file for STMicroelectronics.X-CUBE-TOUCHGFX.4.21.1
2023-05-17 09:57:48,273 [WARN] PackLoader:240 - Cannot read IP mode file for STMicroelectronics.X-CUBE-TOUCHGFX.4.21.3
2023-05-17 09:57:48,283 [WARN] PackLoader:240 - Cannot read IP mode file for STMicroelectronics.X-CUBE-BLEMGR.1.0.0
2023-05-17 09:57:48,293 [WARN] PackLoader:240 - Cannot read IP mode file for STMicroelectronics.X-CUBE-TOUCHGFX.4.21.4
2023-05-17 09:57:48,293 [WARN] PackLoader:240 - Cannot read IP mode file for STMicroelectronics.X-CUBE-AI.7.3.0
2023-05-17 09:57:48,303 [WARN] PackLoader:240 - Cannot read IP mode file for STMicroelectronics.X-CUBE-ALGOBUILD.1.3.0
2023-05-17 09:57:48,313 [WARN] PackLoader:240 - Cannot read IP mode file for STMicroelectronics.X-CUBE-AZRTOS-L5.1.1.0
2023-05-17 09:57:48,333 [WARN] PackLoader:240 - Cannot read IP mode file for STMicroelectronics.X-CUBE-AZRTOS-G0.1.1.0
2023-05-17 09:57:48,333 [WARN] PackLoader:240 - Cannot read IP mode file for STMicroelectronics.X-CUBE-AI.8.0.1
2023-05-17 09:57:48,343 [WARN] PackLoader:240 - Cannot read IP mode file for STMicroelectronics.X-CUBE-SUBG2.5.0.0
2023-05-17 09:57:48,363 [WARN] PackLoader:240 - Cannot read IP mode file for STMicroelectronics.X-CUBE-NFC4.3.0.0
2023-05-17 09:57:48,383 [WARN] PackLoader:240 - Cannot read IP mode file for SEGGER.I-CUBE-embOS.1.2.0
2023-05-17 09:57:48,413 [WARN] PackLoader:240 - Cannot read IP mode file for STMicroelectronics.X-CUBE-DISPLAY.2.1.0
2023-05-17 09:57:48,433 [WARN] PackLoader:240 - Cannot read IP mode file for STMicroelectronics.X-CUBE-AZRTOS-G4.2.0.0
2023-05-17 09:57:48,443 [WARN] PackLoader:240 - Cannot read IP mode file for STMicroelectronics.X-CUBE-TOF1.3.3.0
2023-05-17 09:57:48,453 [WARN] PackLoader:240 - Cannot read IP mode file for STMicroelectronics.FP-ATR-ASTRA1.1.1.1
2023-05-17 09:57:48,463 [WARN] PackLoader:240 - Cannot read IP mode file for STMicroelectronics.FP-ATR-ASTRA1.1.1.0
2023-05-17 09:57:48,473 [WARN] PackLoader:240 - Cannot read IP mode file for STMicroelectronics.X-CUBE-AZRTOS-H7.2.0.0
2023-05-17 09:57:48,493 [WARN] PackLoader:240 - Cannot read IP mode file for STMicroelectronics.X-CUBE-AZRTOS-G4.1.0.0
2023-05-17 09:57:48,493 [WARN] PackLoader:240 - Cannot read IP mode file for STMicroelectronics.FP-ATR-SIGFOX1.3.2.0
2023-05-17 09:57:48,513 [WARN] PackLoader:240 - Cannot read IP mode file for STMicroelectronics.X-CUBE-AZRTOS-L4.1.0.0
2023-05-17 09:57:48,523 [WARN] PackLoader:240 - Cannot read IP mode file for emotas.I-CUBE-CANOPEN.1.1.2
2023-05-17 09:57:48,533 [WARN] PackLoader:240 - Cannot read IP mode file for STMicroelectronics.X-CUBE-TOUCHGFX.4.20.0
2023-05-17 09:57:48,543 [WARN] PackLoader:240 - Cannot read IP mode file for STMicroelectronics.X-CUBE-AZRTOS-F7.1.0.0
2023-05-17 09:57:48,553 [WARN] PackLoader:240 - Cannot read IP mode file for STMicroelectronics.X-CUBE-AZRTOS-WL.1.0.0
2023-05-17 09:57:48,583 [WARN] PackLoader:240 - Cannot read IP mode file for STMicroelectronics.X-CUBE-MEMS1.9.1.0
2023-05-17 09:57:48,643 [WARN] PackLoader:240 - Cannot read IP mode file for portGmbH.I-Cube-SoM-uGOAL.1.1.0
2023-05-17 09:57:48,653 [WARN] PackLoader:240 - Cannot read IP mode file for STMicroelectronics.X-CUBE-ALS.1.0.1
2023-05-17 09:57:48,683 [WARN] PackLoader:240 - Cannot read IP mode file for STMicroelectronics.X-CUBE-MEMS1.9.5.0
2023-05-17 09:57:48,753 [WARN] PackLoader:240 - Cannot read IP mode file for STMicroelectronics.X-CUBE-AZRTOS-WB.1.1.0
2023-05-17 09:57:48,774 [WARN] PackLoader:240 - Cannot read IP mode file for SEGGER.I-CUBE-embOS.1.3.1
2023-05-17 09:57:48,804 [WARN] PackLoader:240 - Cannot read IP mode file for STMicroelectronics.X-CUBE-AZRTOS-L5.1.0.0
2023-05-17 09:57:48,814 [WARN] PackLoader:240 - Cannot read IP mode file for STMicroelectronics.X-CUBE-EEPRMA1.3.1.1
2023-05-17 09:57:48,814 [WARN] PackLoader:240 - Cannot read IP mode file for STMicroelectronics.X-CUBE-GNSS1.5.2.0
2023-05-17 09:57:48,824 [WARN] PackLoader:240 - Cannot read IP mode file for STMicroelectronics.FP-ATR-ASTRA1.2.0.0
2023-05-17 09:57:48,834 [WARN] PackLoader:240 - Cannot read IP mode file for STMicroelectronics.X-CUBE-DISPLAY.2.0.1
2023-05-17 09:57:48,844 [WARN] PackLoader:240 - Cannot read IP mode file for STMicroelectronics.X-CUBE-TOF1.3.0.0
2023-05-17 09:57:48,844 [INFO] ThirdParty:978 - Integrity check success = true
2023-05-17 09:57:48,844 [INFO] IntegrityCheckThread:100 - exiting critical section [integrity check]
2023-05-17 09:57:48,844 [INFO] IntegrityCheckThread:103 - End integrity checks thread
2023-05-17 09:57:48,844 [INFO] ThirdParty:873 - entering critical section [close project]
2023-05-17 09:57:48,844 [INFO] ThirdParty:883 - exiting critical section [close project]
2023-05-17 09:57:48,854 [INFO] PinOutPanel:1499 - setPackage(No Configuration,No Configuration)
2023-05-17 09:57:48,854 [INFO] UtilMem:75 - Begin LoadConfig() Used Memory: 164227496 Bytes (544210944)
2023-05-17 09:57:48,854 [INFO] MicroXplorer:468 - Change Database Path : 
2023-05-17 09:57:48,854 [INFO] MicroXplorer:498 - Change Database Version : DB.6.0.80
2023-05-17 09:57:48,854 [INFO] OpenFileManager:308 - Change cursor
2023-05-17 09:57:48,924 [INFO] Mcu:1937 - Initializing MCU STM32F103C(4-6)Tx STM32F103C6Tx STM32F103C6T6A
2023-05-17 09:57:49,643 [INFO] Context:659 - Trying to add GPIOservice into a context  which must be forbidden
2023-05-17 09:57:50,024 [INFO] RtosManager:555 - Registered RTOS mode: class=CMSIS, group=RTOS, mode=CMSIS_V1, owner=FREERTOS
2023-05-17 09:57:50,024 [INFO] RtosManager:555 - Registered RTOS mode: class=CMSIS, group=RTOS2, mode=CMSIS_V2, owner=FREERTOS
2023-05-17 09:57:50,024 [INFO] RtosManager:555 - Registered RTOS mode: class=RTOS, group=Core, mode=CMSIS_V1, owner=FREERTOS
2023-05-17 09:57:50,024 [INFO] RtosManager:555 - Registered RTOS mode: class=RTOS, group=Core, mode=CMSIS_V2, owner=FREERTOS
2023-05-17 09:57:50,024 [WARN] ModelIntegratedComponent:184 - Missing modes for component STMicroelectronics:FreeRTOS:0.0.1:STMicroelectronics:RTOS:FreeRTOS:Core:::10.2.0:
2023-05-17 09:57:50,024 [WARN] ModelIntegratedComponent:63 - No mode defined for component null
2023-05-17 09:57:50,024 [WARN] ModelIntegratedComponent:63 - No mode defined for component null
2023-05-17 09:57:50,024 [WARN] ModelIntegratedComponent:63 - No mode defined for component null
2023-05-17 09:57:50,024 [WARN] ModelIntegratedComponent:63 - No mode defined for component null
2023-05-17 09:57:50,024 [WARN] ModelIntegratedComponent:63 - No mode defined for component null
2023-05-17 09:57:50,024 [WARN] ModelIntegratedComponent:63 - No mode defined for component null
2023-05-17 09:57:50,024 [WARN] ModelIntegratedComponent:63 - No mode defined for component null
2023-05-17 09:57:50,024 [WARN] ModelIntegratedComponent:63 - No mode defined for component null
2023-05-17 09:57:50,024 [WARN] ModelIntegratedComponent:63 - No mode defined for component null
2023-05-17 09:57:50,024 [WARN] ModelIntegratedComponent:63 - No mode defined for component null
2023-05-17 09:57:50,024 [WARN] ModelIntegratedComponent:63 - No mode defined for component null
2023-05-17 09:57:50,024 [WARN] ModelIntegratedComponent:63 - No mode defined for component null
2023-05-17 09:57:50,024 [WARN] ModelIntegratedComponent:63 - No mode defined for component null
2023-05-17 09:57:50,024 [WARN] ModelIntegratedComponent:63 - No mode defined for component null
2023-05-17 09:57:50,024 [WARN] ModelIntegratedComponent:63 - No mode defined for component null
2023-05-17 09:57:50,024 [WARN] ModelIntegratedComponent:63 - No mode defined for component null
2023-05-17 09:57:50,024 [WARN] ModelIntegratedComponent:63 - No mode defined for component null
2023-05-17 09:57:50,024 [WARN] ModelIntegratedComponent:63 - No mode defined for component null
2023-05-17 09:57:50,024 [WARN] ModelIntegratedComponent:63 - No mode defined for component null
2023-05-17 09:57:50,024 [WARN] ModelIntegratedComponent:63 - No mode defined for component null
2023-05-17 09:57:50,034 [WARN] ModelIntegratedComponent:63 - No mode defined for component null
2023-05-17 09:57:50,034 [WARN] ModelIntegratedComponent:63 - No mode defined for component null
2023-05-17 09:57:50,034 [WARN] ModelIntegratedComponent:63 - No mode defined for component null
2023-05-17 09:57:50,034 [WARN] ModelIntegratedComponent:63 - No mode defined for component null
2023-05-17 09:57:50,034 [WARN] ModelIntegratedComponent:63 - No mode defined for component null
2023-05-17 09:57:50,034 [WARN] ModelIntegratedComponent:63 - No mode defined for component null
2023-05-17 09:57:50,034 [WARN] ModelIntegratedComponent:63 - No mode defined for component null
2023-05-17 09:57:50,034 [WARN] ModelIntegratedComponent:63 - No mode defined for component null
2023-05-17 09:57:50,034 [WARN] ModelIntegratedComponent:63 - No mode defined for component null
2023-05-17 09:57:50,034 [WARN] ModelIntegratedComponent:63 - No mode defined for component null
2023-05-17 09:57:50,034 [WARN] ModelIntegratedComponent:63 - No mode defined for component null
2023-05-17 09:57:50,034 [WARN] ModelIntegratedComponent:63 - No mode defined for component null
2023-05-17 09:57:50,034 [WARN] ModelIntegratedComponent:63 - No mode defined for component null
2023-05-17 09:57:50,174 [INFO] ThirdPartyModel:298 - Start build external matchings
2023-05-17 09:57:51,464 [INFO] ThirdPartyModel:316 - End build external matchings
2023-05-17 09:57:51,514 [INFO] ImportTextPane:194 - (OptionalMessage_ERROR) IP (DMA) : Parameter (Instance) has Id (USART2_TX) currently not set
2023-05-17 09:57:51,514 [INFO] ImportTextPane:194 - (OptionalMessage_ERROR) IP (DMA) : Parameter (Direction) has Id (USART2_TX) currently not set
2023-05-17 09:57:51,514 [INFO] ImportTextPane:194 - (OptionalMessage_ERROR) IP (DMA) : Parameter (PeriphInc) has Id (USART2_TX) currently not set
2023-05-17 09:57:51,514 [INFO] ImportTextPane:194 - (OptionalMessage_ERROR) IP (DMA) : Parameter (MemInc) has Id (USART2_TX) currently not set
2023-05-17 09:57:51,514 [INFO] ImportTextPane:194 - (OptionalMessage_ERROR) IP (DMA) : Parameter (PeriphDataAlignment) has Id (USART2_TX) currently not set
2023-05-17 09:57:51,514 [INFO] ImportTextPane:194 - (OptionalMessage_ERROR) IP (DMA) : Parameter (MemDataAlignment) has Id (USART2_TX) currently not set
2023-05-17 09:57:51,514 [INFO] ImportTextPane:194 - (OptionalMessage_ERROR) IP (DMA) : Parameter (Mode) has Id (USART2_TX) currently not set
2023-05-17 09:57:51,514 [INFO] ImportTextPane:194 - (OptionalMessage_ERROR) IP (DMA) : Parameter (Priority) has Id (USART2_TX) currently not set
2023-05-17 09:57:51,514 [INFO] ImportTextPane:194 - (OptionalMessage_ERROR) IP (DMA) : Parameter (Instance) has Id (ADC1) currently not set
2023-05-17 09:57:51,514 [INFO] ImportTextPane:194 - (OptionalMessage_ERROR) IP (DMA) : Parameter (Direction) has Id (ADC1) currently not set
2023-05-17 09:57:51,514 [INFO] ImportTextPane:194 - (OptionalMessage_ERROR) IP (DMA) : Parameter (PeriphInc) has Id (ADC1) currently not set
2023-05-17 09:57:51,514 [INFO] ImportTextPane:194 - (OptionalMessage_ERROR) IP (DMA) : Parameter (MemInc) has Id (ADC1) currently not set
2023-05-17 09:57:51,514 [INFO] ImportTextPane:194 - (OptionalMessage_ERROR) IP (DMA) : Parameter (PeriphDataAlignment) has Id (ADC1) currently not set
2023-05-17 09:57:51,514 [INFO] ImportTextPane:194 - (OptionalMessage_ERROR) IP (DMA) : Parameter (MemDataAlignment) has Id (ADC1) currently not set
2023-05-17 09:57:51,514 [INFO] ImportTextPane:194 - (OptionalMessage_ERROR) IP (DMA) : Parameter (Mode) has Id (ADC1) currently not set
2023-05-17 09:57:51,514 [INFO] ImportTextPane:194 - (OptionalMessage_ERROR) IP (DMA) : Parameter (Priority) has Id (ADC1) currently not set
2023-05-17 09:57:51,514 [INFO] ImportTextPane:194 - (OptionalMessage_ERROR) IP (RCC) : Invalid parameter (FamilyName)
2023-05-17 09:57:51,514 [INFO] ImportTextPane:194 - (OptionalMessage_ERROR) IP (RCC) : Parameter (MCOFreq_Value) has invalid value (72000000)
2023-05-17 09:57:51,514 [INFO] ImportTextPane:194 - (OptionalMessage_ERROR) IP (RCC) : Parameter (USBFreq_Value) has invalid value (72000000)
2023-05-17 09:57:51,644 [INFO] UtilMem:75 - End LoadConfig() Used Memory: 371646160 Bytes (544210944)
2023-05-17 09:57:51,764 [INFO] ApiDb:581 - Connected to CubeFinder SQLite database (C:\Users\Administrator\.stmcufinder\plugins\mcufinder\mcu\cube-finder-db.db)
2023-05-17 09:57:51,814 [INFO] ApiDb:668 - CubeFinder database Data Model version=2.1
2023-05-17 09:57:51,814 [INFO] ApiDb:669 - CubeFinder database Configuration version=3.0.35
2023-05-17 09:57:51,814 [INFO] ApiDb:670 - CubeFinder database generation date=2023-04-03 (1680511692)
2023-05-17 09:57:51,824 [INFO] ApiDb:671 - CubeFinder database FW Pack versions=[FP-ATR-ASTRA1_V2.0.0, STM32Cube_FW_C0_V1.0.1, STM32Cube_FW_F0_V1.11.4, STM32Cube_FW_F3_V1.11.4, STM32Cube_FW_F4_V1.27.1, STM32Cube_FW_F7_V1.17.0, STM32Cube_FW_G0_V1.6.1, STM32Cube_FW_G4_V1.5.1, STM32Cube_FW_H5_V0.5.1, STM32Cube_FW_H5_V1.0.0, STM32Cube_FW_H7_V1.11.0, STM32Cube_FW_L0_V1.12.2, STM32Cube_FW_L5_V1.5.0, STM32Cube_FW_U5_V1.2.0, STM32Cube_FW_WBA_V1.0.0, STM32Cube_FW_WBA_V1.0.0RC1, STM32Cube_FW_WBA_V1.0.0RC3, STM32Cube_FW_WB_V1.15.0RC1, STM32Cube_FW_WB_V1.16.0, STM32Cube_FW_WB_V1.16.0RC2, STM32Cube_FW_WL_V1.3.0, X-CUBE-ALGOBUILD_V1.3.0, X-CUBE-ALS_V1.0.1, X-CUBE-AZRTOS-F4_V1.1.0, X-CUBE-AZRTOS-F7_V1.1.0, X-CUBE-AZRTOS-G0_V1.1.0, X-CUBE-AZRTOS-G4_V1.0.0, X-CUBE-AZRTOS-H7_V3.0.0, X-CUBE-AZRTOS-L4_V1.0.0, X-CUBE-AZRTOS-L5_V1.1.0, X-CUBE-AZRTOS-WB_V1.1.0, X-CUBE-AZRTOS-WL_V1.0.0, X-CUBE-BLE1_V6.2.4, X-CUBE-BLE2_V3.3.0, X-CUBE-BLEMGR_V1.3.0, X-CUBE-EEPRMA1_V4.1.0, X-CUBE-FREERTOS_V1.0.1, X-CUBE-GNSS1_V6.0.0, X-CUBE-MEMS1_V9.1.0, X-CUBE-MEMS1_V9.4.0, X-CUBE-MEMS1_V9.5.0, X-CUBE-NFC4_V3.0.0, X-CUBE-NFC7_V1.0.0, X-CUBE-SFXS2LP1_V4.0.0, X-CUBE-SUBG2_V5.0.0]
2023-05-17 09:57:53,514 [INFO] ApiDb:240 - Found 297 in-development CPN: [B-G473E-ZEST1S, B-WB1M-WPAN1, B-WL5M-SUBG1, NUCLEO-C031C6, NUCLEO-H503RB, NUCLEO-H563ZI, NUCLEO-U545RE-Q, NUCLEO-U5A5ZJ-Q, NUCLEO-WBA52CG, STEVAL-PROTEUS1, STEVAL-STWINBX1, STM320518-EVAL, STM32C0116-DK, STM32C011D6Y3TR, STM32C011D6Y6TR, STM32C011F4P3, STM32C011F4P6, STM32C011F4U3, STM32C011F4U6TR, STM32C011F6P3, STM32C011F6P6, STM32C011F6U3, STM32C011F6U6TR, STM32C011J4M3, STM32C011J4M6, STM32C011J6M3, STM32C011J6M6, STM32C0316-DK, STM32C031C4T3, STM32C031C4T6, STM32C031C4U3, STM32C031C4U6, STM32C031C6T3, STM32C031C6T6, STM32C031C6U3, STM32C031C6U6, STM32C031F4P3, STM32C031F4P6, STM32C031F6P3, STM32C031F6P6, STM32C031G4U3, STM32C031G4U6, STM32C031G6U3, STM32C031G6U6, STM32C031K4T3, STM32C031K4T6, STM32C031K4U3, STM32C031K4U6, STM32C031K6T3, STM32C031K6T6, STM32C031K6U3, STM32C031K6U6, STM32G071K8TXN, STM32G071K8UXN, STM32G081GBU6N, STM32G081KBT6N, STM32G081KBUXN, STM32G0B1CCT6N, STM32G0B1KCT6, STM32G0B1NEY6TR, STM32G0B1RCT6N, STM32G0C1CCT6, STM32G0C1CCT6N, STM32G0C1CCU6N, STM32G0C1CET6N, STM32G0C1CEU6N, STM32G0C1KCT6, STM32G0C1NEY6TR, STM32G0C1RCI6N, STM32G0C1RCT6N, STM32G0C1REI6N, STM32G0C1RET6N, STM32G0C1VCI6, STM32G0C1VEI6, STM32G471CCT6, STM32G471CCU6, STM32G471CET3, STM32G471CET6, STM32G471CEU3, STM32G471CEU6, STM32G471MCT6, STM32G471MET3, STM32G471MET6, STM32G471MEY6TR, STM32G471QCT6, STM32G471QET3, STM32G471RCT6, STM32G471RET3, STM32G471RET6, STM32G471VCH6, STM32G471VCI6, STM32G471VCT6, STM32G471VEH3, STM32G471VEH6, STM32G471VEI3, STM32G471VEI6, STM32G471VET3, STM32G471VET6, STM32G474CCT6, STM32H503CBT6, STM32H503CBU6, STM32H503EBY6TR, STM32H503KBU6, STM32H503RBT6, STM32H562AGI6, STM32H562AII6, STM32H562IGK6, STM32H562IGT6, STM32H562IIK6, STM32H562IIT6, STM32H562RGT6, STM32H562RGV6, STM32H562RIT6, STM32H562RIV6, STM32H562VGT6, STM32H562VIT6, STM32H562ZGT6, STM32H562ZIT6, STM32H563AGI6, STM32H563AII3Q, STM32H563AII6, STM32H563IGK6, STM32H563IGT6, STM32H563IIK3Q, STM32H563IIK6, STM32H563IIT3Q, STM32H563IIT6, STM32H563MIY3QTR, STM32H563RGT6, STM32H563RGV6, STM32H563RIT6, STM32H563RIV6, STM32H563VGT6, STM32H563VIT3Q, STM32H563VIT6, STM32H563ZGT6, STM32H563ZIT3Q, STM32H563ZIT6, STM32H573AII3Q, STM32H573AII6, STM32H573I-DK, STM32H573IIK3Q, STM32H573IIK6, STM32H573IIT3Q, STM32H573IIT6, STM32H573MIY3QTR, STM32H573RIT6, STM32H573RIV6, STM32H573VIT3Q, STM32H573VIT6, STM32H573ZIT3Q, STM32H573ZIT6, STM32L4R5QGI6STR, STM32MP131AAE3, STM32MP131AAF3, STM32MP131AAG3, STM32MP131CAE3, STM32MP131CAF3, STM32MP131CAG3, STM32MP131DAE7, STM32MP131DAF7, STM32MP131DAG7, STM32MP131FAE7, STM32MP131FAF7, STM32MP131FAG7, STM32MP133AAE3, STM32MP133AAF3, STM32MP133AAG3, STM32MP133CAE3, STM32MP133CAF3, STM32MP133CAG3, STM32MP133DAE7, STM32MP133DAF7, STM32MP133DAG7, STM32MP133FAE7, STM32MP133FAF7, STM32MP133FAG7, STM32MP135AAE3, STM32MP135AAF3, STM32MP135AAG3, STM32MP135CAE3, STM32MP135CAF3, STM32MP135CAG3, STM32MP135DAE7, STM32MP135DAF7, STM32MP135DAG7, STM32MP135F-DK, STM32MP135FAE7, STM32MP135FAF7, STM32MP135FAF7T, STM32MP135FAF7U, STM32MP135FAG7, STM32U535CBT6, STM32U535CBT6Q, STM32U535CBU6, STM32U535CBU6Q, STM32U535CCT6, STM32U535CCT6Q, STM32U535CCU6, STM32U535CCU6Q, STM32U535CET6, STM32U535CET6Q, STM32U535CEU6, STM32U535CEU6Q, STM32U535JEY6QTR, STM32U535NCY6QTR, STM32U535NEY6QTR, STM32U535RBI6, STM32U535RBI6Q, STM32U535RBT6, STM32U535RBT6Q, STM32U535RCI6, STM32U535RCI6Q, STM32U535RCT6, STM32U535RCT6Q, STM32U535REI6, STM32U535REI6Q, STM32U535RET6, STM32U535RET6Q, STM32U535VCI6, STM32U535VCI6Q, STM32U535VCT6, STM32U535VCT6Q, STM32U535VEI6, STM32U535VEI6Q, STM32U535VET6, STM32U535VET6Q, STM32U545CET6, STM32U545CET6Q, STM32U545CEU6, STM32U545CEU6Q, STM32U545JEY6QTR, STM32U545NEY6QTR, STM32U545REI6, STM32U545REI6Q, STM32U545RET6, STM32U545RET6Q, STM32U545VEI6, STM32U545VEI6Q, STM32U545VET6, STM32U545VET6Q, STM32U595AIH6, STM32U595AIH6Q, STM32U595AJH6, STM32U595AJH6Q, STM32U595QII6, STM32U595QII6Q, STM32U595QJI6, STM32U595QJI6Q, STM32U595RIT6, STM32U595RIT6Q, STM32U595RJT6, STM32U595RJT6Q, STM32U595VIT6, STM32U595VIT6Q, STM32U595VJT6, STM32U595VJT6Q, STM32U595ZIT6, STM32U595ZIT6Q, STM32U595ZIY6QTR, STM32U595ZJT6, STM32U595ZJT6Q, STM32U595ZJY6QTR, STM32U599BJY6QTR, STM32U599NIH6Q, STM32U599NJH6Q, STM32U599VIT6Q, STM32U599VJT6, STM32U599VJT6Q, STM32U599ZIT6Q, STM32U599ZIY6QTR, STM32U599ZJT6Q, STM32U599ZJY6QTR, STM32U5A5AJH6, STM32U5A5AJH6Q, STM32U5A5QJI6, STM32U5A5QJI6Q, STM32U5A5RJT6, STM32U5A5RJT6Q, STM32U5A5VJT6, STM32U5A5VJT6Q, STM32U5A5ZJT6, STM32U5A5ZJT6Q, STM32U5A5ZJY6QTR, STM32U5A9BJY6QTR, STM32U5A9J-DK, STM32U5A9NJH6Q, STM32U5A9VJT6Q, STM32U5A9ZJT6Q, STM32U5A9ZJY6QTR, STM32WB1MMCH6, STM32WBA52CEU6, STM32WBA52CEU6T, STM32WBA52CGU6, STM32WBA52CGU6T, STM32WL5MOCH6, STM32WL5MOCH6TR]
2023-05-17 09:57:53,524 [INFO] DbMcus:216 - Found 3775 MCUs, 3775 are supported
2023-05-17 09:57:53,524 [INFO] ApiDb:423 - Load user favorites file C:\Users\Administrator/.stm32cubeide/favorites.mcus.txt: 2 item(s)
2023-05-17 09:57:53,524 [INFO] ApiDb:427 - User favorites MCUs=[STM32F103C6T6A, STM32F103ZET6]
2023-05-17 09:57:53,524 [INFO] DbMcus:222 - Set 2 / 2 favorites MCUs
2023-05-17 09:57:53,854 [WARN] ThirdParty:833 - waiting for thirdparty lock release [change project]
2023-05-17 09:57:53,854 [INFO] ThirdParty:835 - entering critical section [change project]
2023-05-17 09:57:53,854 [INFO] ThirdParty:1030 - CMSIS Pack Vendor :wolfSSL I-CUBE-wolfSSL 5.2.0
2023-05-17 09:57:53,854 [INFO] ThirdParty:1030 - CMSIS Pack Vendor :STMicroelectronics X-CUBE-GNSS1 6.0.0
2023-05-17 09:57:53,854 [INFO] ThirdParty:1030 - CMSIS Pack Vendor :STMicroelectronics USB_HOST 2.0.0
2023-05-17 09:57:53,854 [INFO] ThirdParty:1030 - CMSIS Pack Vendor :STMicroelectronics X-CUBE-AZRTOS-F4 1.1.0
2023-05-17 09:57:53,854 [INFO] ThirdParty:1030 - CMSIS Pack Vendor :STMicroelectronics LIBJPEG 8.0.0
2023-05-17 09:57:53,854 [INFO] ThirdParty:1030 - CMSIS Pack Vendor :STMicroelectronics X-CUBE-SMBUS 2.1.0
2023-05-17 09:57:53,854 [INFO] ThirdParty:1030 - CMSIS Pack Vendor :STMicroelectronics X-CUBE-MEMS1 9.2.0
2023-05-17 09:57:53,854 [INFO] ThirdParty:1030 - CMSIS Pack Vendor :STMicroelectronics X-CUBE-BLEMGR 1.2.0
2023-05-17 09:57:53,854 [INFO] ThirdParty:1030 - CMSIS Pack Vendor :STMicroelectronics X-CUBE-AZRTOS-F7 1.1.0
2023-05-17 09:57:53,854 [INFO] ThirdParty:1030 - CMSIS Pack Vendor :STMicroelectronics USB_DEVICE 2.0.0
2023-05-17 09:57:53,854 [INFO] ThirdParty:1030 - CMSIS Pack Vendor :STMicroelectronics X-CUBE-MEMS1 9.6.0
2023-05-17 09:57:53,854 [INFO] ThirdParty:1030 - CMSIS Pack Vendor :STMicroelectronics X-CUBE-AI 7.1.0
2023-05-17 09:57:53,854 [INFO] ThirdParty:1030 - CMSIS Pack Vendor :STMicroelectronics X-CUBE-TOUCHGFX 4.19.1
2023-05-17 09:57:53,854 [INFO] ThirdParty:1030 - CMSIS Pack Vendor :STMicroelectronics FP-SNS-MOTENV1 4.3.0
2023-05-17 09:57:53,854 [INFO] ThirdParty:1030 - CMSIS Pack Vendor :STMicroelectronics FP-SNS-FLIGHT1 5.0.0
2023-05-17 09:57:53,854 [INFO] ThirdParty:1030 - CMSIS Pack Vendor :STMicroelectronics X-CUBE-BLE1 6.2.3
2023-05-17 09:57:53,854 [INFO] ThirdParty:1030 - CMSIS Pack Vendor :STMicroelectronics X-CUBE-BLE1 6.2.4
2023-05-17 09:57:53,854 [INFO] ThirdParty:1030 - CMSIS Pack Vendor :STMicroelectronics FreeRTOS 0.0.1
2023-05-17 09:57:53,854 [INFO] ThirdParty:1030 - CMSIS Pack Vendor :STMicroelectronics X-CUBE-BLEMGR 2.0.0
2023-05-17 09:57:53,854 [INFO] ThirdParty:1030 - CMSIS Pack Vendor :STMicroelectronics X-CUBE-BLE1 6.2.2
2023-05-17 09:57:53,854 [INFO] ThirdParty:1030 - CMSIS Pack Vendor :STMicroelectronics X-CUBE-NFC4 2.0.5
2023-05-17 09:57:53,854 [INFO] ThirdParty:1030 - CMSIS Pack Vendor :STMicroelectronics X-CUBE-NFC4 2.0.4
2023-05-17 09:57:53,864 [INFO] ThirdParty:1030 - CMSIS Pack Vendor :STMicroelectronics X-CUBE-BLE2 3.2.2
2023-05-17 09:57:53,864 [INFO] ThirdParty:1030 - CMSIS Pack Vendor :STMicroelectronics X-CUBE-NFC4 2.0.3
2023-05-17 09:57:53,864 [INFO] ThirdParty:1030 - CMSIS Pack Vendor :STMicroelectronics X-CUBE-AZRTOS-H7 3.1.0
2023-05-17 09:57:53,864 [INFO] ThirdParty:1030 - CMSIS Pack Vendor :STMicroelectronics PDM2PCM 3.3.0
2023-05-17 09:57:53,864 [INFO] ThirdParty:1030 - CMSIS Pack Vendor :STMicroelectronics X-CUBE-TOF1 3.1.0
2023-05-17 09:57:53,864 [INFO] ThirdParty:1030 - CMSIS Pack Vendor :STMicroelectronics X-CUBE-SFXS2LP1 3.1.0
2023-05-17 09:57:53,864 [INFO] ThirdParty:1030 - CMSIS Pack Vendor :STMicroelectronics X-CUBE-DISPLAY 3.0.0
2023-05-17 09:57:53,864 [INFO] ThirdParty:1030 - CMSIS Pack Vendor :STMicroelectronics X-CUBE-AZRTOS-F4 1.0.0
2023-05-17 09:57:53,864 [INFO] ThirdParty:1030 - CMSIS Pack Vendor :STMicroelectronics HAL Drivers 0.0.0
2023-05-17 09:57:53,864 [INFO] ThirdParty:1030 - CMSIS Pack Vendor :STMicroelectronics MBEDTLS 2.14.1
2023-05-17 09:57:53,864 [INFO] ThirdParty:1030 - CMSIS Pack Vendor :STMicroelectronics X-CUBE-NFC7 1.0.0
2023-05-17 09:57:53,864 [INFO] ThirdParty:1030 - CMSIS Pack Vendor :STMicroelectronics X-CUBE-SUBG2 4.2.0
2023-05-17 09:57:53,864 [INFO] ThirdParty:1030 - CMSIS Pack Vendor :STMicroelectronics X-CUBE-MEMS1 9.3.0
2023-05-17 09:57:53,864 [INFO] ThirdParty:1030 - CMSIS Pack Vendor :STMicroelectronics X-CUBE-EEPRMA1 4.1.0
2023-05-17 09:57:53,864 [INFO] ThirdParty:1030 - CMSIS Pack Vendor :STMicroelectronics X-CUBE-AI 7.2.0
2023-05-17 09:57:53,864 [INFO] ThirdParty:1030 - CMSIS Pack Vendor :STMicroelectronics USB_DEVICE 1.0.0
2023-05-17 09:57:53,864 [INFO] ThirdParty:1030 - CMSIS Pack Vendor :STMicroelectronics X-CUBE-AZRTOS-G0 1.0.0
2023-05-17 09:57:53,864 [INFO] ThirdParty:1030 - CMSIS Pack Vendor :STMicroelectronics ThreadX 0.0.2
2023-05-17 09:57:53,864 [INFO] ThirdParty:1030 - CMSIS Pack Vendor :WES I-CUBE-Cesium 1.3.0
2023-05-17 09:57:53,864 [INFO] ThirdParty:1030 - CMSIS Pack Vendor :STMicroelectronics lwIP 2.1.2
2023-05-17 09:57:53,864 [INFO] ThirdParty:1030 - CMSIS Pack Vendor :STMicroelectronics X-CUBE-SFXS2LP1 4.0.0
2023-05-17 09:57:53,864 [INFO] ThirdParty:1030 - CMSIS Pack Vendor :STMicroelectronics X-CUBE-BLE2 3.3.0
2023-05-17 09:57:53,864 [INFO] ThirdParty:1030 - CMSIS Pack Vendor :STMicroelectronics X-CUBE-DISPLAY 2.2.0
2023-05-17 09:57:53,864 [INFO] ThirdParty:1030 - CMSIS Pack Vendor :STMicroelectronics X-CUBE-TOF1 3.2.0
2023-05-17 09:57:53,864 [INFO] ThirdParty:1030 - CMSIS Pack Vendor :STMicroelectronics PDM2PCM 3.2.0
2023-05-17 09:57:53,864 [INFO] ThirdParty:1030 - CMSIS Pack Vendor :STMicroelectronics X-CUBE-TOUCHGFX 4.18.1
2023-05-17 09:57:53,864 [INFO] ThirdParty:1030 - CMSIS Pack Vendor :STMicroelectronics X-CUBE-AZRTOS-H7 3.0.0
2023-05-17 09:57:53,864 [INFO] ThirdParty:1030 - CMSIS Pack Vendor :STMicroelectronics X-CUBE-ISPU 1.1.0
2023-05-17 09:57:53,864 [INFO] ThirdParty:1030 - CMSIS Pack Vendor :RoweBots I-CUBE-UNISONRTOS 5.5.0-4
2023-05-17 09:57:53,864 [INFO] ThirdParty:1030 - CMSIS Pack Vendor :STMicroelectronics X-CUBE-AZRTOS-H7 2.1.0
2023-05-17 09:57:53,864 [INFO] ThirdParty:1030 - CMSIS Pack Vendor :STMicroelectronics USB_DEVICE 3.0.0
2023-05-17 09:57:53,864 [INFO] ThirdParty:1030 - CMSIS Pack Vendor :STMicroelectronics X-CUBE-AI 8.0.0
2023-05-17 09:57:53,864 [INFO] ThirdParty:1030 - CMSIS Pack Vendor :STMicroelectronics X-CUBE-FREERTOS 1.0.0
2023-05-17 09:57:53,864 [INFO] ThirdParty:1030 - CMSIS Pack Vendor :STMicroelectronics X-CUBE-FREERTOS 1.0.1
2023-05-17 09:57:53,864 [INFO] ThirdParty:1030 - CMSIS Pack Vendor :STMicroelectronics X-CUBE-TOUCHGFX 4.21.1
2023-05-17 09:57:53,864 [INFO] ThirdParty:1030 - CMSIS Pack Vendor :STMicroelectronics X-CUBE-TOUCHGFX 4.21.3
2023-05-17 09:57:53,864 [INFO] ThirdParty:1030 - CMSIS Pack Vendor :STMicroelectronics X-CUBE-BLEMGR 1.0.0
2023-05-17 09:57:53,864 [INFO] ThirdParty:1030 - CMSIS Pack Vendor :STMicroelectronics X-CUBE-TOUCHGFX 4.21.4
2023-05-17 09:57:53,864 [INFO] ThirdParty:1030 - CMSIS Pack Vendor :STMicroelectronics X-CUBE-AI 7.3.0
2023-05-17 09:57:53,864 [INFO] ThirdParty:1030 - CMSIS Pack Vendor :STMicroelectronics X-CUBE-ALGOBUILD 1.3.0
2023-05-17 09:57:53,864 [INFO] ThirdParty:1030 - CMSIS Pack Vendor :STMicroelectronics X-CUBE-AZRTOS-L5 1.1.0
2023-05-17 09:57:53,864 [INFO] ThirdParty:1030 - CMSIS Pack Vendor :STMicroelectronics X-CUBE-AZRTOS-G0 1.1.0
2023-05-17 09:57:53,864 [INFO] ThirdParty:1030 - CMSIS Pack Vendor :STMicroelectronics X-CUBE-AI 8.0.1
2023-05-17 09:57:53,864 [INFO] ThirdParty:1030 - CMSIS Pack Vendor :STMicroelectronics X-CUBE-SUBG2 5.0.0
2023-05-17 09:57:53,864 [INFO] ThirdParty:1030 - CMSIS Pack Vendor :STMicroelectronics X-CUBE-NFC4 3.0.0
2023-05-17 09:57:53,864 [INFO] ThirdParty:1030 - CMSIS Pack Vendor :SEGGER I-CUBE-embOS 1.2.0
2023-05-17 09:57:53,864 [INFO] ThirdParty:1030 - CMSIS Pack Vendor :STMicroelectronics STM32_WPAN 1.0.0
2023-05-17 09:57:53,864 [INFO] ThirdParty:1030 - CMSIS Pack Vendor :STMicroelectronics lwIP 2.0.3
2023-05-17 09:57:53,864 [INFO] ThirdParty:1030 - CMSIS Pack Vendor :STMicroelectronics USB_HOST 1.0.0
2023-05-17 09:57:53,864 [INFO] ThirdParty:1030 - CMSIS Pack Vendor :STMicroelectronics X-CUBE-DISPLAY 2.1.0
2023-05-17 09:57:53,864 [INFO] ThirdParty:1030 - CMSIS Pack Vendor :STMicroelectronics X-CUBE-AZRTOS-G4 2.0.0
2023-05-17 09:57:53,864 [INFO] ThirdParty:1030 - CMSIS Pack Vendor :STMicroelectronics PDM2PCM 3.1.0
2023-05-17 09:57:53,864 [INFO] ThirdParty:1030 - CMSIS Pack Vendor :STMicroelectronics X-CUBE-TOF1 3.3.0
2023-05-17 09:57:53,864 [INFO] ThirdParty:1030 - CMSIS Pack Vendor :STMicroelectronics FP-ATR-ASTRA1 1.1.1
2023-05-17 09:57:53,864 [INFO] ThirdParty:1030 - CMSIS Pack Vendor :STMicroelectronics FP-ATR-ASTRA1 1.1.0
2023-05-17 09:57:53,864 [INFO] ThirdParty:1030 - CMSIS Pack Vendor :STMicroelectronics X-CUBE-AZRTOS-H7 2.0.0
2023-05-17 09:57:53,864 [INFO] ThirdParty:1030 - CMSIS Pack Vendor :STMicroelectronics X-CUBE-AZRTOS-G4 1.0.0
2023-05-17 09:57:53,864 [INFO] ThirdParty:1030 - CMSIS Pack Vendor :STMicroelectronics FP-ATR-SIGFOX1 3.2.0
2023-05-17 09:57:53,864 [INFO] ThirdParty:1030 - CMSIS Pack Vendor :STMicroelectronics X-CUBE-AZRTOS-L4 1.0.0
2023-05-17 09:57:53,864 [INFO] ThirdParty:1030 - CMSIS Pack Vendor :STMicroelectronics MBEDTLS 2.16.2
2023-05-17 09:57:53,864 [INFO] ThirdParty:1030 - CMSIS Pack Vendor :emotas I-CUBE-CANOPEN 1.1.2
2023-05-17 09:57:53,864 [INFO] ThirdParty:1030 - CMSIS Pack Vendor :STMicroelectronics X-CUBE-TOUCHGFX 4.20.0
2023-05-17 09:57:53,864 [INFO] ThirdParty:1030 - CMSIS Pack Vendor :STMicroelectronics X-CUBE-AZRTOS-F7 1.0.0
2023-05-17 09:57:53,864 [INFO] ThirdParty:1030 - CMSIS Pack Vendor :STMicroelectronics X-CUBE-AZRTOS-WL 1.0.0
2023-05-17 09:57:53,864 [INFO] ThirdParty:1030 - CMSIS Pack Vendor :STMicroelectronics X-CUBE-MEMS1 9.1.0
2023-05-17 09:57:53,864 [INFO] ThirdParty:1030 - CMSIS Pack Vendor :portGmbH I-Cube-SoM-uGOAL 1.1.0
2023-05-17 09:57:53,864 [INFO] ThirdParty:1030 - CMSIS Pack Vendor :STMicroelectronics X-CUBE-ALS 1.0.1
2023-05-17 09:57:53,864 [INFO] ThirdParty:1030 - CMSIS Pack Vendor :STMicroelectronics X-CUBE-MEMS1 9.5.0
2023-05-17 09:57:53,864 [INFO] ThirdParty:1030 - CMSIS Pack Vendor :STMicroelectronics ThreadX 1.0.0
2023-05-17 09:57:53,864 [INFO] ThirdParty:1030 - CMSIS Pack Vendor :STMicroelectronics X-CUBE-AZRTOS-WB 1.1.0
2023-05-17 09:57:53,864 [INFO] ThirdParty:1030 - CMSIS Pack Vendor :SEGGER I-CUBE-embOS 1.3.1
2023-05-17 09:57:53,864 [INFO] ThirdParty:1030 - CMSIS Pack Vendor :STMicroelectronics X-CUBE-AZRTOS-L5 1.0.0
2023-05-17 09:57:53,864 [INFO] ThirdParty:1030 - CMSIS Pack Vendor :STMicroelectronics X-CUBE-EEPRMA1 3.1.1
2023-05-17 09:57:53,864 [INFO] ThirdParty:1030 - CMSIS Pack Vendor :STMicroelectronics X-CUBE-GNSS1 5.2.0
2023-05-17 09:57:53,864 [INFO] ThirdParty:1030 - CMSIS Pack Vendor :STMicroelectronics FP-ATR-ASTRA1 2.0.0
2023-05-17 09:57:53,864 [INFO] ThirdParty:1030 - CMSIS Pack Vendor :STMicroelectronics X-CUBE-DISPLAY 2.0.1
2023-05-17 09:57:53,864 [INFO] ThirdParty:1030 - CMSIS Pack Vendor :STMicroelectronics X-CUBE-TOF1 3.0.0
2023-05-17 09:57:53,864 [INFO] ThirdParty:841 - exiting critical section [change project]
2023-05-17 09:57:54,094 [INFO] PinOutPanel:1499 - setPackage(No Configuration,No Configuration)
2023-05-17 09:57:54,094 [INFO] PinOutPanel:1499 - setPackage(STM32F103C6Tx,LQFP48)
2023-05-17 09:57:54,544 [INFO] UtilMem:75 - Before build in PCC Used Memory: 397799048 Bytes (544210944)
2023-05-17 09:57:55,264 [INFO] UtilMem:75 - After build in PCC Used Memory: 394384384 Bytes (544210944)
2023-05-17 09:57:55,284 [INFO] IPUIPlugin:80 - create IPUIPlugin
2023-05-17 09:57:55,284 [INFO] IPUIPlugin:80 - create IPUIPlugin
2023-05-17 09:57:55,284 [INFO] IPUIPlugin:80 - create IPUIPlugin
2023-05-17 09:57:55,284 [INFO] IPUIPlugin:80 - create IPUIPlugin
2023-05-17 09:57:55,284 [INFO] IPUIPlugin:80 - create IPUIPlugin
2023-05-17 09:57:55,284 [INFO] IPUIPlugin:80 - create IPUIPlugin
2023-05-17 09:57:55,284 [INFO] IPUIPlugin:80 - create IPUIPlugin
2023-05-17 09:57:55,284 [INFO] IPUIPlugin:80 - create IPUIPlugin
2023-05-17 09:57:55,284 [INFO] IPUIPlugin:80 - create IPUIPlugin
2023-05-17 09:57:55,284 [INFO] IPUIPlugin:80 - create IPUIPlugin
2023-05-17 09:57:55,284 [INFO] IPUIPlugin:80 - create IPUIPlugin
2023-05-17 09:57:55,284 [INFO] IPUIPlugin:80 - create IPUIPlugin
2023-05-17 09:57:55,284 [INFO] IPUIPlugin:80 - create IPUIPlugin
2023-05-17 09:57:55,284 [INFO] IPUIPlugin:80 - create IPUIPlugin
2023-05-17 09:57:55,284 [INFO] IPUIPlugin:80 - create IPUIPlugin
2023-05-17 09:57:55,284 [INFO] IPUIPlugin:80 - create IPUIPlugin
2023-05-17 09:57:55,284 [INFO] IPUIPlugin:80 - create IPUIPlugin
2023-05-17 09:57:55,284 [INFO] IPUIPlugin:80 - create IPUIPlugin
2023-05-17 09:57:55,284 [INFO] IPUIPlugin:80 - create IPUIPlugin
2023-05-17 09:57:55,284 [INFO] IPUIPlugin:80 - create IPUIPlugin
2023-05-17 09:57:55,284 [INFO] IPUIPlugin:80 - create IPUIPlugin
2023-05-17 09:57:55,284 [INFO] IPUIPlugin:80 - create IPUIPlugin
2023-05-17 09:57:55,284 [INFO] IPUIPlugin:80 - create IPUIPlugin
2023-05-17 09:57:55,504 [INFO] CADModel:165 - CPN selected for project levelSTM32F103C6T6A
2023-05-17 09:57:55,504 [INFO] CADModel:114 - Register for checkConnection events
2023-05-17 09:57:55,554 [INFO] OpenFileManager:328 - Restore cursor
2023-05-17 10:21:26,225 [ERROR] ConfigurationRetriever:142 - IOException on connection: Read timed out
2023-05-17 11:18:10,074 [INFO] ADCParametersView:116 -                Rank 1 : false
2023-05-17 11:18:10,104 [INFO] ADCParametersView:116 -                Rank 1 : false
2023-05-17 11:18:10,104 [INFO] ADCParametersView:116 -                Rank 1 : false
2023-05-17 11:18:10,104 [INFO] ADCParametersView:116 -                Rank 1 : false
2023-05-17 11:18:10,104 [INFO] ADCParametersView:116 -                Rank 1 : false
2023-05-17 11:18:10,104 [INFO] ADCParametersView:116 -                Rank 1 : false
2023-05-17 11:18:10,104 [INFO] ADCParametersView:116 -                Rank 1 : false
2023-05-17 11:18:10,104 [INFO] ADCParametersView:116 -                Rank 1 : false
2023-05-17 11:18:10,104 [INFO] ADCParametersView:116 -                Rank 1 : false
2023-05-17 11:18:10,104 [INFO] ADCParametersView:116 -                Rank 1 : false
2023-05-17 11:18:10,104 [INFO] ADCParametersView:116 -                Rank 1 : false
2023-05-17 11:18:10,104 [INFO] ADCParametersView:116 -                Rank 1 : false
2023-05-17 11:18:10,124 [INFO] NvicIntPanel:101 - NVIC parent = com.st.microxplorer.plugins.ip.nvic.MultiNvicIntPanel[,0,0,0x0,invalid,layout=javax.swing.BoxLayout,alignmentX=0.0,alignmentY=0.0,border=,flags=9,maximumSize=,minimumSize=,preferredSize=]
2023-05-17 11:18:13,520 [INFO] ADCParametersView:116 -                Rank 1 : false
2023-05-17 11:18:13,520 [INFO] ADCParametersView:116 -                Rank 1 : false
2023-05-17 11:18:13,520 [INFO] ADCParametersView:116 -                Rank 1 : false
2023-05-17 11:18:13,520 [INFO] ADCParametersView:116 -                Rank 1 : false
2023-05-17 11:18:13,520 [INFO] ADCParametersView:116 -                Rank 1 : false
2023-05-17 11:18:13,520 [INFO] ADCParametersView:116 -                Rank 1 : false
2023-05-17 11:18:13,520 [INFO] ADCParametersView:116 -                Rank 1 : false
2023-05-17 11:18:13,520 [INFO] ADCParametersView:116 -                Rank 1 : false
2023-05-17 11:18:13,520 [INFO] ADCParametersView:116 -                Rank 1 : false
2023-05-17 11:18:13,520 [INFO] ADCParametersView:116 -                Rank 1 : false
2023-05-17 11:18:13,520 [INFO] ADCParametersView:116 -                Rank 1 : false
2023-05-17 11:18:20,658 [INFO] SpinnerEditorADC:65 - is string kkkk
2023-05-17 11:18:22,720 [INFO] NvicIntPanel:101 - NVIC parent = com.st.microxplorer.plugins.ip.nvic.MultiNvicIntPanel[,0,0,0x0,invalid,layout=javax.swing.BoxLayout,alignmentX=0.0,alignmentY=0.0,border=,flags=9,maximumSize=,minimumSize=,preferredSize=]
2023-05-17 11:18:22,758 [INFO] ADCParametersView:116 -                Rank 1 : false
2023-05-17 11:18:22,758 [INFO] ADCParametersView:116 -                Rank 1 : false
2023-05-17 11:18:22,758 [INFO] ADCParametersView:116 -                Rank 1 : false
2023-05-17 11:18:22,758 [INFO] ADCParametersView:116 -                Rank 1 : false
2023-05-17 11:18:22,758 [INFO] ADCParametersView:116 -                Rank 1 : false
2023-05-17 11:18:22,758 [INFO] ADCParametersView:116 -                Rank 1 : false
2023-05-17 11:18:22,758 [INFO] ADCParametersView:116 -                Rank 1 : false
2023-05-17 11:18:22,758 [INFO] ADCParametersView:116 -                Rank 1 : false
2023-05-17 11:18:22,758 [INFO] ADCParametersView:116 -                Rank 1 : false
2023-05-17 11:18:22,758 [INFO] ADCParametersView:116 -                Rank 1 : false
2023-05-17 11:18:22,758 [INFO] ADCParametersView:116 -                Rank 1 : false
2023-05-17 11:18:24,042 [INFO] ADCParametersView:116 -                Rank 1 : true
2023-05-17 11:18:25,326 [INFO] ADCParametersView:116 -                Rank 1 : false
2023-05-17 11:18:40,527 [INFO] ADCParametersView:116 -                Rank 1 : false
2023-05-17 11:18:40,527 [INFO] ADCParametersView:116 -                Rank 1 : false
2023-05-17 11:18:40,527 [INFO] ADCParametersView:116 -                Rank 1 : false
2023-05-17 11:18:40,527 [INFO] ADCParametersView:116 -                Rank 1 : false
2023-05-17 11:18:40,527 [INFO] ADCParametersView:116 -                Rank 1 : false
2023-05-17 11:18:40,527 [INFO] ADCParametersView:116 -                Rank 1 : false
2023-05-17 11:18:40,527 [INFO] ADCParametersView:116 -                Rank 1 : false
2023-05-17 11:18:40,527 [INFO] ADCParametersView:116 -                Rank 1 : false
2023-05-17 11:18:40,527 [INFO] ADCParametersView:116 -                Rank 1 : false
2023-05-17 11:18:40,527 [INFO] ADCParametersView:116 -                Rank 1 : false
2023-05-17 11:18:40,527 [INFO] ADCParametersView:116 -                Rank 1 : false
2023-05-17 11:18:40,527 [INFO] ADCParametersView:116 -                Rank 1 : false
2023-05-17 11:18:40,527 [INFO] ADCParametersView:116 -                Rank 1 : false
2023-05-17 11:18:40,527 [INFO] ADCParametersView:116 -                Rank 1 : false
2023-05-17 11:18:40,527 [INFO] ADCParametersView:116 -                Rank 1 : false
2023-05-17 11:18:40,527 [INFO] ADCParametersView:116 -                Rank 1 : false
2023-05-17 11:18:40,537 [INFO] ADCParametersView:116 -                Rank 1 : false
2023-05-17 11:18:40,537 [INFO] ADCParametersView:116 -                Rank 1 : false
2023-05-17 11:18:40,537 [INFO] ADCParametersView:116 -                Rank 1 : false
2023-05-17 11:18:40,537 [INFO] ADCParametersView:116 -                Rank 1 : false
2023-05-17 11:18:40,537 [INFO] ADCParametersView:116 -                Rank 1 : false
2023-05-17 11:18:40,537 [INFO] ADCParametersView:116 -                Rank 1 : false
2023-05-17 11:18:48,542 [INFO] ADCParametersView:116 -                Rank 1 : false
2023-05-17 11:18:48,542 [INFO] ADCParametersView:116 -                Rank 1 : false
2023-05-17 11:18:48,542 [INFO] ADCParametersView:116 -                Rank 1 : false
2023-05-17 11:18:48,542 [INFO] ADCParametersView:116 -                Rank 1 : false
2023-05-17 11:18:48,542 [INFO] ADCParametersView:116 -                Rank 1 : false
2023-05-17 11:18:48,542 [INFO] ADCParametersView:116 -                Rank 1 : false
2023-05-17 11:18:48,542 [INFO] ADCParametersView:116 -                Rank 1 : false
2023-05-17 11:18:48,542 [INFO] ADCParametersView:116 -                Rank 1 : false
2023-05-17 11:18:48,542 [INFO] ADCParametersView:116 -                Rank 1 : false
2023-05-17 11:18:48,542 [INFO] ADCParametersView:116 -                Rank 1 : false
2023-05-17 11:18:48,542 [INFO] ADCParametersView:116 -                Rank 1 : false
2023-05-17 11:18:48,542 [INFO] ADCParametersView:116 -                Rank 1 : false
2023-05-17 11:18:48,542 [INFO] ADCParametersView:116 -                Rank 1 : false
2023-05-17 11:18:48,542 [INFO] ADCParametersView:116 -                Rank 1 : false
2023-05-17 11:18:48,542 [INFO] ADCParametersView:116 -                Rank 1 : false
2023-05-17 11:18:48,542 [INFO] ADCParametersView:116 -                Rank 1 : false
2023-05-17 11:18:48,542 [INFO] ADCParametersView:116 -                Rank 1 : false
2023-05-17 11:18:48,552 [INFO] ADCParametersView:116 -                Rank 1 : false
2023-05-17 11:18:48,552 [INFO] ADCParametersView:116 -                Rank 1 : false
2023-05-17 11:18:48,552 [INFO] ADCParametersView:116 -                Rank 1 : false
2023-05-17 11:18:48,552 [INFO] ADCParametersView:116 -                Rank 1 : false
2023-05-17 11:18:48,552 [INFO] ADCParametersView:116 -                Rank 1 : false
2023-05-17 11:18:55,042 [INFO] ADCParametersView:116 -                Rank 1 : false
2023-05-17 11:18:55,042 [INFO] ADCParametersView:116 -                Rank 1 : false
2023-05-17 11:18:55,042 [INFO] ADCParametersView:116 -                Rank 1 : false
2023-05-17 11:18:55,042 [INFO] ADCParametersView:116 -                Rank 1 : false
2023-05-17 11:18:55,042 [INFO] ADCParametersView:116 -                Rank 1 : false
2023-05-17 11:18:55,042 [INFO] ADCParametersView:116 -                Rank 1 : false
2023-05-17 11:18:55,042 [INFO] ADCParametersView:116 -                Rank 1 : false
2023-05-17 11:18:55,042 [INFO] ADCParametersView:116 -                Rank 1 : false
2023-05-17 11:18:55,042 [INFO] ADCParametersView:116 -                Rank 1 : false
2023-05-17 11:18:55,042 [INFO] ADCParametersView:116 -                Rank 1 : false
2023-05-17 11:18:55,052 [INFO] ADCParametersView:116 -                Rank 1 : false
2023-05-17 11:18:55,052 [INFO] ADCParametersView:116 -                Rank 1 : false
2023-05-17 11:18:55,052 [INFO] ADCParametersView:116 -                Rank 1 : false
2023-05-17 11:18:55,052 [INFO] ADCParametersView:116 -                Rank 1 : false
2023-05-17 11:18:55,052 [INFO] ADCParametersView:116 -                Rank 1 : false
2023-05-17 11:18:55,052 [INFO] ADCParametersView:116 -                Rank 1 : false
2023-05-17 11:18:55,052 [INFO] ADCParametersView:116 -                Rank 1 : false
2023-05-17 11:18:55,052 [INFO] ADCParametersView:116 -                Rank 1 : false
2023-05-17 11:18:55,052 [INFO] ADCParametersView:116 -                Rank 1 : false
2023-05-17 11:18:55,052 [INFO] ADCParametersView:116 -                Rank 1 : false
2023-05-17 11:18:55,052 [INFO] ADCParametersView:116 -                Rank 1 : false
2023-05-17 11:18:55,052 [INFO] ADCParametersView:116 -                Rank 1 : false
2023-05-17 11:18:56,226 [INFO] ADCParametersView:116 -                Rank 1 : false
2023-05-17 11:18:56,226 [INFO] ADCParametersView:116 -                Rank 1 : false
2023-05-17 11:18:56,226 [INFO] ADCParametersView:116 -                Rank 1 : false
2023-05-17 11:18:56,226 [INFO] ADCParametersView:116 -                Rank 1 : false
2023-05-17 11:18:56,226 [INFO] ADCParametersView:116 -                Rank 1 : false
2023-05-17 11:18:56,226 [INFO] ADCParametersView:116 -                Rank 1 : false
2023-05-17 11:18:56,226 [INFO] ADCParametersView:116 -                Rank 1 : false
2023-05-17 11:18:56,226 [INFO] ADCParametersView:116 -                Rank 1 : false
2023-05-17 11:18:56,226 [INFO] ADCParametersView:116 -                Rank 1 : false
2023-05-17 11:18:56,226 [INFO] ADCParametersView:116 -                Rank 1 : false
2023-05-17 11:18:56,226 [INFO] ADCParametersView:116 -                Rank 1 : false
2023-05-17 11:18:56,236 [INFO] ADCParametersView:116 -                Rank 1 : false
2023-05-17 11:18:56,236 [INFO] ADCParametersView:116 -                Rank 1 : false
2023-05-17 11:18:56,236 [INFO] ADCParametersView:116 -                Rank 1 : false
2023-05-17 11:18:56,236 [INFO] ADCParametersView:116 -                Rank 1 : false
2023-05-17 11:18:56,236 [INFO] ADCParametersView:116 -                Rank 1 : false
2023-05-17 11:18:56,236 [INFO] ADCParametersView:116 -                Rank 1 : false
2023-05-17 11:18:56,236 [INFO] ADCParametersView:116 -                Rank 1 : false
2023-05-17 11:18:56,236 [INFO] ADCParametersView:116 -                Rank 1 : false
2023-05-17 11:18:56,236 [INFO] ADCParametersView:116 -                Rank 1 : false
2023-05-17 11:18:56,236 [INFO] ADCParametersView:116 -                Rank 1 : false
2023-05-17 11:18:56,236 [INFO] ADCParametersView:116 -                Rank 1 : false
