2023-07-09 09:17:29,196 [INFO] Activator:176 - 


2023-07-09 09:17:29,206 [INFO] Activator:177 - !SESSION log4j initialized
2023-07-09 09:17:36,656 [ERROR] LogOutputStream:75 - [STDERR_REDIRECT] Warning: NLS unused message: ?????????????????????? in: org.eclipse.ui.views.markers.internal.messages
2023-07-09 09:17:40,937 [INFO] LogOutputStream:77 - [STDOUT_REDIRECT] 
2023-07-09 09:18:06,190 [ERROR] LogOutputStream:75 - [STDERR_REDIRECT] SLF4J: Failed to load class "org.slf4j.impl.StaticLoggerBinder".
2023-07-09 09:18:06,200 [ERROR] LogOutputStream:75 - [STDERR_REDIRECT] SLF4J: Defaulting to no-operation (NOP) logger implementation
2023-07-09 09:18:06,200 [ERROR] LogOutputStream:75 - [STDERR_REDIRECT] SLF4J: See http://www.slf4j.org/codes.html#StaticLoggerBinder for further details.
2023-07-09 09:31:53,786 [INFO] Activator:176 - 


2023-07-09 09:31:53,791 [INFO] Activator:177 - !SESSION log4j initialized
2023-07-09 09:31:56,286 [ERROR] LogOutputStream:75 - [STDERR_REDIRECT] Warning: NLS unused message: ?????????????????????? in: org.eclipse.ui.views.markers.internal.messages
2023-07-09 09:31:58,073 [INFO] LogOutputStream:77 - [STDOUT_REDIRECT] 
2023-07-09 09:32:05,104 [INFO] ApplicationProperties:184 - Using Application install path: E:\Software\STM32CubeIDE_1.12.0\STM32CubeIDE\plugins\com.st.stm32cube.common.mx_6.8.1.202304191431
2023-07-09 09:32:05,118 [INFO] DbMcusXml:78 - Set database path to: E:\Software\STM32CubeIDE_1.12.0\STM32CubeIDE\plugins\com.st.stm32cube.common.mx_6.8.1.202304191431\\db\/mcu/
2023-07-09 09:32:05,120 [INFO] ApiDb:274 - Set plugin database path to: E:\Software\STM32CubeIDE_1.12.0\STM32CubeIDE\plugins\com.st.stm32cube.common.mx_6.8.1.202304191431\\db\/plugins/boardmanager/
2023-07-09 09:32:05,122 [WARN] ApiDb:259 - Overriding images path with different value:  => E:\Software\STM32CubeIDE_1.12.0\STM32CubeIDE\plugins\com.st.stm32cube.common.mx_6.8.1.202304191431\\db\/plugins/mcufinder/images/
2023-07-09 09:32:05,139 [INFO] ApiDb:250 - Set database path to: C:\Users\Administrator\.stmcufinder\plugins\mcufinder//mcu/
2023-07-09 09:32:05,142 [INFO] DbMcusAds:125 - Set database path to: C:\Users\Administrator\.stmcufinder\plugins\mcufinder//mcu/
2023-07-09 09:32:05,144 [INFO] CrossReferenceDbSqlite:203 - Set database path to: C:\Users\Administrator\.stmcufinder\plugins\mcufinder//mcu/cs/
2023-07-09 09:32:05,260 [INFO] RulesReader:64 - Compatibility file has been processed (293 Rules)
2023-07-09 09:32:05,355 [INFO] DbMcusXml:78 - Set database path to: E:\Software\STM32CubeIDE_1.12.0\STM32CubeIDE\plugins\com.st.stm32cube.common.mx_6.8.1.202304191431\\db\/mcu/
2023-07-09 09:32:05,355 [INFO] ApiDb:274 - Set plugin database path to: E:\Software\STM32CubeIDE_1.12.0\STM32CubeIDE\plugins\com.st.stm32cube.common.mx_6.8.1.202304191431\\db\/plugins/boardmanager/
2023-07-09 09:32:05,356 [INFO] ApiDb:261 - Set plugin images path to: E:\Software\STM32CubeIDE_1.12.0\STM32CubeIDE\plugins\com.st.stm32cube.common.mx_6.8.1.202304191431\\db\/plugins/mcufinder/images/
2023-07-09 09:32:05,356 [WARN] DbFile:41 - Overriding database path with different value: C:\Users\Administrator\.stmcufinder\plugins\mcufinder/ => C:\Users\Administrator\.stmcufinder\plugins\mcufinder
2023-07-09 09:32:05,356 [INFO] ApiDb:250 - Set database path to: C:\Users\Administrator\.stmcufinder\plugins\mcufinder//mcu/
2023-07-09 09:32:05,356 [WARN] DbFile:41 - Overriding database path with different value: C:\Users\Administrator\.stmcufinder\plugins\mcufinder/ => C:\Users\Administrator\.stmcufinder\plugins\mcufinder
2023-07-09 09:32:05,356 [INFO] DbMcusAds:125 - Set database path to: C:\Users\Administrator\.stmcufinder\plugins\mcufinder//mcu/
2023-07-09 09:32:05,356 [WARN] DbFile:41 - Overriding database path with different value: C:\Users\Administrator\.stmcufinder\plugins\mcufinder/ => C:\Users\Administrator\.stmcufinder\plugins\mcufinder
2023-07-09 09:32:05,356 [WARN] DbFile:41 - Overriding database path with different value: C:\Users\Administrator\.stmcufinder\plugins\mcufinder/ => C:\Users\Administrator\.stmcufinder\plugins\mcufinder
2023-07-09 09:32:05,357 [INFO] CrossReferenceDbSqlite:203 - Set database path to: C:\Users\Administrator\.stmcufinder\plugins\mcufinder//mcu/cs/
2023-07-09 09:32:05,457 [INFO] MainPanel:253 - HeapMemory: 268435456
2023-07-09 09:32:05,536 [INFO] DbMcusXml:78 - Set database path to: E:\Software\STM32CubeIDE_1.12.0\STM32CubeIDE\plugins\com.st.stm32cube.common.mx_6.8.1.202304191431\\db\/mcu/
2023-07-09 09:32:05,536 [INFO] ApiDb:274 - Set plugin database path to: E:\Software\STM32CubeIDE_1.12.0\STM32CubeIDE\plugins\com.st.stm32cube.common.mx_6.8.1.202304191431\\db\/plugins/boardmanager/
2023-07-09 09:32:05,537 [INFO] ApiDb:261 - Set plugin images path to: E:\Software\STM32CubeIDE_1.12.0\STM32CubeIDE\plugins\com.st.stm32cube.common.mx_6.8.1.202304191431\\db\/plugins/mcufinder/images/
2023-07-09 09:32:05,537 [WARN] DbFile:41 - Overriding database path with different value: C:\Users\Administrator\.stmcufinder\plugins\mcufinder/ => C:\Users\Administrator\.stmcufinder\plugins\mcufinder
2023-07-09 09:32:05,537 [INFO] ApiDb:250 - Set database path to: C:\Users\Administrator\.stmcufinder\plugins\mcufinder//mcu/
2023-07-09 09:32:05,537 [WARN] DbFile:41 - Overriding database path with different value: C:\Users\Administrator\.stmcufinder\plugins\mcufinder/ => C:\Users\Administrator\.stmcufinder\plugins\mcufinder
2023-07-09 09:32:05,537 [INFO] DbMcusAds:125 - Set database path to: C:\Users\Administrator\.stmcufinder\plugins\mcufinder//mcu/
2023-07-09 09:32:05,537 [WARN] DbFile:41 - Overriding database path with different value: C:\Users\Administrator\.stmcufinder\plugins\mcufinder/ => C:\Users\Administrator\.stmcufinder\plugins\mcufinder
2023-07-09 09:32:05,537 [WARN] DbFile:41 - Overriding database path with different value: C:\Users\Administrator\.stmcufinder\plugins\mcufinder/ => C:\Users\Administrator\.stmcufinder\plugins\mcufinder
2023-07-09 09:32:05,537 [INFO] CrossReferenceDbSqlite:203 - Set database path to: C:\Users\Administrator\.stmcufinder\plugins\mcufinder//mcu/cs/
2023-07-09 09:32:05,559 [INFO] ApplicationProperties:184 - Using Application install path: E:\Software\STM32CubeIDE_1.12.0\STM32CubeIDE\plugins\com.st.stm32cube.common.mx_6.8.1.202304191431
2023-07-09 09:32:05,561 [INFO] PluginManage:196 - Search for loadable plugins [exclusion list=, ]
2023-07-09 09:32:05,562 [INFO] PluginManage:310 - Check plugin analytics
2023-07-09 09:32:05,715 [INFO] AnalyticsPlugin:253 - Accepted Software Licenses: 
2023-07-09 09:32:05,715 [INFO] AnalyticsPlugin:255 - Accepted CMSIS Pack Licenses: 
2023-07-09 09:32:05,715 [INFO] AnalyticsPlugin:257 - Accepted Firmware Licenses: FW.C0.1.0.0
2023-07-09 09:32:05,744 [INFO] PluginManage:359 - Loaded plugin analytics (category:tool,tabindex:-1)
2023-07-09 09:32:05,745 [INFO] PluginManage:310 - Check plugin cadmodel
2023-07-09 09:32:05,751 [INFO] CADModel:105 - Init CAD model plugin
2023-07-09 09:32:05,751 [INFO] PluginManage:359 - Loaded plugin cadmodel (category:power,tabindex:5)
2023-07-09 09:32:05,751 [INFO] PluginManage:310 - Check plugin clock
2023-07-09 09:32:05,772 [INFO] PluginManage:359 - Loaded plugin clock (category:base,tabindex:2)
2023-07-09 09:32:05,772 [INFO] PluginManage:310 - Check plugin ddr
2023-07-09 09:32:05,778 [INFO] PluginManage:359 - Loaded plugin ddr (category:tool,tabindex:6)
2023-07-09 09:32:05,778 [INFO] PluginManage:310 - Check plugin filemanager
2023-07-09 09:32:05,990 [INFO] PluginManage:359 - Loaded plugin filemanager (category:base,tabindex:10)
2023-07-09 09:32:05,990 [INFO] PluginManage:310 - Check plugin ipmanager
2023-07-09 09:32:06,002 [INFO] PluginManage:359 - Loaded plugin ipmanager (category:base,tabindex:5)
2023-07-09 09:32:06,002 [INFO] PluginManage:310 - Check plugin lpbam
2023-07-09 09:32:06,020 [INFO] PluginManage:359 - Loaded plugin lpbam (category:base,tabindex:0)
2023-07-09 09:32:06,020 [INFO] PluginManage:310 - Check plugin pinoutandconfiguration
2023-07-09 09:32:06,039 [INFO] PluginManage:359 - Loaded plugin pinoutandconfiguration (category:base,tabindex:1)
2023-07-09 09:32:06,039 [INFO] PluginManage:310 - Check plugin pinoutconfig
2023-07-09 09:32:06,088 [WARN] SupportedApi:132 - Cannot load RTOS API schema: s4s-elt-must-match.1: The content of 'definitions' must match (annotation?, (simpleType | complexType)?, (unique | key | keyref)*)). A problem was found starting at: attribute.
2023-07-09 09:32:06,189 [INFO] PluginManage:359 - Loaded plugin pinoutconfig (category:base,tabindex:0)
2023-07-09 09:32:06,189 [INFO] PluginManage:310 - Check plugin power
2023-07-09 09:32:06,194 [INFO] PluginManage:359 - Loaded plugin power (category:power,tabindex:4)
2023-07-09 09:32:06,194 [INFO] PluginManage:310 - Check plugin projectmanager
2023-07-09 09:32:06,220 [INFO] PluginManage:359 - Loaded plugin projectmanager (category:projectmanager,tabindex:3)
2023-07-09 09:32:06,220 [INFO] PluginManage:310 - Check plugin thirdparty
2023-07-09 09:32:06,340 [INFO] PluginManage:359 - Loaded plugin thirdparty (category:base,tabindex:-1)
2023-07-09 09:32:06,341 [INFO] PluginManage:310 - Check plugin tools
2023-07-09 09:32:06,340 [WARN] IntegrityCheckThread:84 - waiting for thirdparty lock release [integrity check]
2023-07-09 09:32:06,341 [INFO] IntegrityCheckThread:86 - entering critical section [integrity check]
2023-07-09 09:32:06,344 [INFO] PluginManage:359 - Loaded plugin tools (category:base,tabindex:7)
2023-07-09 09:32:06,344 [INFO] PluginManage:310 - Check plugin tutovideos
2023-07-09 09:32:06,344 [INFO] ThirdPartyUpdaterWithRetryManager:70 - Updater plugin not ready yet. [1/15]
2023-07-09 09:32:06,501 [INFO] PluginManage:359 - Loaded plugin tutovideos (category:base,tabindex:-1)
2023-07-09 09:32:06,502 [INFO] PluginManage:310 - Check plugin updater
2023-07-09 09:32:06,516 [INFO] PluginManage:359 - Loaded plugin updater (category:base,tabindex:12)
2023-07-09 09:32:06,517 [INFO] PluginManage:283 - PluginManage : Loaded plugins [15]
2023-07-09 09:32:06,743 [INFO] PinOutPanel:1499 - setPackage(No Configuration,No Configuration)
2023-07-09 09:32:06,797 [INFO] CADModel:165 - CPN selected for project level
2023-07-09 09:32:06,797 [INFO] CADModel:114 - Register for checkConnection events
2023-07-09 09:32:06,808 [INFO] IPUIPlugin:80 - create IPUIPlugin
2023-07-09 09:32:06,808 [INFO] PluginManager:220 - loadIPPluginJar : add adc
2023-07-09 09:32:06,809 [INFO] IPUIPlugin:80 - create IPUIPlugin
2023-07-09 09:32:06,810 [INFO] PluginManager:220 - loadIPPluginJar : add aes
2023-07-09 09:32:06,811 [INFO] IPUIPlugin:80 - create IPUIPlugin
2023-07-09 09:32:06,811 [INFO] PluginManager:220 - loadIPPluginJar : add can
2023-07-09 09:32:06,812 [INFO] IPUIPlugin:80 - create IPUIPlugin
2023-07-09 09:32:06,812 [INFO] PluginManager:220 - loadIPPluginJar : add comp
2023-07-09 09:32:06,813 [INFO] IPUIPlugin:80 - create IPUIPlugin
2023-07-09 09:32:06,813 [INFO] PluginManager:220 - loadIPPluginJar : add cryp
2023-07-09 09:32:06,815 [INFO] IPUIPlugin:80 - create IPUIPlugin
2023-07-09 09:32:06,815 [INFO] PluginManager:220 - loadIPPluginJar : add dfsdm
2023-07-09 09:32:06,819 [INFO] IPUIPlugin:80 - create IPUIPlugin
2023-07-09 09:32:06,820 [INFO] PluginManager:220 - loadIPPluginJar : add dma
2023-07-09 09:32:06,821 [INFO] IPUIPlugin:80 - create IPUIPlugin
2023-07-09 09:32:06,821 [INFO] PluginManager:220 - loadIPPluginJar : add dma3
2023-07-09 09:32:06,822 [INFO] IPUIPlugin:80 - create IPUIPlugin
2023-07-09 09:32:06,822 [INFO] PluginManager:220 - loadIPPluginJar : add fatfs
2023-07-09 09:32:06,825 [INFO] IPUIPlugin:80 - create IPUIPlugin
2023-07-09 09:32:06,825 [INFO] PluginManager:220 - loadIPPluginJar : add fmc
2023-07-09 09:32:06,828 [INFO] IPUIPlugin:80 - create IPUIPlugin
2023-07-09 09:32:06,828 [INFO] PluginManager:220 - loadIPPluginJar : add freertos
2023-07-09 09:32:06,829 [INFO] IPUIPlugin:80 - create IPUIPlugin
2023-07-09 09:32:06,829 [INFO] PluginManager:220 - loadIPPluginJar : add genericplugin
2023-07-09 09:32:06,830 [INFO] IPUIPlugin:80 - create IPUIPlugin
2023-07-09 09:32:06,830 [INFO] PluginManager:220 - loadIPPluginJar : add gfxmmu
2023-07-09 09:32:06,833 [INFO] IPUIPlugin:80 - create IPUIPlugin
2023-07-09 09:32:06,833 [INFO] PluginManager:220 - loadIPPluginJar : add gic
2023-07-09 09:32:06,836 [INFO] IPUIPlugin:80 - create IPUIPlugin
2023-07-09 09:32:06,836 [INFO] PluginManager:220 - loadIPPluginJar : add gpio
2023-07-09 09:32:06,837 [INFO] IPUIPlugin:80 - create IPUIPlugin
2023-07-09 09:32:06,837 [INFO] PluginManager:220 - loadIPPluginJar : add gtzc
2023-07-09 09:32:06,839 [INFO] IPUIPlugin:80 - create IPUIPlugin
2023-07-09 09:32:06,839 [INFO] PluginManager:220 - loadIPPluginJar : add hash
2023-07-09 09:32:06,840 [INFO] IPUIPlugin:80 - create IPUIPlugin
2023-07-09 09:32:06,840 [INFO] PluginManager:220 - loadIPPluginJar : add i2c
2023-07-09 09:32:06,842 [INFO] IPUIPlugin:80 - create IPUIPlugin
2023-07-09 09:32:06,842 [INFO] PluginManager:220 - loadIPPluginJar : add i2s
2023-07-09 09:32:06,844 [INFO] IPUIPlugin:80 - create IPUIPlugin
2023-07-09 09:32:06,844 [INFO] PluginManager:220 - loadIPPluginJar : add i3c
2023-07-09 09:32:06,846 [INFO] IPUIPlugin:80 - create IPUIPlugin
2023-07-09 09:32:06,846 [INFO] PluginManager:220 - loadIPPluginJar : add ipddr
2023-07-09 09:32:06,852 [INFO] IPUIPlugin:80 - create IPUIPlugin
2023-07-09 09:32:06,853 [INFO] PluginManager:220 - loadIPPluginJar : add linkedlist
2023-07-09 09:32:06,854 [INFO] IPUIPlugin:80 - create IPUIPlugin
2023-07-09 09:32:06,854 [INFO] PluginManager:220 - loadIPPluginJar : add lorawan
2023-07-09 09:32:06,855 [INFO] IPUIPlugin:80 - create IPUIPlugin
2023-07-09 09:32:06,855 [INFO] PluginManager:220 - loadIPPluginJar : add ltdc
2023-07-09 09:32:06,858 [INFO] IPUIPlugin:80 - create IPUIPlugin
2023-07-09 09:32:06,858 [INFO] PluginManager:220 - loadIPPluginJar : add mdma
2023-07-09 09:32:06,860 [INFO] IPUIPlugin:80 - create IPUIPlugin
2023-07-09 09:32:06,860 [INFO] PluginManager:220 - loadIPPluginJar : add nvic
2023-07-09 09:32:06,862 [INFO] IPUIPlugin:80 - create IPUIPlugin
2023-07-09 09:32:06,862 [INFO] PluginManager:220 - loadIPPluginJar : add opamp
2023-07-09 09:32:06,863 [INFO] IPUIPlugin:80 - create IPUIPlugin
2023-07-09 09:32:06,864 [INFO] PluginManager:220 - loadIPPluginJar : add openamp
2023-07-09 09:32:06,866 [INFO] IPUIPlugin:80 - create IPUIPlugin
2023-07-09 09:32:06,866 [INFO] PluginManager:220 - loadIPPluginJar : add pdm2pcm
2023-07-09 09:32:06,870 [INFO] IPUIPlugin:80 - create IPUIPlugin
2023-07-09 09:32:06,874 [INFO] PluginManager:220 - loadIPPluginJar : add plateformsettings
2023-07-09 09:32:06,877 [INFO] IPUIPlugin:80 - create IPUIPlugin
2023-07-09 09:32:06,877 [INFO] PluginManager:220 - loadIPPluginJar : add quadspi
2023-07-09 09:32:06,879 [INFO] IPUIPlugin:80 - create IPUIPlugin
2023-07-09 09:32:06,879 [INFO] PluginManager:220 - loadIPPluginJar : add resmgrutility
2023-07-09 09:32:06,880 [INFO] IPUIPlugin:80 - create IPUIPlugin
2023-07-09 09:32:06,881 [INFO] PluginManager:220 - loadIPPluginJar : add sai
2023-07-09 09:32:06,883 [INFO] IPUIPlugin:80 - create IPUIPlugin
2023-07-09 09:32:06,883 [INFO] PluginManager:220 - loadIPPluginJar : add spi
2023-07-09 09:32:06,889 [INFO] IPUIPlugin:80 - create IPUIPlugin
2023-07-09 09:32:06,889 [INFO] PluginManager:220 - loadIPPluginJar : add stm32_wpan
2023-07-09 09:32:06,890 [INFO] IPUIPlugin:80 - create IPUIPlugin
2023-07-09 09:32:06,890 [INFO] PluginManager:220 - loadIPPluginJar : add tim
2023-07-09 09:32:06,892 [INFO] IPUIPlugin:80 - create IPUIPlugin
2023-07-09 09:32:06,892 [INFO] PluginManager:220 - loadIPPluginJar : add touchsensing
2023-07-09 09:32:06,893 [INFO] IPUIPlugin:80 - create IPUIPlugin
2023-07-09 09:32:06,893 [INFO] PluginManager:220 - loadIPPluginJar : add tracer_emb
2023-07-09 09:32:06,894 [INFO] IPUIPlugin:80 - create IPUIPlugin
2023-07-09 09:32:06,894 [INFO] PluginManager:220 - loadIPPluginJar : add ts
2023-07-09 09:32:06,894 [INFO] IPUIPlugin:80 - create IPUIPlugin
2023-07-09 09:32:06,895 [INFO] PluginManager:220 - loadIPPluginJar : add tsc
2023-07-09 09:32:06,895 [INFO] IPUIPlugin:80 - create IPUIPlugin
2023-07-09 09:32:06,896 [INFO] PluginManager:220 - loadIPPluginJar : add ucpd
2023-07-09 09:32:06,897 [INFO] IPUIPlugin:80 - create IPUIPlugin
2023-07-09 09:32:06,897 [INFO] PluginManager:220 - loadIPPluginJar : add usart
2023-07-09 09:32:06,899 [INFO] IPUIPlugin:80 - create IPUIPlugin
2023-07-09 09:32:06,899 [INFO] PluginManager:220 - loadIPPluginJar : add usbx
2023-07-09 09:32:07,010 [INFO] CADModel:165 - CPN selected for project level
2023-07-09 09:32:07,010 [INFO] CADModel:114 - Register for checkConnection events
2023-07-09 09:32:07,010 [FATAL] Updater:308 - Updater called before beeing initialized
2023-07-09 09:32:07,010 [ERROR] CADModel:125 - Updater not yet initialized, retry later 
2023-07-09 09:32:07,131 [INFO] CADModel:165 - CPN selected for project level
2023-07-09 09:32:07,131 [INFO] CADModel:114 - Register for checkConnection events
2023-07-09 09:32:07,131 [FATAL] Updater:308 - Updater called before beeing initialized
2023-07-09 09:32:07,131 [ERROR] CADModel:125 - Updater not yet initialized, retry later 
2023-07-09 09:32:07,135 [FATAL] Updater:308 - Updater called before beeing initialized
2023-07-09 09:32:07,294 [FATAL] Updater:308 - Updater called before beeing initialized
2023-07-09 09:32:07,304 [INFO] DbMcusAds:53 - JSON generation date=Tue Mar 07 16:50:55 CST 2023 (1678179055335)
2023-07-09 09:32:07,304 [FATAL] Updater:308 - Updater called before beeing initialized
2023-07-09 09:32:07,329 [WARN] DetailPanel:346 - Failed to get advertising image, set to default
2023-07-09 09:32:07,409 [FATAL] Updater:308 - Updater called before beeing initialized
2023-07-09 09:32:07,410 [FATAL] Updater:308 - Updater called before beeing initialized
2023-07-09 09:32:07,410 [FATAL] Updater:308 - Updater called before beeing initialized
2023-07-09 09:32:07,410 [WARN] DetailPanel:346 - Failed to get advertising image, set to default
2023-07-09 09:32:07,411 [FATAL] Updater:308 - Updater called before beeing initialized
2023-07-09 09:32:07,457 [ERROR] Updater:1120 - MainUpdater not yet initialized. External WinMGr cannot be set.
2023-07-09 09:32:07,458 [INFO] Updater:1056 - Updater Version found : 6.8.1
2023-07-09 09:32:07,471 [INFO] ApplicationProperties:184 - Using Application install path: E:\Software\STM32CubeIDE_1.12.0\STM32CubeIDE\plugins\com.st.stm32cube.common.mx_6.8.1.202304191431
2023-07-09 09:32:07,552 [INFO] MainUpdater:519 - Copy updater definitions from MX database
2023-07-09 09:32:07,837 [INFO] MainUpdater:2854 - connection check result : 10
2023-07-09 09:32:07,837 [INFO] MainUpdater:3548 - Updater definition file requires update
2023-07-09 09:32:07,838 [INFO] MainUpdater:283 - Updater Check For Update Now.
2023-07-09 09:32:07,838 [INFO] MicroXplorer:498 - Change Database Version : DB.6.0.81
2023-07-09 09:32:07,891 [INFO] ServerAccessManage:473 - Download File updaters.zip
2023-07-09 09:32:08,018 [INFO] FileExtend:240 - Unzip File : updaters.zip
2023-07-09 09:32:08,018 [INFO] FileExtend:255 - Standard Zip Deflate
2023-07-09 09:32:08,230 [INFO] ServerAccessManage:473 - Download File PacksControlFlags.xml
2023-07-09 09:32:08,305 [INFO] ServerAccessManage:473 - Download File cubemx.pidx
2023-07-09 09:32:08,378 [INFO] LoadServerUpdatesThread:373 - End of LoadServerUpdate Thread
2023-07-09 09:32:08,557 [INFO] CheckServerUpdateThread:120 - End of CheckServer Thread
2023-07-09 09:32:08,681 [INFO] MainUpdater:2854 - connection check result : 10
2023-07-09 09:32:08,681 [INFO] MainUpdater:2854 - connection check result : 10
2023-07-09 09:32:08,738 [INFO] MicroXplorer:468 - Change Database Path : 
2023-07-09 09:32:08,738 [INFO] MicroXplorer:498 - Change Database Version : DB.6.0.81
2023-07-09 09:32:08,738 [WARN] ThirdParty:871 - waiting for thirdparty lock release [close project]
2023-07-09 09:32:09,489 [WARN] PackLoader:240 - Cannot read IP mode file for wolfSSL.I-CUBE-wolfSSL.5.2.0
2023-07-09 09:32:09,508 [WARN] PackLoader:240 - Cannot read IP mode file for STMicroelectronics.X-CUBE-GNSS1.6.0.0
2023-07-09 09:32:09,536 [WARN] PackLoader:240 - Cannot read IP mode file for STMicroelectronics.X-CUBE-AZRTOS-F4.1.1.0
2023-07-09 09:32:09,552 [WARN] PackLoader:240 - Cannot read IP mode file for STMicroelectronics.X-CUBE-SMBUS.2.1.0
2023-07-09 09:32:09,596 [WARN] PackLoader:240 - Cannot read IP mode file for STMicroelectronics.X-CUBE-MEMS1.9.2.0
2023-07-09 09:32:09,701 [WARN] PackLoader:240 - Cannot read IP mode file for STMicroelectronics.X-CUBE-BLEMGR.1.2.0
2023-07-09 09:32:09,722 [WARN] PackLoader:240 - Cannot read IP mode file for STMicroelectronics.X-CUBE-AZRTOS-F7.1.1.0
2023-07-09 09:32:09,761 [WARN] PackLoader:240 - Cannot read IP mode file for STMicroelectronics.X-CUBE-MEMS1.9.6.0
2023-07-09 09:32:09,871 [WARN] PackLoader:240 - Cannot read IP mode file for STMicroelectronics.X-CUBE-AI.7.1.0
2023-07-09 09:32:09,880 [WARN] PackLoader:240 - Cannot read IP mode file for STMicroelectronics.X-CUBE-TOUCHGFX.4.19.1
2023-07-09 09:32:09,887 [ERROR] RealEvaluatedCondition:428 - Found unsupported composite condition: CLASS='Data Exchange' GROUP='STM32_MetaDataManager'
2023-07-09 09:32:09,887 [ERROR] RealEvaluatedCondition:428 - Found unsupported composite condition: GROUP='STM32_MetaDataManager' CLASS='Data Exchange'
2023-07-09 09:32:09,888 [WARN] PackLoader:240 - Cannot read IP mode file for STMicroelectronics.FP-SNS-MOTENV1.4.3.0
2023-07-09 09:32:09,897 [WARN] PackLoader:240 - Cannot read IP mode file for STMicroelectronics.FP-SNS-MOTENV1.4.3.2
2023-07-09 09:32:09,903 [WARN] PackLoader:240 - Cannot read IP mode file for STMicroelectronics.FP-SNS-FLIGHT1.5.0.0
2023-07-09 09:32:09,910 [ERROR] RealEvaluatedCondition:428 - Found unsupported composite condition: CLASS='Data Exchange' GROUP='STM32_MetaDataManager'
2023-07-09 09:32:09,911 [ERROR] RealEvaluatedCondition:428 - Found unsupported composite condition: GROUP='STM32_MetaDataManager' CLASS='Data Exchange'
2023-07-09 09:32:09,912 [WARN] PackLoader:240 - Cannot read IP mode file for STMicroelectronics.FP-SNS-MOTENV1.4.3.1
2023-07-09 09:32:09,919 [WARN] PackLoader:240 - Cannot read IP mode file for STMicroelectronics.FP-SNS-FLIGHT1.5.0.1
2023-07-09 09:32:09,927 [WARN] PackLoader:240 - Cannot read IP mode file for STMicroelectronics.X-CUBE-BLE1.6.2.3
2023-07-09 09:32:09,935 [WARN] PackLoader:240 - Cannot read IP mode file for STMicroelectronics.X-CUBE-BLE1.6.2.4
2023-07-09 09:32:09,945 [WARN] PackLoader:240 - Cannot read IP mode file for STMicroelectronics.X-CUBE-BLEMGR.2.0.0
2023-07-09 09:32:09,953 [WARN] PackLoader:240 - Cannot read IP mode file for STMicroelectronics.X-CUBE-BLE1.6.2.2
2023-07-09 09:32:09,961 [WARN] PackLoader:240 - Cannot read IP mode file for STMicroelectronics.X-CUBE-NFC4.2.0.5
2023-07-09 09:32:09,970 [WARN] PackLoader:240 - Cannot read IP mode file for STMicroelectronics.X-CUBE-NFC4.2.0.4
2023-07-09 09:32:09,983 [WARN] PackLoader:240 - Cannot read IP mode file for STMicroelectronics.X-CUBE-BLE2.3.2.2
2023-07-09 09:32:09,991 [WARN] PackLoader:240 - Cannot read IP mode file for STMicroelectronics.X-CUBE-NFC4.2.0.3
2023-07-09 09:32:10,010 [WARN] ConditionMgr:438 - getConditionDescription Invalid condition id : UX DEVICE CLASS RTOS Condition cause : null
2023-07-09 09:32:10,010 [WARN] ConditionMgr:438 - getConditionDescription Invalid condition id : UX DEVICE CLASS RTOS Condition cause : null
2023-07-09 09:32:10,012 [WARN] PackLoader:240 - Cannot read IP mode file for STMicroelectronics.X-CUBE-AZRTOS-H7.3.1.0
2023-07-09 09:32:10,014 [WARN] ConditionMgr:1039 - genDependencies : Invalid condition id : UX DEVICE CLASS RTOS Condition cause : null
2023-07-09 09:32:10,014 [WARN] ConditionMgr:1039 - genDependencies : Invalid condition id : UX DEVICE CLASS RTOS Condition cause : null
2023-07-09 09:32:10,014 [WARN] ConditionMgr:1039 - genDependencies : Invalid condition id : UX DEVICE CLASS RTOS Condition cause : null
2023-07-09 09:32:10,015 [WARN] ConditionMgr:1039 - genDependencies : Invalid condition id : UX DEVICE CLASS RTOS Condition cause : null
2023-07-09 09:32:10,015 [WARN] ConditionMgr:1039 - genDependencies : Invalid condition id : UX DEVICE CLASS RTOS Condition cause : null
2023-07-09 09:32:10,025 [WARN] PackLoader:240 - Cannot read IP mode file for STMicroelectronics.X-CUBE-TOF1.3.1.0
2023-07-09 09:32:10,036 [WARN] PackLoader:240 - Cannot read IP mode file for STMicroelectronics.X-CUBE-SFXS2LP1.3.1.0
2023-07-09 09:32:10,046 [WARN] PackLoader:240 - Cannot read IP mode file for STMicroelectronics.X-CUBE-DISPLAY.3.0.0
2023-07-09 09:32:10,064 [WARN] PackLoader:240 - Cannot read IP mode file for STMicroelectronics.X-CUBE-AZRTOS-F4.1.0.0
2023-07-09 09:32:10,073 [WARN] PackLoader:240 - Cannot read IP mode file for STMicroelectronics.X-CUBE-TOUCHGFX.4.22.0
2023-07-09 09:32:10,080 [WARN] PackLoader:240 - Cannot read IP mode file for STMicroelectronics.X-CUBE-NFC7.1.0.1
2023-07-09 09:32:10,088 [WARN] PackLoader:240 - Cannot read IP mode file for STMicroelectronics.X-CUBE-NFC7.1.0.0
2023-07-09 09:32:10,099 [WARN] PackLoader:240 - Cannot read IP mode file for STMicroelectronics.X-CUBE-SUBG2.4.2.0
2023-07-09 09:32:10,129 [WARN] PackLoader:240 - Cannot read IP mode file for STMicroelectronics.X-CUBE-MEMS1.9.3.0
2023-07-09 09:32:10,204 [WARN] PackLoader:240 - Cannot read IP mode file for STMicroelectronics.X-CUBE-EEPRMA1.4.1.0
2023-07-09 09:32:10,212 [WARN] PackLoader:240 - Cannot read IP mode file for STMicroelectronics.X-CUBE-AI.7.2.0
2023-07-09 09:32:10,224 [INFO] LogOutputStream:77 - [STDOUT_REDIRECT] 1 : Invalid condition id : UX_CORESTACK_Condition cause : null
2023-07-09 09:32:10,225 [INFO] LogOutputStream:77 - [STDOUT_REDIRECT] 1 : Invalid condition id : UX_CORESTACK_Condition cause : null
2023-07-09 09:32:10,226 [INFO] LogOutputStream:77 - [STDOUT_REDIRECT] 1 : Invalid condition id : UX_CORESTACK_Condition cause : null
2023-07-09 09:32:10,227 [INFO] LogOutputStream:77 - [STDOUT_REDIRECT] 1 : Invalid condition id : UX_CORESTACK_Condition cause : null
2023-07-09 09:32:10,228 [INFO] LogOutputStream:77 - [STDOUT_REDIRECT] 1 : Invalid condition id : UX_CORESTACK_Condition cause : null
2023-07-09 09:32:10,230 [WARN] PackLoader:240 - Cannot read IP mode file for STMicroelectronics.X-CUBE-AZRTOS-WL.2.0.0
2023-07-09 09:32:10,247 [WARN] PackLoader:240 - Cannot read IP mode file for STMicroelectronics.X-CUBE-AZRTOS-G0.1.0.0
2023-07-09 09:32:10,267 [WARN] ConditionMgr:438 - getConditionDescription Invalid condition id : LAN8742 Phy interface Condition cause : null
2023-07-09 09:32:10,267 [WARN] PackLoader:240 - Cannot read IP mode file for STMicroelectronics.X-CUBE-AZRTOS-L4.2.0.0
2023-07-09 09:32:10,268 [WARN] ConditionMgr:1039 - genDependencies : Invalid condition id : LAN8742 Phy interface Condition cause : null
2023-07-09 09:32:10,268 [WARN] ConditionMgr:1039 - genDependencies : Invalid condition id : LAN8742 Phy interface Condition cause : null
2023-07-09 09:32:10,268 [WARN] ConditionMgr:1039 - genDependencies : Invalid condition id : LAN8742 Phy interface Condition cause : null
2023-07-09 09:32:10,279 [WARN] PackLoader:240 - Cannot read IP mode file for WES.I-CUBE-Cesium.1.3.0
2023-07-09 09:32:10,287 [WARN] PackLoader:240 - Cannot read IP mode file for STMicroelectronics.X-CUBE-SFXS2LP1.4.0.0
2023-07-09 09:32:10,295 [WARN] PackLoader:240 - Cannot read IP mode file for STMicroelectronics.X-CUBE-BLE2.3.3.0
2023-07-09 09:32:10,304 [WARN] PackLoader:240 - Cannot read IP mode file for STMicroelectronics.X-CUBE-DISPLAY.2.2.0
2023-07-09 09:32:10,316 [WARN] PackLoader:240 - Cannot read IP mode file for STMicroelectronics.X-CUBE-TOF1.3.2.0
2023-07-09 09:32:10,326 [WARN] PackLoader:240 - Cannot read IP mode file for STMicroelectronics.X-CUBE-TOUCHGFX.4.18.1
2023-07-09 09:32:10,344 [WARN] PackLoader:240 - Cannot read IP mode file for STMicroelectronics.X-CUBE-AZRTOS-H7.3.0.0
2023-07-09 09:32:10,353 [WARN] PackLoader:240 - Cannot read IP mode file for STMicroelectronics.X-CUBE-ISPU.1.1.0
2023-07-09 09:32:10,363 [WARN] PackLoader:240 - Cannot read IP mode file for RoweBots.I-CUBE-UNISONRTOS.5.5.0-4
2023-07-09 09:32:10,382 [WARN] PackLoader:240 - Cannot read IP mode file for STMicroelectronics.X-CUBE-AZRTOS-H7.2.1.0
2023-07-09 09:32:10,390 [WARN] PackLoader:240 - Cannot read IP mode file for STMicroelectronics.X-CUBE-AI.8.0.0
2023-07-09 09:32:10,399 [WARN] PackLoader:240 - Cannot read IP mode file for STMicroelectronics.X-CUBE-FREERTOS.1.0.0
2023-07-09 09:32:10,406 [WARN] PackLoader:240 - Cannot read IP mode file for STMicroelectronics.X-CUBE-FREERTOS.1.0.1
2023-07-09 09:32:10,413 [WARN] PackLoader:240 - Cannot read IP mode file for STMicroelectronics.X-CUBE-TOUCHGFX.4.21.1
2023-07-09 09:32:10,420 [WARN] PackLoader:240 - Cannot read IP mode file for STMicroelectronics.X-CUBE-TOUCHGFX.4.21.3
2023-07-09 09:32:10,429 [WARN] PackLoader:240 - Cannot read IP mode file for STMicroelectronics.X-CUBE-BLEMGR.1.0.0
2023-07-09 09:32:10,437 [WARN] PackLoader:240 - Cannot read IP mode file for STMicroelectronics.X-CUBE-TOUCHGFX.4.21.4
2023-07-09 09:32:10,444 [WARN] PackLoader:240 - Cannot read IP mode file for STMicroelectronics.X-CUBE-AI.7.3.0
2023-07-09 09:32:10,452 [WARN] PackLoader:240 - Cannot read IP mode file for STMicroelectronics.X-CUBE-ALGOBUILD.1.3.0
2023-07-09 09:32:10,468 [WARN] PackLoader:240 - Cannot read IP mode file for STMicroelectronics.X-CUBE-AZRTOS-L5.1.1.0
2023-07-09 09:32:10,485 [WARN] PackLoader:240 - Cannot read IP mode file for STMicroelectronics.X-CUBE-AZRTOS-G0.1.1.0
2023-07-09 09:32:10,493 [WARN] PackLoader:240 - Cannot read IP mode file for STMicroelectronics.X-CUBE-AI.8.0.1
2023-07-09 09:32:10,503 [WARN] PackLoader:240 - Cannot read IP mode file for STMicroelectronics.X-CUBE-SUBG2.5.0.0
2023-07-09 09:32:10,514 [WARN] PackLoader:240 - Cannot read IP mode file for STMicroelectronics.X-CUBE-NFC4.3.0.0
2023-07-09 09:32:10,545 [WARN] PackLoader:240 - Cannot read IP mode file for SEGGER.I-CUBE-embOS.1.2.0
2023-07-09 09:32:10,579 [WARN] PackLoader:240 - Cannot read IP mode file for STMicroelectronics.X-CUBE-DISPLAY.2.1.0
2023-07-09 09:32:10,595 [WARN] PackLoader:240 - Cannot read IP mode file for STMicroelectronics.X-CUBE-AZRTOS-G4.2.0.0
2023-07-09 09:32:10,606 [WARN] PackLoader:240 - Cannot read IP mode file for STMicroelectronics.X-CUBE-TOF1.3.3.0
2023-07-09 09:32:10,619 [WARN] PackLoader:240 - Cannot read IP mode file for STMicroelectronics.FP-ATR-ASTRA1.1.1.1
2023-07-09 09:32:10,626 [WARN] PackLoader:240 - Cannot read IP mode file for STMicroelectronics.FP-ATR-ASTRA1.1.1.0
2023-07-09 09:32:10,642 [WARN] PackLoader:240 - Cannot read IP mode file for STMicroelectronics.X-CUBE-AZRTOS-H7.2.0.0
2023-07-09 09:32:10,657 [WARN] PackLoader:240 - Cannot read IP mode file for STMicroelectronics.X-CUBE-AZRTOS-G4.1.0.0
2023-07-09 09:32:10,665 [WARN] PackLoader:240 - Cannot read IP mode file for STMicroelectronics.FP-ATR-SIGFOX1.3.2.0
2023-07-09 09:32:10,682 [WARN] PackLoader:240 - Cannot read IP mode file for STMicroelectronics.X-CUBE-AZRTOS-L4.1.0.0
2023-07-09 09:32:10,692 [WARN] PackLoader:240 - Cannot read IP mode file for emotas.I-CUBE-CANOPEN.1.1.2
2023-07-09 09:32:10,699 [WARN] PackLoader:240 - Cannot read IP mode file for STMicroelectronics.X-CUBE-TOUCHGFX.4.20.0
2023-07-09 09:32:10,715 [WARN] PackLoader:240 - Cannot read IP mode file for STMicroelectronics.X-CUBE-AZRTOS-F7.1.0.0
2023-07-09 09:32:10,729 [WARN] PackLoader:240 - Cannot read IP mode file for STMicroelectronics.X-CUBE-AZRTOS-WL.1.0.0
2023-07-09 09:32:10,755 [WARN] PackLoader:240 - Cannot read IP mode file for STMicroelectronics.X-CUBE-MEMS1.9.1.0
2023-07-09 09:32:10,819 [WARN] PackLoader:240 - Cannot read IP mode file for portGmbH.I-Cube-SoM-uGOAL.1.1.0
2023-07-09 09:32:10,826 [WARN] PackLoader:240 - Cannot read IP mode file for STMicroelectronics.X-CUBE-ALS.1.0.1
2023-07-09 09:32:10,853 [WARN] PackLoader:240 - Cannot read IP mode file for STMicroelectronics.X-CUBE-MEMS1.9.5.0
2023-07-09 09:32:10,935 [WARN] PackLoader:240 - Cannot read IP mode file for STMicroelectronics.X-CUBE-AZRTOS-WB.1.1.0
2023-07-09 09:32:10,957 [WARN] PackLoader:240 - Cannot read IP mode file for SEGGER.I-CUBE-embOS.1.3.1
2023-07-09 09:32:10,996 [WARN] PackLoader:240 - Cannot read IP mode file for STMicroelectronics.X-CUBE-AZRTOS-L5.1.0.0
2023-07-09 09:32:11,003 [WARN] PackLoader:240 - Cannot read IP mode file for STMicroelectronics.X-CUBE-EEPRMA1.3.1.1
2023-07-09 09:32:11,011 [WARN] PackLoader:240 - Cannot read IP mode file for STMicroelectronics.X-CUBE-GNSS1.5.2.0
2023-07-09 09:32:11,018 [WARN] PackLoader:240 - Cannot read IP mode file for STMicroelectronics.FP-ATR-ASTRA1.2.0.0
2023-07-09 09:32:11,025 [WARN] PackLoader:240 - Cannot read IP mode file for STMicroelectronics.X-CUBE-DISPLAY.2.0.1
2023-07-09 09:32:11,033 [WARN] PackLoader:240 - Cannot read IP mode file for STMicroelectronics.X-CUBE-TOF1.3.0.0
2023-07-09 09:32:11,035 [INFO] ThirdParty:978 - Integrity check success = true
2023-07-09 09:32:11,035 [INFO] IntegrityCheckThread:100 - exiting critical section [integrity check]
2023-07-09 09:32:11,035 [INFO] IntegrityCheckThread:103 - End integrity checks thread
2023-07-09 09:32:11,035 [INFO] ThirdParty:873 - entering critical section [close project]
2023-07-09 09:32:11,036 [INFO] ThirdParty:883 - exiting critical section [close project]
2023-07-09 09:32:11,040 [INFO] PinOutPanel:1499 - setPackage(No Configuration,No Configuration)
2023-07-09 09:32:11,044 [INFO] UtilMem:75 - Begin LoadConfig() Used Memory: 147364760 Bytes (535822336)
2023-07-09 09:32:19,227 [ERROR] LogOutputStream:75 - [STDERR_REDIRECT] SLF4J: Failed to load class "org.slf4j.impl.StaticLoggerBinder".
2023-07-09 09:32:19,228 [ERROR] LogOutputStream:75 - [STDERR_REDIRECT] SLF4J: Defaulting to no-operation (NOP) logger implementation
2023-07-09 09:32:19,228 [ERROR] LogOutputStream:75 - [STDERR_REDIRECT] SLF4J: See http://www.slf4j.org/codes.html#StaticLoggerBinder for further details.
2023-07-09 09:32:30,961 [INFO] MicroXplorer:468 - Change Database Path : 
2023-07-09 09:32:30,962 [INFO] MicroXplorer:498 - Change Database Version : DB.6.0.81
2023-07-09 09:32:30,962 [INFO] OpenFileManager:308 - Change cursor
2023-07-09 09:32:30,990 [INFO] Mcu:1937 - Initializing MCU STM32F407Z(E-G)Tx STM32F407ZGTx STM32F407ZGT6
2023-07-09 09:32:32,343 [INFO] Context:659 - Trying to add GPIOservice into a context  which must be forbidden
2023-07-09 09:32:32,868 [INFO] RtosManager:555 - Registered RTOS mode: class=CMSIS, group=RTOS, mode=CMSIS_V1, owner=FREERTOS
2023-07-09 09:32:32,869 [INFO] RtosManager:555 - Registered RTOS mode: class=CMSIS, group=RTOS2, mode=CMSIS_V2, owner=FREERTOS
2023-07-09 09:32:32,869 [INFO] RtosManager:555 - Registered RTOS mode: class=RTOS, group=Core, mode=CMSIS_V1, owner=FREERTOS
2023-07-09 09:32:32,869 [INFO] RtosManager:555 - Registered RTOS mode: class=RTOS, group=Core, mode=CMSIS_V2, owner=FREERTOS
2023-07-09 09:32:32,869 [WARN] ModelIntegratedComponent:184 - Missing modes for component STMicroelectronics:FreeRTOS:0.0.1:STMicroelectronics:RTOS:FreeRTOS:Core:::10.2.0:
2023-07-09 09:32:32,876 [WARN] ModelIntegratedComponent:63 - No mode defined for component null
2023-07-09 09:32:32,876 [WARN] ModelIntegratedComponent:63 - No mode defined for component null
2023-07-09 09:32:32,876 [WARN] ModelIntegratedComponent:63 - No mode defined for component null
2023-07-09 09:32:32,876 [WARN] ModelIntegratedComponent:63 - No mode defined for component null
2023-07-09 09:32:32,877 [WARN] ModelIntegratedComponent:63 - No mode defined for component null
2023-07-09 09:32:32,877 [WARN] ModelIntegratedComponent:63 - No mode defined for component null
2023-07-09 09:32:32,877 [WARN] ModelIntegratedComponent:63 - No mode defined for component null
2023-07-09 09:32:32,877 [WARN] ModelIntegratedComponent:63 - No mode defined for component null
2023-07-09 09:32:32,877 [WARN] ModelIntegratedComponent:63 - No mode defined for component null
2023-07-09 09:32:32,877 [WARN] ModelIntegratedComponent:63 - No mode defined for component null
2023-07-09 09:32:32,877 [WARN] ModelIntegratedComponent:63 - No mode defined for component null
2023-07-09 09:32:32,877 [WARN] ModelIntegratedComponent:63 - No mode defined for component null
2023-07-09 09:32:32,877 [WARN] ModelIntegratedComponent:63 - No mode defined for component null
2023-07-09 09:32:32,878 [WARN] ModelIntegratedComponent:63 - No mode defined for component null
2023-07-09 09:32:32,878 [WARN] ModelIntegratedComponent:63 - No mode defined for component null
2023-07-09 09:32:32,878 [WARN] ModelIntegratedComponent:63 - No mode defined for component null
2023-07-09 09:32:32,878 [WARN] ModelIntegratedComponent:63 - No mode defined for component null
2023-07-09 09:32:32,878 [WARN] ModelIntegratedComponent:63 - No mode defined for component null
2023-07-09 09:32:32,878 [WARN] ModelIntegratedComponent:63 - No mode defined for component null
2023-07-09 09:32:32,878 [WARN] ModelIntegratedComponent:63 - No mode defined for component null
2023-07-09 09:32:32,878 [WARN] ModelIntegratedComponent:63 - No mode defined for component null
2023-07-09 09:32:32,878 [WARN] ModelIntegratedComponent:63 - No mode defined for component null
2023-07-09 09:32:32,878 [WARN] ModelIntegratedComponent:63 - No mode defined for component null
2023-07-09 09:32:32,878 [WARN] ModelIntegratedComponent:63 - No mode defined for component null
2023-07-09 09:32:32,878 [WARN] ModelIntegratedComponent:63 - No mode defined for component null
2023-07-09 09:32:32,878 [WARN] ModelIntegratedComponent:63 - No mode defined for component null
2023-07-09 09:32:32,878 [WARN] ModelIntegratedComponent:63 - No mode defined for component null
2023-07-09 09:32:32,878 [WARN] ModelIntegratedComponent:63 - No mode defined for component null
2023-07-09 09:32:32,878 [WARN] ModelIntegratedComponent:63 - No mode defined for component null
2023-07-09 09:32:32,878 [WARN] ModelIntegratedComponent:63 - No mode defined for component null
2023-07-09 09:32:32,878 [WARN] ModelIntegratedComponent:63 - No mode defined for component null
2023-07-09 09:32:32,878 [WARN] ModelIntegratedComponent:63 - No mode defined for component null
2023-07-09 09:32:32,878 [WARN] ModelIntegratedComponent:63 - No mode defined for component null
2023-07-09 09:32:33,025 [INFO] ThirdPartyModel:298 - Start build external matchings
2023-07-09 09:32:34,394 [INFO] ThirdPartyModel:316 - End build external matchings
2023-07-09 09:32:34,443 [INFO] ImportTextPane:194 - (OptionalMessage_ERROR) IP (RCC) : Parameter (48MHZClocksFreq_Value) has invalid value (84000000)
2023-07-09 09:32:34,444 [INFO] ImportTextPane:194 - (OptionalMessage_ERROR) IP (RCC) : Parameter (RTCHSEDivFreq_Value) has invalid value (4000000)
2023-07-09 09:32:34,795 [INFO] UtilMem:75 - End LoadConfig() Used Memory: 364341216 Bytes (535822336)
2023-07-09 09:32:34,950 [INFO] ApiDb:581 - Connected to CubeFinder SQLite database (C:\Users\Administrator\.stmcufinder\plugins\mcufinder\mcu\cube-finder-db.db)
2023-07-09 09:32:35,011 [INFO] ApiDb:668 - CubeFinder database Data Model version=2.1
2023-07-09 09:32:35,011 [INFO] ApiDb:669 - CubeFinder database Configuration version=3.0.35
2023-07-09 09:32:35,011 [INFO] ApiDb:670 - CubeFinder database generation date=2023-05-12 (1683877179)
2023-07-09 09:32:35,011 [INFO] ApiDb:671 - CubeFinder database FW Pack versions=[FP-ATR-ASTRA1_V2.0.0, FP-SNS-FLIGHT1_V5.0.0, FP-SNS-MOTENV1_V4.3.0, STM32Cube_FW_C0_V1.0.1, STM32Cube_FW_F0_V1.11.4, STM32Cube_FW_F3_V1.11.4, STM32Cube_FW_F4_V1.27.1, STM32Cube_FW_F7_V1.17.0, STM32Cube_FW_G0_V1.6.1, STM32Cube_FW_G4_V1.5.1, STM32Cube_FW_H5_V0.5.1, STM32Cube_FW_H5_V1.0.0, STM32Cube_FW_H7_V1.11.0, STM32Cube_FW_L0_V1.12.2, STM32Cube_FW_L5_V1.5.0, STM32Cube_FW_U5_V1.2.0, STM32Cube_FW_WBA_V1.0.0, STM32Cube_FW_WBA_V1.0.0RC1, STM32Cube_FW_WBA_V1.0.0RC3, STM32Cube_FW_WB_V1.15.0RC1, STM32Cube_FW_WB_V1.16.0, STM32Cube_FW_WB_V1.16.0RC2, STM32Cube_FW_WL_V1.3.0, X-CUBE-ALGOBUILD_V1.3.0, X-CUBE-ALS_V1.0.1, X-CUBE-AZRTOS-F4_V1.1.0, X-CUBE-AZRTOS-F7_V1.1.0, X-CUBE-AZRTOS-G0_V1.1.0, X-CUBE-AZRTOS-G4_V2.0.0, X-CUBE-AZRTOS-H7_V3.1.0, X-CUBE-AZRTOS-L4_V1.0.0, X-CUBE-AZRTOS-L5_V1.1.0, X-CUBE-AZRTOS-WB_V1.1.0, X-CUBE-AZRTOS-WL_V1.0.0, X-CUBE-BLE1_V6.2.4, X-CUBE-BLE2_V3.3.0, X-CUBE-BLEMGR_V2.0.0, X-CUBE-EEPRMA1_V4.1.0, X-CUBE-FREERTOS_V1.0.1, X-CUBE-GNSS1_V6.0.0, X-CUBE-MEMS1_V9.1.0, X-CUBE-MEMS1_V9.4.0, X-CUBE-MEMS1_V9.6.0, X-CUBE-NFC4_V3.0.0, X-CUBE-NFC7_V1.0.0, X-CUBE-SFXS2LP1_V4.0.0, X-CUBE-SUBG2_V5.0.0]
2023-07-09 09:32:36,757 [INFO] ApiDb:240 - Found 297 in-development CPN: [B-G473E-ZEST1S, B-WB1M-WPAN1, B-WL5M-SUBG1, NUCLEO-C031C6, NUCLEO-H503RB, NUCLEO-H563ZI, NUCLEO-U545RE-Q, NUCLEO-U5A5ZJ-Q, NUCLEO-WBA52CG, STEVAL-PROTEUS1, STEVAL-STWINBX1, STM320518-EVAL, STM32C0116-DK, STM32C011D6Y3TR, STM32C011D6Y6TR, STM32C011F4P3, STM32C011F4P6, STM32C011F4U3, STM32C011F4U6TR, STM32C011F6P3, STM32C011F6P6, STM32C011F6U3, STM32C011F6U6TR, STM32C011J4M3, STM32C011J4M6, STM32C011J6M3, STM32C011J6M6, STM32C0316-DK, STM32C031C4T3, STM32C031C4T6, STM32C031C4U3, STM32C031C4U6, STM32C031C6T3, STM32C031C6T6, STM32C031C6U3, STM32C031C6U6, STM32C031F4P3, STM32C031F4P6, STM32C031F6P3, STM32C031F6P6, STM32C031G4U3, STM32C031G4U6, STM32C031G6U3, STM32C031G6U6, STM32C031K4T3, STM32C031K4T6, STM32C031K4U3, STM32C031K4U6, STM32C031K6T3, STM32C031K6T6, STM32C031K6U3, STM32C031K6U6, STM32G071K8TXN, STM32G071K8UXN, STM32G081GBU6N, STM32G081KBT6N, STM32G081KBUXN, STM32G0B1CCT6N, STM32G0B1KCT6, STM32G0B1NEY6TR, STM32G0B1RCT6N, STM32G0C1CCT6, STM32G0C1CCT6N, STM32G0C1CCU6N, STM32G0C1CET6N, STM32G0C1CEU6N, STM32G0C1KCT6, STM32G0C1NEY6TR, STM32G0C1RCI6N, STM32G0C1RCT6N, STM32G0C1REI6N, STM32G0C1RET6N, STM32G0C1VCI6, STM32G0C1VEI6, STM32G471CCT6, STM32G471CCU6, STM32G471CET3, STM32G471CET6, STM32G471CEU3, STM32G471CEU6, STM32G471MCT6, STM32G471MET3, STM32G471MET6, STM32G471MEY6TR, STM32G471QCT6, STM32G471QET3, STM32G471RCT6, STM32G471RET3, STM32G471RET6, STM32G471VCH6, STM32G471VCI6, STM32G471VCT6, STM32G471VEH3, STM32G471VEH6, STM32G471VEI3, STM32G471VEI6, STM32G471VET3, STM32G471VET6, STM32G474CCT6, STM32H503CBT6, STM32H503CBU6, STM32H503EBY6TR, STM32H503KBU6, STM32H503RBT6, STM32H562AGI6, STM32H562AII6, STM32H562IGK6, STM32H562IGT6, STM32H562IIK6, STM32H562IIT6, STM32H562RGT6, STM32H562RGV6, STM32H562RIT6, STM32H562RIV6, STM32H562VGT6, STM32H562VIT6, STM32H562ZGT6, STM32H562ZIT6, STM32H563AGI6, STM32H563AII3Q, STM32H563AII6, STM32H563IGK6, STM32H563IGT6, STM32H563IIK3Q, STM32H563IIK6, STM32H563IIT3Q, STM32H563IIT6, STM32H563MIY3QTR, STM32H563RGT6, STM32H563RGV6, STM32H563RIT6, STM32H563RIV6, STM32H563VGT6, STM32H563VIT3Q, STM32H563VIT6, STM32H563ZGT6, STM32H563ZIT3Q, STM32H563ZIT6, STM32H573AII3Q, STM32H573AII6, STM32H573I-DK, STM32H573IIK3Q, STM32H573IIK6, STM32H573IIT3Q, STM32H573IIT6, STM32H573MIY3QTR, STM32H573RIT6, STM32H573RIV6, STM32H573VIT3Q, STM32H573VIT6, STM32H573ZIT3Q, STM32H573ZIT6, STM32L4R5QGI6STR, STM32MP131AAE3, STM32MP131AAF3, STM32MP131AAG3, STM32MP131CAE3, STM32MP131CAF3, STM32MP131CAG3, STM32MP131DAE7, STM32MP131DAF7, STM32MP131DAG7, STM32MP131FAE7, STM32MP131FAF7, STM32MP131FAG7, STM32MP133AAE3, STM32MP133AAF3, STM32MP133AAG3, STM32MP133CAE3, STM32MP133CAF3, STM32MP133CAG3, STM32MP133DAE7, STM32MP133DAF7, STM32MP133DAG7, STM32MP133FAE7, STM32MP133FAF7, STM32MP133FAG7, STM32MP135AAE3, STM32MP135AAF3, STM32MP135AAG3, STM32MP135CAE3, STM32MP135CAF3, STM32MP135CAG3, STM32MP135DAE7, STM32MP135DAF7, STM32MP135DAG7, STM32MP135F-DK, STM32MP135FAE7, STM32MP135FAF7, STM32MP135FAF7T, STM32MP135FAF7U, STM32MP135FAG7, STM32U535CBT6, STM32U535CBT6Q, STM32U535CBU6, STM32U535CBU6Q, STM32U535CCT6, STM32U535CCT6Q, STM32U535CCU6, STM32U535CCU6Q, STM32U535CET6, STM32U535CET6Q, STM32U535CEU6, STM32U535CEU6Q, STM32U535JEY6QTR, STM32U535NCY6QTR, STM32U535NEY6QTR, STM32U535RBI6, STM32U535RBI6Q, STM32U535RBT6, STM32U535RBT6Q, STM32U535RCI6, STM32U535RCI6Q, STM32U535RCT6, STM32U535RCT6Q, STM32U535REI6, STM32U535REI6Q, STM32U535RET6, STM32U535RET6Q, STM32U535VCI6, STM32U535VCI6Q, STM32U535VCT6, STM32U535VCT6Q, STM32U535VEI6, STM32U535VEI6Q, STM32U535VET6, STM32U535VET6Q, STM32U545CET6, STM32U545CET6Q, STM32U545CEU6, STM32U545CEU6Q, STM32U545JEY6QTR, STM32U545NEY6QTR, STM32U545REI6, STM32U545REI6Q, STM32U545RET6, STM32U545RET6Q, STM32U545VEI6, STM32U545VEI6Q, STM32U545VET6, STM32U545VET6Q, STM32U595AIH6, STM32U595AIH6Q, STM32U595AJH6, STM32U595AJH6Q, STM32U595QII6, STM32U595QII6Q, STM32U595QJI6, STM32U595QJI6Q, STM32U595RIT6, STM32U595RIT6Q, STM32U595RJT6, STM32U595RJT6Q, STM32U595VIT6, STM32U595VIT6Q, STM32U595VJT6, STM32U595VJT6Q, STM32U595ZIT6, STM32U595ZIT6Q, STM32U595ZIY6QTR, STM32U595ZJT6, STM32U595ZJT6Q, STM32U595ZJY6QTR, STM32U599BJY6QTR, STM32U599NIH6Q, STM32U599NJH6Q, STM32U599VIT6Q, STM32U599VJT6, STM32U599VJT6Q, STM32U599ZIT6Q, STM32U599ZIY6QTR, STM32U599ZJT6Q, STM32U599ZJY6QTR, STM32U5A5AJH6, STM32U5A5AJH6Q, STM32U5A5QJI6, STM32U5A5QJI6Q, STM32U5A5RJT6, STM32U5A5RJT6Q, STM32U5A5VJT6, STM32U5A5VJT6Q, STM32U5A5ZJT6, STM32U5A5ZJT6Q, STM32U5A5ZJY6QTR, STM32U5A9BJY6QTR, STM32U5A9J-DK, STM32U5A9NJH6Q, STM32U5A9VJT6Q, STM32U5A9ZJT6Q, STM32U5A9ZJY6QTR, STM32WB1MMCH6, STM32WBA52CEU6, STM32WBA52CEU6T, STM32WBA52CGU6, STM32WBA52CGU6T, STM32WL5MOCH6, STM32WL5MOCH6TR]
2023-07-09 09:32:36,762 [INFO] DbMcus:216 - Found 3775 MCUs, 3775 are supported
2023-07-09 09:32:36,767 [INFO] ApiDb:423 - Load user favorites file C:\Users\Administrator/.stm32cubeide/favorites.mcus.txt: 2 item(s)
2023-07-09 09:32:36,767 [INFO] ApiDb:427 - User favorites MCUs=[STM32F103C6T6A, STM32F103ZET6]
2023-07-09 09:32:36,767 [INFO] DbMcus:222 - Set 2 / 2 favorites MCUs
2023-07-09 09:32:37,058 [WARN] ThirdParty:833 - waiting for thirdparty lock release [change project]
2023-07-09 09:32:37,058 [INFO] ThirdParty:835 - entering critical section [change project]
2023-07-09 09:32:37,058 [INFO] ThirdParty:1030 - CMSIS Pack Vendor :wolfSSL I-CUBE-wolfSSL 5.2.0
2023-07-09 09:32:37,058 [INFO] ThirdParty:1030 - CMSIS Pack Vendor :STMicroelectronics X-CUBE-GNSS1 6.0.0
2023-07-09 09:32:37,059 [INFO] ThirdParty:1030 - CMSIS Pack Vendor :STMicroelectronics USB_HOST 2.0.0
2023-07-09 09:32:37,059 [INFO] ThirdParty:1030 - CMSIS Pack Vendor :STMicroelectronics X-CUBE-AZRTOS-F4 1.1.0
2023-07-09 09:32:37,059 [INFO] ThirdParty:1030 - CMSIS Pack Vendor :STMicroelectronics LIBJPEG 8.0.0
2023-07-09 09:32:37,060 [INFO] ThirdParty:1030 - CMSIS Pack Vendor :STMicroelectronics X-CUBE-SMBUS 2.1.0
2023-07-09 09:32:37,061 [INFO] ThirdParty:1030 - CMSIS Pack Vendor :STMicroelectronics X-CUBE-MEMS1 9.2.0
2023-07-09 09:32:37,061 [INFO] ThirdParty:1030 - CMSIS Pack Vendor :STMicroelectronics X-CUBE-BLEMGR 1.2.0
2023-07-09 09:32:37,061 [INFO] ThirdParty:1030 - CMSIS Pack Vendor :STMicroelectronics X-CUBE-AZRTOS-F7 1.1.0
2023-07-09 09:32:37,061 [INFO] ThirdParty:1030 - CMSIS Pack Vendor :STMicroelectronics USB_DEVICE 2.0.0
2023-07-09 09:32:37,061 [INFO] ThirdParty:1030 - CMSIS Pack Vendor :STMicroelectronics X-CUBE-MEMS1 9.6.0
2023-07-09 09:32:37,061 [INFO] ThirdParty:1030 - CMSIS Pack Vendor :STMicroelectronics X-CUBE-AI 7.1.0
2023-07-09 09:32:37,061 [INFO] ThirdParty:1030 - CMSIS Pack Vendor :STMicroelectronics X-CUBE-TOUCHGFX 4.19.1
2023-07-09 09:32:37,061 [INFO] ThirdParty:1030 - CMSIS Pack Vendor :STMicroelectronics FP-SNS-MOTENV1 4.3.0
2023-07-09 09:32:37,061 [INFO] ThirdParty:1030 - CMSIS Pack Vendor :STMicroelectronics FP-SNS-MOTENV1 4.3.2
2023-07-09 09:32:37,061 [INFO] ThirdParty:1030 - CMSIS Pack Vendor :STMicroelectronics FP-SNS-FLIGHT1 5.0.0
2023-07-09 09:32:37,061 [INFO] ThirdParty:1030 - CMSIS Pack Vendor :STMicroelectronics FP-SNS-MOTENV1 4.3.1
2023-07-09 09:32:37,061 [INFO] ThirdParty:1030 - CMSIS Pack Vendor :STMicroelectronics FP-SNS-FLIGHT1 5.0.1
2023-07-09 09:32:37,061 [INFO] ThirdParty:1030 - CMSIS Pack Vendor :STMicroelectronics X-CUBE-BLE1 6.2.3
2023-07-09 09:32:37,061 [INFO] ThirdParty:1030 - CMSIS Pack Vendor :STMicroelectronics X-CUBE-BLE1 6.2.4
2023-07-09 09:32:37,061 [INFO] ThirdParty:1030 - CMSIS Pack Vendor :STMicroelectronics FreeRTOS 0.0.1
2023-07-09 09:32:37,062 [INFO] ThirdParty:1030 - CMSIS Pack Vendor :STMicroelectronics X-CUBE-BLEMGR 2.0.0
2023-07-09 09:32:37,062 [INFO] ThirdParty:1030 - CMSIS Pack Vendor :STMicroelectronics X-CUBE-BLE1 6.2.2
2023-07-09 09:32:37,062 [INFO] ThirdParty:1030 - CMSIS Pack Vendor :STMicroelectronics X-CUBE-NFC4 2.0.5
2023-07-09 09:32:37,062 [INFO] ThirdParty:1030 - CMSIS Pack Vendor :STMicroelectronics X-CUBE-NFC4 2.0.4
2023-07-09 09:32:37,062 [INFO] ThirdParty:1030 - CMSIS Pack Vendor :STMicroelectronics X-CUBE-BLE2 3.2.2
2023-07-09 09:32:37,062 [INFO] ThirdParty:1030 - CMSIS Pack Vendor :STMicroelectronics X-CUBE-NFC4 2.0.3
2023-07-09 09:32:37,062 [INFO] ThirdParty:1030 - CMSIS Pack Vendor :STMicroelectronics X-CUBE-AZRTOS-H7 3.1.0
2023-07-09 09:32:37,062 [INFO] ThirdParty:1030 - CMSIS Pack Vendor :STMicroelectronics PDM2PCM 3.3.0
2023-07-09 09:32:37,062 [INFO] ThirdParty:1030 - CMSIS Pack Vendor :STMicroelectronics X-CUBE-TOF1 3.1.0
2023-07-09 09:32:37,062 [INFO] ThirdParty:1030 - CMSIS Pack Vendor :STMicroelectronics X-CUBE-SFXS2LP1 3.1.0
2023-07-09 09:32:37,062 [INFO] ThirdParty:1030 - CMSIS Pack Vendor :STMicroelectronics X-CUBE-DISPLAY 3.0.0
2023-07-09 09:32:37,062 [INFO] ThirdParty:1030 - CMSIS Pack Vendor :STMicroelectronics X-CUBE-AZRTOS-F4 1.0.0
2023-07-09 09:32:37,062 [INFO] ThirdParty:1030 - CMSIS Pack Vendor :STMicroelectronics HAL Drivers 0.0.0
2023-07-09 09:32:37,062 [INFO] ThirdParty:1030 - CMSIS Pack Vendor :STMicroelectronics X-CUBE-TOUCHGFX 4.22.0
2023-07-09 09:32:37,062 [INFO] ThirdParty:1030 - CMSIS Pack Vendor :STMicroelectronics X-CUBE-NFC7 1.0.1
2023-07-09 09:32:37,062 [INFO] ThirdParty:1030 - CMSIS Pack Vendor :STMicroelectronics MBEDTLS 2.14.1
2023-07-09 09:32:37,062 [INFO] ThirdParty:1030 - CMSIS Pack Vendor :STMicroelectronics X-CUBE-NFC7 1.0.0
2023-07-09 09:32:37,062 [INFO] ThirdParty:1030 - CMSIS Pack Vendor :STMicroelectronics X-CUBE-SUBG2 4.2.0
2023-07-09 09:32:37,062 [INFO] ThirdParty:1030 - CMSIS Pack Vendor :STMicroelectronics X-CUBE-MEMS1 9.3.0
2023-07-09 09:32:37,062 [INFO] ThirdParty:1030 - CMSIS Pack Vendor :STMicroelectronics X-CUBE-EEPRMA1 4.1.0
2023-07-09 09:32:37,062 [INFO] ThirdParty:1030 - CMSIS Pack Vendor :STMicroelectronics X-CUBE-AI 7.2.0
2023-07-09 09:32:37,062 [INFO] ThirdParty:1030 - CMSIS Pack Vendor :STMicroelectronics X-CUBE-AZRTOS-WL 2.0.0
2023-07-09 09:32:37,062 [INFO] ThirdParty:1030 - CMSIS Pack Vendor :STMicroelectronics USB_DEVICE 1.0.0
2023-07-09 09:32:37,062 [INFO] ThirdParty:1030 - CMSIS Pack Vendor :STMicroelectronics X-CUBE-AZRTOS-G0 1.0.0
2023-07-09 09:32:37,063 [INFO] ThirdParty:1030 - CMSIS Pack Vendor :STMicroelectronics X-CUBE-AZRTOS-L4 2.0.0
2023-07-09 09:32:37,063 [INFO] ThirdParty:1030 - CMSIS Pack Vendor :STMicroelectronics ThreadX 0.0.2
2023-07-09 09:32:37,063 [INFO] ThirdParty:1030 - CMSIS Pack Vendor :WES I-CUBE-Cesium 1.3.0
2023-07-09 09:32:37,063 [INFO] ThirdParty:1030 - CMSIS Pack Vendor :STMicroelectronics lwIP 2.1.2
2023-07-09 09:32:37,063 [INFO] ThirdParty:1030 - CMSIS Pack Vendor :STMicroelectronics X-CUBE-SFXS2LP1 4.0.0
2023-07-09 09:32:37,063 [INFO] ThirdParty:1030 - CMSIS Pack Vendor :STMicroelectronics X-CUBE-BLE2 3.3.0
2023-07-09 09:32:37,063 [INFO] ThirdParty:1030 - CMSIS Pack Vendor :STMicroelectronics X-CUBE-DISPLAY 2.2.0
2023-07-09 09:32:37,063 [INFO] ThirdParty:1030 - CMSIS Pack Vendor :STMicroelectronics X-CUBE-TOF1 3.2.0
2023-07-09 09:32:37,063 [INFO] ThirdParty:1030 - CMSIS Pack Vendor :STMicroelectronics PDM2PCM 3.2.0
2023-07-09 09:32:37,063 [INFO] ThirdParty:1030 - CMSIS Pack Vendor :STMicroelectronics X-CUBE-TOUCHGFX 4.18.1
2023-07-09 09:32:37,063 [INFO] ThirdParty:1030 - CMSIS Pack Vendor :STMicroelectronics X-CUBE-AZRTOS-H7 3.0.0
2023-07-09 09:32:37,063 [INFO] ThirdParty:1030 - CMSIS Pack Vendor :STMicroelectronics X-CUBE-ISPU 1.1.0
2023-07-09 09:32:37,063 [INFO] ThirdParty:1030 - CMSIS Pack Vendor :RoweBots I-CUBE-UNISONRTOS 5.5.0-4
2023-07-09 09:32:37,063 [INFO] ThirdParty:1030 - CMSIS Pack Vendor :STMicroelectronics X-CUBE-AZRTOS-H7 2.1.0
2023-07-09 09:32:37,063 [INFO] ThirdParty:1030 - CMSIS Pack Vendor :STMicroelectronics USB_DEVICE 3.0.0
2023-07-09 09:32:37,063 [INFO] ThirdParty:1030 - CMSIS Pack Vendor :STMicroelectronics X-CUBE-AI 8.0.0
2023-07-09 09:32:37,063 [INFO] ThirdParty:1030 - CMSIS Pack Vendor :STMicroelectronics X-CUBE-FREERTOS 1.0.0
2023-07-09 09:32:37,063 [INFO] ThirdParty:1030 - CMSIS Pack Vendor :STMicroelectronics X-CUBE-FREERTOS 1.0.1
2023-07-09 09:32:37,063 [INFO] ThirdParty:1030 - CMSIS Pack Vendor :STMicroelectronics X-CUBE-TOUCHGFX 4.21.1
2023-07-09 09:32:37,063 [INFO] ThirdParty:1030 - CMSIS Pack Vendor :STMicroelectronics X-CUBE-TOUCHGFX 4.21.3
2023-07-09 09:32:37,063 [INFO] ThirdParty:1030 - CMSIS Pack Vendor :STMicroelectronics X-CUBE-BLEMGR 1.0.0
2023-07-09 09:32:37,063 [INFO] ThirdParty:1030 - CMSIS Pack Vendor :STMicroelectronics X-CUBE-TOUCHGFX 4.21.4
2023-07-09 09:32:37,063 [INFO] ThirdParty:1030 - CMSIS Pack Vendor :STMicroelectronics X-CUBE-AI 7.3.0
2023-07-09 09:32:37,064 [INFO] ThirdParty:1030 - CMSIS Pack Vendor :STMicroelectronics X-CUBE-ALGOBUILD 1.3.0
2023-07-09 09:32:37,064 [INFO] ThirdParty:1030 - CMSIS Pack Vendor :STMicroelectronics X-CUBE-AZRTOS-L5 1.1.0
2023-07-09 09:32:37,064 [INFO] ThirdParty:1030 - CMSIS Pack Vendor :STMicroelectronics X-CUBE-AZRTOS-G0 1.1.0
2023-07-09 09:32:37,064 [INFO] ThirdParty:1030 - CMSIS Pack Vendor :STMicroelectronics X-CUBE-AI 8.0.1
2023-07-09 09:32:37,064 [INFO] ThirdParty:1030 - CMSIS Pack Vendor :STMicroelectronics X-CUBE-SUBG2 5.0.0
2023-07-09 09:32:37,064 [INFO] ThirdParty:1030 - CMSIS Pack Vendor :STMicroelectronics X-CUBE-NFC4 3.0.0
2023-07-09 09:32:37,064 [INFO] ThirdParty:1030 - CMSIS Pack Vendor :SEGGER I-CUBE-embOS 1.2.0
2023-07-09 09:32:37,064 [INFO] ThirdParty:1030 - CMSIS Pack Vendor :STMicroelectronics STM32_WPAN 1.0.0
2023-07-09 09:32:37,064 [INFO] ThirdParty:1030 - CMSIS Pack Vendor :STMicroelectronics lwIP 2.0.3
2023-07-09 09:32:37,064 [INFO] ThirdParty:1030 - CMSIS Pack Vendor :STMicroelectronics USB_HOST 1.0.0
2023-07-09 09:32:37,064 [INFO] ThirdParty:1030 - CMSIS Pack Vendor :STMicroelectronics X-CUBE-DISPLAY 2.1.0
2023-07-09 09:32:37,064 [INFO] ThirdParty:1030 - CMSIS Pack Vendor :STMicroelectronics X-CUBE-AZRTOS-G4 2.0.0
2023-07-09 09:32:37,064 [INFO] ThirdParty:1030 - CMSIS Pack Vendor :STMicroelectronics PDM2PCM 3.1.0
2023-07-09 09:32:37,064 [INFO] ThirdParty:1030 - CMSIS Pack Vendor :STMicroelectronics X-CUBE-TOF1 3.3.0
2023-07-09 09:32:37,064 [INFO] ThirdParty:1030 - CMSIS Pack Vendor :STMicroelectronics FP-ATR-ASTRA1 1.1.1
2023-07-09 09:32:37,064 [INFO] ThirdParty:1030 - CMSIS Pack Vendor :STMicroelectronics FP-ATR-ASTRA1 1.1.0
2023-07-09 09:32:37,064 [INFO] ThirdParty:1030 - CMSIS Pack Vendor :STMicroelectronics X-CUBE-AZRTOS-H7 2.0.0
2023-07-09 09:32:37,064 [INFO] ThirdParty:1030 - CMSIS Pack Vendor :STMicroelectronics X-CUBE-AZRTOS-G4 1.0.0
2023-07-09 09:32:37,064 [INFO] ThirdParty:1030 - CMSIS Pack Vendor :STMicroelectronics FP-ATR-SIGFOX1 3.2.0
2023-07-09 09:32:37,064 [INFO] ThirdParty:1030 - CMSIS Pack Vendor :STMicroelectronics X-CUBE-AZRTOS-L4 1.0.0
2023-07-09 09:32:37,064 [INFO] ThirdParty:1030 - CMSIS Pack Vendor :STMicroelectronics MBEDTLS 2.16.2
2023-07-09 09:32:37,064 [INFO] ThirdParty:1030 - CMSIS Pack Vendor :emotas I-CUBE-CANOPEN 1.1.2
2023-07-09 09:32:37,064 [INFO] ThirdParty:1030 - CMSIS Pack Vendor :STMicroelectronics X-CUBE-TOUCHGFX 4.20.0
2023-07-09 09:32:37,064 [INFO] ThirdParty:1030 - CMSIS Pack Vendor :STMicroelectronics X-CUBE-AZRTOS-F7 1.0.0
2023-07-09 09:32:37,064 [INFO] ThirdParty:1030 - CMSIS Pack Vendor :STMicroelectronics X-CUBE-AZRTOS-WL 1.0.0
2023-07-09 09:32:37,064 [INFO] ThirdParty:1030 - CMSIS Pack Vendor :STMicroelectronics X-CUBE-MEMS1 9.1.0
2023-07-09 09:32:37,064 [INFO] ThirdParty:1030 - CMSIS Pack Vendor :portGmbH I-Cube-SoM-uGOAL 1.1.0
2023-07-09 09:32:37,064 [INFO] ThirdParty:1030 - CMSIS Pack Vendor :STMicroelectronics X-CUBE-ALS 1.0.1
2023-07-09 09:32:37,064 [INFO] ThirdParty:1030 - CMSIS Pack Vendor :STMicroelectronics X-CUBE-MEMS1 9.5.0
2023-07-09 09:32:37,064 [INFO] ThirdParty:1030 - CMSIS Pack Vendor :STMicroelectronics ThreadX 1.0.0
2023-07-09 09:32:37,065 [INFO] ThirdParty:1030 - CMSIS Pack Vendor :STMicroelectronics X-CUBE-AZRTOS-WB 1.1.0
2023-07-09 09:32:37,065 [INFO] ThirdParty:1030 - CMSIS Pack Vendor :SEGGER I-CUBE-embOS 1.3.1
2023-07-09 09:32:37,065 [INFO] ThirdParty:1030 - CMSIS Pack Vendor :STMicroelectronics X-CUBE-AZRTOS-L5 1.0.0
2023-07-09 09:32:37,065 [INFO] ThirdParty:1030 - CMSIS Pack Vendor :STMicroelectronics X-CUBE-EEPRMA1 3.1.1
2023-07-09 09:32:37,065 [INFO] ThirdParty:1030 - CMSIS Pack Vendor :STMicroelectronics X-CUBE-GNSS1 5.2.0
2023-07-09 09:32:37,065 [INFO] ThirdParty:1030 - CMSIS Pack Vendor :STMicroelectronics FP-ATR-ASTRA1 2.0.0
2023-07-09 09:32:37,065 [INFO] ThirdParty:1030 - CMSIS Pack Vendor :STMicroelectronics X-CUBE-DISPLAY 2.0.1
2023-07-09 09:32:37,065 [INFO] ThirdParty:1030 - CMSIS Pack Vendor :STMicroelectronics X-CUBE-TOF1 3.0.0
2023-07-09 09:32:37,065 [INFO] ThirdParty:841 - exiting critical section [change project]
2023-07-09 09:32:37,521 [INFO] PinOutPanel:1499 - setPackage(No Configuration,No Configuration)
2023-07-09 09:32:37,524 [INFO] PinOutPanel:1499 - setPackage(STM32F407ZGTx,LQFP144)
2023-07-09 09:32:38,014 [INFO] UtilMem:75 - Before build in PCC Used Memory: 392693760 Bytes (535822336)
2023-07-09 09:32:38,666 [INFO] UtilMem:75 - After build in PCC Used Memory: 356961616 Bytes (535822336)
2023-07-09 09:32:38,688 [INFO] IPUIPlugin:80 - create IPUIPlugin
2023-07-09 09:32:38,688 [INFO] IPUIPlugin:80 - create IPUIPlugin
2023-07-09 09:32:38,688 [INFO] IPUIPlugin:80 - create IPUIPlugin
2023-07-09 09:32:38,688 [INFO] IPUIPlugin:80 - create IPUIPlugin
2023-07-09 09:32:38,689 [INFO] IPUIPlugin:80 - create IPUIPlugin
2023-07-09 09:32:38,689 [INFO] IPUIPlugin:80 - create IPUIPlugin
2023-07-09 09:32:38,689 [INFO] IPUIPlugin:80 - create IPUIPlugin
2023-07-09 09:32:38,689 [INFO] IPUIPlugin:80 - create IPUIPlugin
2023-07-09 09:32:38,689 [INFO] IPUIPlugin:80 - create IPUIPlugin
2023-07-09 09:32:38,689 [INFO] IPUIPlugin:80 - create IPUIPlugin
2023-07-09 09:32:38,689 [INFO] IPUIPlugin:80 - create IPUIPlugin
2023-07-09 09:32:38,689 [INFO] IPUIPlugin:80 - create IPUIPlugin
2023-07-09 09:32:38,689 [INFO] IPUIPlugin:80 - create IPUIPlugin
2023-07-09 09:32:38,689 [INFO] IPUIPlugin:80 - create IPUIPlugin
2023-07-09 09:32:38,689 [INFO] IPUIPlugin:80 - create IPUIPlugin
2023-07-09 09:32:38,690 [INFO] IPUIPlugin:80 - create IPUIPlugin
2023-07-09 09:32:38,690 [INFO] IPUIPlugin:80 - create IPUIPlugin
2023-07-09 09:32:38,690 [INFO] IPUIPlugin:80 - create IPUIPlugin
2023-07-09 09:32:38,690 [INFO] IPUIPlugin:80 - create IPUIPlugin
2023-07-09 09:32:38,690 [INFO] IPUIPlugin:80 - create IPUIPlugin
2023-07-09 09:32:38,690 [INFO] IPUIPlugin:80 - create IPUIPlugin
2023-07-09 09:32:38,690 [INFO] IPUIPlugin:80 - create IPUIPlugin
2023-07-09 09:32:38,690 [INFO] IPUIPlugin:80 - create IPUIPlugin
2023-07-09 09:32:38,691 [INFO] IPUIPlugin:80 - create IPUIPlugin
2023-07-09 09:32:38,691 [INFO] IPUIPlugin:80 - create IPUIPlugin
2023-07-09 09:32:38,691 [INFO] IPUIPlugin:80 - create IPUIPlugin
2023-07-09 09:32:38,691 [INFO] IPUIPlugin:80 - create IPUIPlugin
2023-07-09 09:32:38,691 [INFO] IPUIPlugin:80 - create IPUIPlugin
2023-07-09 09:32:38,691 [INFO] IPUIPlugin:80 - create IPUIPlugin
2023-07-09 09:32:38,691 [INFO] IPUIPlugin:80 - create IPUIPlugin
2023-07-09 09:32:38,692 [INFO] IPUIPlugin:80 - create IPUIPlugin
2023-07-09 09:32:38,692 [INFO] IPUIPlugin:80 - create IPUIPlugin
2023-07-09 09:32:38,692 [INFO] IPUIPlugin:80 - create IPUIPlugin
2023-07-09 09:32:38,692 [INFO] IPUIPlugin:80 - create IPUIPlugin
2023-07-09 09:32:38,692 [INFO] IPUIPlugin:80 - create IPUIPlugin
2023-07-09 09:32:38,693 [INFO] IPUIPlugin:80 - create IPUIPlugin
2023-07-09 09:32:38,693 [INFO] IPUIPlugin:80 - create IPUIPlugin
2023-07-09 09:32:38,693 [INFO] IPUIPlugin:80 - create IPUIPlugin
2023-07-09 09:32:38,693 [INFO] IPUIPlugin:80 - create IPUIPlugin
2023-07-09 09:32:38,694 [INFO] IPUIPlugin:80 - create IPUIPlugin
2023-07-09 09:32:38,694 [INFO] IPUIPlugin:80 - create IPUIPlugin
2023-07-09 09:32:38,694 [INFO] IPUIPlugin:80 - create IPUIPlugin
2023-07-09 09:32:38,694 [INFO] IPUIPlugin:80 - create IPUIPlugin
2023-07-09 09:32:38,695 [INFO] IPUIPlugin:80 - create IPUIPlugin
2023-07-09 09:32:38,695 [INFO] IPUIPlugin:80 - create IPUIPlugin
2023-07-09 09:32:38,695 [INFO] IPUIPlugin:80 - create IPUIPlugin
2023-07-09 09:32:38,696 [INFO] IPUIPlugin:80 - create IPUIPlugin
2023-07-09 09:32:38,696 [INFO] IPUIPlugin:80 - create IPUIPlugin
2023-07-09 09:32:38,696 [INFO] IPUIPlugin:80 - create IPUIPlugin
2023-07-09 09:32:38,696 [INFO] IPUIPlugin:80 - create IPUIPlugin
2023-07-09 09:32:38,697 [INFO] IPUIPlugin:80 - create IPUIPlugin
2023-07-09 09:32:38,697 [INFO] IPUIPlugin:80 - create IPUIPlugin
2023-07-09 09:32:38,697 [INFO] IPUIPlugin:80 - create IPUIPlugin
2023-07-09 09:32:38,698 [INFO] IPUIPlugin:80 - create IPUIPlugin
2023-07-09 09:32:38,699 [INFO] IPUIPlugin:80 - create IPUIPlugin
2023-07-09 09:32:38,699 [INFO] IPUIPlugin:80 - create IPUIPlugin
2023-07-09 09:32:38,699 [INFO] IPUIPlugin:80 - create IPUIPlugin
2023-07-09 09:32:38,700 [INFO] IPUIPlugin:80 - create IPUIPlugin
2023-07-09 09:32:38,742 [INFO] ApiDbMcu:507 - Load IP Config File for PDM2PCM
2023-07-09 09:32:38,749 [WARN] IP:2113 - I2C_Coeff_DF not found: check if there is a RefParameter without a condition.
2023-07-09 09:32:38,749 [WARN] IP:2113 - Analog_Filter not found: check if there is a RefParameter without a condition.
2023-07-09 09:32:38,751 [WARN] IP:2113 - I2C_Coeff_DF not found: check if there is a RefParameter without a condition.
2023-07-09 09:32:38,751 [WARN] IP:2113 - Analog_Filter not found: check if there is a RefParameter without a condition.
2023-07-09 09:32:38,933 [INFO] CADModel:165 - CPN selected for project levelSTM32F407ZGT6
2023-07-09 09:32:38,934 [INFO] CADModel:114 - Register for checkConnection events
2023-07-09 09:32:38,985 [INFO] OpenFileManager:328 - Restore cursor
2023-07-09 09:32:39,118 [WARN] IP:2113 - I2C_Coeff_DF not found: check if there is a RefParameter without a condition.
2023-07-09 09:32:39,118 [WARN] IP:2113 - Analog_Filter not found: check if there is a RefParameter without a condition.
2023-07-09 09:32:39,119 [WARN] IP:2113 - I2C_Coeff_DF not found: check if there is a RefParameter without a condition.
2023-07-09 09:32:39,119 [WARN] IP:2113 - Analog_Filter not found: check if there is a RefParameter without a condition.
2023-07-09 09:32:39,121 [WARN] IP:2113 - I2C_Coeff_DF not found: check if there is a RefParameter without a condition.
2023-07-09 09:32:39,121 [WARN] IP:2113 - Analog_Filter not found: check if there is a RefParameter without a condition.
2023-07-09 09:32:39,121 [WARN] IP:2113 - I2C_Coeff_DF not found: check if there is a RefParameter without a condition.
2023-07-09 09:32:39,121 [WARN] IP:2113 - Analog_Filter not found: check if there is a RefParameter without a condition.
2023-07-09 09:33:06,625 [INFO] UtilMem:75 - End SaveConfig() Used Memory: 333608048 Bytes (535822336)
2023-07-09 09:33:08,227 [INFO] UtilMem:75 - End SaveConfig() Used Memory: 428698256 Bytes (535822336)
2023-07-09 09:33:09,736 [INFO] UtilMem:75 - End SaveConfig() Used Memory: 450211392 Bytes (535822336)
2023-07-09 09:33:10,410 [INFO] BlockDiagram:2759 - set Specific Code input for plugin: SPI
2023-07-09 09:33:10,410 [INFO] BlockDiagram:2759 - set Specific Code input for plugin: TIM1_8
2023-07-09 09:33:10,410 [INFO] BlockDiagram:2759 - set Specific Code input for plugin: SYS
2023-07-09 09:33:10,410 [INFO] BlockDiagram:2759 - set Specific Code input for plugin: RCC
2023-07-09 09:33:10,410 [INFO] BlockDiagram:2759 - set Specific Code input for plugin: I2C
2023-07-09 09:33:10,411 [INFO] BlockDiagram:2759 - set Specific Code input for plugin: I2C
2023-07-09 09:33:10,411 [INFO] BlockDiagram:2759 - set Specific Code input for plugin: NVIC
2023-07-09 09:33:10,411 [INFO] BlockDiagram:2759 - set Specific Code input for plugin: TIM1_8
2023-07-09 09:33:10,411 [INFO] BlockDiagram:2759 - set Specific Code input for plugin: GPIO
2023-07-09 09:33:10,412 [INFO] CodeGenerator:793 - code generatio: config db path: E:\Software\STM32CubeIDE_1.12.0\STM32CubeIDE\plugins\com.st.stm32cube.common.mx_6.8.1.202304191431\\db\
2023-07-09 09:33:10,431 [WARN] IP:2113 - I2C_Coeff_DF not found: check if there is a RefParameter without a condition.
2023-07-09 09:33:10,431 [WARN] IP:2113 - Analog_Filter not found: check if there is a RefParameter without a condition.
2023-07-09 09:33:10,433 [WARN] IP:2113 - I2C_Coeff_DF not found: check if there is a RefParameter without a condition.
2023-07-09 09:33:10,433 [WARN] IP:2113 - Analog_Filter not found: check if there is a RefParameter without a condition.
2023-07-09 09:33:10,785 [INFO] CodeEngine:255 - oldGeneratedFile, E:\Document\STM32_Project\EX_DCParallel_F407ZGT6_Hollies\MXTmpFiles\license.tmp_save
2023-07-09 09:33:11,164 [INFO] CodeEngine:279 - Generated code: E:\Document\STM32_Project\EX_DCParallel_F407ZGT6_Hollies\MXTmpFiles\license.tmp
2023-07-09 09:33:11,210 [INFO] CodeEngine:255 - oldGeneratedFile, E:\Document\STM32_Project\EX_DCParallel_F407ZGT6_Hollies\Core\Src\gpio.c_save
2023-07-09 09:33:11,360 [INFO] CodeEngine:279 - Generated code: E:\Document\STM32_Project\EX_DCParallel_F407ZGT6_Hollies\Core\Src\gpio.c
2023-07-09 09:33:11,363 [INFO] CodeEngine:255 - oldGeneratedFile, E:\Document\STM32_Project\EX_DCParallel_F407ZGT6_Hollies\Core\Inc\gpio.h_save
2023-07-09 09:33:11,476 [INFO] CodeEngine:279 - Generated code: E:\Document\STM32_Project\EX_DCParallel_F407ZGT6_Hollies\Core\Inc\gpio.h
2023-07-09 09:33:11,667 [INFO] CodeEngine:255 - oldGeneratedFile, E:\Document\STM32_Project\EX_DCParallel_F407ZGT6_Hollies\Core\Src\i2c.c_save
2023-07-09 09:33:11,790 [INFO] CodeEngine:279 - Generated code: E:\Document\STM32_Project\EX_DCParallel_F407ZGT6_Hollies\Core\Src\i2c.c
2023-07-09 09:33:11,792 [INFO] CodeEngine:255 - oldGeneratedFile, E:\Document\STM32_Project\EX_DCParallel_F407ZGT6_Hollies\Core\Inc\i2c.h_save
2023-07-09 09:33:11,861 [INFO] CodeEngine:279 - Generated code: E:\Document\STM32_Project\EX_DCParallel_F407ZGT6_Hollies\Core\Inc\i2c.h
2023-07-09 09:33:11,866 [INFO] CodeEngine:255 - oldGeneratedFile, E:\Document\STM32_Project\EX_DCParallel_F407ZGT6_Hollies\Core\Src\spi.c_save
2023-07-09 09:33:11,966 [INFO] CodeEngine:279 - Generated code: E:\Document\STM32_Project\EX_DCParallel_F407ZGT6_Hollies\Core\Src\spi.c
2023-07-09 09:33:11,968 [INFO] CodeEngine:255 - oldGeneratedFile, E:\Document\STM32_Project\EX_DCParallel_F407ZGT6_Hollies\Core\Inc\spi.h_save
2023-07-09 09:33:12,042 [INFO] CodeEngine:279 - Generated code: E:\Document\STM32_Project\EX_DCParallel_F407ZGT6_Hollies\Core\Inc\spi.h
2023-07-09 09:33:12,047 [INFO] CodeEngine:255 - oldGeneratedFile, E:\Document\STM32_Project\EX_DCParallel_F407ZGT6_Hollies\Core\Src\tim.c_save
2023-07-09 09:33:12,146 [INFO] CodeEngine:279 - Generated code: E:\Document\STM32_Project\EX_DCParallel_F407ZGT6_Hollies\Core\Src\tim.c
2023-07-09 09:33:12,148 [INFO] CodeEngine:255 - oldGeneratedFile, E:\Document\STM32_Project\EX_DCParallel_F407ZGT6_Hollies\Core\Inc\tim.h_save
2023-07-09 09:33:12,208 [INFO] CodeEngine:279 - Generated code: E:\Document\STM32_Project\EX_DCParallel_F407ZGT6_Hollies\Core\Inc\tim.h
2023-07-09 09:33:12,220 [INFO] CodeEngine:255 - oldGeneratedFile, E:\Document\STM32_Project\EX_DCParallel_F407ZGT6_Hollies\Core\Src\stm32f4xx_it.c_save
2023-07-09 09:33:12,336 [INFO] CodeEngine:279 - Generated code: E:\Document\STM32_Project\EX_DCParallel_F407ZGT6_Hollies\Core\Src\stm32f4xx_it.c
2023-07-09 09:33:12,344 [INFO] CodeEngine:255 - oldGeneratedFile, E:\Document\STM32_Project\EX_DCParallel_F407ZGT6_Hollies\Core\Inc\stm32f4xx_it.h_save
2023-07-09 09:33:12,400 [INFO] CodeEngine:279 - Generated code: E:\Document\STM32_Project\EX_DCParallel_F407ZGT6_Hollies\Core\Inc\stm32f4xx_it.h
2023-07-09 09:33:12,412 [INFO] CodeEngine:255 - oldGeneratedFile, E:\Document\STM32_Project\EX_DCParallel_F407ZGT6_Hollies\Core\Src\stm32f4xx_hal_msp.c_save
2023-07-09 09:33:12,496 [INFO] CodeEngine:279 - Generated code: E:\Document\STM32_Project\EX_DCParallel_F407ZGT6_Hollies\Core\Src\stm32f4xx_hal_msp.c
2023-07-09 09:33:12,499 [INFO] CodeEngine:255 - oldGeneratedFile, E:\Document\STM32_Project\EX_DCParallel_F407ZGT6_Hollies\MXTmpFiles\system.tmp_save
2023-07-09 09:33:12,551 [INFO] CodeEngine:279 - Generated code: E:\Document\STM32_Project\EX_DCParallel_F407ZGT6_Hollies\MXTmpFiles\system.tmp
2023-07-09 09:33:12,564 [INFO] CodeEngine:311 - oldGeneratedFile, E:\Document\STM32_Project\EX_DCParallel_F407ZGT6_Hollies\Core\Inc\stm32f4xx_hal_conf.h_save
2023-07-09 09:33:12,641 [INFO] CodeEngine:335 - Generated code: E:\Document\STM32_Project\EX_DCParallel_F407ZGT6_Hollies\Core\Inc\stm32f4xx_hal_conf.h
2023-07-09 09:33:12,681 [INFO] CodeEngine:255 - oldGeneratedFile, E:\Document\STM32_Project\EX_DCParallel_F407ZGT6_Hollies\Core\Inc\main.h_save
2023-07-09 09:33:12,780 [INFO] CodeEngine:279 - Generated code: E:\Document\STM32_Project\EX_DCParallel_F407ZGT6_Hollies\Core\Inc\main.h
2023-07-09 09:33:12,794 [INFO] CodeEngine:255 - oldGeneratedFile, E:\Document\STM32_Project\EX_DCParallel_F407ZGT6_Hollies\Core\Src\main.c_save
2023-07-09 09:33:12,904 [INFO] CodeEngine:279 - Generated code: E:\Document\STM32_Project\EX_DCParallel_F407ZGT6_Hollies\Core\Src\main.c
2023-07-09 09:33:13,509 [INFO] ProjectBuilder:2996 - Time for Copy HAL[1] : 149mS.
2023-07-09 09:33:13,521 [INFO] ProjectBuilder:4304 - Project Generator version: 3.19.2
2023-07-09 09:33:13,783 [INFO] ConfigFileManager:1483 - The Die is : DIE413
2023-07-09 09:33:13,791 [INFO] ApiDbMcu:507 - Load IP Config File for FATFS
2023-07-09 09:33:13,793 [INFO] ApiDbMcu:507 - Load IP Config File for FREERTOS
2023-07-09 09:33:13,794 [INFO] ApiDbMcu:507 - Load IP Config File for LIBJPEG
2023-07-09 09:33:13,798 [INFO] ApiDbMcu:507 - Load IP Config File for LWIP
2023-07-09 09:33:13,801 [INFO] ApiDbMcu:507 - Load IP Config File for MBEDTLS
2023-07-09 09:33:13,826 [INFO] ApiDbMcu:507 - Load IP Config File for USB_DEVICE
2023-07-09 09:33:13,829 [INFO] ApiDbMcu:507 - Load IP Config File for USB_HOST
2023-07-09 09:33:14,719 [INFO] LogOutputStream:77 - [STDOUT_REDIRECT] 
2023-07-09 09:33:16,337 [INFO] ProjectBuilder:4505 - Time for Generating toolchain IDE Files: 2817mS.
2023-07-09 09:33:16,338 [INFO] ProjectBuilder:2867 - Time for Copy CMSIS : 0mS.
2023-07-09 09:33:16,339 [INFO] ProjectBuilder:2867 - Time for Copy CMSIS : 0mS.
