2023-12-22 10:35:43,093 [INFO] Activator:176 - 


2023-12-22 10:35:43,108 [INFO] Activator:177 - !SESSION log4j initialized
2023-12-22 10:35:48,032 [ERROR] LogOutputStream:75 - [STDERR_REDIRECT] Warning: NLS unused message: ?????????????????????? in: org.eclipse.ui.views.markers.internal.messages
2023-12-22 10:35:51,633 [INFO] LogOutputStream:77 - [STDOUT_REDIRECT] 
2023-12-22 10:35:55,803 [INFO] McuFinderGlobals:63 - Set McuFinder mode to 2 (CubeIDE integrated)
2023-12-22 10:35:56,881 [INFO] ApplicationProperties:184 - Using Application install path: E:\Software\STM32CubeIDE_1.12.0\STM32CubeIDE\plugins\com.st.stm32cube.common.mx_6.9.2.202309101412
2023-12-22 10:35:56,907 [INFO] DbMcusXml:78 - Set database path to: E:\Software\STM32CubeIDE_1.12.0\STM32CubeIDE\plugins\com.st.stm32cube.common.mx_6.9.2.202309101412\\db\/mcu/
2023-12-22 10:35:56,908 [INFO] ApiDb:274 - Set plugin database path to: E:\Software\STM32CubeIDE_1.12.0\STM32CubeIDE\plugins\com.st.stm32cube.common.mx_6.9.2.202309101412\\db\/plugins/boardmanager/
2023-12-22 10:35:56,908 [WARN] ApiDb:259 - Overriding images path with different value:  => E:\Software\STM32CubeIDE_1.12.0\STM32CubeIDE\plugins\com.st.stm32cube.common.mx_6.9.2.202309101412\\db\/plugins/mcufinder/images/
2023-12-22 10:35:56,962 [INFO] ApiDb:250 - Set database path to: C:\Users\Administrator\.stmcufinder\plugins\mcufinder//mcu/
2023-12-22 10:35:56,963 [INFO] DbMcusAds:125 - Set database path to: C:\Users\Administrator\.stmcufinder\plugins\mcufinder//mcu/
2023-12-22 10:35:56,964 [INFO] CrossReferenceDbSqlite:203 - Set database path to: C:\Users\Administrator\.stmcufinder\plugins\mcufinder//mcu/cs/
2023-12-22 10:35:57,118 [INFO] RulesReader:64 - Compatibility file has been processed (293 Rules)
2023-12-22 10:35:57,242 [INFO] DbMcusXml:78 - Set database path to: E:\Software\STM32CubeIDE_1.12.0\STM32CubeIDE\plugins\com.st.stm32cube.common.mx_6.9.2.202309101412\\db\/mcu/
2023-12-22 10:35:57,242 [INFO] ApiDb:274 - Set plugin database path to: E:\Software\STM32CubeIDE_1.12.0\STM32CubeIDE\plugins\com.st.stm32cube.common.mx_6.9.2.202309101412\\db\/plugins/boardmanager/
2023-12-22 10:35:57,243 [INFO] ApiDb:261 - Set plugin images path to: E:\Software\STM32CubeIDE_1.12.0\STM32CubeIDE\plugins\com.st.stm32cube.common.mx_6.9.2.202309101412\\db\/plugins/mcufinder/images/
2023-12-22 10:35:57,243 [WARN] DbFile:41 - Overriding database path with different value: C:\Users\Administrator\.stmcufinder\plugins\mcufinder/ => C:\Users\Administrator\.stmcufinder\plugins\mcufinder
2023-12-22 10:35:57,243 [INFO] ApiDb:250 - Set database path to: C:\Users\Administrator\.stmcufinder\plugins\mcufinder//mcu/
2023-12-22 10:35:57,243 [WARN] DbFile:41 - Overriding database path with different value: C:\Users\Administrator\.stmcufinder\plugins\mcufinder/ => C:\Users\Administrator\.stmcufinder\plugins\mcufinder
2023-12-22 10:35:57,243 [INFO] DbMcusAds:125 - Set database path to: C:\Users\Administrator\.stmcufinder\plugins\mcufinder//mcu/
2023-12-22 10:35:57,243 [WARN] DbFile:41 - Overriding database path with different value: C:\Users\Administrator\.stmcufinder\plugins\mcufinder/ => C:\Users\Administrator\.stmcufinder\plugins\mcufinder
2023-12-22 10:35:57,243 [WARN] DbFile:41 - Overriding database path with different value: C:\Users\Administrator\.stmcufinder\plugins\mcufinder/ => C:\Users\Administrator\.stmcufinder\plugins\mcufinder
2023-12-22 10:35:57,243 [INFO] CrossReferenceDbSqlite:203 - Set database path to: C:\Users\Administrator\.stmcufinder\plugins\mcufinder//mcu/cs/
2023-12-22 10:35:57,322 [INFO] MainPanel:262 - HeapMemory: 268435456
2023-12-22 10:35:57,429 [INFO] DbMcusXml:78 - Set database path to: E:\Software\STM32CubeIDE_1.12.0\STM32CubeIDE\plugins\com.st.stm32cube.common.mx_6.9.2.202309101412\\db\/mcu/
2023-12-22 10:35:57,429 [INFO] ApiDb:274 - Set plugin database path to: E:\Software\STM32CubeIDE_1.12.0\STM32CubeIDE\plugins\com.st.stm32cube.common.mx_6.9.2.202309101412\\db\/plugins/boardmanager/
2023-12-22 10:35:57,429 [INFO] ApiDb:261 - Set plugin images path to: E:\Software\STM32CubeIDE_1.12.0\STM32CubeIDE\plugins\com.st.stm32cube.common.mx_6.9.2.202309101412\\db\/plugins/mcufinder/images/
2023-12-22 10:35:57,429 [WARN] DbFile:41 - Overriding database path with different value: C:\Users\Administrator\.stmcufinder\plugins\mcufinder/ => C:\Users\Administrator\.stmcufinder\plugins\mcufinder
2023-12-22 10:35:57,429 [INFO] ApiDb:250 - Set database path to: C:\Users\Administrator\.stmcufinder\plugins\mcufinder//mcu/
2023-12-22 10:35:57,429 [WARN] DbFile:41 - Overriding database path with different value: C:\Users\Administrator\.stmcufinder\plugins\mcufinder/ => C:\Users\Administrator\.stmcufinder\plugins\mcufinder
2023-12-22 10:35:57,429 [INFO] DbMcusAds:125 - Set database path to: C:\Users\Administrator\.stmcufinder\plugins\mcufinder//mcu/
2023-12-22 10:35:57,429 [WARN] DbFile:41 - Overriding database path with different value: C:\Users\Administrator\.stmcufinder\plugins\mcufinder/ => C:\Users\Administrator\.stmcufinder\plugins\mcufinder
2023-12-22 10:35:57,429 [WARN] DbFile:41 - Overriding database path with different value: C:\Users\Administrator\.stmcufinder\plugins\mcufinder/ => C:\Users\Administrator\.stmcufinder\plugins\mcufinder
2023-12-22 10:35:57,430 [INFO] CrossReferenceDbSqlite:203 - Set database path to: C:\Users\Administrator\.stmcufinder\plugins\mcufinder//mcu/cs/
2023-12-22 10:35:57,450 [INFO] ApplicationProperties:184 - Using Application install path: E:\Software\STM32CubeIDE_1.12.0\STM32CubeIDE\plugins\com.st.stm32cube.common.mx_6.9.2.202309101412
2023-12-22 10:35:57,451 [INFO] PluginManage:196 - Search for loadable plugins [exclusion list=, ]
2023-12-22 10:35:57,452 [INFO] PluginManage:310 - Check plugin analytics
2023-12-22 10:35:57,629 [INFO] AnalyticsPlugin:253 - Accepted Software Licenses: STM32CubeMX.6.9.0,STM32CubeMX.6.4.0,STM32CubeMX.6.5.0
2023-12-22 10:35:57,629 [INFO] AnalyticsPlugin:255 - Accepted CMSIS Pack Licenses: 
2023-12-22 10:35:57,630 [INFO] AnalyticsPlugin:257 - Accepted Firmware Licenses: FW.C0.1.0.0
2023-12-22 10:35:57,632 [INFO] PluginManage:359 - Loaded plugin analytics (category:tool,tabindex:-1)
2023-12-22 10:35:57,633 [INFO] PluginManage:310 - Check plugin cadmodel
2023-12-22 10:35:57,674 [INFO] CADModel:105 - Init CAD model plugin
2023-12-22 10:35:57,674 [INFO] PluginManage:359 - Loaded plugin cadmodel (category:power,tabindex:5)
2023-12-22 10:35:57,674 [INFO] PluginManage:310 - Check plugin clock
2023-12-22 10:35:57,785 [INFO] PluginManage:359 - Loaded plugin clock (category:base,tabindex:2)
2023-12-22 10:35:57,785 [INFO] PluginManage:310 - Check plugin ddr
2023-12-22 10:35:57,795 [INFO] PluginManage:359 - Loaded plugin ddr (category:tool,tabindex:6)
2023-12-22 10:35:57,795 [INFO] PluginManage:310 - Check plugin filemanager
2023-12-22 10:35:58,027 [INFO] PluginManage:359 - Loaded plugin filemanager (category:base,tabindex:10)
2023-12-22 10:35:58,027 [INFO] PluginManage:310 - Check plugin ipmanager
2023-12-22 10:35:58,067 [INFO] PluginManage:359 - Loaded plugin ipmanager (category:base,tabindex:5)
2023-12-22 10:35:58,067 [INFO] PluginManage:310 - Check plugin lpbam
2023-12-22 10:35:58,090 [INFO] PluginManage:359 - Loaded plugin lpbam (category:base,tabindex:0)
2023-12-22 10:35:58,090 [INFO] PluginManage:310 - Check plugin memorymap
2023-12-22 10:35:58,130 [INFO] PluginManage:359 - Loaded plugin memorymap (category:base,tabindex:4)
2023-12-22 10:35:58,130 [INFO] PluginManage:310 - Check plugin pinoutandconfiguration
2023-12-22 10:35:58,157 [INFO] PluginManage:359 - Loaded plugin pinoutandconfiguration (category:base,tabindex:1)
2023-12-22 10:35:58,157 [INFO] PluginManage:310 - Check plugin pinoutconfig
2023-12-22 10:35:58,279 [WARN] SupportedApi:132 - Cannot load RTOS API schema: s4s-elt-must-match.1: The content of 'definitions' must match (annotation?, (simpleType | complexType)?, (unique | key | keyref)*)). A problem was found starting at: attribute.
2023-12-22 10:35:58,392 [INFO] PluginManage:359 - Loaded plugin pinoutconfig (category:base,tabindex:0)
2023-12-22 10:35:58,392 [INFO] PluginManage:310 - Check plugin power
2023-12-22 10:35:58,434 [INFO] PluginManage:359 - Loaded plugin power (category:power,tabindex:4)
2023-12-22 10:35:58,434 [INFO] PluginManage:310 - Check plugin projectmanager
2023-12-22 10:35:58,450 [INFO] PluginManage:359 - Loaded plugin projectmanager (category:projectmanager,tabindex:3)
2023-12-22 10:35:58,450 [INFO] PluginManage:310 - Check plugin thirdparty
2023-12-22 10:35:58,790 [INFO] PluginManage:359 - Loaded plugin thirdparty (category:base,tabindex:-1)
2023-12-22 10:35:58,791 [INFO] PluginManage:310 - Check plugin tools
2023-12-22 10:35:58,790 [WARN] IntegrityCheckThread:84 - waiting for thirdparty lock release [integrity check]
2023-12-22 10:35:58,791 [INFO] IntegrityCheckThread:86 - entering critical section [integrity check]
2023-12-22 10:35:58,791 [INFO] ThirdPartyUpdaterWithRetryManager:70 - Updater plugin not ready yet. [1/15]
2023-12-22 10:35:58,822 [INFO] PluginManage:359 - Loaded plugin tools (category:base,tabindex:7)
2023-12-22 10:35:58,823 [INFO] PluginManage:310 - Check plugin tutovideos
2023-12-22 10:35:59,041 [INFO] PluginManage:359 - Loaded plugin tutovideos (category:base,tabindex:-1)
2023-12-22 10:35:59,041 [INFO] PluginManage:310 - Check plugin updater
2023-12-22 10:35:59,056 [INFO] PluginManage:359 - Loaded plugin updater (category:base,tabindex:12)
2023-12-22 10:35:59,056 [INFO] PluginManage:310 - Check plugin userauth
2023-12-22 10:35:59,097 [INFO] UserAuth:113 - Init User Auth plugin
2023-12-22 10:35:59,097 [INFO] PluginManage:359 - Loaded plugin userauth (category:base,tabindex:14)
2023-12-22 10:35:59,098 [INFO] PluginManage:283 - PluginManage : Loaded plugins [17]
2023-12-22 10:35:59,535 [INFO] PinOutPanel:1499 - setPackage(No Configuration,No Configuration)
2023-12-22 10:35:59,706 [INFO] CADModel:165 - CPN selected for project level
2023-12-22 10:35:59,706 [INFO] CADModel:114 - Register for checkConnection events
2023-12-22 10:35:59,803 [INFO] IPUIPlugin:80 - create IPUIPlugin
2023-12-22 10:35:59,803 [INFO] PluginManager:220 - loadIPPluginJar : add adc
2023-12-22 10:35:59,840 [INFO] IPUIPlugin:80 - create IPUIPlugin
2023-12-22 10:35:59,840 [INFO] PluginManager:220 - loadIPPluginJar : add aes
2023-12-22 10:35:59,886 [INFO] IPUIPlugin:80 - create IPUIPlugin
2023-12-22 10:35:59,887 [INFO] PluginManager:220 - loadIPPluginJar : add can
2023-12-22 10:35:59,911 [INFO] IPUIPlugin:80 - create IPUIPlugin
2023-12-22 10:35:59,911 [INFO] PluginManager:220 - loadIPPluginJar : add comp
2023-12-22 10:35:59,934 [INFO] IPUIPlugin:80 - create IPUIPlugin
2023-12-22 10:35:59,934 [INFO] PluginManager:220 - loadIPPluginJar : add cryp
2023-12-22 10:35:59,956 [INFO] IPUIPlugin:80 - create IPUIPlugin
2023-12-22 10:35:59,956 [INFO] PluginManager:220 - loadIPPluginJar : add dfsdm
2023-12-22 10:35:59,979 [INFO] IPUIPlugin:80 - create IPUIPlugin
2023-12-22 10:35:59,979 [INFO] PluginManager:220 - loadIPPluginJar : add dma
2023-12-22 10:36:00,011 [INFO] IPUIPlugin:80 - create IPUIPlugin
2023-12-22 10:36:00,011 [INFO] PluginManager:220 - loadIPPluginJar : add dma3
2023-12-22 10:36:00,026 [INFO] IPUIPlugin:80 - create IPUIPlugin
2023-12-22 10:36:00,026 [INFO] PluginManager:220 - loadIPPluginJar : add fatfs
2023-12-22 10:36:00,072 [INFO] IPUIPlugin:80 - create IPUIPlugin
2023-12-22 10:36:00,072 [INFO] PluginManager:220 - loadIPPluginJar : add fmc
2023-12-22 10:36:00,093 [INFO] IPUIPlugin:80 - create IPUIPlugin
2023-12-22 10:36:00,093 [INFO] PluginManager:220 - loadIPPluginJar : add freertos
2023-12-22 10:36:00,117 [INFO] IPUIPlugin:80 - create IPUIPlugin
2023-12-22 10:36:00,117 [INFO] PluginManager:220 - loadIPPluginJar : add genericplugin
2023-12-22 10:36:00,188 [INFO] IPUIPlugin:80 - create IPUIPlugin
2023-12-22 10:36:00,188 [INFO] PluginManager:220 - loadIPPluginJar : add gfxmmu
2023-12-22 10:36:00,284 [INFO] IPUIPlugin:80 - create IPUIPlugin
2023-12-22 10:36:00,284 [INFO] PluginManager:220 - loadIPPluginJar : add gic
2023-12-22 10:36:00,303 [INFO] IPUIPlugin:80 - create IPUIPlugin
2023-12-22 10:36:00,303 [INFO] PluginManager:220 - loadIPPluginJar : add gpio
2023-12-22 10:36:00,374 [INFO] IPUIPlugin:80 - create IPUIPlugin
2023-12-22 10:36:00,374 [INFO] PluginManager:220 - loadIPPluginJar : add gtzc
2023-12-22 10:36:00,396 [INFO] IPUIPlugin:80 - create IPUIPlugin
2023-12-22 10:36:00,396 [INFO] PluginManager:220 - loadIPPluginJar : add hash
2023-12-22 10:36:00,433 [INFO] IPUIPlugin:80 - create IPUIPlugin
2023-12-22 10:36:00,433 [INFO] PluginManager:220 - loadIPPluginJar : add i2c
2023-12-22 10:36:00,478 [INFO] IPUIPlugin:80 - create IPUIPlugin
2023-12-22 10:36:00,478 [INFO] PluginManager:220 - loadIPPluginJar : add i2s
2023-12-22 10:36:00,508 [INFO] IPUIPlugin:80 - create IPUIPlugin
2023-12-22 10:36:00,508 [INFO] PluginManager:220 - loadIPPluginJar : add i3c
2023-12-22 10:36:00,608 [INFO] IPUIPlugin:80 - create IPUIPlugin
2023-12-22 10:36:00,608 [INFO] PluginManager:220 - loadIPPluginJar : add ipddr
2023-12-22 10:36:00,685 [INFO] IPUIPlugin:80 - create IPUIPlugin
2023-12-22 10:36:00,685 [INFO] PluginManager:220 - loadIPPluginJar : add linkedlist
2023-12-22 10:36:00,710 [INFO] IPUIPlugin:80 - create IPUIPlugin
2023-12-22 10:36:00,710 [INFO] PluginManager:220 - loadIPPluginJar : add lorawan
2023-12-22 10:36:00,737 [INFO] IPUIPlugin:80 - create IPUIPlugin
2023-12-22 10:36:00,737 [INFO] PluginManager:220 - loadIPPluginJar : add ltdc
2023-12-22 10:36:00,764 [INFO] IPUIPlugin:80 - create IPUIPlugin
2023-12-22 10:36:00,764 [INFO] PluginManager:220 - loadIPPluginJar : add mdma
2023-12-22 10:36:00,788 [INFO] IPUIPlugin:80 - create IPUIPlugin
2023-12-22 10:36:00,788 [INFO] PluginManager:220 - loadIPPluginJar : add nvic
2023-12-22 10:36:00,815 [INFO] IPUIPlugin:80 - create IPUIPlugin
2023-12-22 10:36:00,815 [INFO] PluginManager:220 - loadIPPluginJar : add opamp
2023-12-22 10:36:00,871 [INFO] IPUIPlugin:80 - create IPUIPlugin
2023-12-22 10:36:00,871 [INFO] PluginManager:220 - loadIPPluginJar : add openamp
2023-12-22 10:36:00,902 [INFO] IPUIPlugin:80 - create IPUIPlugin
2023-12-22 10:36:00,902 [INFO] PluginManager:220 - loadIPPluginJar : add pdm2pcm
2023-12-22 10:36:00,913 [INFO] IPUIPlugin:80 - create IPUIPlugin
2023-12-22 10:36:00,915 [INFO] PluginManager:220 - loadIPPluginJar : add plateformsettings
2023-12-22 10:36:00,932 [INFO] IPUIPlugin:80 - create IPUIPlugin
2023-12-22 10:36:00,932 [INFO] PluginManager:220 - loadIPPluginJar : add quadspi
2023-12-22 10:36:00,949 [INFO] IPUIPlugin:80 - create IPUIPlugin
2023-12-22 10:36:00,949 [INFO] PluginManager:220 - loadIPPluginJar : add resmgrutility
2023-12-22 10:36:00,994 [INFO] IPUIPlugin:80 - create IPUIPlugin
2023-12-22 10:36:00,994 [INFO] PluginManager:220 - loadIPPluginJar : add sai
2023-12-22 10:36:01,020 [INFO] IPUIPlugin:80 - create IPUIPlugin
2023-12-22 10:36:01,020 [INFO] PluginManager:220 - loadIPPluginJar : add spi
2023-12-22 10:36:01,064 [INFO] IPUIPlugin:80 - create IPUIPlugin
2023-12-22 10:36:01,064 [INFO] PluginManager:220 - loadIPPluginJar : add stm32_wpan
2023-12-22 10:36:01,082 [INFO] IPUIPlugin:80 - create IPUIPlugin
2023-12-22 10:36:01,082 [INFO] PluginManager:220 - loadIPPluginJar : add tim
2023-12-22 10:36:01,136 [INFO] IPUIPlugin:80 - create IPUIPlugin
2023-12-22 10:36:01,137 [INFO] PluginManager:220 - loadIPPluginJar : add touchsensing
2023-12-22 10:36:01,154 [INFO] IPUIPlugin:80 - create IPUIPlugin
2023-12-22 10:36:01,154 [INFO] PluginManager:220 - loadIPPluginJar : add tracer_emb
2023-12-22 10:36:01,173 [INFO] IPUIPlugin:80 - create IPUIPlugin
2023-12-22 10:36:01,173 [INFO] PluginManager:220 - loadIPPluginJar : add ts
2023-12-22 10:36:01,190 [INFO] IPUIPlugin:80 - create IPUIPlugin
2023-12-22 10:36:01,190 [INFO] PluginManager:220 - loadIPPluginJar : add tsc
2023-12-22 10:36:01,207 [INFO] IPUIPlugin:80 - create IPUIPlugin
2023-12-22 10:36:01,207 [INFO] PluginManager:220 - loadIPPluginJar : add ucpd
2023-12-22 10:36:01,243 [INFO] IPUIPlugin:80 - create IPUIPlugin
2023-12-22 10:36:01,243 [INFO] PluginManager:220 - loadIPPluginJar : add usart
2023-12-22 10:36:01,276 [INFO] IPUIPlugin:80 - create IPUIPlugin
2023-12-22 10:36:01,277 [INFO] PluginManager:220 - loadIPPluginJar : add usbx
2023-12-22 10:36:01,406 [INFO] CADModel:165 - CPN selected for project level
2023-12-22 10:36:01,406 [INFO] CADModel:114 - Register for checkConnection events
2023-12-22 10:36:01,406 [FATAL] Updater:308 - Updater called before beeing initialized
2023-12-22 10:36:01,406 [ERROR] CADModel:125 - Updater not yet initialized, retry later 
2023-12-22 10:36:01,663 [INFO] CADModel:165 - CPN selected for project level
2023-12-22 10:36:01,663 [INFO] CADModel:114 - Register for checkConnection events
2023-12-22 10:36:01,663 [FATAL] Updater:308 - Updater called before beeing initialized
2023-12-22 10:36:01,663 [ERROR] CADModel:125 - Updater not yet initialized, retry later 
2023-12-22 10:36:01,681 [FATAL] Updater:308 - Updater called before beeing initialized
2023-12-22 10:36:01,774 [FATAL] Updater:308 - Updater called before beeing initialized
2023-12-22 10:36:01,787 [INFO] DbMcusAds:53 - JSON generation date=Wed Nov 29 18:52:38 CST 2023 (1701255158764)
2023-12-22 10:36:01,787 [FATAL] Updater:308 - Updater called before beeing initialized
2023-12-22 10:36:01,792 [INFO] ThirdPartyUpdaterWithRetryManager:70 - Updater plugin not ready yet. [2/15]
2023-12-22 10:36:01,954 [WARN] DetailPanel:346 - Failed to get advertising image, set to default
2023-12-22 10:36:02,027 [FATAL] Updater:308 - Updater called before beeing initialized
2023-12-22 10:36:02,029 [FATAL] Updater:308 - Updater called before beeing initialized
2023-12-22 10:36:02,029 [FATAL] Updater:308 - Updater called before beeing initialized
2023-12-22 10:36:02,029 [WARN] DetailPanel:346 - Failed to get advertising image, set to default
2023-12-22 10:36:02,029 [FATAL] Updater:308 - Updater called before beeing initialized
2023-12-22 10:36:02,150 [ERROR] Updater:1120 - MainUpdater not yet initialized. External WinMGr cannot be set.
2023-12-22 10:36:02,174 [INFO] Updater:1056 - Updater Version found : 6.9.2
2023-12-22 10:36:02,198 [INFO] ApplicationProperties:184 - Using Application install path: E:\Software\STM32CubeIDE_1.12.0\STM32CubeIDE\plugins\com.st.stm32cube.common.mx_6.9.2.202309101412
2023-12-22 10:36:02,665 [INFO] MainUpdater:2868 - connection check result : 10
2023-12-22 10:36:02,666 [INFO] MainUpdater:285 - Updater Check For Update Now.
2023-12-22 10:36:02,666 [INFO] MicroXplorer:498 - Change Database Version : DB.6.0.92
2023-12-22 10:36:02,681 [INFO] McuFinderGlobals:63 - Set McuFinder mode to 2 (CubeIDE integrated)
2023-12-22 10:36:02,865 [INFO] CheckServerUpdateThread:120 - End of CheckServer Thread
2023-12-22 10:36:02,894 [INFO] MainUpdater:2868 - connection check result : 10
2023-12-22 10:36:02,901 [INFO] MainUpdater:2868 - connection check result : 10
2023-12-22 10:36:03,268 [INFO] MicroXplorer:468 - Change Database Path : 
2023-12-22 10:36:03,268 [INFO] MicroXplorer:498 - Change Database Version : DB.6.0.92
2023-12-22 10:36:03,271 [WARN] ThirdParty:871 - waiting for thirdparty lock release [close project]
2023-12-22 10:36:05,050 [WARN] PackLoader:240 - Cannot read IP mode file for wolfSSL.I-CUBE-wolfSSL.5.2.0
2023-12-22 10:36:05,062 [WARN] PackLoader:240 - Cannot read IP mode file for STMicroelectronics.X-CUBE-SMBUS.2.1.0
2023-12-22 10:36:05,080 [WARN] PackLoader:240 - Cannot read IP mode file for STMicroelectronics.X-CUBE-TOUCHGFX.4.23.0
2023-12-22 10:36:05,137 [WARN] PackLoader:240 - Cannot read IP mode file for STMicroelectronics.X-CUBE-MEMS1.9.2.0
2023-12-22 10:36:05,250 [WARN] PackLoader:240 - Cannot read IP mode file for STMicroelectronics.X-CUBE-AZRTOS-F7.1.1.0
2023-12-22 10:36:05,264 [WARN] PackLoader:240 - Cannot read IP mode file for STMicroelectronics.X-CUBE-AI.7.1.0
2023-12-22 10:36:05,274 [WARN] PackLoader:240 - Cannot read IP mode file for STMicroelectronics.X-CUBE-TOUCHGFX.4.19.1
2023-12-22 10:36:05,286 [ERROR] RealEvaluatedCondition:428 - Found unsupported composite condition: CLASS='Data Exchange' GROUP='STM32_MetaDataManager'
2023-12-22 10:36:05,286 [ERROR] RealEvaluatedCondition:428 - Found unsupported composite condition: CLASS='Data Exchange' GROUP='STM32_MetaDataManager'
2023-12-22 10:36:05,287 [WARN] PackLoader:240 - Cannot read IP mode file for STMicroelectronics.FP-SNS-MOTENV1.4.3.0
2023-12-22 10:36:05,298 [WARN] PackLoader:240 - Cannot read IP mode file for STMicroelectronics.FP-SNS-MOTENV1.4.3.2
2023-12-22 10:36:05,309 [WARN] PackLoader:240 - Cannot read IP mode file for STMicroelectronics.FP-SNS-FLIGHT1.5.0.0
2023-12-22 10:36:05,318 [ERROR] RealEvaluatedCondition:428 - Found unsupported composite condition: CLASS='Data Exchange' GROUP='STM32_MetaDataManager'
2023-12-22 10:36:05,319 [ERROR] RealEvaluatedCondition:428 - Found unsupported composite condition: CLASS='Data Exchange' GROUP='STM32_MetaDataManager'
2023-12-22 10:36:05,319 [WARN] PackLoader:240 - Cannot read IP mode file for STMicroelectronics.FP-SNS-MOTENV1.4.3.1
2023-12-22 10:36:05,330 [WARN] PackLoader:240 - Cannot read IP mode file for STMicroelectronics.FP-SNS-FLIGHT1.5.0.1
2023-12-22 10:36:05,339 [WARN] PackLoader:240 - Cannot read IP mode file for STMicroelectronics.X-CUBE-BLE1.6.2.3
2023-12-22 10:36:05,350 [WARN] PackLoader:240 - Cannot read IP mode file for STMicroelectronics.X-CUBE-BLE1.6.2.4
2023-12-22 10:36:05,360 [WARN] PackLoader:240 - Cannot read IP mode file for STMicroelectronics.X-CUBE-BLE1.6.2.2
2023-12-22 10:36:05,370 [WARN] PackLoader:240 - Cannot read IP mode file for STMicroelectronics.FP-SNS-FLIGHT1.5.0.2
2023-12-22 10:36:05,384 [WARN] PackLoader:240 - Cannot read IP mode file for STMicroelectronics.X-CUBE-BLE2.3.2.2
2023-12-22 10:36:05,399 [WARN] PackLoader:240 - Cannot read IP mode file for STMicroelectronics.X-CUBE-TOF1.3.1.0
2023-12-22 10:36:05,414 [WARN] PackLoader:240 - Cannot read IP mode file for STMicroelectronics.X-CUBE-DISPLAY.3.0.0
2023-12-22 10:36:05,427 [WARN] PackLoader:240 - Cannot read IP mode file for STMicroelectronics.X-CUBE-BLE1.7.0.0
2023-12-22 10:36:05,437 [WARN] PackLoader:240 - Cannot read IP mode file for STMicroelectronics.X-CUBE-TOUCHGFX.4.22.0
2023-12-22 10:36:05,445 [WARN] PackLoader:240 - Cannot read IP mode file for STMicroelectronics.X-CUBE-TOUCHGFX.4.22.1
2023-12-22 10:36:05,459 [WARN] PackLoader:240 - Cannot read IP mode file for STMicroelectronics.X-CUBE-SUBG2.4.2.0
2023-12-22 10:36:05,498 [WARN] PackLoader:240 - Cannot read IP mode file for STMicroelectronics.X-CUBE-MEMS1.9.3.0
2023-12-22 10:36:05,578 [WARN] PackLoader:240 - Cannot read IP mode file for STMicroelectronics.X-CUBE-AI.7.2.0
2023-12-22 10:36:05,588 [WARN] PackLoader:240 - Cannot read IP mode file for STMicroelectronics.FP-SNS-SMARTAG2.1.2.0
2023-12-22 10:36:05,609 [INFO] LogOutputStream:77 - [STDOUT_REDIRECT] 1 : Invalid condition id : UX_CORESTACK_Condition cause : null
2023-12-22 10:36:05,610 [INFO] LogOutputStream:77 - [STDOUT_REDIRECT] 1 : Invalid condition id : UX_CORESTACK_Condition cause : null
2023-12-22 10:36:05,611 [INFO] LogOutputStream:77 - [STDOUT_REDIRECT] 1 : Invalid condition id : UX_CORESTACK_Condition cause : null
2023-12-22 10:36:05,612 [INFO] LogOutputStream:77 - [STDOUT_REDIRECT] 1 : Invalid condition id : UX_CORESTACK_Condition cause : null
2023-12-22 10:36:05,613 [INFO] LogOutputStream:77 - [STDOUT_REDIRECT] 1 : Invalid condition id : UX_CORESTACK_Condition cause : null
2023-12-22 10:36:05,615 [WARN] PackLoader:240 - Cannot read IP mode file for STMicroelectronics.X-CUBE-AZRTOS-WL.2.0.0
2023-12-22 10:36:05,629 [WARN] PackLoader:240 - Cannot read IP mode file for WES.I-CUBE-Cesium.1.3.0
2023-12-22 10:36:05,639 [WARN] PackLoader:240 - Cannot read IP mode file for STMicroelectronics.X-CUBE-BLE2.3.3.0
2023-12-22 10:36:05,651 [WARN] PackLoader:240 - Cannot read IP mode file for STMicroelectronics.X-CUBE-DISPLAY.2.2.0
2023-12-22 10:36:05,685 [WARN] PackLoader:240 - Cannot read IP mode file for STMicroelectronics.X-CUBE-TOF1.3.2.0
2023-12-22 10:36:05,698 [WARN] PackLoader:240 - Cannot read IP mode file for STMicroelectronics.X-CUBE-TOUCHGFX.4.18.1
2023-12-22 10:36:05,724 [WARN] PackLoader:240 - Cannot read IP mode file for STMicroelectronics.X-CUBE-AZRTOS-H7.2.1.0
2023-12-22 10:36:05,735 [WARN] PackLoader:240 - Cannot read IP mode file for STMicroelectronics.X-CUBE-TOUCHGFX.4.21.1
2023-12-22 10:36:05,745 [WARN] PackLoader:240 - Cannot read IP mode file for STMicroelectronics.X-CUBE-TOUCHGFX.4.21.3
2023-12-22 10:36:05,755 [WARN] PackLoader:240 - Cannot read IP mode file for STMicroelectronics.X-CUBE-TOUCHGFX.4.21.4
2023-12-22 10:36:05,764 [WARN] PackLoader:240 - Cannot read IP mode file for STMicroelectronics.X-CUBE-AI.7.3.0
2023-12-22 10:36:05,774 [WARN] PackLoader:240 - Cannot read IP mode file for STMicroelectronics.X-CUBE-ALGOBUILD.1.3.0
2023-12-22 10:36:05,799 [WARN] PackLoader:240 - Cannot read IP mode file for STMicroelectronics.X-CUBE-AZRTOS-G0.1.1.0
2023-12-22 10:36:05,811 [WARN] PackLoader:240 - Cannot read IP mode file for STMicroelectronics.X-CUBE-NFC4.3.0.0
2023-12-22 10:36:05,840 [WARN] PackLoader:240 - Cannot read IP mode file for SEGGER.I-CUBE-embOS.1.2.0
2023-12-22 10:36:05,870 [WARN] PackLoader:240 - Cannot read IP mode file for STMicroelectronics.X-CUBE-DISPLAY.2.1.0
2023-12-22 10:36:05,883 [WARN] PackLoader:240 - Cannot read IP mode file for STMicroelectronics.X-CUBE-BLEMGR.3.0.0
2023-12-22 10:36:05,909 [WARN] PackLoader:240 - Cannot read IP mode file for STMicroelectronics.X-CUBE-AZRTOS-H7.2.0.0
2023-12-22 10:36:05,920 [WARN] PackLoader:240 - Cannot read IP mode file for STMicroelectronics.FP-ATR-SIGFOX1.3.2.0
2023-12-22 10:36:05,932 [WARN] PackLoader:240 - Cannot read IP mode file for emotas.I-CUBE-CANOPEN.1.1.2
2023-12-22 10:36:05,942 [WARN] PackLoader:240 - Cannot read IP mode file for STMicroelectronics.X-CUBE-TOUCHGFX.4.20.0
2023-12-22 10:36:05,979 [WARN] PackLoader:240 - Cannot read IP mode file for STMicroelectronics.X-CUBE-MEMS1.9.5.0
2023-12-22 10:36:06,084 [WARN] PackLoader:240 - Cannot read IP mode file for SEGGER.I-CUBE-embOS.1.3.1
2023-12-22 10:36:06,124 [WARN] PackLoader:240 - Cannot read IP mode file for STMicroelectronics.X-CUBE-DISPLAY.2.0.1
2023-12-22 10:36:06,146 [WARN] PackLoader:240 - Cannot read IP mode file for STMicroelectronics.X-CUBE-TOF1.3.0.0
2023-12-22 10:36:06,173 [WARN] PackLoader:240 - Cannot read IP mode file for STMicroelectronics.X-CUBE-GNSS1.6.0.0
2023-12-22 10:36:06,200 [WARN] PackLoader:240 - Cannot read IP mode file for STMicroelectronics.X-CUBE-AZRTOS-F4.1.1.0
2023-12-22 10:36:06,213 [WARN] PackLoader:240 - Cannot read IP mode file for STMicroelectronics.X-CUBE-BLEMGR.1.2.0
2023-12-22 10:36:06,237 [WARN] PackLoader:240 - Cannot read IP mode file for STMicroelectronics.X-CUBE-AZRTOS-L5.2.0.0
2023-12-22 10:36:06,272 [WARN] PackLoader:240 - Cannot read IP mode file for STMicroelectronics.X-CUBE-MEMS1.9.6.0
2023-12-22 10:36:06,366 [WARN] PackLoader:240 - Cannot read IP mode file for STMicroelectronics.X-CUBE-EEPRMA1.4.2.0
2023-12-22 10:36:06,377 [WARN] PackLoader:240 - Cannot read IP mode file for ITTIA_DB.I-CUBE-ITTIADB.8.8.0
2023-12-22 10:36:06,389 [WARN] PackLoader:240 - Cannot read IP mode file for STMicroelectronics.X-CUBE-BLEMGR.2.0.0
2023-12-22 10:36:06,399 [WARN] PackLoader:240 - Cannot read IP mode file for STMicroelectronics.X-CUBE-NFC4.2.0.5
2023-12-22 10:36:06,410 [WARN] PackLoader:240 - Cannot read IP mode file for STMicroelectronics.X-CUBE-NFC4.2.0.4
2023-12-22 10:36:06,420 [WARN] PackLoader:240 - Cannot read IP mode file for STMicroelectronics.X-CUBE-NFC4.2.0.3
2023-12-22 10:36:06,441 [WARN] ConditionMgr:438 - getConditionDescription Invalid condition id : UX DEVICE CLASS RTOS Condition cause : null
2023-12-22 10:36:06,441 [WARN] ConditionMgr:438 - getConditionDescription Invalid condition id : UX DEVICE CLASS RTOS Condition cause : null
2023-12-22 10:36:06,443 [WARN] PackLoader:240 - Cannot read IP mode file for STMicroelectronics.X-CUBE-AZRTOS-H7.3.1.0
2023-12-22 10:36:06,444 [WARN] ConditionMgr:1039 - genDependencies : Invalid condition id : UX DEVICE CLASS RTOS Condition cause : null
2023-12-22 10:36:06,444 [WARN] ConditionMgr:1039 - genDependencies : Invalid condition id : UX DEVICE CLASS RTOS Condition cause : null
2023-12-22 10:36:06,444 [WARN] ConditionMgr:1039 - genDependencies : Invalid condition id : UX DEVICE CLASS RTOS Condition cause : null
2023-12-22 10:36:06,444 [WARN] ConditionMgr:1039 - genDependencies : Invalid condition id : UX DEVICE CLASS RTOS Condition cause : null
2023-12-22 10:36:06,444 [WARN] ConditionMgr:1039 - genDependencies : Invalid condition id : UX DEVICE CLASS RTOS Condition cause : null
2023-12-22 10:36:06,455 [WARN] PackLoader:240 - Cannot read IP mode file for STMicroelectronics.X-CUBE-SFXS2LP1.3.1.0
2023-12-22 10:36:06,474 [WARN] PackLoader:240 - Cannot read IP mode file for STMicroelectronics.X-CUBE-AZRTOS-F4.1.0.0
2023-12-22 10:36:06,485 [WARN] PackLoader:240 - Cannot read IP mode file for STMicroelectronics.X-CUBE-NFC7.1.0.1
2023-12-22 10:36:06,495 [WARN] PackLoader:240 - Cannot read IP mode file for STMicroelectronics.X-CUBE-NFC7.1.0.0
2023-12-22 10:36:06,507 [WARN] PackLoader:240 - Cannot read IP mode file for STMicroelectronics.X-CUBE-NFC6.3.0.0
2023-12-22 10:36:06,519 [WARN] PackLoader:240 - Cannot read IP mode file for STMicroelectronics.X-CUBE-EEPRMA1.4.1.0
2023-12-22 10:36:06,528 [WARN] PackLoader:240 - Cannot read IP mode file for STMicroelectronics.X-CUBE-AI.8.1.0
2023-12-22 10:36:06,554 [WARN] PackLoader:240 - Cannot read IP mode file for STMicroelectronics.X-CUBE-AZRTOS-G0.1.0.0
2023-12-22 10:36:06,579 [WARN] ConditionMgr:438 - getConditionDescription Invalid condition id : LAN8742 Phy interface Condition cause : null
2023-12-22 10:36:06,580 [WARN] PackLoader:240 - Cannot read IP mode file for STMicroelectronics.X-CUBE-AZRTOS-L4.2.0.0
2023-12-22 10:36:06,582 [WARN] ConditionMgr:1039 - genDependencies : Invalid condition id : LAN8742 Phy interface Condition cause : null
2023-12-22 10:36:06,582 [WARN] ConditionMgr:1039 - genDependencies : Invalid condition id : LAN8742 Phy interface Condition cause : null
2023-12-22 10:36:06,583 [WARN] ConditionMgr:1039 - genDependencies : Invalid condition id : LAN8742 Phy interface Condition cause : null
2023-12-22 10:36:06,596 [WARN] PackLoader:240 - Cannot read IP mode file for STMicroelectronics.X-CUBE-SFXS2LP1.4.0.0
2023-12-22 10:36:06,626 [WARN] PackLoader:240 - Cannot read IP mode file for STMicroelectronics.X-CUBE-AZRTOS-H7.3.0.0
2023-12-22 10:36:06,639 [WARN] PackLoader:240 - Cannot read IP mode file for STMicroelectronics.X-CUBE-ISPU.1.1.0
2023-12-22 10:36:06,652 [WARN] PackLoader:240 - Cannot read IP mode file for RoweBots.I-CUBE-UNISONRTOS.5.5.0-4
2023-12-22 10:36:06,660 [WARN] PackLoader:240 - Cannot read IP mode file for STMicroelectronics.X-CUBE-AI.8.0.0
2023-12-22 10:36:06,677 [WARN] ConditionMgr:438 - getConditionDescription Invalid condition id : UX DEVICE CLASS RTOS Condition cause : null
2023-12-22 10:36:06,678 [WARN] ConditionMgr:438 - getConditionDescription Invalid condition id : UX DEVICE CLASS RTOS Condition cause : null
2023-12-22 10:36:06,679 [WARN] PackLoader:240 - Cannot read IP mode file for STMicroelectronics.X-CUBE-AZRTOS-WB.2.0.0
2023-12-22 10:36:06,679 [WARN] ConditionMgr:1039 - genDependencies : Invalid condition id : UX DEVICE CLASS RTOS Condition cause : null
2023-12-22 10:36:06,679 [WARN] ConditionMgr:1039 - genDependencies : Invalid condition id : UX DEVICE CLASS RTOS Condition cause : null
2023-12-22 10:36:06,680 [WARN] ConditionMgr:1039 - genDependencies : Invalid condition id : UX DEVICE CLASS RTOS Condition cause : null
2023-12-22 10:36:06,680 [WARN] ConditionMgr:1039 - genDependencies : Invalid condition id : UX DEVICE CLASS RTOS Condition cause : null
2023-12-22 10:36:06,680 [WARN] ConditionMgr:1039 - genDependencies : Invalid condition id : UX DEVICE CLASS RTOS Condition cause : null
2023-12-22 10:36:06,689 [WARN] PackLoader:240 - Cannot read IP mode file for STMicroelectronics.X-CUBE-FREERTOS.1.0.0
2023-12-22 10:36:06,698 [WARN] PackLoader:240 - Cannot read IP mode file for STMicroelectronics.X-CUBE-FREERTOS.1.0.1
2023-12-22 10:36:06,709 [WARN] PackLoader:240 - Cannot read IP mode file for STMicroelectronics.X-CUBE-BLEMGR.1.0.0
2023-12-22 10:36:06,728 [WARN] PackLoader:240 - Cannot read IP mode file for STMicroelectronics.X-CUBE-AZRTOS-L5.1.1.0
2023-12-22 10:36:06,739 [WARN] PackLoader:240 - Cannot read IP mode file for STMicroelectronics.X-CUBE-AI.8.0.1
2023-12-22 10:36:06,753 [WARN] PackLoader:240 - Cannot read IP mode file for STMicroelectronics.X-CUBE-SUBG2.5.0.0
2023-12-22 10:36:06,769 [WARN] PackLoader:240 - Cannot read IP mode file for STMicroelectronics.X-CUBE-TOF1.3.3.1
2023-12-22 10:36:06,791 [WARN] PackLoader:240 - Cannot read IP mode file for STMicroelectronics.X-CUBE-AZRTOS-G4.2.0.0
2023-12-22 10:36:06,805 [WARN] PackLoader:240 - Cannot read IP mode file for STMicroelectronics.X-CUBE-TOF1.3.3.0
2023-12-22 10:36:06,819 [WARN] PackLoader:240 - Cannot read IP mode file for STMicroelectronics.FP-ATR-ASTRA1.1.1.1
2023-12-22 10:36:06,835 [WARN] PackLoader:240 - Cannot read IP mode file for Infineon.AIROC-Wi-Fi-Bluetooth-STM32.1.5.1
2023-12-22 10:36:06,845 [WARN] PackLoader:240 - Cannot read IP mode file for STMicroelectronics.FP-ATR-ASTRA1.1.1.0
2023-12-22 10:36:06,854 [WARN] PackLoader:240 - Cannot read IP mode file for STMicroelectronics.FP-SNS-MOTENVWB1.1.3.0
2023-12-22 10:36:06,862 [WARN] PackLoader:240 - Cannot read IP mode file for STMicroelectronics.FP-SNS-MOTENVWB1.1.3.1
2023-12-22 10:36:06,879 [WARN] PackLoader:240 - Cannot read IP mode file for STMicroelectronics.X-CUBE-AZRTOS-G4.1.0.0
2023-12-22 10:36:06,899 [WARN] PackLoader:240 - Cannot read IP mode file for STMicroelectronics.X-CUBE-AZRTOS-L4.1.0.0
2023-12-22 10:36:06,909 [WARN] PackLoader:240 - Cannot read IP mode file for STMicroelectronics.X-CUBE-ISPU.2.0.0
2023-12-22 10:36:06,940 [WARN] PackLoader:240 - Cannot read IP mode file for STMicroelectronics.X-CUBE-MEMS1.10.0.0
2023-12-22 10:36:06,998 [WARN] PackLoader:240 - Cannot read IP mode file for STMicroelectronics.X-CUBE-FREERTOS.1.1.0
2023-12-22 10:36:07,018 [WARN] PackLoader:240 - Cannot read IP mode file for STMicroelectronics.X-CUBE-AZRTOS-F7.1.0.0
2023-12-22 10:36:07,038 [WARN] PackLoader:240 - Cannot read IP mode file for STMicroelectronics.X-CUBE-AZRTOS-WL.1.0.0
2023-12-22 10:36:07,068 [WARN] PackLoader:240 - Cannot read IP mode file for STMicroelectronics.X-CUBE-MEMS1.9.1.0
2023-12-22 10:36:07,128 [WARN] PackLoader:240 - Cannot read IP mode file for portGmbH.I-Cube-SoM-uGOAL.1.1.0
2023-12-22 10:36:07,138 [WARN] PackLoader:240 - Cannot read IP mode file for STMicroelectronics.X-CUBE-ALS.1.0.1
2023-12-22 10:36:07,158 [WARN] PackLoader:240 - Cannot read IP mode file for STMicroelectronics.X-CUBE-AZRTOS-WB.1.1.0
2023-12-22 10:36:07,178 [WARN] PackLoader:240 - Cannot read IP mode file for STMicroelectronics.X-CUBE-AZRTOS-L5.1.0.0
2023-12-22 10:36:07,188 [WARN] PackLoader:240 - Cannot read IP mode file for STMicroelectronics.X-CUBE-EEPRMA1.3.1.1
2023-12-22 10:36:07,198 [WARN] PackLoader:240 - Cannot read IP mode file for STMicroelectronics.X-CUBE-GNSS1.5.2.0
2023-12-22 10:36:07,208 [WARN] PackLoader:240 - Cannot read IP mode file for STMicroelectronics.FP-ATR-ASTRA1.2.0.0
2023-12-22 10:36:07,218 [WARN] PackLoader:240 - Cannot read IP mode file for STMicroelectronics.X-CUBE-TOF1.3.4.0
2023-12-22 10:36:07,248 [WARN] PackLoader:240 - Cannot read IP mode file for STMicroelectronics.X-CUBE-AZRTOS-H7.3.2.0
2023-12-22 10:36:07,248 [INFO] ThirdParty:978 - Integrity check success = true
2023-12-22 10:36:07,248 [INFO] IntegrityCheckThread:100 - exiting critical section [integrity check]
2023-12-22 10:36:07,248 [INFO] IntegrityCheckThread:103 - End integrity checks thread
2023-12-22 10:36:07,248 [INFO] ThirdParty:873 - entering critical section [close project]
2023-12-22 10:36:07,248 [INFO] ThirdParty:883 - exiting critical section [close project]
2023-12-22 10:36:07,248 [INFO] PinOutPanel:1499 - setPackage(No Configuration,No Configuration)
2023-12-22 10:36:07,248 [INFO] UtilMem:75 - Begin LoadConfig() Used Memory: 170434944 Bytes (517996544)
2023-12-22 10:36:07,258 [INFO] MicroXplorer:468 - Change Database Path : 
2023-12-22 10:36:07,258 [INFO] MicroXplorer:498 - Change Database Version : DB.6.0.92
2023-12-22 10:36:07,258 [INFO] OpenFileManager:308 - Change cursor
2023-12-22 10:36:07,391 [INFO] Mcu:1946 - Initializing MCU STM32H743IITx STM32H743IITx STM32H743IIT6
2023-12-22 10:36:10,701 [INFO] Context:659 - Trying to add GPIOservice into a context  which must be forbidden
2023-12-22 10:36:12,275 [INFO] RtosManager:555 - Registered RTOS mode: class=CMSIS, group=RTOS, mode=CMSIS_V1, owner=FREERTOS
2023-12-22 10:36:12,275 [INFO] RtosManager:555 - Registered RTOS mode: class=CMSIS, group=RTOS2, mode=CMSIS_V2, owner=FREERTOS
2023-12-22 10:36:12,275 [INFO] RtosManager:555 - Registered RTOS mode: class=RTOS, group=Core, mode=CMSIS_V1, owner=FREERTOS
2023-12-22 10:36:12,275 [INFO] RtosManager:555 - Registered RTOS mode: class=RTOS, group=Core, mode=CMSIS_V2, owner=FREERTOS
2023-12-22 10:36:12,276 [WARN] ModelIntegratedComponent:184 - Missing modes for component STMicroelectronics:FreeRTOS:0.0.1:STMicroelectronics:RTOS:FreeRTOS:Core:::10.2.0:
2023-12-22 10:36:12,281 [WARN] ModelIntegratedComponent:63 - No mode defined for component null
2023-12-22 10:36:12,281 [WARN] ModelIntegratedComponent:63 - No mode defined for component null
2023-12-22 10:36:12,281 [WARN] ModelIntegratedComponent:63 - No mode defined for component null
2023-12-22 10:36:12,281 [WARN] ModelIntegratedComponent:63 - No mode defined for component null
2023-12-22 10:36:12,281 [WARN] ModelIntegratedComponent:63 - No mode defined for component null
2023-12-22 10:36:12,281 [WARN] ModelIntegratedComponent:63 - No mode defined for component null
2023-12-22 10:36:12,281 [WARN] ModelIntegratedComponent:63 - No mode defined for component null
2023-12-22 10:36:12,281 [WARN] ModelIntegratedComponent:63 - No mode defined for component null
2023-12-22 10:36:12,281 [WARN] ModelIntegratedComponent:63 - No mode defined for component null
2023-12-22 10:36:12,281 [WARN] ModelIntegratedComponent:63 - No mode defined for component null
2023-12-22 10:36:12,281 [WARN] ModelIntegratedComponent:63 - No mode defined for component null
2023-12-22 10:36:12,282 [WARN] ModelIntegratedComponent:63 - No mode defined for component null
2023-12-22 10:36:12,282 [WARN] ModelIntegratedComponent:63 - No mode defined for component null
2023-12-22 10:36:12,282 [WARN] ModelIntegratedComponent:63 - No mode defined for component null
2023-12-22 10:36:12,282 [WARN] ModelIntegratedComponent:63 - No mode defined for component null
2023-12-22 10:36:12,282 [WARN] ModelIntegratedComponent:63 - No mode defined for component null
2023-12-22 10:36:12,282 [WARN] ModelIntegratedComponent:63 - No mode defined for component null
2023-12-22 10:36:12,282 [WARN] ModelIntegratedComponent:63 - No mode defined for component null
2023-12-22 10:36:12,282 [WARN] ModelIntegratedComponent:63 - No mode defined for component null
2023-12-22 10:36:12,282 [WARN] ModelIntegratedComponent:63 - No mode defined for component null
2023-12-22 10:36:12,282 [WARN] ModelIntegratedComponent:63 - No mode defined for component null
2023-12-22 10:36:12,282 [WARN] ModelIntegratedComponent:63 - No mode defined for component null
2023-12-22 10:36:12,282 [WARN] ModelIntegratedComponent:63 - No mode defined for component null
2023-12-22 10:36:12,282 [WARN] ModelIntegratedComponent:63 - No mode defined for component null
2023-12-22 10:36:12,282 [WARN] ModelIntegratedComponent:63 - No mode defined for component null
2023-12-22 10:36:12,282 [WARN] ModelIntegratedComponent:63 - No mode defined for component null
2023-12-22 10:36:12,282 [WARN] ModelIntegratedComponent:63 - No mode defined for component null
2023-12-22 10:36:12,282 [WARN] ModelIntegratedComponent:63 - No mode defined for component null
2023-12-22 10:36:12,282 [WARN] ModelIntegratedComponent:63 - No mode defined for component null
2023-12-22 10:36:12,282 [WARN] ModelIntegratedComponent:63 - No mode defined for component null
2023-12-22 10:36:12,282 [WARN] ModelIntegratedComponent:63 - No mode defined for component null
2023-12-22 10:36:12,282 [WARN] ModelIntegratedComponent:63 - No mode defined for component null
2023-12-22 10:36:12,282 [WARN] ModelIntegratedComponent:63 - No mode defined for component null
2023-12-22 10:36:12,520 [INFO] ThirdPartyModel:298 - Start build external matchings
2023-12-22 10:36:15,507 [INFO] ThirdPartyModel:316 - End build external matchings
2023-12-22 10:36:15,568 [INFO] ImportTextPane:194 - (OptionalMessage_ERROR) IP (RCC) : Parameter (DFSDMACLkFreq_Value) has invalid value (480000000)
2023-12-22 10:36:15,574 [INFO] ImportTextPane:194 - (OptionalMessage_ERROR) IP (RCC) : Parameter (FDCANFreq_Value) has invalid value (480000000)
2023-12-22 10:36:15,575 [INFO] ImportTextPane:194 - (OptionalMessage_ERROR) IP (RCC) : Invalid parameter (FamilyName)
2023-12-22 10:36:15,575 [INFO] ImportTextPane:194 - (OptionalMessage_ERROR) IP (RCC) : Parameter (LTDCFreq_Value) has invalid value (480000000)
2023-12-22 10:36:15,575 [INFO] ImportTextPane:194 - (OptionalMessage_ERROR) IP (RCC) : Parameter (SAI1Freq_Value) has invalid value (480000000)
2023-12-22 10:36:15,575 [INFO] ImportTextPane:194 - (OptionalMessage_ERROR) IP (RCC) : Parameter (SAI23Freq_Value) has invalid value (480000000)
2023-12-22 10:36:15,575 [INFO] ImportTextPane:194 - (OptionalMessage_ERROR) IP (RCC) : Parameter (SAI4AFreq_Value) has invalid value (480000000)
2023-12-22 10:36:15,575 [INFO] ImportTextPane:194 - (OptionalMessage_ERROR) IP (RCC) : Parameter (SAI4BFreq_Value) has invalid value (480000000)
2023-12-22 10:36:15,575 [INFO] ImportTextPane:194 - (OptionalMessage_ERROR) IP (RCC) : Parameter (SDMMCFreq_Value) has invalid value (480000000)
2023-12-22 10:36:15,575 [INFO] ImportTextPane:194 - (OptionalMessage_ERROR) IP (RCC) : Parameter (SPDIFRXFreq_Value) has invalid value (480000000)
2023-12-22 10:36:15,575 [INFO] ImportTextPane:194 - (OptionalMessage_ERROR) IP (RCC) : Parameter (SPI123Freq_Value) has invalid value (480000000)
2023-12-22 10:36:15,576 [INFO] ImportTextPane:194 - (OptionalMessage_ERROR) IP (RCC) : Parameter (USBFreq_Value) has invalid value (480000000)
2023-12-22 10:36:15,992 [INFO] UtilMem:75 - End LoadConfig() Used Memory: 372451912 Bytes (540016640)
2023-12-22 10:36:16,221 [INFO] ApiDb:581 - Connected to CubeFinder SQLite database (C:\Users\Administrator\.stmcufinder\plugins\mcufinder\mcu\cube-finder-db.db)
2023-12-22 10:36:16,293 [INFO] ApiDb:668 - CubeFinder database Data Model version=2.1
2023-12-22 10:36:16,293 [INFO] ApiDb:669 - CubeFinder database Configuration version=3.0.39
2023-12-22 10:36:16,293 [INFO] ApiDb:670 - CubeFinder database generation date=2023-11-06 (1699269565)
2023-12-22 10:36:16,293 [INFO] ApiDb:671 - CubeFinder database FW Pack versions=[FP-ATR-ASTRA1_V2.0.0, FP-SNS-FLIGHT1_V5.0.1, FP-SNS-FLIGHT1_V5.0.2, FP-SNS-MOTENV1_V4.3.1, FP-SNS-MOTENV1_V4.3.2, FP-SNS-MOTENVWB1_V1.3.0, FP-SNS-SMARTAG2_V1.2.0, STM32Cube_FW_C0_V1.1.0, STM32Cube_FW_F4_V1.28.0, STM32Cube_FW_F7_V1.17.0, STM32Cube_FW_G0_V1.6.1, STM32Cube_FW_G4_V1.5.1, STM32Cube_FW_H5_V0.5.1, STM32Cube_FW_H5_V1.1.1, STM32Cube_FW_H5_V1.2.0RC2, STM32Cube_FW_H7_V1.11.0, STM32Cube_FW_L0_V1.12.2, STM32Cube_FW_L5_V1.5.0, STM32Cube_FW_U5_V1.3.0RC4, STM32Cube_FW_U5_V1.4.0, STM32Cube_FW_WBA_V1.0.0RC1, STM32Cube_FW_WBA_V1.1.0RC1, STM32Cube_FW_WBA_V1.2.0, STM32Cube_FW_WBA_V1.2.0RC2, STM32Cube_FW_WB_V1.15.0RC1, STM32Cube_FW_WB_V1.16.0, STM32Cube_FW_WB_V1.16.0RC2, STM32Cube_FW_WB_V1.18.0, STM32Cube_FW_WL_V1.3.0, X-CUBE-ALGOBUILD_V1.3.0, X-CUBE-ALS_V1.0.1, X-CUBE-AZRTOS-F4_V1.1.0, X-CUBE-AZRTOS-F7_V1.1.0, X-CUBE-AZRTOS-G0_V1.1.0, X-CUBE-AZRTOS-G4_V2.0.0, X-CUBE-AZRTOS-H7_V3.1.0, X-CUBE-AZRTOS-L4_V1.0.0, X-CUBE-AZRTOS-L4_V2.0.0, X-CUBE-AZRTOS-L5_V1.1.0, X-CUBE-AZRTOS-WB_V2.0.0, X-CUBE-AZRTOS-WL_V2.0.0, X-CUBE-BLE1_V7.0.0, X-CUBE-BLE2_V3.3.0, X-CUBE-BLEMGR_V2.0.0, X-CUBE-EEPRMA1_V4.1.0, X-CUBE-EEPRMA1_V4.2.0, X-CUBE-FREERTOS_V1.1.0, X-CUBE-GNSS1_V6.0.0, X-CUBE-MEMS1_V10.0.0, X-CUBE-MEMS1_V9.1.0, X-CUBE-MEMS1_V9.4.0, X-CUBE-MEMS1_V9.6.0, X-CUBE-NFC4_V3.0.0, X-CUBE-NFC7_V1.0.1, X-CUBE-SFXS2LP1_V4.0.0, X-CUBE-SUBG2_V5.0.0, X-CUBE-TOF1_V3.3.1]
2023-12-22 10:36:17,946 [INFO] ApiDb:240 - Found 323 in-development CPN: [B-G473E-ZEST1S, B-WB1M-WPAN1, B-WL5M-SUBG1, NUCLEO-C031C6, NUCLEO-H503RB, NUCLEO-H563ZI, NUCLEO-U545RE-Q, NUCLEO-U5A5ZJ-Q, NUCLEO-WBA52CG, STEVAL-PROTEUS1, STEVAL-SMARTAG2, STEVAL-STWINBX1, STM320518-EVAL, STM32C0116-DK, STM32C011D6Y3TR, STM32C011D6Y6TR, STM32C011F4P3, STM32C011F4P6, STM32C011F4U3, STM32C011F4U6TR, STM32C011F6P3, STM32C011F6P6, STM32C011F6U3, STM32C011F6U6TR, STM32C011J4M3, STM32C011J4M6, STM32C011J6M3, STM32C011J6M6, STM32C0316-DK, STM32C031C4T3, STM32C031C4T6, STM32C031C4U3, STM32C031C4U6, STM32C031C6T3, STM32C031C6T6, STM32C031C6U3, STM32C031C6U6, STM32C031F4P3, STM32C031F4P6, STM32C031F6P3, STM32C031F6P6, STM32C031G4U3, STM32C031G4U6, STM32C031G6U3, STM32C031G6U6, STM32C031K4T3, STM32C031K4T6, STM32C031K4U3, STM32C031K4U6, STM32C031K6T3, STM32C031K6T6, STM32C031K6U3, STM32C031K6U6, STM32G071K8TXN, STM32G071K8UXN, STM32G081GBU6N, STM32G081KBT6N, STM32G081KBUXN, STM32G0B1CCT6N, STM32G0B1KCT6, STM32G0B1NEY6TR, STM32G0B1RCT6N, STM32G0C1CCT6, STM32G0C1CCT6N, STM32G0C1CCU6N, STM32G0C1CET6N, STM32G0C1CEU6N, STM32G0C1KCT6, STM32G0C1NEY6TR, STM32G0C1RCI6N, STM32G0C1RCT6N, STM32G0C1REI6N, STM32G0C1RET6N, STM32G0C1VCI6, STM32G0C1VEI6, STM32G471CCT6, STM32G471CCU6, STM32G471CET3, STM32G471CET6, STM32G471CEU3, STM32G471CEU6, STM32G471MCT6, STM32G471MET3, STM32G471MET6, STM32G471MEY6TR, STM32G471QCT6, STM32G471QET3, STM32G471RCT6, STM32G471RET3, STM32G471RET6, STM32G471VCH6, STM32G471VCI6, STM32G471VCT6, STM32G471VEH3, STM32G471VEH6, STM32G471VEI3, STM32G471VEI6, STM32G471VET3, STM32G471VET6, STM32G474CCT6, STM32H503CBT6, STM32H503CBU6, STM32H503EBY6TR, STM32H503KBU6, STM32H503RBT6, STM32H562AGI6, STM32H562AII6, STM32H562IGK6, STM32H562IGT6, STM32H562IIK6, STM32H562IIT6, STM32H562RGT6, STM32H562RGV6, STM32H562RIT6, STM32H562RIV6, STM32H562VGT6, STM32H562VIT6, STM32H562ZGT6, STM32H562ZIT6, STM32H563AGI6, STM32H563AII3Q, STM32H563AII6, STM32H563IGK6, STM32H563IGT6, STM32H563IIK3Q, STM32H563IIK6, STM32H563IIT3Q, STM32H563IIT6, STM32H563MIY3QTR, STM32H563RGT6, STM32H563RGV6, STM32H563RIT6, STM32H563RIV6, STM32H563VGT6, STM32H563VIT3Q, STM32H563VIT6, STM32H563ZGT6, STM32H563ZIT3Q, STM32H563ZIT6, STM32H573AII3Q, STM32H573AII6, STM32H573I-DK, STM32H573IIK3Q, STM32H573IIK6, STM32H573IIT3Q, STM32H573IIT6, STM32H573MIY3QTR, STM32H573RIT6, STM32H573RIV6, STM32H573VIT3Q, STM32H573VIT6, STM32H573ZIT3Q, STM32H573ZIT6, STM32L4R5QGI6STR, STM32MP131AAE3, STM32MP131AAF3, STM32MP131AAG3, STM32MP131CAE3, STM32MP131CAF3, STM32MP131CAG3, STM32MP131DAE7, STM32MP131DAF7, STM32MP131DAG7, STM32MP131FAE7, STM32MP131FAF7, STM32MP131FAG7, STM32MP133AAE3, STM32MP133AAF3, STM32MP133AAG3, STM32MP133CAE3, STM32MP133CAF3, STM32MP133CAG3, STM32MP133DAE7, STM32MP133DAF7, STM32MP133DAG7, STM32MP133FAE7, STM32MP133FAF7, STM32MP133FAG7, STM32MP135AAE3, STM32MP135AAF3, STM32MP135AAG3, STM32MP135CAE3, STM32MP135CAF3, STM32MP135CAG3, STM32MP135DAE7, STM32MP135DAF7, STM32MP135DAG7, STM32MP135F-DK, STM32MP135FAE7, STM32MP135FAF7, STM32MP135FAF7T, STM32MP135FAF7U, STM32MP135FAG7, STM32U535CBT6, STM32U535CBT6Q, STM32U535CBU6, STM32U535CBU6Q, STM32U535CCT6, STM32U535CCT6Q, STM32U535CCU6, STM32U535CCU6Q, STM32U535CET6, STM32U535CET6Q, STM32U535CEU6, STM32U535CEU6Q, STM32U535JEY6QTR, STM32U535NCY6QTR, STM32U535NEY6QTR, STM32U535RBI6, STM32U535RBI6Q, STM32U535RBT6, STM32U535RBT6Q, STM32U535RCI6, STM32U535RCI6Q, STM32U535RCT6, STM32U535RCT6Q, STM32U535REI6, STM32U535REI6Q, STM32U535RET6, STM32U535RET6Q, STM32U535VCI6, STM32U535VCI6Q, STM32U535VCT6, STM32U535VCT6Q, STM32U535VEI6, STM32U535VEI6Q, STM32U535VET6, STM32U535VET6Q, STM32U545CET6, STM32U545CET6Q, STM32U545CEU6, STM32U545CEU6Q, STM32U545JEY6QTR, STM32U545NEY6QTR, STM32U545REI6, STM32U545REI6Q, STM32U545RET6, STM32U545RET6Q, STM32U545VEI6, STM32U545VEI6Q, STM32U545VET6, STM32U545VET6Q, STM32U595AIH6, STM32U595AIH6Q, STM32U595AJH6, STM32U595AJH6Q, STM32U595QII6, STM32U595QII6Q, STM32U595QJI6, STM32U595QJI6Q, STM32U595RIT6, STM32U595RIT6Q, STM32U595RJT6, STM32U595RJT6Q, STM32U595VIT6, STM32U595VIT6Q, STM32U595VJT6, STM32U595VJT6Q, STM32U595ZIT6, STM32U595ZIT6Q, STM32U595ZIY6QTR, STM32U595ZJT6, STM32U595ZJT6Q, STM32U595ZJY6QTR, STM32U599BJY6QTR, STM32U599NIH6Q, STM32U599NJH6Q, STM32U599VIT6Q, STM32U599VJT6, STM32U599VJT6Q, STM32U599ZIT6Q, STM32U599ZIY6QTR, STM32U599ZJT6Q, STM32U599ZJY6QTR, STM32U5A5AJH6, STM32U5A5AJH6Q, STM32U5A5QJI6, STM32U5A5QJI6Q, STM32U5A5RJT6, STM32U5A5RJT6Q, STM32U5A5VJT6, STM32U5A5VJT6Q, STM32U5A5ZJT6, STM32U5A5ZJT6Q, STM32U5A5ZJY6QTR, STM32U5A9BJY6QTR, STM32U5A9J-DK, STM32U5A9NJH6Q, STM32U5A9VJT6Q, STM32U5A9ZJT6Q, STM32U5A9ZJY6QTR, STM32U5F7VIT6, STM32U5F7VIT6Q, STM32U5F7VJT6, STM32U5F7VJT6Q, STM32U5F9BJY6QTR, STM32U5F9NJH6Q, STM32U5F9VIT6Q, STM32U5F9VJT6Q, STM32U5F9ZIJ6QTR, STM32U5F9ZIT6Q, STM32U5F9ZJJ6QTR, STM32U5F9ZJT6Q, STM32U5G7VJT6, STM32U5G7VJT6Q, STM32U5G9BJY6QTR, STM32U5G9J-DK1, STM32U5G9J-DK2, STM32U5G9NJH6Q, STM32U5G9VJT6Q, STM32U5G9ZJJ6QTR, STM32U5G9ZJT6Q, STM32WB1MMCH6, STM32WBA52CEU6, STM32WBA52CEU6T, STM32WBA52CGU6, STM32WBA52CGU6T, STM32WBA52KEU6, STM32WBA52KEU6T, STM32WBA52KGU6, STM32WBA52KGU6T, STM32WL5MOCH6, STM32WL5MOCH6TR]
2023-12-22 10:36:17,951 [INFO] DbMcus:217 - Found 3882 MCUs, 3882 are supported
2023-12-22 10:36:17,956 [INFO] ApiDb:423 - Load user favorites file C:\Users\Administrator/.stm32cubeide/favorites.mcus.txt: 3 item(s)
2023-12-22 10:36:17,956 [INFO] ApiDb:427 - User favorites MCUs=[STM32F103C6T6A, STM32F103ZET6, STM32H743IIT6]
2023-12-22 10:36:17,956 [INFO] DbMcus:223 - Set 3 / 3 favorites MCUs
2023-12-22 10:36:18,221 [WARN] ThirdParty:833 - waiting for thirdparty lock release [change project]
2023-12-22 10:36:18,221 [INFO] ThirdParty:835 - entering critical section [change project]
2023-12-22 10:36:18,221 [INFO] ThirdParty:1030 - CMSIS Pack Vendor :wolfSSL I-CUBE-wolfSSL 5.2.0
2023-12-22 10:36:18,221 [INFO] ThirdParty:1030 - CMSIS Pack Vendor :STMicroelectronics USBPD 4.1
2023-12-22 10:36:18,221 [INFO] ThirdParty:1030 - CMSIS Pack Vendor :STMicroelectronics X-CUBE-GNSS1 6.0.0
2023-12-22 10:36:18,221 [INFO] ThirdParty:1030 - CMSIS Pack Vendor :STMicroelectronics USB_HOST 2.0.0
2023-12-22 10:36:18,221 [INFO] ThirdParty:1030 - CMSIS Pack Vendor :STMicroelectronics X-CUBE-AZRTOS-F4 1.1.0
2023-12-22 10:36:18,221 [INFO] ThirdParty:1030 - CMSIS Pack Vendor :STMicroelectronics LIBJPEG 8.0.0
2023-12-22 10:36:18,221 [INFO] ThirdParty:1030 - CMSIS Pack Vendor :STMicroelectronics X-CUBE-SMBUS 2.1.0
2023-12-22 10:36:18,221 [INFO] ThirdParty:1030 - CMSIS Pack Vendor :STMicroelectronics X-CUBE-TOUCHGFX 4.23.0
2023-12-22 10:36:18,221 [INFO] ThirdParty:1030 - CMSIS Pack Vendor :STMicroelectronics X-CUBE-MEMS1 9.2.0
2023-12-22 10:36:18,221 [INFO] ThirdParty:1030 - CMSIS Pack Vendor :STMicroelectronics X-CUBE-BLEMGR 1.2.0
2023-12-22 10:36:18,221 [INFO] ThirdParty:1030 - CMSIS Pack Vendor :STMicroelectronics X-CUBE-AZRTOS-F7 1.1.0
2023-12-22 10:36:18,221 [INFO] ThirdParty:1030 - CMSIS Pack Vendor :STMicroelectronics X-CUBE-AZRTOS-L5 2.0.0
2023-12-22 10:36:18,221 [INFO] ThirdParty:1030 - CMSIS Pack Vendor :STMicroelectronics USB_DEVICE 2.0.0
2023-12-22 10:36:18,222 [INFO] ThirdParty:1030 - CMSIS Pack Vendor :STMicroelectronics X-CUBE-MEMS1 9.6.0
2023-12-22 10:36:18,222 [INFO] ThirdParty:1030 - CMSIS Pack Vendor :STMicroelectronics X-CUBE-EEPRMA1 4.2.0
2023-12-22 10:36:18,222 [INFO] ThirdParty:1030 - CMSIS Pack Vendor :ITTIA_DB I-CUBE-ITTIADB 8.8.0
2023-12-22 10:36:18,222 [INFO] ThirdParty:1030 - CMSIS Pack Vendor :STMicroelectronics X-CUBE-AI 7.1.0
2023-12-22 10:36:18,222 [INFO] ThirdParty:1030 - CMSIS Pack Vendor :STMicroelectronics X-CUBE-TOUCHGFX 4.19.1
2023-12-22 10:36:18,222 [INFO] ThirdParty:1030 - CMSIS Pack Vendor :STMicroelectronics FP-SNS-MOTENV1 4.3.0
2023-12-22 10:36:18,222 [INFO] ThirdParty:1030 - CMSIS Pack Vendor :STMicroelectronics FP-SNS-MOTENV1 4.3.2
2023-12-22 10:36:18,222 [INFO] ThirdParty:1030 - CMSIS Pack Vendor :STMicroelectronics FP-SNS-FLIGHT1 5.0.0
2023-12-22 10:36:18,222 [INFO] ThirdParty:1030 - CMSIS Pack Vendor :STMicroelectronics FP-SNS-MOTENV1 4.3.1
2023-12-22 10:36:18,222 [INFO] ThirdParty:1030 - CMSIS Pack Vendor :STMicroelectronics FP-SNS-FLIGHT1 5.0.1
2023-12-22 10:36:18,222 [INFO] ThirdParty:1030 - CMSIS Pack Vendor :STMicroelectronics X-CUBE-BLE1 6.2.3
2023-12-22 10:36:18,222 [INFO] ThirdParty:1030 - CMSIS Pack Vendor :STMicroelectronics X-CUBE-BLE1 6.2.4
2023-12-22 10:36:18,222 [INFO] ThirdParty:1030 - CMSIS Pack Vendor :STMicroelectronics FreeRTOS 0.0.1
2023-12-22 10:36:18,222 [INFO] ThirdParty:1030 - CMSIS Pack Vendor :STMicroelectronics X-CUBE-BLEMGR 2.0.0
2023-12-22 10:36:18,222 [INFO] ThirdParty:1030 - CMSIS Pack Vendor :STMicroelectronics X-CUBE-BLE1 6.2.2
2023-12-22 10:36:18,222 [INFO] ThirdParty:1030 - CMSIS Pack Vendor :STMicroelectronics FP-SNS-FLIGHT1 5.0.2
2023-12-22 10:36:18,222 [INFO] ThirdParty:1030 - CMSIS Pack Vendor :STMicroelectronics X-CUBE-NFC4 2.0.5
2023-12-22 10:36:18,222 [INFO] ThirdParty:1030 - CMSIS Pack Vendor :STMicroelectronics X-CUBE-BLE2 3.2.2
2023-12-22 10:36:18,222 [INFO] ThirdParty:1030 - CMSIS Pack Vendor :STMicroelectronics X-CUBE-NFC4 2.0.4
2023-12-22 10:36:18,222 [INFO] ThirdParty:1030 - CMSIS Pack Vendor :STMicroelectronics X-CUBE-NFC4 2.0.3
2023-12-22 10:36:18,222 [INFO] ThirdParty:1030 - CMSIS Pack Vendor :STMicroelectronics X-CUBE-AZRTOS-H7 3.1.0
2023-12-22 10:36:18,222 [INFO] ThirdParty:1030 - CMSIS Pack Vendor :STMicroelectronics PDM2PCM 3.3.0
2023-12-22 10:36:18,222 [INFO] ThirdParty:1030 - CMSIS Pack Vendor :STMicroelectronics X-CUBE-TOF1 3.1.0
2023-12-22 10:36:18,222 [INFO] ThirdParty:1030 - CMSIS Pack Vendor :STMicroelectronics X-CUBE-SFXS2LP1 3.1.0
2023-12-22 10:36:18,222 [INFO] ThirdParty:1030 - CMSIS Pack Vendor :STMicroelectronics X-CUBE-DISPLAY 3.0.0
2023-12-22 10:36:18,222 [INFO] ThirdParty:1030 - CMSIS Pack Vendor :STMicroelectronics X-CUBE-AZRTOS-F4 1.0.0
2023-12-22 10:36:18,222 [INFO] ThirdParty:1030 - CMSIS Pack Vendor :STMicroelectronics X-CUBE-BLE1 7.0.0
2023-12-22 10:36:18,222 [INFO] ThirdParty:1030 - CMSIS Pack Vendor :STMicroelectronics HAL Drivers 0.0.0
2023-12-22 10:36:18,222 [INFO] ThirdParty:1030 - CMSIS Pack Vendor :STMicroelectronics X-CUBE-TOUCHGFX 4.22.0
2023-12-22 10:36:18,222 [INFO] ThirdParty:1030 - CMSIS Pack Vendor :STMicroelectronics X-CUBE-NFC7 1.0.1
2023-12-22 10:36:18,222 [INFO] ThirdParty:1030 - CMSIS Pack Vendor :STMicroelectronics MBEDTLS 2.14.1
2023-12-22 10:36:18,222 [INFO] ThirdParty:1030 - CMSIS Pack Vendor :STMicroelectronics X-CUBE-NFC7 1.0.0
2023-12-22 10:36:18,222 [INFO] ThirdParty:1030 - CMSIS Pack Vendor :STMicroelectronics X-CUBE-TOUCHGFX 4.22.1
2023-12-22 10:36:18,223 [INFO] ThirdParty:1030 - CMSIS Pack Vendor :STMicroelectronics X-CUBE-SUBG2 4.2.0
2023-12-22 10:36:18,223 [INFO] ThirdParty:1030 - CMSIS Pack Vendor :STMicroelectronics X-CUBE-NFC6 3.0.0
2023-12-22 10:36:18,223 [INFO] ThirdParty:1030 - CMSIS Pack Vendor :STMicroelectronics X-CUBE-MEMS1 9.3.0
2023-12-22 10:36:18,223 [INFO] ThirdParty:1030 - CMSIS Pack Vendor :STMicroelectronics X-CUBE-EEPRMA1 4.1.0
2023-12-22 10:36:18,223 [INFO] ThirdParty:1030 - CMSIS Pack Vendor :STMicroelectronics X-CUBE-AI 7.2.0
2023-12-22 10:36:18,223 [INFO] ThirdParty:1030 - CMSIS Pack Vendor :STMicroelectronics FP-SNS-SMARTAG2 1.2.0
2023-12-22 10:36:18,223 [INFO] ThirdParty:1030 - CMSIS Pack Vendor :STMicroelectronics X-CUBE-AZRTOS-WL 2.0.0
2023-12-22 10:36:18,223 [INFO] ThirdParty:1030 - CMSIS Pack Vendor :STMicroelectronics USB_DEVICE 1.0.0
2023-12-22 10:36:18,223 [INFO] ThirdParty:1030 - CMSIS Pack Vendor :STMicroelectronics X-CUBE-AI 8.1.0
2023-12-22 10:36:18,223 [INFO] ThirdParty:1030 - CMSIS Pack Vendor :STMicroelectronics X-CUBE-AZRTOS-G0 1.0.0
2023-12-22 10:36:18,223 [INFO] ThirdParty:1030 - CMSIS Pack Vendor :STMicroelectronics X-CUBE-AZRTOS-L4 2.0.0
2023-12-22 10:36:18,223 [INFO] ThirdParty:1030 - CMSIS Pack Vendor :STMicroelectronics ThreadX 0.0.2
2023-12-22 10:36:18,223 [INFO] ThirdParty:1030 - CMSIS Pack Vendor :WES I-CUBE-Cesium 1.3.0
2023-12-22 10:36:18,223 [INFO] ThirdParty:1030 - CMSIS Pack Vendor :STMicroelectronics lwIP 2.1.2
2023-12-22 10:36:18,223 [INFO] ThirdParty:1030 - CMSIS Pack Vendor :STMicroelectronics X-CUBE-SFXS2LP1 4.0.0
2023-12-22 10:36:18,223 [INFO] ThirdParty:1030 - CMSIS Pack Vendor :STMicroelectronics X-CUBE-BLE2 3.3.0
2023-12-22 10:36:18,223 [INFO] ThirdParty:1030 - CMSIS Pack Vendor :STMicroelectronics X-CUBE-DISPLAY 2.2.0
2023-12-22 10:36:18,223 [INFO] ThirdParty:1030 - CMSIS Pack Vendor :STMicroelectronics X-CUBE-TOF1 3.2.0
2023-12-22 10:36:18,223 [INFO] ThirdParty:1030 - CMSIS Pack Vendor :STMicroelectronics PDM2PCM 3.2.0
2023-12-22 10:36:18,223 [INFO] ThirdParty:1030 - CMSIS Pack Vendor :STMicroelectronics X-CUBE-TOUCHGFX 4.18.1
2023-12-22 10:36:18,223 [INFO] ThirdParty:1030 - CMSIS Pack Vendor :STMicroelectronics X-CUBE-AZRTOS-H7 3.0.0
2023-12-22 10:36:18,223 [INFO] ThirdParty:1030 - CMSIS Pack Vendor :STMicroelectronics X-CUBE-ISPU 1.1.0
2023-12-22 10:36:18,223 [INFO] ThirdParty:1030 - CMSIS Pack Vendor :RoweBots I-CUBE-UNISONRTOS 5.5.0-4
2023-12-22 10:36:18,223 [INFO] ThirdParty:1030 - CMSIS Pack Vendor :STMicroelectronics X-CUBE-AZRTOS-H7 2.1.0
2023-12-22 10:36:18,223 [INFO] ThirdParty:1030 - CMSIS Pack Vendor :STMicroelectronics USB_DEVICE 3.0.0
2023-12-22 10:36:18,223 [INFO] ThirdParty:1030 - CMSIS Pack Vendor :STMicroelectronics X-CUBE-AI 8.0.0
2023-12-22 10:36:18,223 [INFO] ThirdParty:1030 - CMSIS Pack Vendor :STMicroelectronics X-CUBE-AZRTOS-WB 2.0.0
2023-12-22 10:36:18,223 [INFO] ThirdParty:1030 - CMSIS Pack Vendor :STMicroelectronics X-CUBE-FREERTOS 1.0.0
2023-12-22 10:36:18,223 [INFO] ThirdParty:1030 - CMSIS Pack Vendor :STMicroelectronics X-CUBE-FREERTOS 1.0.1
2023-12-22 10:36:18,223 [INFO] ThirdParty:1030 - CMSIS Pack Vendor :STMicroelectronics X-CUBE-TOUCHGFX 4.21.1
2023-12-22 10:36:18,223 [INFO] ThirdParty:1030 - CMSIS Pack Vendor :STMicroelectronics X-CUBE-TOUCHGFX 4.21.3
2023-12-22 10:36:18,223 [INFO] ThirdParty:1030 - CMSIS Pack Vendor :STMicroelectronics X-CUBE-BLEMGR 1.0.0
2023-12-22 10:36:18,223 [INFO] ThirdParty:1030 - CMSIS Pack Vendor :STMicroelectronics X-CUBE-TOUCHGFX 4.21.4
2023-12-22 10:36:18,223 [INFO] ThirdParty:1030 - CMSIS Pack Vendor :STMicroelectronics X-CUBE-AI 7.3.0
2023-12-22 10:36:18,224 [INFO] ThirdParty:1030 - CMSIS Pack Vendor :STMicroelectronics X-CUBE-ALGOBUILD 1.3.0
2023-12-22 10:36:18,224 [INFO] ThirdParty:1030 - CMSIS Pack Vendor :STMicroelectronics X-CUBE-AZRTOS-L5 1.1.0
2023-12-22 10:36:18,224 [INFO] ThirdParty:1030 - CMSIS Pack Vendor :STMicroelectronics X-CUBE-AZRTOS-G0 1.1.0
2023-12-22 10:36:18,224 [INFO] ThirdParty:1030 - CMSIS Pack Vendor :STMicroelectronics X-CUBE-AI 8.0.1
2023-12-22 10:36:18,224 [INFO] ThirdParty:1030 - CMSIS Pack Vendor :STMicroelectronics X-CUBE-NFC4 3.0.0
2023-12-22 10:36:18,224 [INFO] ThirdParty:1030 - CMSIS Pack Vendor :SEGGER I-CUBE-embOS 1.2.0
2023-12-22 10:36:18,224 [INFO] ThirdParty:1030 - CMSIS Pack Vendor :STMicroelectronics X-CUBE-SUBG2 5.0.0
2023-12-22 10:36:18,224 [INFO] ThirdParty:1030 - CMSIS Pack Vendor :STMicroelectronics STM32_WPAN 1.0.0
2023-12-22 10:36:18,224 [INFO] ThirdParty:1030 - CMSIS Pack Vendor :STMicroelectronics lwIP 2.0.3
2023-12-22 10:36:18,224 [INFO] ThirdParty:1030 - CMSIS Pack Vendor :STMicroelectronics USB_HOST 1.0.0
2023-12-22 10:36:18,224 [INFO] ThirdParty:1030 - CMSIS Pack Vendor :STMicroelectronics X-CUBE-DISPLAY 2.1.0
2023-12-22 10:36:18,224 [INFO] ThirdParty:1030 - CMSIS Pack Vendor :STMicroelectronics X-CUBE-TOF1 3.3.1
2023-12-22 10:36:18,224 [INFO] ThirdParty:1030 - CMSIS Pack Vendor :STMicroelectronics X-CUBE-AZRTOS-G4 2.0.0
2023-12-22 10:36:18,224 [INFO] ThirdParty:1030 - CMSIS Pack Vendor :STMicroelectronics PDM2PCM 3.1.0
2023-12-22 10:36:18,224 [INFO] ThirdParty:1030 - CMSIS Pack Vendor :STMicroelectronics X-CUBE-TOF1 3.3.0
2023-12-22 10:36:18,224 [INFO] ThirdParty:1030 - CMSIS Pack Vendor :STMicroelectronics FP-ATR-ASTRA1 1.1.1
2023-12-22 10:36:18,224 [INFO] ThirdParty:1030 - CMSIS Pack Vendor :Infineon AIROC-Wi-Fi-Bluetooth-STM32 1.5.1
2023-12-22 10:36:18,224 [INFO] ThirdParty:1030 - CMSIS Pack Vendor :STMicroelectronics X-CUBE-BLEMGR 3.0.0
2023-12-22 10:36:18,224 [INFO] ThirdParty:1030 - CMSIS Pack Vendor :STMicroelectronics FP-ATR-ASTRA1 1.1.0
2023-12-22 10:36:18,224 [INFO] ThirdParty:1030 - CMSIS Pack Vendor :STMicroelectronics FP-SNS-MOTENVWB1 1.3.0
2023-12-22 10:36:18,224 [INFO] ThirdParty:1030 - CMSIS Pack Vendor :STMicroelectronics X-CUBE-AZRTOS-H7 2.0.0
2023-12-22 10:36:18,224 [INFO] ThirdParty:1030 - CMSIS Pack Vendor :STMicroelectronics FP-SNS-MOTENVWB1 1.3.1
2023-12-22 10:36:18,224 [INFO] ThirdParty:1030 - CMSIS Pack Vendor :STMicroelectronics FP-ATR-SIGFOX1 3.2.0
2023-12-22 10:36:18,224 [INFO] ThirdParty:1030 - CMSIS Pack Vendor :STMicroelectronics X-CUBE-AZRTOS-G4 1.0.0
2023-12-22 10:36:18,224 [INFO] ThirdParty:1030 - CMSIS Pack Vendor :STMicroelectronics X-CUBE-AZRTOS-L4 1.0.0
2023-12-22 10:36:18,224 [INFO] ThirdParty:1030 - CMSIS Pack Vendor :STMicroelectronics X-CUBE-ISPU 2.0.0
2023-12-22 10:36:18,224 [INFO] ThirdParty:1030 - CMSIS Pack Vendor :STMicroelectronics MBEDTLS 2.16.2
2023-12-22 10:36:18,224 [INFO] ThirdParty:1030 - CMSIS Pack Vendor :emotas I-CUBE-CANOPEN 1.1.2
2023-12-22 10:36:18,225 [INFO] ThirdParty:1030 - CMSIS Pack Vendor :STMicroelectronics X-CUBE-TOUCHGFX 4.20.0
2023-12-22 10:36:18,225 [INFO] ThirdParty:1030 - CMSIS Pack Vendor :STMicroelectronics X-CUBE-MEMS1 10.0.0
2023-12-22 10:36:18,225 [INFO] ThirdParty:1030 - CMSIS Pack Vendor :STMicroelectronics X-CUBE-FREERTOS 1.1.0
2023-12-22 10:36:18,225 [INFO] ThirdParty:1030 - CMSIS Pack Vendor :STMicroelectronics X-CUBE-AZRTOS-F7 1.0.0
2023-12-22 10:36:18,225 [INFO] ThirdParty:1030 - CMSIS Pack Vendor :STMicroelectronics X-CUBE-AZRTOS-WL 1.0.0
2023-12-22 10:36:18,225 [INFO] ThirdParty:1030 - CMSIS Pack Vendor :STMicroelectronics X-CUBE-MEMS1 9.1.0
2023-12-22 10:36:18,225 [INFO] ThirdParty:1030 - CMSIS Pack Vendor :portGmbH I-Cube-SoM-uGOAL 1.1.0
2023-12-22 10:36:18,225 [INFO] ThirdParty:1030 - CMSIS Pack Vendor :STMicroelectronics X-CUBE-ALS 1.0.1
2023-12-22 10:36:18,225 [INFO] ThirdParty:1030 - CMSIS Pack Vendor :STMicroelectronics X-CUBE-MEMS1 9.5.0
2023-12-22 10:36:18,225 [INFO] ThirdParty:1030 - CMSIS Pack Vendor :STMicroelectronics ThreadX 1.0.0
2023-12-22 10:36:18,225 [INFO] ThirdParty:1030 - CMSIS Pack Vendor :STMicroelectronics X-CUBE-AZRTOS-WB 1.1.0
2023-12-22 10:36:18,225 [INFO] ThirdParty:1030 - CMSIS Pack Vendor :SEGGER I-CUBE-embOS 1.3.1
2023-12-22 10:36:18,225 [INFO] ThirdParty:1030 - CMSIS Pack Vendor :STMicroelectronics X-CUBE-AZRTOS-L5 1.0.0
2023-12-22 10:36:18,225 [INFO] ThirdParty:1030 - CMSIS Pack Vendor :STMicroelectronics X-CUBE-EEPRMA1 3.1.1
2023-12-22 10:36:18,225 [INFO] ThirdParty:1030 - CMSIS Pack Vendor :STMicroelectronics X-CUBE-GNSS1 5.2.0
2023-12-22 10:36:18,225 [INFO] ThirdParty:1030 - CMSIS Pack Vendor :STMicroelectronics FP-ATR-ASTRA1 2.0.0
2023-12-22 10:36:18,225 [INFO] ThirdParty:1030 - CMSIS Pack Vendor :STMicroelectronics X-CUBE-DISPLAY 2.0.1
2023-12-22 10:36:18,225 [INFO] ThirdParty:1030 - CMSIS Pack Vendor :STMicroelectronics X-CUBE-TOF1 3.4.0
2023-12-22 10:36:18,225 [INFO] ThirdParty:1030 - CMSIS Pack Vendor :STMicroelectronics X-CUBE-AZRTOS-H7 3.2.0
2023-12-22 10:36:18,225 [INFO] ThirdParty:1030 - CMSIS Pack Vendor :STMicroelectronics X-CUBE-TOF1 3.0.0
2023-12-22 10:36:18,225 [INFO] ThirdParty:841 - exiting critical section [change project]
2023-12-22 10:36:18,776 [INFO] PinOutPanel:1499 - setPackage(No Configuration,No Configuration)
2023-12-22 10:36:18,777 [INFO] PinOutPanel:1499 - setPackage(STM32H743IITx,LQFP176)
2023-12-22 10:36:19,523 [INFO] UtilMem:75 - Before build in PCC Used Memory: 363860712 Bytes (540016640)
2023-12-22 10:36:20,346 [INFO] UtilMem:75 - After build in PCC Used Memory: 349702144 Bytes (540016640)
2023-12-22 10:36:20,380 [INFO] IPUIPlugin:80 - create IPUIPlugin
2023-12-22 10:36:20,380 [INFO] IPUIPlugin:80 - create IPUIPlugin
2023-12-22 10:36:20,380 [INFO] IPUIPlugin:80 - create IPUIPlugin
2023-12-22 10:36:20,380 [INFO] IPUIPlugin:80 - create IPUIPlugin
2023-12-22 10:36:20,380 [INFO] IPUIPlugin:80 - create IPUIPlugin
2023-12-22 10:36:20,381 [INFO] IPUIPlugin:80 - create IPUIPlugin
2023-12-22 10:36:20,381 [INFO] IPUIPlugin:80 - create IPUIPlugin
2023-12-22 10:36:20,381 [INFO] IPUIPlugin:80 - create IPUIPlugin
2023-12-22 10:36:20,381 [INFO] IPUIPlugin:80 - create IPUIPlugin
2023-12-22 10:36:20,381 [INFO] IPUIPlugin:80 - create IPUIPlugin
2023-12-22 10:36:20,381 [INFO] IPUIPlugin:80 - create IPUIPlugin
2023-12-22 10:36:20,381 [INFO] IPUIPlugin:80 - create IPUIPlugin
2023-12-22 10:36:20,381 [INFO] IPUIPlugin:80 - create IPUIPlugin
2023-12-22 10:36:20,382 [INFO] IPUIPlugin:80 - create IPUIPlugin
2023-12-22 10:36:20,382 [INFO] IPUIPlugin:80 - create IPUIPlugin
2023-12-22 10:36:20,382 [INFO] IPUIPlugin:80 - create IPUIPlugin
2023-12-22 10:36:20,382 [INFO] IPUIPlugin:80 - create IPUIPlugin
2023-12-22 10:36:20,382 [INFO] IPUIPlugin:80 - create IPUIPlugin
2023-12-22 10:36:20,382 [INFO] IPUIPlugin:80 - create IPUIPlugin
2023-12-22 10:36:20,382 [INFO] IPUIPlugin:80 - create IPUIPlugin
2023-12-22 10:36:20,382 [INFO] IPUIPlugin:80 - create IPUIPlugin
2023-12-22 10:36:20,382 [INFO] IPUIPlugin:80 - create IPUIPlugin
2023-12-22 10:36:20,382 [INFO] IPUIPlugin:80 - create IPUIPlugin
2023-12-22 10:36:20,382 [INFO] IPUIPlugin:80 - create IPUIPlugin
2023-12-22 10:36:20,383 [INFO] IPUIPlugin:80 - create IPUIPlugin
2023-12-22 10:36:20,383 [INFO] IPUIPlugin:80 - create IPUIPlugin
2023-12-22 10:36:20,383 [INFO] IPUIPlugin:80 - create IPUIPlugin
2023-12-22 10:36:20,383 [INFO] IPUIPlugin:80 - create IPUIPlugin
2023-12-22 10:36:20,383 [INFO] IPUIPlugin:80 - create IPUIPlugin
2023-12-22 10:36:20,383 [INFO] IPUIPlugin:80 - create IPUIPlugin
2023-12-22 10:36:20,383 [INFO] IPUIPlugin:80 - create IPUIPlugin
2023-12-22 10:36:20,383 [INFO] IPUIPlugin:80 - create IPUIPlugin
2023-12-22 10:36:20,383 [INFO] IPUIPlugin:80 - create IPUIPlugin
2023-12-22 10:36:20,384 [INFO] IPUIPlugin:80 - create IPUIPlugin
2023-12-22 10:36:20,384 [INFO] IPUIPlugin:80 - create IPUIPlugin
2023-12-22 10:36:20,384 [INFO] IPUIPlugin:80 - create IPUIPlugin
2023-12-22 10:36:20,384 [INFO] IPUIPlugin:80 - create IPUIPlugin
2023-12-22 10:36:20,385 [INFO] IPUIPlugin:80 - create IPUIPlugin
2023-12-22 10:36:20,385 [INFO] IPUIPlugin:80 - create IPUIPlugin
2023-12-22 10:36:20,385 [INFO] IPUIPlugin:80 - create IPUIPlugin
2023-12-22 10:36:20,385 [INFO] IPUIPlugin:80 - create IPUIPlugin
2023-12-22 10:36:20,385 [INFO] IPUIPlugin:80 - create IPUIPlugin
2023-12-22 10:36:20,385 [INFO] IPUIPlugin:80 - create IPUIPlugin
2023-12-22 10:36:20,385 [INFO] IPUIPlugin:80 - create IPUIPlugin
2023-12-22 10:36:20,386 [INFO] IPUIPlugin:80 - create IPUIPlugin
2023-12-22 10:36:20,386 [INFO] IPUIPlugin:80 - create IPUIPlugin
2023-12-22 10:36:20,386 [INFO] IPUIPlugin:80 - create IPUIPlugin
2023-12-22 10:36:20,386 [INFO] IPUIPlugin:80 - create IPUIPlugin
2023-12-22 10:36:20,386 [INFO] IPUIPlugin:80 - create IPUIPlugin
2023-12-22 10:36:20,386 [INFO] IPUIPlugin:80 - create IPUIPlugin
2023-12-22 10:36:20,387 [INFO] IPUIPlugin:80 - create IPUIPlugin
2023-12-22 10:36:20,387 [INFO] IPUIPlugin:80 - create IPUIPlugin
2023-12-22 10:36:20,387 [INFO] IPUIPlugin:80 - create IPUIPlugin
2023-12-22 10:36:20,387 [INFO] IPUIPlugin:80 - create IPUIPlugin
2023-12-22 10:36:20,387 [INFO] IPUIPlugin:80 - create IPUIPlugin
2023-12-22 10:36:20,387 [INFO] IPUIPlugin:80 - create IPUIPlugin
2023-12-22 10:36:20,388 [INFO] IPUIPlugin:80 - create IPUIPlugin
2023-12-22 10:36:20,388 [INFO] IPUIPlugin:80 - create IPUIPlugin
2023-12-22 10:36:20,388 [INFO] IPUIPlugin:80 - create IPUIPlugin
2023-12-22 10:36:20,388 [INFO] IPUIPlugin:80 - create IPUIPlugin
2023-12-22 10:36:20,388 [INFO] IPUIPlugin:80 - create IPUIPlugin
2023-12-22 10:36:20,389 [INFO] IPUIPlugin:80 - create IPUIPlugin
2023-12-22 10:36:20,389 [INFO] IPUIPlugin:80 - create IPUIPlugin
2023-12-22 10:36:20,389 [INFO] IPUIPlugin:80 - create IPUIPlugin
2023-12-22 10:36:20,389 [INFO] IPUIPlugin:80 - create IPUIPlugin
2023-12-22 10:36:20,389 [INFO] IPUIPlugin:80 - create IPUIPlugin
2023-12-22 10:36:20,390 [INFO] IPUIPlugin:80 - create IPUIPlugin
2023-12-22 10:36:20,390 [INFO] IPUIPlugin:80 - create IPUIPlugin
2023-12-22 10:36:20,390 [INFO] IPUIPlugin:80 - create IPUIPlugin
2023-12-22 10:36:20,390 [INFO] IPUIPlugin:80 - create IPUIPlugin
2023-12-22 10:36:20,390 [INFO] IPUIPlugin:80 - create IPUIPlugin
2023-12-22 10:36:20,391 [INFO] IPUIPlugin:80 - create IPUIPlugin
2023-12-22 10:36:20,391 [INFO] IPUIPlugin:80 - create IPUIPlugin
2023-12-22 10:36:20,391 [INFO] IPUIPlugin:80 - create IPUIPlugin
2023-12-22 10:36:20,391 [INFO] IPUIPlugin:80 - create IPUIPlugin
2023-12-22 10:36:20,392 [INFO] IPUIPlugin:80 - create IPUIPlugin
2023-12-22 10:36:20,392 [INFO] IPUIPlugin:80 - create IPUIPlugin
2023-12-22 10:36:20,392 [INFO] IPUIPlugin:80 - create IPUIPlugin
2023-12-22 10:36:20,392 [INFO] IPUIPlugin:80 - create IPUIPlugin
2023-12-22 10:36:20,393 [INFO] IPUIPlugin:80 - create IPUIPlugin
2023-12-22 10:36:20,393 [INFO] IPUIPlugin:80 - create IPUIPlugin
2023-12-22 10:36:20,393 [INFO] IPUIPlugin:80 - create IPUIPlugin
2023-12-22 10:36:20,393 [INFO] IPUIPlugin:80 - create IPUIPlugin
2023-12-22 10:36:20,394 [INFO] IPUIPlugin:80 - create IPUIPlugin
2023-12-22 10:36:20,394 [INFO] IPUIPlugin:80 - create IPUIPlugin
2023-12-22 10:36:20,394 [INFO] IPUIPlugin:80 - create IPUIPlugin
2023-12-22 10:36:20,395 [INFO] IPUIPlugin:80 - create IPUIPlugin
2023-12-22 10:36:20,395 [INFO] IPUIPlugin:80 - create IPUIPlugin
2023-12-22 10:36:20,395 [INFO] IPUIPlugin:80 - create IPUIPlugin
2023-12-22 10:36:20,396 [INFO] IPUIPlugin:80 - create IPUIPlugin
2023-12-22 10:36:20,396 [INFO] IPUIPlugin:80 - create IPUIPlugin
2023-12-22 10:36:20,396 [INFO] IPUIPlugin:80 - create IPUIPlugin
2023-12-22 10:36:20,397 [INFO] IPUIPlugin:80 - create IPUIPlugin
2023-12-22 10:36:20,397 [INFO] IPUIPlugin:80 - create IPUIPlugin
2023-12-22 10:36:20,397 [INFO] IPUIPlugin:80 - create IPUIPlugin
2023-12-22 10:36:20,398 [INFO] IPUIPlugin:80 - create IPUIPlugin
2023-12-22 10:36:20,398 [INFO] IPUIPlugin:80 - create IPUIPlugin
2023-12-22 10:36:20,530 [INFO] ApiDbMcu:507 - Load IP Config File for PDM2PCM
2023-12-22 10:36:20,783 [INFO] CADModel:165 - CPN selected for project levelSTM32H743IIT6
2023-12-22 10:36:20,783 [INFO] CADModel:114 - Register for checkConnection events
2023-12-22 10:36:20,823 [INFO] OpenFileManager:328 - Restore cursor
2023-12-22 10:36:23,709 [ERROR] LogOutputStream:75 - [STDERR_REDIRECT] SLF4J: Failed to load class "org.slf4j.impl.StaticLoggerBinder".
2023-12-22 10:36:23,710 [ERROR] LogOutputStream:75 - [STDERR_REDIRECT] SLF4J: Defaulting to no-operation (NOP) logger implementation
2023-12-22 10:36:23,710 [ERROR] LogOutputStream:75 - [STDERR_REDIRECT] SLF4J: See http://www.slf4j.org/codes.html#StaticLoggerBinder for further details.
2023-12-22 10:36:50,409 [ERROR] LogOutputStream:75 - [STDERR_REDIRECT] Exception in thread "Thread-7535" java.lang.IllegalStateException: Need an underlying widget to be able to set the input.(Has the widget been disposed?)
2023-12-22 10:36:50,411 [ERROR] LogOutputStream:75 - [STDERR_REDIRECT] 	at org.eclipse.jface.viewers.StructuredViewer.setInput(StructuredViewer.java:1627)
2023-12-22 10:36:50,412 [ERROR] LogOutputStream:75 - [STDERR_REDIRECT] 	at com.st.stm32cube.ide.mcu.buildanalyzer.MemUsageComposite.setInput(MemUsageComposite.java:97)
2023-12-22 10:36:50,412 [ERROR] LogOutputStream:75 - [STDERR_REDIRECT] 	at elf_analyzer.ElfAnalyzerView.clearView(ElfAnalyzerView.java:285)
2023-12-22 10:36:50,413 [ERROR] LogOutputStream:75 - [STDERR_REDIRECT] 	at elf_analyzer.ElfAnalyzerView.lambda$2(ElfAnalyzerView.java:278)
2023-12-22 10:36:50,414 [ERROR] LogOutputStream:75 - [STDERR_REDIRECT] 	at com.st.stm32cube.ide.common.utils.ThreadHelper.runInUiThreadAsync(ThreadHelper.java:24)
2023-12-22 10:36:50,415 [ERROR] LogOutputStream:75 - [STDERR_REDIRECT] 	at elf_analyzer.ElfAnalyzerView.inputChanged(ElfAnalyzerView.java:278)
2023-12-22 10:36:50,416 [ERROR] LogOutputStream:75 - [STDERR_REDIRECT] 	at elf_analyzer.ElfAnalyzerView.lambda$3(ElfAnalyzerView.java:418)
2023-12-22 10:36:50,416 [ERROR] LogOutputStream:75 - [STDERR_REDIRECT] 	at java.base/java.lang.Thread.run(Thread.java:833)
