2023-12-23 18:23:56,567 [INFO] Activator:176 - 


2023-12-23 18:23:56,585 [INFO] Activator:177 - !SESSION log4j initialized
2023-12-23 18:24:03,031 [ERROR] LogOutputStream:75 - [STDERR_REDIRECT] Warning: NLS unused message: ?????????????????????? in: org.eclipse.ui.views.markers.internal.messages
2023-12-23 18:24:07,415 [INFO] LogOutputStream:77 - [STDOUT_REDIRECT] 
2023-12-23 18:24:11,507 [INFO] ApplicationProperties:184 - Using Application install path: E:\Software\STM32CubeIDE_1.12.0\STM32CubeIDE\plugins\com.st.stm32cube.common.mx_6.9.2.202309101412
2023-12-23 18:24:11,569 [INFO] DbMcusXml:78 - Set database path to: E:\Software\STM32CubeIDE_1.12.0\STM32CubeIDE\plugins\com.st.stm32cube.common.mx_6.9.2.202309101412\\db\/mcu/
2023-12-23 18:24:11,569 [INFO] ApiDb:274 - Set plugin database path to: E:\Software\STM32CubeIDE_1.12.0\STM32CubeIDE\plugins\com.st.stm32cube.common.mx_6.9.2.202309101412\\db\/plugins/boardmanager/
2023-12-23 18:24:11,570 [WARN] ApiDb:259 - Overriding images path with different value:  => E:\Software\STM32CubeIDE_1.12.0\STM32CubeIDE\plugins\com.st.stm32cube.common.mx_6.9.2.202309101412\\db\/plugins/mcufinder/images/
2023-12-23 18:24:11,640 [INFO] ApiDb:250 - Set database path to: C:\Users\Administrator\.stmcufinder\plugins\mcufinder//mcu/
2023-12-23 18:24:11,641 [INFO] DbMcusAds:125 - Set database path to: C:\Users\Administrator\.stmcufinder\plugins\mcufinder//mcu/
2023-12-23 18:24:11,642 [INFO] CrossReferenceDbSqlite:203 - Set database path to: C:\Users\Administrator\.stmcufinder\plugins\mcufinder//mcu/cs/
2023-12-23 18:24:11,833 [INFO] RulesReader:64 - Compatibility file has been processed (293 Rules)
2023-12-23 18:24:11,965 [INFO] DbMcusXml:78 - Set database path to: E:\Software\STM32CubeIDE_1.12.0\STM32CubeIDE\plugins\com.st.stm32cube.common.mx_6.9.2.202309101412\\db\/mcu/
2023-12-23 18:24:11,965 [INFO] ApiDb:274 - Set plugin database path to: E:\Software\STM32CubeIDE_1.12.0\STM32CubeIDE\plugins\com.st.stm32cube.common.mx_6.9.2.202309101412\\db\/plugins/boardmanager/
2023-12-23 18:24:11,965 [INFO] ApiDb:261 - Set plugin images path to: E:\Software\STM32CubeIDE_1.12.0\STM32CubeIDE\plugins\com.st.stm32cube.common.mx_6.9.2.202309101412\\db\/plugins/mcufinder/images/
2023-12-23 18:24:11,965 [WARN] DbFile:41 - Overriding database path with different value: C:\Users\Administrator\.stmcufinder\plugins\mcufinder/ => C:\Users\Administrator\.stmcufinder\plugins\mcufinder
2023-12-23 18:24:11,965 [INFO] ApiDb:250 - Set database path to: C:\Users\Administrator\.stmcufinder\plugins\mcufinder//mcu/
2023-12-23 18:24:11,965 [WARN] DbFile:41 - Overriding database path with different value: C:\Users\Administrator\.stmcufinder\plugins\mcufinder/ => C:\Users\Administrator\.stmcufinder\plugins\mcufinder
2023-12-23 18:24:11,965 [INFO] DbMcusAds:125 - Set database path to: C:\Users\Administrator\.stmcufinder\plugins\mcufinder//mcu/
2023-12-23 18:24:11,965 [WARN] DbFile:41 - Overriding database path with different value: C:\Users\Administrator\.stmcufinder\plugins\mcufinder/ => C:\Users\Administrator\.stmcufinder\plugins\mcufinder
2023-12-23 18:24:11,966 [WARN] DbFile:41 - Overriding database path with different value: C:\Users\Administrator\.stmcufinder\plugins\mcufinder/ => C:\Users\Administrator\.stmcufinder\plugins\mcufinder
2023-12-23 18:24:11,966 [INFO] CrossReferenceDbSqlite:203 - Set database path to: C:\Users\Administrator\.stmcufinder\plugins\mcufinder//mcu/cs/
2023-12-23 18:24:12,065 [INFO] MainPanel:262 - HeapMemory: 268435456
2023-12-23 18:24:12,192 [INFO] DbMcusXml:78 - Set database path to: E:\Software\STM32CubeIDE_1.12.0\STM32CubeIDE\plugins\com.st.stm32cube.common.mx_6.9.2.202309101412\\db\/mcu/
2023-12-23 18:24:12,192 [INFO] ApiDb:274 - Set plugin database path to: E:\Software\STM32CubeIDE_1.12.0\STM32CubeIDE\plugins\com.st.stm32cube.common.mx_6.9.2.202309101412\\db\/plugins/boardmanager/
2023-12-23 18:24:12,192 [INFO] ApiDb:261 - Set plugin images path to: E:\Software\STM32CubeIDE_1.12.0\STM32CubeIDE\plugins\com.st.stm32cube.common.mx_6.9.2.202309101412\\db\/plugins/mcufinder/images/
2023-12-23 18:24:12,200 [WARN] DbFile:41 - Overriding database path with different value: C:\Users\Administrator\.stmcufinder\plugins\mcufinder/ => C:\Users\Administrator\.stmcufinder\plugins\mcufinder
2023-12-23 18:24:12,200 [INFO] ApiDb:250 - Set database path to: C:\Users\Administrator\.stmcufinder\plugins\mcufinder//mcu/
2023-12-23 18:24:12,200 [WARN] DbFile:41 - Overriding database path with different value: C:\Users\Administrator\.stmcufinder\plugins\mcufinder/ => C:\Users\Administrator\.stmcufinder\plugins\mcufinder
2023-12-23 18:24:12,200 [INFO] DbMcusAds:125 - Set database path to: C:\Users\Administrator\.stmcufinder\plugins\mcufinder//mcu/
2023-12-23 18:24:12,200 [WARN] DbFile:41 - Overriding database path with different value: C:\Users\Administrator\.stmcufinder\plugins\mcufinder/ => C:\Users\Administrator\.stmcufinder\plugins\mcufinder
2023-12-23 18:24:12,200 [WARN] DbFile:41 - Overriding database path with different value: C:\Users\Administrator\.stmcufinder\plugins\mcufinder/ => C:\Users\Administrator\.stmcufinder\plugins\mcufinder
2023-12-23 18:24:12,200 [INFO] CrossReferenceDbSqlite:203 - Set database path to: C:\Users\Administrator\.stmcufinder\plugins\mcufinder//mcu/cs/
2023-12-23 18:24:12,217 [INFO] ApplicationProperties:184 - Using Application install path: E:\Software\STM32CubeIDE_1.12.0\STM32CubeIDE\plugins\com.st.stm32cube.common.mx_6.9.2.202309101412
2023-12-23 18:24:12,218 [INFO] PluginManage:196 - Search for loadable plugins [exclusion list=, ]
2023-12-23 18:24:12,219 [INFO] PluginManage:310 - Check plugin analytics
2023-12-23 18:24:12,410 [INFO] AnalyticsPlugin:253 - Accepted Software Licenses: STM32CubeMX.6.9.0,STM32CubeMX.6.4.0,STM32CubeMX.6.5.0
2023-12-23 18:24:12,410 [INFO] AnalyticsPlugin:255 - Accepted CMSIS Pack Licenses: 
2023-12-23 18:24:12,410 [INFO] AnalyticsPlugin:257 - Accepted Firmware Licenses: FW.C0.1.0.0
2023-12-23 18:24:12,412 [INFO] PluginManage:359 - Loaded plugin analytics (category:tool,tabindex:-1)
2023-12-23 18:24:12,412 [INFO] PluginManage:310 - Check plugin cadmodel
2023-12-23 18:24:12,446 [INFO] CADModel:105 - Init CAD model plugin
2023-12-23 18:24:12,446 [INFO] PluginManage:359 - Loaded plugin cadmodel (category:power,tabindex:5)
2023-12-23 18:24:12,446 [INFO] PluginManage:310 - Check plugin clock
2023-12-23 18:24:12,498 [INFO] PluginManage:359 - Loaded plugin clock (category:base,tabindex:2)
2023-12-23 18:24:12,498 [INFO] PluginManage:310 - Check plugin ddr
2023-12-23 18:24:12,508 [INFO] PluginManage:359 - Loaded plugin ddr (category:tool,tabindex:6)
2023-12-23 18:24:12,508 [INFO] PluginManage:310 - Check plugin filemanager
2023-12-23 18:24:12,722 [INFO] PluginManage:359 - Loaded plugin filemanager (category:base,tabindex:10)
2023-12-23 18:24:12,722 [INFO] PluginManage:310 - Check plugin ipmanager
2023-12-23 18:24:12,761 [INFO] PluginManage:359 - Loaded plugin ipmanager (category:base,tabindex:5)
2023-12-23 18:24:12,761 [INFO] PluginManage:310 - Check plugin lpbam
2023-12-23 18:24:12,786 [INFO] PluginManage:359 - Loaded plugin lpbam (category:base,tabindex:0)
2023-12-23 18:24:12,786 [INFO] PluginManage:310 - Check plugin memorymap
2023-12-23 18:24:12,825 [INFO] PluginManage:359 - Loaded plugin memorymap (category:base,tabindex:4)
2023-12-23 18:24:12,825 [INFO] PluginManage:310 - Check plugin pinoutandconfiguration
2023-12-23 18:24:12,851 [INFO] PluginManage:359 - Loaded plugin pinoutandconfiguration (category:base,tabindex:1)
2023-12-23 18:24:12,852 [INFO] PluginManage:310 - Check plugin pinoutconfig
2023-12-23 18:24:13,012 [WARN] SupportedApi:132 - Cannot load RTOS API schema: s4s-elt-must-match.1: The content of 'definitions' must match (annotation?, (simpleType | complexType)?, (unique | key | keyref)*)). A problem was found starting at: attribute.
2023-12-23 18:24:13,131 [INFO] PluginManage:359 - Loaded plugin pinoutconfig (category:base,tabindex:0)
2023-12-23 18:24:13,131 [INFO] PluginManage:310 - Check plugin power
2023-12-23 18:24:13,169 [INFO] PluginManage:359 - Loaded plugin power (category:power,tabindex:4)
2023-12-23 18:24:13,170 [INFO] PluginManage:310 - Check plugin projectmanager
2023-12-23 18:24:13,187 [INFO] PluginManage:359 - Loaded plugin projectmanager (category:projectmanager,tabindex:3)
2023-12-23 18:24:13,188 [INFO] PluginManage:310 - Check plugin thirdparty
2023-12-23 18:24:13,526 [WARN] IntegrityCheckThread:84 - waiting for thirdparty lock release [integrity check]
2023-12-23 18:24:13,526 [INFO] IntegrityCheckThread:86 - entering critical section [integrity check]
2023-12-23 18:24:13,528 [INFO] ThirdPartyUpdaterWithRetryManager:70 - Updater plugin not ready yet. [1/15]
2023-12-23 18:24:13,528 [INFO] PluginManage:359 - Loaded plugin thirdparty (category:base,tabindex:-1)
2023-12-23 18:24:13,528 [INFO] PluginManage:310 - Check plugin tools
2023-12-23 18:24:13,562 [INFO] PluginManage:359 - Loaded plugin tools (category:base,tabindex:7)
2023-12-23 18:24:13,562 [INFO] PluginManage:310 - Check plugin tutovideos
2023-12-23 18:24:13,764 [INFO] PluginManage:359 - Loaded plugin tutovideos (category:base,tabindex:-1)
2023-12-23 18:24:13,764 [INFO] PluginManage:310 - Check plugin updater
2023-12-23 18:24:13,787 [INFO] PluginManage:359 - Loaded plugin updater (category:base,tabindex:12)
2023-12-23 18:24:13,787 [INFO] PluginManage:310 - Check plugin userauth
2023-12-23 18:24:13,809 [INFO] UserAuth:113 - Init User Auth plugin
2023-12-23 18:24:13,809 [INFO] PluginManage:359 - Loaded plugin userauth (category:base,tabindex:14)
2023-12-23 18:24:13,809 [INFO] PluginManage:283 - PluginManage : Loaded plugins [17]
2023-12-23 18:24:14,195 [INFO] PinOutPanel:1499 - setPackage(No Configuration,No Configuration)
2023-12-23 18:24:14,426 [INFO] CADModel:165 - CPN selected for project level
2023-12-23 18:24:14,427 [INFO] CADModel:114 - Register for checkConnection events
2023-12-23 18:24:14,523 [INFO] IPUIPlugin:80 - create IPUIPlugin
2023-12-23 18:24:14,523 [INFO] PluginManager:220 - loadIPPluginJar : add adc
2023-12-23 18:24:14,559 [INFO] IPUIPlugin:80 - create IPUIPlugin
2023-12-23 18:24:14,559 [INFO] PluginManager:220 - loadIPPluginJar : add aes
2023-12-23 18:24:14,589 [INFO] IPUIPlugin:80 - create IPUIPlugin
2023-12-23 18:24:14,590 [INFO] PluginManager:220 - loadIPPluginJar : add can
2023-12-23 18:24:14,613 [INFO] IPUIPlugin:80 - create IPUIPlugin
2023-12-23 18:24:14,613 [INFO] PluginManager:220 - loadIPPluginJar : add comp
2023-12-23 18:24:14,637 [INFO] IPUIPlugin:80 - create IPUIPlugin
2023-12-23 18:24:14,637 [INFO] PluginManager:220 - loadIPPluginJar : add cryp
2023-12-23 18:24:14,657 [INFO] IPUIPlugin:80 - create IPUIPlugin
2023-12-23 18:24:14,657 [INFO] PluginManager:220 - loadIPPluginJar : add dfsdm
2023-12-23 18:24:14,681 [INFO] IPUIPlugin:80 - create IPUIPlugin
2023-12-23 18:24:14,683 [INFO] PluginManager:220 - loadIPPluginJar : add dma
2023-12-23 18:24:14,712 [INFO] IPUIPlugin:80 - create IPUIPlugin
2023-12-23 18:24:14,712 [INFO] PluginManager:220 - loadIPPluginJar : add dma3
2023-12-23 18:24:14,727 [INFO] IPUIPlugin:80 - create IPUIPlugin
2023-12-23 18:24:14,727 [INFO] PluginManager:220 - loadIPPluginJar : add fatfs
2023-12-23 18:24:14,767 [INFO] IPUIPlugin:80 - create IPUIPlugin
2023-12-23 18:24:14,767 [INFO] PluginManager:220 - loadIPPluginJar : add fmc
2023-12-23 18:24:14,787 [INFO] IPUIPlugin:80 - create IPUIPlugin
2023-12-23 18:24:14,787 [INFO] PluginManager:220 - loadIPPluginJar : add freertos
2023-12-23 18:24:14,811 [INFO] IPUIPlugin:80 - create IPUIPlugin
2023-12-23 18:24:14,811 [INFO] PluginManager:220 - loadIPPluginJar : add genericplugin
2023-12-23 18:24:14,881 [INFO] IPUIPlugin:80 - create IPUIPlugin
2023-12-23 18:24:14,881 [INFO] PluginManager:220 - loadIPPluginJar : add gfxmmu
2023-12-23 18:24:14,973 [INFO] IPUIPlugin:80 - create IPUIPlugin
2023-12-23 18:24:14,973 [INFO] PluginManager:220 - loadIPPluginJar : add gic
2023-12-23 18:24:14,990 [INFO] IPUIPlugin:80 - create IPUIPlugin
2023-12-23 18:24:14,990 [INFO] PluginManager:220 - loadIPPluginJar : add gpio
2023-12-23 18:24:15,061 [INFO] IPUIPlugin:80 - create IPUIPlugin
2023-12-23 18:24:15,061 [INFO] PluginManager:220 - loadIPPluginJar : add gtzc
2023-12-23 18:24:15,083 [INFO] IPUIPlugin:80 - create IPUIPlugin
2023-12-23 18:24:15,083 [INFO] PluginManager:220 - loadIPPluginJar : add hash
2023-12-23 18:24:15,119 [INFO] IPUIPlugin:80 - create IPUIPlugin
2023-12-23 18:24:15,119 [INFO] PluginManager:220 - loadIPPluginJar : add i2c
2023-12-23 18:24:15,147 [INFO] IPUIPlugin:80 - create IPUIPlugin
2023-12-23 18:24:15,147 [INFO] PluginManager:220 - loadIPPluginJar : add i2s
2023-12-23 18:24:15,175 [INFO] IPUIPlugin:80 - create IPUIPlugin
2023-12-23 18:24:15,175 [INFO] PluginManager:220 - loadIPPluginJar : add i3c
2023-12-23 18:24:15,262 [INFO] IPUIPlugin:80 - create IPUIPlugin
2023-12-23 18:24:15,262 [INFO] PluginManager:220 - loadIPPluginJar : add ipddr
2023-12-23 18:24:15,338 [INFO] IPUIPlugin:80 - create IPUIPlugin
2023-12-23 18:24:15,338 [INFO] PluginManager:220 - loadIPPluginJar : add linkedlist
2023-12-23 18:24:15,362 [INFO] IPUIPlugin:80 - create IPUIPlugin
2023-12-23 18:24:15,362 [INFO] PluginManager:220 - loadIPPluginJar : add lorawan
2023-12-23 18:24:15,389 [INFO] IPUIPlugin:80 - create IPUIPlugin
2023-12-23 18:24:15,389 [INFO] PluginManager:220 - loadIPPluginJar : add ltdc
2023-12-23 18:24:15,407 [INFO] IPUIPlugin:80 - create IPUIPlugin
2023-12-23 18:24:15,407 [INFO] PluginManager:220 - loadIPPluginJar : add mdma
2023-12-23 18:24:15,425 [INFO] IPUIPlugin:80 - create IPUIPlugin
2023-12-23 18:24:15,425 [INFO] PluginManager:220 - loadIPPluginJar : add nvic
2023-12-23 18:24:15,450 [INFO] IPUIPlugin:80 - create IPUIPlugin
2023-12-23 18:24:15,450 [INFO] PluginManager:220 - loadIPPluginJar : add opamp
2023-12-23 18:24:15,506 [INFO] IPUIPlugin:80 - create IPUIPlugin
2023-12-23 18:24:15,506 [INFO] PluginManager:220 - loadIPPluginJar : add openamp
2023-12-23 18:24:15,535 [INFO] IPUIPlugin:80 - create IPUIPlugin
2023-12-23 18:24:15,535 [INFO] PluginManager:220 - loadIPPluginJar : add pdm2pcm
2023-12-23 18:24:15,545 [INFO] IPUIPlugin:80 - create IPUIPlugin
2023-12-23 18:24:15,547 [INFO] PluginManager:220 - loadIPPluginJar : add plateformsettings
2023-12-23 18:24:15,562 [INFO] IPUIPlugin:80 - create IPUIPlugin
2023-12-23 18:24:15,562 [INFO] PluginManager:220 - loadIPPluginJar : add quadspi
2023-12-23 18:24:15,576 [INFO] IPUIPlugin:80 - create IPUIPlugin
2023-12-23 18:24:15,576 [INFO] PluginManager:220 - loadIPPluginJar : add resmgrutility
2023-12-23 18:24:15,628 [INFO] IPUIPlugin:80 - create IPUIPlugin
2023-12-23 18:24:15,628 [INFO] PluginManager:220 - loadIPPluginJar : add sai
2023-12-23 18:24:15,671 [INFO] IPUIPlugin:80 - create IPUIPlugin
2023-12-23 18:24:15,671 [INFO] PluginManager:220 - loadIPPluginJar : add spi
2023-12-23 18:24:15,712 [INFO] IPUIPlugin:80 - create IPUIPlugin
2023-12-23 18:24:15,712 [INFO] PluginManager:220 - loadIPPluginJar : add stm32_wpan
2023-12-23 18:24:15,727 [INFO] IPUIPlugin:80 - create IPUIPlugin
2023-12-23 18:24:15,727 [INFO] PluginManager:220 - loadIPPluginJar : add tim
2023-12-23 18:24:15,777 [INFO] IPUIPlugin:80 - create IPUIPlugin
2023-12-23 18:24:15,777 [INFO] PluginManager:220 - loadIPPluginJar : add touchsensing
2023-12-23 18:24:15,793 [INFO] IPUIPlugin:80 - create IPUIPlugin
2023-12-23 18:24:15,793 [INFO] PluginManager:220 - loadIPPluginJar : add tracer_emb
2023-12-23 18:24:15,809 [INFO] IPUIPlugin:80 - create IPUIPlugin
2023-12-23 18:24:15,809 [INFO] PluginManager:220 - loadIPPluginJar : add ts
2023-12-23 18:24:15,825 [INFO] IPUIPlugin:80 - create IPUIPlugin
2023-12-23 18:24:15,825 [INFO] PluginManager:220 - loadIPPluginJar : add tsc
2023-12-23 18:24:15,840 [INFO] IPUIPlugin:80 - create IPUIPlugin
2023-12-23 18:24:15,840 [INFO] PluginManager:220 - loadIPPluginJar : add ucpd
2023-12-23 18:24:15,870 [INFO] IPUIPlugin:80 - create IPUIPlugin
2023-12-23 18:24:15,871 [INFO] PluginManager:220 - loadIPPluginJar : add usart
2023-12-23 18:24:15,901 [INFO] IPUIPlugin:80 - create IPUIPlugin
2023-12-23 18:24:15,901 [INFO] PluginManager:220 - loadIPPluginJar : add usbx
2023-12-23 18:24:16,032 [INFO] CADModel:165 - CPN selected for project level
2023-12-23 18:24:16,032 [INFO] CADModel:114 - Register for checkConnection events
2023-12-23 18:24:16,033 [FATAL] Updater:308 - Updater called before beeing initialized
2023-12-23 18:24:16,033 [ERROR] CADModel:125 - Updater not yet initialized, retry later 
2023-12-23 18:24:16,299 [INFO] CADModel:165 - CPN selected for project level
2023-12-23 18:24:16,300 [INFO] CADModel:114 - Register for checkConnection events
2023-12-23 18:24:16,300 [FATAL] Updater:308 - Updater called before beeing initialized
2023-12-23 18:24:16,300 [ERROR] CADModel:125 - Updater not yet initialized, retry later 
2023-12-23 18:24:16,318 [FATAL] Updater:308 - Updater called before beeing initialized
2023-12-23 18:24:16,412 [FATAL] Updater:308 - Updater called before beeing initialized
2023-12-23 18:24:16,423 [INFO] DbMcusAds:53 - JSON generation date=Wed Nov 29 18:52:38 CST 2023 (1701255158764)
2023-12-23 18:24:16,423 [FATAL] Updater:308 - Updater called before beeing initialized
2023-12-23 18:24:16,525 [WARN] DetailPanel:346 - Failed to get advertising image, set to default
2023-12-23 18:24:16,530 [INFO] ThirdPartyUpdaterWithRetryManager:70 - Updater plugin not ready yet. [2/15]
2023-12-23 18:24:16,596 [FATAL] Updater:308 - Updater called before beeing initialized
2023-12-23 18:24:16,597 [FATAL] Updater:308 - Updater called before beeing initialized
2023-12-23 18:24:16,597 [FATAL] Updater:308 - Updater called before beeing initialized
2023-12-23 18:24:16,597 [WARN] DetailPanel:346 - Failed to get advertising image, set to default
2023-12-23 18:24:16,598 [FATAL] Updater:308 - Updater called before beeing initialized
2023-12-23 18:24:16,686 [ERROR] Updater:1120 - MainUpdater not yet initialized. External WinMGr cannot be set.
2023-12-23 18:24:16,703 [INFO] Updater:1056 - Updater Version found : 6.9.2
2023-12-23 18:24:16,735 [INFO] ApplicationProperties:184 - Using Application install path: E:\Software\STM32CubeIDE_1.12.0\STM32CubeIDE\plugins\com.st.stm32cube.common.mx_6.9.2.202309101412
2023-12-23 18:24:17,767 [INFO] MainUpdater:2868 - connection check result : 10
2023-12-23 18:24:17,768 [INFO] MainUpdater:3562 - Updater definition file requires update
2023-12-23 18:24:17,768 [INFO] MainUpdater:285 - Updater Check For Update Now.
2023-12-23 18:24:17,768 [INFO] MicroXplorer:498 - Change Database Version : DB.6.0.92
2023-12-23 18:24:17,781 [INFO] McuFinderGlobals:63 - Set McuFinder mode to 2 (CubeIDE integrated)
2023-12-23 18:24:17,796 [INFO] ServerAccessManage:473 - Download File updaters.zip
2023-12-23 18:24:17,881 [INFO] FileExtend:240 - Unzip File : updaters.zip
2023-12-23 18:24:17,881 [INFO] FileExtend:255 - Standard Zip Deflate
2023-12-23 18:24:18,090 [INFO] ServerAccessManage:473 - Download File PacksControlFlags.xml
2023-12-23 18:24:18,154 [INFO] ServerAccessManage:473 - Download File cubemx.pidx
2023-12-23 18:24:18,264 [INFO] LoadServerUpdatesThread:373 - End of LoadServerUpdate Thread
2023-12-23 18:24:18,433 [INFO] CheckServerUpdateThread:120 - End of CheckServer Thread
2023-12-23 18:24:19,713 [WARN] PackLoader:240 - Cannot read IP mode file for wolfSSL.I-CUBE-wolfSSL.5.2.0
2023-12-23 18:24:19,725 [WARN] PackLoader:240 - Cannot read IP mode file for STMicroelectronics.X-CUBE-SMBUS.2.1.0
2023-12-23 18:24:19,737 [WARN] PackLoader:240 - Cannot read IP mode file for STMicroelectronics.X-CUBE-TOUCHGFX.4.23.0
2023-12-23 18:24:19,794 [WARN] PackLoader:240 - Cannot read IP mode file for STMicroelectronics.X-CUBE-MEMS1.9.2.0
2023-12-23 18:24:19,912 [WARN] PackLoader:240 - Cannot read IP mode file for STMicroelectronics.X-CUBE-AZRTOS-F7.1.1.0
2023-12-23 18:24:19,926 [WARN] PackLoader:240 - Cannot read IP mode file for STMicroelectronics.X-CUBE-AI.7.1.0
2023-12-23 18:24:19,935 [WARN] PackLoader:240 - Cannot read IP mode file for STMicroelectronics.X-CUBE-TOUCHGFX.4.19.1
2023-12-23 18:24:19,944 [ERROR] RealEvaluatedCondition:428 - Found unsupported composite condition: GROUP='STM32_MetaDataManager' CLASS='Data Exchange'
2023-12-23 18:24:19,944 [ERROR] RealEvaluatedCondition:428 - Found unsupported composite condition: CLASS='Data Exchange' GROUP='STM32_MetaDataManager'
2023-12-23 18:24:19,945 [WARN] PackLoader:240 - Cannot read IP mode file for STMicroelectronics.FP-SNS-MOTENV1.4.3.0
2023-12-23 18:24:19,956 [WARN] PackLoader:240 - Cannot read IP mode file for STMicroelectronics.FP-SNS-MOTENV1.4.3.2
2023-12-23 18:24:19,966 [WARN] PackLoader:240 - Cannot read IP mode file for STMicroelectronics.FP-SNS-FLIGHT1.5.0.0
2023-12-23 18:24:19,976 [ERROR] RealEvaluatedCondition:428 - Found unsupported composite condition: GROUP='STM32_MetaDataManager' CLASS='Data Exchange'
2023-12-23 18:24:19,976 [ERROR] RealEvaluatedCondition:428 - Found unsupported composite condition: CLASS='Data Exchange' GROUP='STM32_MetaDataManager'
2023-12-23 18:24:19,977 [WARN] PackLoader:240 - Cannot read IP mode file for STMicroelectronics.FP-SNS-MOTENV1.4.3.1
2023-12-23 18:24:19,987 [WARN] PackLoader:240 - Cannot read IP mode file for STMicroelectronics.FP-SNS-FLIGHT1.5.0.1
2023-12-23 18:24:19,997 [WARN] PackLoader:240 - Cannot read IP mode file for STMicroelectronics.X-CUBE-BLE1.6.2.3
2023-12-23 18:24:20,007 [WARN] PackLoader:240 - Cannot read IP mode file for STMicroelectronics.X-CUBE-BLE1.6.2.4
2023-12-23 18:24:20,018 [WARN] PackLoader:240 - Cannot read IP mode file for STMicroelectronics.X-CUBE-BLE1.6.2.2
2023-12-23 18:24:20,028 [WARN] PackLoader:240 - Cannot read IP mode file for STMicroelectronics.FP-SNS-FLIGHT1.5.0.2
2023-12-23 18:24:20,039 [WARN] PackLoader:240 - Cannot read IP mode file for STMicroelectronics.X-CUBE-BLE2.3.2.2
2023-12-23 18:24:20,052 [WARN] PackLoader:240 - Cannot read IP mode file for STMicroelectronics.X-CUBE-TOF1.3.1.0
2023-12-23 18:24:20,068 [WARN] PackLoader:240 - Cannot read IP mode file for STMicroelectronics.X-CUBE-DISPLAY.3.0.0
2023-12-23 18:24:20,081 [WARN] PackLoader:240 - Cannot read IP mode file for STMicroelectronics.X-CUBE-BLE1.7.0.0
2023-12-23 18:24:20,092 [WARN] PackLoader:240 - Cannot read IP mode file for STMicroelectronics.X-CUBE-TOUCHGFX.4.22.0
2023-12-23 18:24:20,102 [WARN] PackLoader:240 - Cannot read IP mode file for STMicroelectronics.X-CUBE-TOUCHGFX.4.22.1
2023-12-23 18:24:20,116 [WARN] PackLoader:240 - Cannot read IP mode file for STMicroelectronics.X-CUBE-SUBG2.4.2.0
2023-12-23 18:24:20,158 [WARN] PackLoader:240 - Cannot read IP mode file for STMicroelectronics.X-CUBE-MEMS1.9.3.0
2023-12-23 18:24:20,243 [WARN] PackLoader:240 - Cannot read IP mode file for STMicroelectronics.X-CUBE-AI.7.2.0
2023-12-23 18:24:20,253 [WARN] PackLoader:240 - Cannot read IP mode file for STMicroelectronics.FP-SNS-SMARTAG2.1.2.0
2023-12-23 18:24:20,269 [INFO] LogOutputStream:77 - [STDOUT_REDIRECT] 1 : Invalid condition id : UX_CORESTACK_Condition cause : null
2023-12-23 18:24:20,270 [INFO] LogOutputStream:77 - [STDOUT_REDIRECT] 1 : Invalid condition id : UX_CORESTACK_Condition cause : null
2023-12-23 18:24:20,271 [INFO] LogOutputStream:77 - [STDOUT_REDIRECT] 1 : Invalid condition id : UX_CORESTACK_Condition cause : null
2023-12-23 18:24:20,272 [INFO] LogOutputStream:77 - [STDOUT_REDIRECT] 1 : Invalid condition id : UX_CORESTACK_Condition cause : null
2023-12-23 18:24:20,273 [INFO] LogOutputStream:77 - [STDOUT_REDIRECT] 1 : Invalid condition id : UX_CORESTACK_Condition cause : null
2023-12-23 18:24:20,275 [WARN] PackLoader:240 - Cannot read IP mode file for STMicroelectronics.X-CUBE-AZRTOS-WL.2.0.0
2023-12-23 18:24:20,288 [WARN] PackLoader:240 - Cannot read IP mode file for WES.I-CUBE-Cesium.1.3.0
2023-12-23 18:24:20,299 [WARN] PackLoader:240 - Cannot read IP mode file for STMicroelectronics.X-CUBE-BLE2.3.3.0
2023-12-23 18:24:20,311 [WARN] PackLoader:240 - Cannot read IP mode file for STMicroelectronics.X-CUBE-DISPLAY.2.2.0
2023-12-23 18:24:20,328 [WARN] PackLoader:240 - Cannot read IP mode file for STMicroelectronics.X-CUBE-TOF1.3.2.0
2023-12-23 18:24:20,341 [WARN] PackLoader:240 - Cannot read IP mode file for STMicroelectronics.X-CUBE-TOUCHGFX.4.18.1
2023-12-23 18:24:20,365 [WARN] PackLoader:240 - Cannot read IP mode file for STMicroelectronics.X-CUBE-AZRTOS-H7.2.1.0
2023-12-23 18:24:20,378 [WARN] PackLoader:240 - Cannot read IP mode file for STMicroelectronics.X-CUBE-TOUCHGFX.4.21.1
2023-12-23 18:24:20,388 [WARN] PackLoader:240 - Cannot read IP mode file for STMicroelectronics.X-CUBE-TOUCHGFX.4.21.3
2023-12-23 18:24:20,398 [WARN] PackLoader:240 - Cannot read IP mode file for STMicroelectronics.X-CUBE-TOUCHGFX.4.21.4
2023-12-23 18:24:20,408 [WARN] PackLoader:240 - Cannot read IP mode file for STMicroelectronics.X-CUBE-AI.7.3.0
2023-12-23 18:24:20,419 [WARN] PackLoader:240 - Cannot read IP mode file for STMicroelectronics.X-CUBE-ALGOBUILD.1.3.0
2023-12-23 18:24:20,440 [WARN] PackLoader:240 - Cannot read IP mode file for STMicroelectronics.X-CUBE-AZRTOS-G0.1.1.0
2023-12-23 18:24:20,453 [WARN] PackLoader:240 - Cannot read IP mode file for STMicroelectronics.X-CUBE-NFC4.3.0.0
2023-12-23 18:24:20,488 [WARN] PackLoader:240 - Cannot read IP mode file for SEGGER.I-CUBE-embOS.1.2.0
2023-12-23 18:24:20,521 [WARN] PackLoader:240 - Cannot read IP mode file for STMicroelectronics.X-CUBE-DISPLAY.2.1.0
2023-12-23 18:24:20,535 [WARN] PackLoader:240 - Cannot read IP mode file for STMicroelectronics.X-CUBE-BLEMGR.3.0.0
2023-12-23 18:24:20,560 [WARN] PackLoader:240 - Cannot read IP mode file for STMicroelectronics.X-CUBE-AZRTOS-H7.2.0.0
2023-12-23 18:24:20,572 [WARN] PackLoader:240 - Cannot read IP mode file for STMicroelectronics.FP-ATR-SIGFOX1.3.2.0
2023-12-23 18:24:20,584 [WARN] PackLoader:240 - Cannot read IP mode file for emotas.I-CUBE-CANOPEN.1.1.2
2023-12-23 18:24:20,593 [WARN] PackLoader:240 - Cannot read IP mode file for STMicroelectronics.X-CUBE-TOUCHGFX.4.20.0
2023-12-23 18:24:20,633 [WARN] PackLoader:240 - Cannot read IP mode file for STMicroelectronics.X-CUBE-MEMS1.9.5.0
2023-12-23 18:24:20,723 [WARN] PackLoader:240 - Cannot read IP mode file for SEGGER.I-CUBE-embOS.1.3.1
2023-12-23 18:24:20,753 [WARN] PackLoader:240 - Cannot read IP mode file for STMicroelectronics.X-CUBE-DISPLAY.2.0.1
2023-12-23 18:24:20,765 [WARN] PackLoader:240 - Cannot read IP mode file for STMicroelectronics.X-CUBE-TOF1.3.0.0
2023-12-23 18:24:20,776 [WARN] PackLoader:240 - Cannot read IP mode file for STMicroelectronics.X-CUBE-GNSS1.6.0.0
2023-12-23 18:24:20,796 [WARN] PackLoader:240 - Cannot read IP mode file for STMicroelectronics.X-CUBE-AZRTOS-F4.1.1.0
2023-12-23 18:24:20,809 [WARN] PackLoader:240 - Cannot read IP mode file for STMicroelectronics.X-CUBE-BLEMGR.1.2.0
2023-12-23 18:24:20,831 [WARN] PackLoader:240 - Cannot read IP mode file for STMicroelectronics.X-CUBE-AZRTOS-L5.2.0.0
2023-12-23 18:24:20,863 [WARN] PackLoader:240 - Cannot read IP mode file for STMicroelectronics.X-CUBE-MEMS1.9.6.0
2023-12-23 18:24:20,940 [WARN] PackLoader:240 - Cannot read IP mode file for STMicroelectronics.X-CUBE-EEPRMA1.4.2.0
2023-12-23 18:24:20,950 [WARN] PackLoader:240 - Cannot read IP mode file for ITTIA_DB.I-CUBE-ITTIADB.8.8.0
2023-12-23 18:24:20,962 [WARN] PackLoader:240 - Cannot read IP mode file for STMicroelectronics.X-CUBE-BLEMGR.2.0.0
2023-12-23 18:24:20,973 [WARN] PackLoader:240 - Cannot read IP mode file for STMicroelectronics.X-CUBE-NFC4.2.0.5
2023-12-23 18:24:20,983 [WARN] PackLoader:240 - Cannot read IP mode file for STMicroelectronics.X-CUBE-NFC4.2.0.4
2023-12-23 18:24:20,994 [WARN] PackLoader:240 - Cannot read IP mode file for STMicroelectronics.X-CUBE-NFC4.2.0.3
2023-12-23 18:24:21,016 [WARN] ConditionMgr:438 - getConditionDescription Invalid condition id : UX DEVICE CLASS RTOS Condition cause : null
2023-12-23 18:24:21,016 [WARN] ConditionMgr:438 - getConditionDescription Invalid condition id : UX DEVICE CLASS RTOS Condition cause : null
2023-12-23 18:24:21,018 [WARN] PackLoader:240 - Cannot read IP mode file for STMicroelectronics.X-CUBE-AZRTOS-H7.3.1.0
2023-12-23 18:24:21,019 [WARN] ConditionMgr:1039 - genDependencies : Invalid condition id : UX DEVICE CLASS RTOS Condition cause : null
2023-12-23 18:24:21,019 [WARN] ConditionMgr:1039 - genDependencies : Invalid condition id : UX DEVICE CLASS RTOS Condition cause : null
2023-12-23 18:24:21,019 [WARN] ConditionMgr:1039 - genDependencies : Invalid condition id : UX DEVICE CLASS RTOS Condition cause : null
2023-12-23 18:24:21,020 [WARN] ConditionMgr:1039 - genDependencies : Invalid condition id : UX DEVICE CLASS RTOS Condition cause : null
2023-12-23 18:24:21,020 [WARN] ConditionMgr:1039 - genDependencies : Invalid condition id : UX DEVICE CLASS RTOS Condition cause : null
2023-12-23 18:24:21,031 [WARN] PackLoader:240 - Cannot read IP mode file for STMicroelectronics.X-CUBE-SFXS2LP1.3.1.0
2023-12-23 18:24:21,052 [WARN] PackLoader:240 - Cannot read IP mode file for STMicroelectronics.X-CUBE-AZRTOS-F4.1.0.0
2023-12-23 18:24:21,065 [WARN] PackLoader:240 - Cannot read IP mode file for STMicroelectronics.X-CUBE-NFC7.1.0.1
2023-12-23 18:24:21,075 [WARN] PackLoader:240 - Cannot read IP mode file for STMicroelectronics.X-CUBE-NFC7.1.0.0
2023-12-23 18:24:21,089 [WARN] PackLoader:240 - Cannot read IP mode file for STMicroelectronics.X-CUBE-NFC6.3.0.0
2023-12-23 18:24:21,100 [WARN] PackLoader:240 - Cannot read IP mode file for STMicroelectronics.X-CUBE-EEPRMA1.4.1.0
2023-12-23 18:24:21,110 [WARN] PackLoader:240 - Cannot read IP mode file for STMicroelectronics.X-CUBE-AI.8.1.0
2023-12-23 18:24:21,131 [WARN] PackLoader:240 - Cannot read IP mode file for STMicroelectronics.X-CUBE-AZRTOS-G0.1.0.0
2023-12-23 18:24:21,155 [WARN] ConditionMgr:438 - getConditionDescription Invalid condition id : LAN8742 Phy interface Condition cause : null
2023-12-23 18:24:21,156 [WARN] PackLoader:240 - Cannot read IP mode file for STMicroelectronics.X-CUBE-AZRTOS-L4.2.0.0
2023-12-23 18:24:21,156 [WARN] ConditionMgr:1039 - genDependencies : Invalid condition id : LAN8742 Phy interface Condition cause : null
2023-12-23 18:24:21,156 [WARN] ConditionMgr:1039 - genDependencies : Invalid condition id : LAN8742 Phy interface Condition cause : null
2023-12-23 18:24:21,157 [WARN] ConditionMgr:1039 - genDependencies : Invalid condition id : LAN8742 Phy interface Condition cause : null
2023-12-23 18:24:21,167 [WARN] PackLoader:240 - Cannot read IP mode file for STMicroelectronics.X-CUBE-SFXS2LP1.4.0.0
2023-12-23 18:24:21,187 [WARN] PackLoader:240 - Cannot read IP mode file for STMicroelectronics.X-CUBE-AZRTOS-H7.3.0.0
2023-12-23 18:24:21,199 [WARN] PackLoader:240 - Cannot read IP mode file for STMicroelectronics.X-CUBE-ISPU.1.1.0
2023-12-23 18:24:21,210 [WARN] PackLoader:240 - Cannot read IP mode file for RoweBots.I-CUBE-UNISONRTOS.5.5.0-4
2023-12-23 18:24:21,219 [WARN] PackLoader:240 - Cannot read IP mode file for STMicroelectronics.X-CUBE-AI.8.0.0
2023-12-23 18:24:21,236 [WARN] ConditionMgr:438 - getConditionDescription Invalid condition id : UX DEVICE CLASS RTOS Condition cause : null
2023-12-23 18:24:21,236 [WARN] ConditionMgr:438 - getConditionDescription Invalid condition id : UX DEVICE CLASS RTOS Condition cause : null
2023-12-23 18:24:21,238 [WARN] PackLoader:240 - Cannot read IP mode file for STMicroelectronics.X-CUBE-AZRTOS-WB.2.0.0
2023-12-23 18:24:21,238 [WARN] ConditionMgr:1039 - genDependencies : Invalid condition id : UX DEVICE CLASS RTOS Condition cause : null
2023-12-23 18:24:21,238 [WARN] ConditionMgr:1039 - genDependencies : Invalid condition id : UX DEVICE CLASS RTOS Condition cause : null
2023-12-23 18:24:21,238 [WARN] ConditionMgr:1039 - genDependencies : Invalid condition id : UX DEVICE CLASS RTOS Condition cause : null
2023-12-23 18:24:21,238 [WARN] ConditionMgr:1039 - genDependencies : Invalid condition id : UX DEVICE CLASS RTOS Condition cause : null
2023-12-23 18:24:21,238 [WARN] ConditionMgr:1039 - genDependencies : Invalid condition id : UX DEVICE CLASS RTOS Condition cause : null
2023-12-23 18:24:21,248 [WARN] PackLoader:240 - Cannot read IP mode file for STMicroelectronics.X-CUBE-FREERTOS.1.0.0
2023-12-23 18:24:21,258 [WARN] PackLoader:240 - Cannot read IP mode file for STMicroelectronics.X-CUBE-FREERTOS.1.0.1
2023-12-23 18:24:21,269 [WARN] PackLoader:240 - Cannot read IP mode file for STMicroelectronics.X-CUBE-BLEMGR.1.0.0
2023-12-23 18:24:21,288 [WARN] PackLoader:240 - Cannot read IP mode file for STMicroelectronics.X-CUBE-AZRTOS-L5.1.1.0
2023-12-23 18:24:21,298 [WARN] PackLoader:240 - Cannot read IP mode file for STMicroelectronics.X-CUBE-AI.8.0.1
2023-12-23 18:24:21,311 [WARN] PackLoader:240 - Cannot read IP mode file for STMicroelectronics.X-CUBE-SUBG2.5.0.0
2023-12-23 18:24:21,326 [WARN] PackLoader:240 - Cannot read IP mode file for STMicroelectronics.X-CUBE-TOF1.3.3.1
2023-12-23 18:24:21,348 [WARN] PackLoader:240 - Cannot read IP mode file for STMicroelectronics.X-CUBE-AZRTOS-G4.2.0.0
2023-12-23 18:24:21,363 [WARN] PackLoader:240 - Cannot read IP mode file for STMicroelectronics.X-CUBE-TOF1.3.3.0
2023-12-23 18:24:21,377 [WARN] PackLoader:240 - Cannot read IP mode file for STMicroelectronics.FP-ATR-ASTRA1.1.1.1
2023-12-23 18:24:21,393 [WARN] PackLoader:240 - Cannot read IP mode file for Infineon.AIROC-Wi-Fi-Bluetooth-STM32.1.5.1
2023-12-23 18:24:21,404 [WARN] PackLoader:240 - Cannot read IP mode file for STMicroelectronics.FP-ATR-ASTRA1.1.1.0
2023-12-23 18:24:21,413 [WARN] PackLoader:240 - Cannot read IP mode file for STMicroelectronics.FP-SNS-MOTENVWB1.1.3.0
2023-12-23 18:24:21,422 [WARN] PackLoader:240 - Cannot read IP mode file for STMicroelectronics.FP-SNS-MOTENVWB1.1.3.1
2023-12-23 18:24:21,438 [WARN] PackLoader:240 - Cannot read IP mode file for STMicroelectronics.X-CUBE-AZRTOS-G4.1.0.0
2023-12-23 18:24:21,458 [WARN] PackLoader:240 - Cannot read IP mode file for STMicroelectronics.X-CUBE-AZRTOS-L4.1.0.0
2023-12-23 18:24:21,468 [WARN] PackLoader:240 - Cannot read IP mode file for STMicroelectronics.X-CUBE-ISPU.2.0.0
2023-12-23 18:24:21,505 [WARN] PackLoader:240 - Cannot read IP mode file for STMicroelectronics.X-CUBE-MEMS1.10.0.0
2023-12-23 18:24:21,565 [WARN] PackLoader:240 - Cannot read IP mode file for STMicroelectronics.X-CUBE-FREERTOS.1.1.0
2023-12-23 18:24:21,583 [WARN] PackLoader:240 - Cannot read IP mode file for STMicroelectronics.X-CUBE-AZRTOS-F7.1.0.0
2023-12-23 18:24:21,599 [WARN] PackLoader:240 - Cannot read IP mode file for STMicroelectronics.X-CUBE-AZRTOS-WL.1.0.0
2023-12-23 18:24:21,625 [WARN] PackLoader:240 - Cannot read IP mode file for STMicroelectronics.X-CUBE-MEMS1.9.1.0
2023-12-23 18:24:21,675 [WARN] PackLoader:240 - Cannot read IP mode file for portGmbH.I-Cube-SoM-uGOAL.1.1.0
2023-12-23 18:24:21,684 [WARN] PackLoader:240 - Cannot read IP mode file for STMicroelectronics.X-CUBE-ALS.1.0.1
2023-12-23 18:24:21,700 [WARN] PackLoader:240 - Cannot read IP mode file for STMicroelectronics.X-CUBE-AZRTOS-WB.1.1.0
2023-12-23 18:24:21,717 [WARN] PackLoader:240 - Cannot read IP mode file for STMicroelectronics.X-CUBE-AZRTOS-L5.1.0.0
2023-12-23 18:24:21,727 [WARN] PackLoader:240 - Cannot read IP mode file for STMicroelectronics.X-CUBE-EEPRMA1.3.1.1
2023-12-23 18:24:21,736 [WARN] PackLoader:240 - Cannot read IP mode file for STMicroelectronics.X-CUBE-GNSS1.5.2.0
2023-12-23 18:24:21,744 [WARN] PackLoader:240 - Cannot read IP mode file for STMicroelectronics.FP-ATR-ASTRA1.2.0.0
2023-12-23 18:24:21,757 [WARN] PackLoader:240 - Cannot read IP mode file for STMicroelectronics.X-CUBE-TOF1.3.4.0
2023-12-23 18:24:21,781 [WARN] PackLoader:240 - Cannot read IP mode file for STMicroelectronics.X-CUBE-AZRTOS-H7.3.2.0
2023-12-23 18:24:21,783 [INFO] ThirdParty:978 - Integrity check success = true
2023-12-23 18:24:21,783 [INFO] IntegrityCheckThread:100 - exiting critical section [integrity check]
2023-12-23 18:24:21,783 [INFO] IntegrityCheckThread:103 - End integrity checks thread
2023-12-23 18:24:25,708 [INFO] McuFinderGlobals:63 - Set McuFinder mode to 2 (CubeIDE integrated)
2023-12-23 18:24:25,729 [INFO] MainUpdater:2868 - connection check result : 10
2023-12-23 18:24:25,738 [INFO] MainUpdater:2868 - connection check result : 10
2023-12-23 18:24:26,029 [INFO] MicroXplorer:468 - Change Database Path : 
2023-12-23 18:24:26,029 [INFO] MicroXplorer:498 - Change Database Version : DB.6.0.92
2023-12-23 18:24:26,033 [WARN] ThirdParty:871 - waiting for thirdparty lock release [close project]
2023-12-23 18:24:26,033 [INFO] ThirdParty:873 - entering critical section [close project]
2023-12-23 18:24:26,033 [INFO] ThirdParty:883 - exiting critical section [close project]
2023-12-23 18:24:26,034 [INFO] PinOutPanel:1499 - setPackage(No Configuration,No Configuration)
2023-12-23 18:24:26,039 [INFO] UtilMem:75 - Begin LoadConfig() Used Memory: 337643400 Bytes (591396864)
2023-12-23 18:24:26,040 [INFO] MicroXplorer:468 - Change Database Path : 
2023-12-23 18:24:26,040 [INFO] MicroXplorer:498 - Change Database Version : DB.6.0.92
2023-12-23 18:24:26,041 [INFO] OpenFileManager:308 - Change cursor
2023-12-23 18:24:26,185 [INFO] Mcu:1946 - Initializing MCU STM32H743IITx STM32H743IITx STM32H743IIT6
2023-12-23 18:24:29,650 [INFO] Context:659 - Trying to add GPIOservice into a context  which must be forbidden
2023-12-23 18:24:31,067 [INFO] RtosManager:555 - Registered RTOS mode: class=CMSIS, group=RTOS, mode=CMSIS_V1, owner=FREERTOS
2023-12-23 18:24:31,067 [INFO] RtosManager:555 - Registered RTOS mode: class=CMSIS, group=RTOS2, mode=CMSIS_V2, owner=FREERTOS
2023-12-23 18:24:31,067 [INFO] RtosManager:555 - Registered RTOS mode: class=RTOS, group=Core, mode=CMSIS_V1, owner=FREERTOS
2023-12-23 18:24:31,067 [INFO] RtosManager:555 - Registered RTOS mode: class=RTOS, group=Core, mode=CMSIS_V2, owner=FREERTOS
2023-12-23 18:24:31,067 [WARN] ModelIntegratedComponent:184 - Missing modes for component STMicroelectronics:FreeRTOS:0.0.1:STMicroelectronics:RTOS:FreeRTOS:Core:::10.2.0:
2023-12-23 18:24:31,073 [WARN] ModelIntegratedComponent:63 - No mode defined for component null
2023-12-23 18:24:31,073 [WARN] ModelIntegratedComponent:63 - No mode defined for component null
2023-12-23 18:24:31,073 [WARN] ModelIntegratedComponent:63 - No mode defined for component null
2023-12-23 18:24:31,073 [WARN] ModelIntegratedComponent:63 - No mode defined for component null
2023-12-23 18:24:31,073 [WARN] ModelIntegratedComponent:63 - No mode defined for component null
2023-12-23 18:24:31,073 [WARN] ModelIntegratedComponent:63 - No mode defined for component null
2023-12-23 18:24:31,073 [WARN] ModelIntegratedComponent:63 - No mode defined for component null
2023-12-23 18:24:31,073 [WARN] ModelIntegratedComponent:63 - No mode defined for component null
2023-12-23 18:24:31,073 [WARN] ModelIntegratedComponent:63 - No mode defined for component null
2023-12-23 18:24:31,073 [WARN] ModelIntegratedComponent:63 - No mode defined for component null
2023-12-23 18:24:31,073 [WARN] ModelIntegratedComponent:63 - No mode defined for component null
2023-12-23 18:24:31,073 [WARN] ModelIntegratedComponent:63 - No mode defined for component null
2023-12-23 18:24:31,073 [WARN] ModelIntegratedComponent:63 - No mode defined for component null
2023-12-23 18:24:31,073 [WARN] ModelIntegratedComponent:63 - No mode defined for component null
2023-12-23 18:24:31,073 [WARN] ModelIntegratedComponent:63 - No mode defined for component null
2023-12-23 18:24:31,074 [WARN] ModelIntegratedComponent:63 - No mode defined for component null
2023-12-23 18:24:31,074 [WARN] ModelIntegratedComponent:63 - No mode defined for component null
2023-12-23 18:24:31,074 [WARN] ModelIntegratedComponent:63 - No mode defined for component null
2023-12-23 18:24:31,074 [WARN] ModelIntegratedComponent:63 - No mode defined for component null
2023-12-23 18:24:31,074 [WARN] ModelIntegratedComponent:63 - No mode defined for component null
2023-12-23 18:24:31,074 [WARN] ModelIntegratedComponent:63 - No mode defined for component null
2023-12-23 18:24:31,074 [WARN] ModelIntegratedComponent:63 - No mode defined for component null
2023-12-23 18:24:31,074 [WARN] ModelIntegratedComponent:63 - No mode defined for component null
2023-12-23 18:24:31,074 [WARN] ModelIntegratedComponent:63 - No mode defined for component null
2023-12-23 18:24:31,074 [WARN] ModelIntegratedComponent:63 - No mode defined for component null
2023-12-23 18:24:31,074 [WARN] ModelIntegratedComponent:63 - No mode defined for component null
2023-12-23 18:24:31,074 [WARN] ModelIntegratedComponent:63 - No mode defined for component null
2023-12-23 18:24:31,074 [WARN] ModelIntegratedComponent:63 - No mode defined for component null
2023-12-23 18:24:31,074 [WARN] ModelIntegratedComponent:63 - No mode defined for component null
2023-12-23 18:24:31,074 [WARN] ModelIntegratedComponent:63 - No mode defined for component null
2023-12-23 18:24:31,074 [WARN] ModelIntegratedComponent:63 - No mode defined for component null
2023-12-23 18:24:31,074 [WARN] ModelIntegratedComponent:63 - No mode defined for component null
2023-12-23 18:24:31,074 [WARN] ModelIntegratedComponent:63 - No mode defined for component null
2023-12-23 18:24:31,307 [INFO] ThirdPartyModel:298 - Start build external matchings
2023-12-23 18:24:34,062 [INFO] ThirdPartyModel:316 - End build external matchings
2023-12-23 18:24:34,136 [INFO] ImportTextPane:194 - (OptionalMessage_ERROR) IP (RCC) : Parameter (DFSDMACLkFreq_Value) has invalid value (480000000)
2023-12-23 18:24:34,142 [INFO] ImportTextPane:194 - (OptionalMessage_ERROR) IP (RCC) : Parameter (FDCANFreq_Value) has invalid value (480000000)
2023-12-23 18:24:34,143 [INFO] ImportTextPane:194 - (OptionalMessage_ERROR) IP (RCC) : Invalid parameter (FamilyName)
2023-12-23 18:24:34,143 [INFO] ImportTextPane:194 - (OptionalMessage_ERROR) IP (RCC) : Parameter (LTDCFreq_Value) has invalid value (480000000)
2023-12-23 18:24:34,143 [INFO] ImportTextPane:194 - (OptionalMessage_ERROR) IP (RCC) : Parameter (SAI1Freq_Value) has invalid value (480000000)
2023-12-23 18:24:34,143 [INFO] ImportTextPane:194 - (OptionalMessage_ERROR) IP (RCC) : Parameter (SAI23Freq_Value) has invalid value (480000000)
2023-12-23 18:24:34,143 [INFO] ImportTextPane:194 - (OptionalMessage_ERROR) IP (RCC) : Parameter (SAI4AFreq_Value) has invalid value (480000000)
2023-12-23 18:24:34,143 [INFO] ImportTextPane:194 - (OptionalMessage_ERROR) IP (RCC) : Parameter (SAI4BFreq_Value) has invalid value (480000000)
2023-12-23 18:24:34,143 [INFO] ImportTextPane:194 - (OptionalMessage_ERROR) IP (RCC) : Parameter (SDMMCFreq_Value) has invalid value (480000000)
2023-12-23 18:24:34,143 [INFO] ImportTextPane:194 - (OptionalMessage_ERROR) IP (RCC) : Parameter (SPDIFRXFreq_Value) has invalid value (480000000)
2023-12-23 18:24:34,143 [INFO] ImportTextPane:194 - (OptionalMessage_ERROR) IP (RCC) : Parameter (SPI123Freq_Value) has invalid value (480000000)
2023-12-23 18:24:34,143 [INFO] ImportTextPane:194 - (OptionalMessage_ERROR) IP (RCC) : Parameter (USBFreq_Value) has invalid value (480000000)
2023-12-23 18:24:34,536 [INFO] UtilMem:75 - End LoadConfig() Used Memory: 232875576 Bytes (591396864)
2023-12-23 18:24:34,686 [INFO] ApiDb:581 - Connected to CubeFinder SQLite database (C:\Users\Administrator\.stmcufinder\plugins\mcufinder\mcu\cube-finder-db.db)
2023-12-23 18:24:34,762 [INFO] ApiDb:668 - CubeFinder database Data Model version=2.1
2023-12-23 18:24:34,763 [INFO] ApiDb:669 - CubeFinder database Configuration version=3.0.39
2023-12-23 18:24:34,763 [INFO] ApiDb:670 - CubeFinder database generation date=2023-11-06 (1699269565)
2023-12-23 18:24:34,763 [INFO] ApiDb:671 - CubeFinder database FW Pack versions=[FP-ATR-ASTRA1_V2.0.0, FP-SNS-FLIGHT1_V5.0.1, FP-SNS-FLIGHT1_V5.0.2, FP-SNS-MOTENV1_V4.3.1, FP-SNS-MOTENV1_V4.3.2, FP-SNS-MOTENVWB1_V1.3.0, FP-SNS-SMARTAG2_V1.2.0, STM32Cube_FW_C0_V1.1.0, STM32Cube_FW_F4_V1.28.0, STM32Cube_FW_F7_V1.17.0, STM32Cube_FW_G0_V1.6.1, STM32Cube_FW_G4_V1.5.1, STM32Cube_FW_H5_V0.5.1, STM32Cube_FW_H5_V1.1.1, STM32Cube_FW_H5_V1.2.0RC2, STM32Cube_FW_H7_V1.11.0, STM32Cube_FW_L0_V1.12.2, STM32Cube_FW_L5_V1.5.0, STM32Cube_FW_U5_V1.3.0RC4, STM32Cube_FW_U5_V1.4.0, STM32Cube_FW_WBA_V1.0.0RC1, STM32Cube_FW_WBA_V1.1.0RC1, STM32Cube_FW_WBA_V1.2.0, STM32Cube_FW_WBA_V1.2.0RC2, STM32Cube_FW_WB_V1.15.0RC1, STM32Cube_FW_WB_V1.16.0, STM32Cube_FW_WB_V1.16.0RC2, STM32Cube_FW_WB_V1.18.0, STM32Cube_FW_WL_V1.3.0, X-CUBE-ALGOBUILD_V1.3.0, X-CUBE-ALS_V1.0.1, X-CUBE-AZRTOS-F4_V1.1.0, X-CUBE-AZRTOS-F7_V1.1.0, X-CUBE-AZRTOS-G0_V1.1.0, X-CUBE-AZRTOS-G4_V2.0.0, X-CUBE-AZRTOS-H7_V3.1.0, X-CUBE-AZRTOS-L4_V1.0.0, X-CUBE-AZRTOS-L4_V2.0.0, X-CUBE-AZRTOS-L5_V1.1.0, X-CUBE-AZRTOS-WB_V2.0.0, X-CUBE-AZRTOS-WL_V2.0.0, X-CUBE-BLE1_V7.0.0, X-CUBE-BLE2_V3.3.0, X-CUBE-BLEMGR_V2.0.0, X-CUBE-EEPRMA1_V4.1.0, X-CUBE-EEPRMA1_V4.2.0, X-CUBE-FREERTOS_V1.1.0, X-CUBE-GNSS1_V6.0.0, X-CUBE-MEMS1_V10.0.0, X-CUBE-MEMS1_V9.1.0, X-CUBE-MEMS1_V9.4.0, X-CUBE-MEMS1_V9.6.0, X-CUBE-NFC4_V3.0.0, X-CUBE-NFC7_V1.0.1, X-CUBE-SFXS2LP1_V4.0.0, X-CUBE-SUBG2_V5.0.0, X-CUBE-TOF1_V3.3.1]
2023-12-23 18:24:36,514 [INFO] ApiDb:240 - Found 323 in-development CPN: [B-G473E-ZEST1S, B-WB1M-WPAN1, B-WL5M-SUBG1, NUCLEO-C031C6, NUCLEO-H503RB, NUCLEO-H563ZI, NUCLEO-U545RE-Q, NUCLEO-U5A5ZJ-Q, NUCLEO-WBA52CG, STEVAL-PROTEUS1, STEVAL-SMARTAG2, STEVAL-STWINBX1, STM320518-EVAL, STM32C0116-DK, STM32C011D6Y3TR, STM32C011D6Y6TR, STM32C011F4P3, STM32C011F4P6, STM32C011F4U3, STM32C011F4U6TR, STM32C011F6P3, STM32C011F6P6, STM32C011F6U3, STM32C011F6U6TR, STM32C011J4M3, STM32C011J4M6, STM32C011J6M3, STM32C011J6M6, STM32C0316-DK, STM32C031C4T3, STM32C031C4T6, STM32C031C4U3, STM32C031C4U6, STM32C031C6T3, STM32C031C6T6, STM32C031C6U3, STM32C031C6U6, STM32C031F4P3, STM32C031F4P6, STM32C031F6P3, STM32C031F6P6, STM32C031G4U3, STM32C031G4U6, STM32C031G6U3, STM32C031G6U6, STM32C031K4T3, STM32C031K4T6, STM32C031K4U3, STM32C031K4U6, STM32C031K6T3, STM32C031K6T6, STM32C031K6U3, STM32C031K6U6, STM32G071K8TXN, STM32G071K8UXN, STM32G081GBU6N, STM32G081KBT6N, STM32G081KBUXN, STM32G0B1CCT6N, STM32G0B1KCT6, STM32G0B1NEY6TR, STM32G0B1RCT6N, STM32G0C1CCT6, STM32G0C1CCT6N, STM32G0C1CCU6N, STM32G0C1CET6N, STM32G0C1CEU6N, STM32G0C1KCT6, STM32G0C1NEY6TR, STM32G0C1RCI6N, STM32G0C1RCT6N, STM32G0C1REI6N, STM32G0C1RET6N, STM32G0C1VCI6, STM32G0C1VEI6, STM32G471CCT6, STM32G471CCU6, STM32G471CET3, STM32G471CET6, STM32G471CEU3, STM32G471CEU6, STM32G471MCT6, STM32G471MET3, STM32G471MET6, STM32G471MEY6TR, STM32G471QCT6, STM32G471QET3, STM32G471RCT6, STM32G471RET3, STM32G471RET6, STM32G471VCH6, STM32G471VCI6, STM32G471VCT6, STM32G471VEH3, STM32G471VEH6, STM32G471VEI3, STM32G471VEI6, STM32G471VET3, STM32G471VET6, STM32G474CCT6, STM32H503CBT6, STM32H503CBU6, STM32H503EBY6TR, STM32H503KBU6, STM32H503RBT6, STM32H562AGI6, STM32H562AII6, STM32H562IGK6, STM32H562IGT6, STM32H562IIK6, STM32H562IIT6, STM32H562RGT6, STM32H562RGV6, STM32H562RIT6, STM32H562RIV6, STM32H562VGT6, STM32H562VIT6, STM32H562ZGT6, STM32H562ZIT6, STM32H563AGI6, STM32H563AII3Q, STM32H563AII6, STM32H563IGK6, STM32H563IGT6, STM32H563IIK3Q, STM32H563IIK6, STM32H563IIT3Q, STM32H563IIT6, STM32H563MIY3QTR, STM32H563RGT6, STM32H563RGV6, STM32H563RIT6, STM32H563RIV6, STM32H563VGT6, STM32H563VIT3Q, STM32H563VIT6, STM32H563ZGT6, STM32H563ZIT3Q, STM32H563ZIT6, STM32H573AII3Q, STM32H573AII6, STM32H573I-DK, STM32H573IIK3Q, STM32H573IIK6, STM32H573IIT3Q, STM32H573IIT6, STM32H573MIY3QTR, STM32H573RIT6, STM32H573RIV6, STM32H573VIT3Q, STM32H573VIT6, STM32H573ZIT3Q, STM32H573ZIT6, STM32L4R5QGI6STR, STM32MP131AAE3, STM32MP131AAF3, STM32MP131AAG3, STM32MP131CAE3, STM32MP131CAF3, STM32MP131CAG3, STM32MP131DAE7, STM32MP131DAF7, STM32MP131DAG7, STM32MP131FAE7, STM32MP131FAF7, STM32MP131FAG7, STM32MP133AAE3, STM32MP133AAF3, STM32MP133AAG3, STM32MP133CAE3, STM32MP133CAF3, STM32MP133CAG3, STM32MP133DAE7, STM32MP133DAF7, STM32MP133DAG7, STM32MP133FAE7, STM32MP133FAF7, STM32MP133FAG7, STM32MP135AAE3, STM32MP135AAF3, STM32MP135AAG3, STM32MP135CAE3, STM32MP135CAF3, STM32MP135CAG3, STM32MP135DAE7, STM32MP135DAF7, STM32MP135DAG7, STM32MP135F-DK, STM32MP135FAE7, STM32MP135FAF7, STM32MP135FAF7T, STM32MP135FAF7U, STM32MP135FAG7, STM32U535CBT6, STM32U535CBT6Q, STM32U535CBU6, STM32U535CBU6Q, STM32U535CCT6, STM32U535CCT6Q, STM32U535CCU6, STM32U535CCU6Q, STM32U535CET6, STM32U535CET6Q, STM32U535CEU6, STM32U535CEU6Q, STM32U535JEY6QTR, STM32U535NCY6QTR, STM32U535NEY6QTR, STM32U535RBI6, STM32U535RBI6Q, STM32U535RBT6, STM32U535RBT6Q, STM32U535RCI6, STM32U535RCI6Q, STM32U535RCT6, STM32U535RCT6Q, STM32U535REI6, STM32U535REI6Q, STM32U535RET6, STM32U535RET6Q, STM32U535VCI6, STM32U535VCI6Q, STM32U535VCT6, STM32U535VCT6Q, STM32U535VEI6, STM32U535VEI6Q, STM32U535VET6, STM32U535VET6Q, STM32U545CET6, STM32U545CET6Q, STM32U545CEU6, STM32U545CEU6Q, STM32U545JEY6QTR, STM32U545NEY6QTR, STM32U545REI6, STM32U545REI6Q, STM32U545RET6, STM32U545RET6Q, STM32U545VEI6, STM32U545VEI6Q, STM32U545VET6, STM32U545VET6Q, STM32U595AIH6, STM32U595AIH6Q, STM32U595AJH6, STM32U595AJH6Q, STM32U595QII6, STM32U595QII6Q, STM32U595QJI6, STM32U595QJI6Q, STM32U595RIT6, STM32U595RIT6Q, STM32U595RJT6, STM32U595RJT6Q, STM32U595VIT6, STM32U595VIT6Q, STM32U595VJT6, STM32U595VJT6Q, STM32U595ZIT6, STM32U595ZIT6Q, STM32U595ZIY6QTR, STM32U595ZJT6, STM32U595ZJT6Q, STM32U595ZJY6QTR, STM32U599BJY6QTR, STM32U599NIH6Q, STM32U599NJH6Q, STM32U599VIT6Q, STM32U599VJT6, STM32U599VJT6Q, STM32U599ZIT6Q, STM32U599ZIY6QTR, STM32U599ZJT6Q, STM32U599ZJY6QTR, STM32U5A5AJH6, STM32U5A5AJH6Q, STM32U5A5QJI6, STM32U5A5QJI6Q, STM32U5A5RJT6, STM32U5A5RJT6Q, STM32U5A5VJT6, STM32U5A5VJT6Q, STM32U5A5ZJT6, STM32U5A5ZJT6Q, STM32U5A5ZJY6QTR, STM32U5A9BJY6QTR, STM32U5A9J-DK, STM32U5A9NJH6Q, STM32U5A9VJT6Q, STM32U5A9ZJT6Q, STM32U5A9ZJY6QTR, STM32U5F7VIT6, STM32U5F7VIT6Q, STM32U5F7VJT6, STM32U5F7VJT6Q, STM32U5F9BJY6QTR, STM32U5F9NJH6Q, STM32U5F9VIT6Q, STM32U5F9VJT6Q, STM32U5F9ZIJ6QTR, STM32U5F9ZIT6Q, STM32U5F9ZJJ6QTR, STM32U5F9ZJT6Q, STM32U5G7VJT6, STM32U5G7VJT6Q, STM32U5G9BJY6QTR, STM32U5G9J-DK1, STM32U5G9J-DK2, STM32U5G9NJH6Q, STM32U5G9VJT6Q, STM32U5G9ZJJ6QTR, STM32U5G9ZJT6Q, STM32WB1MMCH6, STM32WBA52CEU6, STM32WBA52CEU6T, STM32WBA52CGU6, STM32WBA52CGU6T, STM32WBA52KEU6, STM32WBA52KEU6T, STM32WBA52KGU6, STM32WBA52KGU6T, STM32WL5MOCH6, STM32WL5MOCH6TR]
2023-12-23 18:24:36,518 [INFO] DbMcus:217 - Found 3882 MCUs, 3882 are supported
2023-12-23 18:24:36,523 [INFO] ApiDb:423 - Load user favorites file C:\Users\Administrator/.stm32cubeide/favorites.mcus.txt: 3 item(s)
2023-12-23 18:24:36,523 [INFO] ApiDb:427 - User favorites MCUs=[STM32F103C6T6A, STM32F103ZET6, STM32H743IIT6]
2023-12-23 18:24:36,523 [INFO] DbMcus:223 - Set 3 / 3 favorites MCUs
2023-12-23 18:24:36,775 [WARN] ThirdParty:833 - waiting for thirdparty lock release [change project]
2023-12-23 18:24:36,775 [INFO] ThirdParty:835 - entering critical section [change project]
2023-12-23 18:24:36,775 [INFO] ThirdParty:1030 - CMSIS Pack Vendor :wolfSSL I-CUBE-wolfSSL 5.2.0
2023-12-23 18:24:36,775 [INFO] ThirdParty:1030 - CMSIS Pack Vendor :STMicroelectronics USBPD 4.1
2023-12-23 18:24:36,775 [INFO] ThirdParty:1030 - CMSIS Pack Vendor :STMicroelectronics X-CUBE-GNSS1 6.0.0
2023-12-23 18:24:36,775 [INFO] ThirdParty:1030 - CMSIS Pack Vendor :STMicroelectronics USB_HOST 2.0.0
2023-12-23 18:24:36,775 [INFO] ThirdParty:1030 - CMSIS Pack Vendor :STMicroelectronics X-CUBE-AZRTOS-F4 1.1.0
2023-12-23 18:24:36,775 [INFO] ThirdParty:1030 - CMSIS Pack Vendor :STMicroelectronics LIBJPEG 8.0.0
2023-12-23 18:24:36,775 [INFO] ThirdParty:1030 - CMSIS Pack Vendor :STMicroelectronics X-CUBE-SMBUS 2.1.0
2023-12-23 18:24:36,775 [INFO] ThirdParty:1030 - CMSIS Pack Vendor :STMicroelectronics X-CUBE-TOUCHGFX 4.23.0
2023-12-23 18:24:36,776 [INFO] ThirdParty:1030 - CMSIS Pack Vendor :STMicroelectronics X-CUBE-MEMS1 9.2.0
2023-12-23 18:24:36,776 [INFO] ThirdParty:1030 - CMSIS Pack Vendor :STMicroelectronics X-CUBE-BLEMGR 1.2.0
2023-12-23 18:24:36,776 [INFO] ThirdParty:1030 - CMSIS Pack Vendor :STMicroelectronics X-CUBE-AZRTOS-F7 1.1.0
2023-12-23 18:24:36,776 [INFO] ThirdParty:1030 - CMSIS Pack Vendor :STMicroelectronics X-CUBE-AZRTOS-L5 2.0.0
2023-12-23 18:24:36,776 [INFO] ThirdParty:1030 - CMSIS Pack Vendor :STMicroelectronics USB_DEVICE 2.0.0
2023-12-23 18:24:36,776 [INFO] ThirdParty:1030 - CMSIS Pack Vendor :STMicroelectronics X-CUBE-MEMS1 9.6.0
2023-12-23 18:24:36,776 [INFO] ThirdParty:1030 - CMSIS Pack Vendor :STMicroelectronics X-CUBE-EEPRMA1 4.2.0
2023-12-23 18:24:36,776 [INFO] ThirdParty:1030 - CMSIS Pack Vendor :ITTIA_DB I-CUBE-ITTIADB 8.8.0
2023-12-23 18:24:36,776 [INFO] ThirdParty:1030 - CMSIS Pack Vendor :STMicroelectronics X-CUBE-AI 7.1.0
2023-12-23 18:24:36,776 [INFO] ThirdParty:1030 - CMSIS Pack Vendor :STMicroelectronics X-CUBE-TOUCHGFX 4.19.1
2023-12-23 18:24:36,776 [INFO] ThirdParty:1030 - CMSIS Pack Vendor :STMicroelectronics FP-SNS-MOTENV1 4.3.0
2023-12-23 18:24:36,776 [INFO] ThirdParty:1030 - CMSIS Pack Vendor :STMicroelectronics FP-SNS-MOTENV1 4.3.2
2023-12-23 18:24:36,776 [INFO] ThirdParty:1030 - CMSIS Pack Vendor :STMicroelectronics FP-SNS-FLIGHT1 5.0.0
2023-12-23 18:24:36,776 [INFO] ThirdParty:1030 - CMSIS Pack Vendor :STMicroelectronics FP-SNS-MOTENV1 4.3.1
2023-12-23 18:24:36,776 [INFO] ThirdParty:1030 - CMSIS Pack Vendor :STMicroelectronics FP-SNS-FLIGHT1 5.0.1
2023-12-23 18:24:36,776 [INFO] ThirdParty:1030 - CMSIS Pack Vendor :STMicroelectronics X-CUBE-BLE1 6.2.3
2023-12-23 18:24:36,776 [INFO] ThirdParty:1030 - CMSIS Pack Vendor :STMicroelectronics X-CUBE-BLE1 6.2.4
2023-12-23 18:24:36,776 [INFO] ThirdParty:1030 - CMSIS Pack Vendor :STMicroelectronics FreeRTOS 0.0.1
2023-12-23 18:24:36,776 [INFO] ThirdParty:1030 - CMSIS Pack Vendor :STMicroelectronics X-CUBE-BLEMGR 2.0.0
2023-12-23 18:24:36,776 [INFO] ThirdParty:1030 - CMSIS Pack Vendor :STMicroelectronics X-CUBE-BLE1 6.2.2
2023-12-23 18:24:36,776 [INFO] ThirdParty:1030 - CMSIS Pack Vendor :STMicroelectronics FP-SNS-FLIGHT1 5.0.2
2023-12-23 18:24:36,776 [INFO] ThirdParty:1030 - CMSIS Pack Vendor :STMicroelectronics X-CUBE-NFC4 2.0.5
2023-12-23 18:24:36,776 [INFO] ThirdParty:1030 - CMSIS Pack Vendor :STMicroelectronics X-CUBE-BLE2 3.2.2
2023-12-23 18:24:36,776 [INFO] ThirdParty:1030 - CMSIS Pack Vendor :STMicroelectronics X-CUBE-NFC4 2.0.4
2023-12-23 18:24:36,776 [INFO] ThirdParty:1030 - CMSIS Pack Vendor :STMicroelectronics X-CUBE-NFC4 2.0.3
2023-12-23 18:24:36,776 [INFO] ThirdParty:1030 - CMSIS Pack Vendor :STMicroelectronics X-CUBE-AZRTOS-H7 3.1.0
2023-12-23 18:24:36,776 [INFO] ThirdParty:1030 - CMSIS Pack Vendor :STMicroelectronics PDM2PCM 3.3.0
2023-12-23 18:24:36,776 [INFO] ThirdParty:1030 - CMSIS Pack Vendor :STMicroelectronics X-CUBE-TOF1 3.1.0
2023-12-23 18:24:36,776 [INFO] ThirdParty:1030 - CMSIS Pack Vendor :STMicroelectronics X-CUBE-SFXS2LP1 3.1.0
2023-12-23 18:24:36,776 [INFO] ThirdParty:1030 - CMSIS Pack Vendor :STMicroelectronics X-CUBE-DISPLAY 3.0.0
2023-12-23 18:24:36,777 [INFO] ThirdParty:1030 - CMSIS Pack Vendor :STMicroelectronics X-CUBE-AZRTOS-F4 1.0.0
2023-12-23 18:24:36,777 [INFO] ThirdParty:1030 - CMSIS Pack Vendor :STMicroelectronics X-CUBE-BLE1 7.0.0
2023-12-23 18:24:36,777 [INFO] ThirdParty:1030 - CMSIS Pack Vendor :STMicroelectronics HAL Drivers 0.0.0
2023-12-23 18:24:36,777 [INFO] ThirdParty:1030 - CMSIS Pack Vendor :STMicroelectronics X-CUBE-TOUCHGFX 4.22.0
2023-12-23 18:24:36,777 [INFO] ThirdParty:1030 - CMSIS Pack Vendor :STMicroelectronics X-CUBE-NFC7 1.0.1
2023-12-23 18:24:36,777 [INFO] ThirdParty:1030 - CMSIS Pack Vendor :STMicroelectronics MBEDTLS 2.14.1
2023-12-23 18:24:36,777 [INFO] ThirdParty:1030 - CMSIS Pack Vendor :STMicroelectronics X-CUBE-NFC7 1.0.0
2023-12-23 18:24:36,777 [INFO] ThirdParty:1030 - CMSIS Pack Vendor :STMicroelectronics X-CUBE-TOUCHGFX 4.22.1
2023-12-23 18:24:36,777 [INFO] ThirdParty:1030 - CMSIS Pack Vendor :STMicroelectronics X-CUBE-SUBG2 4.2.0
2023-12-23 18:24:36,777 [INFO] ThirdParty:1030 - CMSIS Pack Vendor :STMicroelectronics X-CUBE-NFC6 3.0.0
2023-12-23 18:24:36,777 [INFO] ThirdParty:1030 - CMSIS Pack Vendor :STMicroelectronics X-CUBE-MEMS1 9.3.0
2023-12-23 18:24:36,777 [INFO] ThirdParty:1030 - CMSIS Pack Vendor :STMicroelectronics X-CUBE-EEPRMA1 4.1.0
2023-12-23 18:24:36,777 [INFO] ThirdParty:1030 - CMSIS Pack Vendor :STMicroelectronics X-CUBE-AI 7.2.0
2023-12-23 18:24:36,777 [INFO] ThirdParty:1030 - CMSIS Pack Vendor :STMicroelectronics FP-SNS-SMARTAG2 1.2.0
2023-12-23 18:24:36,777 [INFO] ThirdParty:1030 - CMSIS Pack Vendor :STMicroelectronics X-CUBE-AZRTOS-WL 2.0.0
2023-12-23 18:24:36,777 [INFO] ThirdParty:1030 - CMSIS Pack Vendor :STMicroelectronics USB_DEVICE 1.0.0
2023-12-23 18:24:36,777 [INFO] ThirdParty:1030 - CMSIS Pack Vendor :STMicroelectronics X-CUBE-AI 8.1.0
2023-12-23 18:24:36,777 [INFO] ThirdParty:1030 - CMSIS Pack Vendor :STMicroelectronics X-CUBE-AZRTOS-G0 1.0.0
2023-12-23 18:24:36,777 [INFO] ThirdParty:1030 - CMSIS Pack Vendor :STMicroelectronics X-CUBE-AZRTOS-L4 2.0.0
2023-12-23 18:24:36,777 [INFO] ThirdParty:1030 - CMSIS Pack Vendor :STMicroelectronics ThreadX 0.0.2
2023-12-23 18:24:36,777 [INFO] ThirdParty:1030 - CMSIS Pack Vendor :WES I-CUBE-Cesium 1.3.0
2023-12-23 18:24:36,777 [INFO] ThirdParty:1030 - CMSIS Pack Vendor :STMicroelectronics lwIP 2.1.2
2023-12-23 18:24:36,777 [INFO] ThirdParty:1030 - CMSIS Pack Vendor :STMicroelectronics X-CUBE-SFXS2LP1 4.0.0
2023-12-23 18:24:36,777 [INFO] ThirdParty:1030 - CMSIS Pack Vendor :STMicroelectronics X-CUBE-BLE2 3.3.0
2023-12-23 18:24:36,777 [INFO] ThirdParty:1030 - CMSIS Pack Vendor :STMicroelectronics X-CUBE-DISPLAY 2.2.0
2023-12-23 18:24:36,777 [INFO] ThirdParty:1030 - CMSIS Pack Vendor :STMicroelectronics X-CUBE-TOF1 3.2.0
2023-12-23 18:24:36,777 [INFO] ThirdParty:1030 - CMSIS Pack Vendor :STMicroelectronics PDM2PCM 3.2.0
2023-12-23 18:24:36,777 [INFO] ThirdParty:1030 - CMSIS Pack Vendor :STMicroelectronics X-CUBE-TOUCHGFX 4.18.1
2023-12-23 18:24:36,777 [INFO] ThirdParty:1030 - CMSIS Pack Vendor :STMicroelectronics X-CUBE-AZRTOS-H7 3.0.0
2023-12-23 18:24:36,777 [INFO] ThirdParty:1030 - CMSIS Pack Vendor :STMicroelectronics X-CUBE-ISPU 1.1.0
2023-12-23 18:24:36,777 [INFO] ThirdParty:1030 - CMSIS Pack Vendor :RoweBots I-CUBE-UNISONRTOS 5.5.0-4
2023-12-23 18:24:36,777 [INFO] ThirdParty:1030 - CMSIS Pack Vendor :STMicroelectronics X-CUBE-AZRTOS-H7 2.1.0
2023-12-23 18:24:36,777 [INFO] ThirdParty:1030 - CMSIS Pack Vendor :STMicroelectronics USB_DEVICE 3.0.0
2023-12-23 18:24:36,778 [INFO] ThirdParty:1030 - CMSIS Pack Vendor :STMicroelectronics X-CUBE-AI 8.0.0
2023-12-23 18:24:36,778 [INFO] ThirdParty:1030 - CMSIS Pack Vendor :STMicroelectronics X-CUBE-AZRTOS-WB 2.0.0
2023-12-23 18:24:36,778 [INFO] ThirdParty:1030 - CMSIS Pack Vendor :STMicroelectronics X-CUBE-FREERTOS 1.0.0
2023-12-23 18:24:36,778 [INFO] ThirdParty:1030 - CMSIS Pack Vendor :STMicroelectronics X-CUBE-FREERTOS 1.0.1
2023-12-23 18:24:36,778 [INFO] ThirdParty:1030 - CMSIS Pack Vendor :STMicroelectronics X-CUBE-TOUCHGFX 4.21.1
2023-12-23 18:24:36,778 [INFO] ThirdParty:1030 - CMSIS Pack Vendor :STMicroelectronics X-CUBE-TOUCHGFX 4.21.3
2023-12-23 18:24:36,778 [INFO] ThirdParty:1030 - CMSIS Pack Vendor :STMicroelectronics X-CUBE-BLEMGR 1.0.0
2023-12-23 18:24:36,778 [INFO] ThirdParty:1030 - CMSIS Pack Vendor :STMicroelectronics X-CUBE-TOUCHGFX 4.21.4
2023-12-23 18:24:36,778 [INFO] ThirdParty:1030 - CMSIS Pack Vendor :STMicroelectronics X-CUBE-AI 7.3.0
2023-12-23 18:24:36,778 [INFO] ThirdParty:1030 - CMSIS Pack Vendor :STMicroelectronics X-CUBE-ALGOBUILD 1.3.0
2023-12-23 18:24:36,778 [INFO] ThirdParty:1030 - CMSIS Pack Vendor :STMicroelectronics X-CUBE-AZRTOS-L5 1.1.0
2023-12-23 18:24:36,778 [INFO] ThirdParty:1030 - CMSIS Pack Vendor :STMicroelectronics X-CUBE-AZRTOS-G0 1.1.0
2023-12-23 18:24:36,778 [INFO] ThirdParty:1030 - CMSIS Pack Vendor :STMicroelectronics X-CUBE-AI 8.0.1
2023-12-23 18:24:36,778 [INFO] ThirdParty:1030 - CMSIS Pack Vendor :STMicroelectronics X-CUBE-NFC4 3.0.0
2023-12-23 18:24:36,778 [INFO] ThirdParty:1030 - CMSIS Pack Vendor :SEGGER I-CUBE-embOS 1.2.0
2023-12-23 18:24:36,778 [INFO] ThirdParty:1030 - CMSIS Pack Vendor :STMicroelectronics X-CUBE-SUBG2 5.0.0
2023-12-23 18:24:36,778 [INFO] ThirdParty:1030 - CMSIS Pack Vendor :STMicroelectronics STM32_WPAN 1.0.0
2023-12-23 18:24:36,778 [INFO] ThirdParty:1030 - CMSIS Pack Vendor :STMicroelectronics lwIP 2.0.3
2023-12-23 18:24:36,778 [INFO] ThirdParty:1030 - CMSIS Pack Vendor :STMicroelectronics USB_HOST 1.0.0
2023-12-23 18:24:36,778 [INFO] ThirdParty:1030 - CMSIS Pack Vendor :STMicroelectronics X-CUBE-DISPLAY 2.1.0
2023-12-23 18:24:36,778 [INFO] ThirdParty:1030 - CMSIS Pack Vendor :STMicroelectronics X-CUBE-TOF1 3.3.1
2023-12-23 18:24:36,778 [INFO] ThirdParty:1030 - CMSIS Pack Vendor :STMicroelectronics X-CUBE-AZRTOS-G4 2.0.0
2023-12-23 18:24:36,778 [INFO] ThirdParty:1030 - CMSIS Pack Vendor :STMicroelectronics PDM2PCM 3.1.0
2023-12-23 18:24:36,778 [INFO] ThirdParty:1030 - CMSIS Pack Vendor :STMicroelectronics X-CUBE-TOF1 3.3.0
2023-12-23 18:24:36,778 [INFO] ThirdParty:1030 - CMSIS Pack Vendor :STMicroelectronics FP-ATR-ASTRA1 1.1.1
2023-12-23 18:24:36,778 [INFO] ThirdParty:1030 - CMSIS Pack Vendor :Infineon AIROC-Wi-Fi-Bluetooth-STM32 1.5.1
2023-12-23 18:24:36,778 [INFO] ThirdParty:1030 - CMSIS Pack Vendor :STMicroelectronics X-CUBE-BLEMGR 3.0.0
2023-12-23 18:24:36,778 [INFO] ThirdParty:1030 - CMSIS Pack Vendor :STMicroelectronics FP-ATR-ASTRA1 1.1.0
2023-12-23 18:24:36,779 [INFO] ThirdParty:1030 - CMSIS Pack Vendor :STMicroelectronics FP-SNS-MOTENVWB1 1.3.0
2023-12-23 18:24:36,779 [INFO] ThirdParty:1030 - CMSIS Pack Vendor :STMicroelectronics X-CUBE-AZRTOS-H7 2.0.0
2023-12-23 18:24:36,779 [INFO] ThirdParty:1030 - CMSIS Pack Vendor :STMicroelectronics FP-SNS-MOTENVWB1 1.3.1
2023-12-23 18:24:36,779 [INFO] ThirdParty:1030 - CMSIS Pack Vendor :STMicroelectronics FP-ATR-SIGFOX1 3.2.0
2023-12-23 18:24:36,779 [INFO] ThirdParty:1030 - CMSIS Pack Vendor :STMicroelectronics X-CUBE-AZRTOS-G4 1.0.0
2023-12-23 18:24:36,779 [INFO] ThirdParty:1030 - CMSIS Pack Vendor :STMicroelectronics X-CUBE-AZRTOS-L4 1.0.0
2023-12-23 18:24:36,779 [INFO] ThirdParty:1030 - CMSIS Pack Vendor :STMicroelectronics X-CUBE-ISPU 2.0.0
2023-12-23 18:24:36,779 [INFO] ThirdParty:1030 - CMSIS Pack Vendor :STMicroelectronics MBEDTLS 2.16.2
2023-12-23 18:24:36,779 [INFO] ThirdParty:1030 - CMSIS Pack Vendor :emotas I-CUBE-CANOPEN 1.1.2
2023-12-23 18:24:36,779 [INFO] ThirdParty:1030 - CMSIS Pack Vendor :STMicroelectronics X-CUBE-TOUCHGFX 4.20.0
2023-12-23 18:24:36,779 [INFO] ThirdParty:1030 - CMSIS Pack Vendor :STMicroelectronics X-CUBE-MEMS1 10.0.0
2023-12-23 18:24:36,779 [INFO] ThirdParty:1030 - CMSIS Pack Vendor :STMicroelectronics X-CUBE-FREERTOS 1.1.0
2023-12-23 18:24:36,779 [INFO] ThirdParty:1030 - CMSIS Pack Vendor :STMicroelectronics X-CUBE-AZRTOS-F7 1.0.0
2023-12-23 18:24:36,779 [INFO] ThirdParty:1030 - CMSIS Pack Vendor :STMicroelectronics X-CUBE-AZRTOS-WL 1.0.0
2023-12-23 18:24:36,779 [INFO] ThirdParty:1030 - CMSIS Pack Vendor :STMicroelectronics X-CUBE-MEMS1 9.1.0
2023-12-23 18:24:36,779 [INFO] ThirdParty:1030 - CMSIS Pack Vendor :portGmbH I-Cube-SoM-uGOAL 1.1.0
2023-12-23 18:24:36,779 [INFO] ThirdParty:1030 - CMSIS Pack Vendor :STMicroelectronics X-CUBE-ALS 1.0.1
2023-12-23 18:24:36,779 [INFO] ThirdParty:1030 - CMSIS Pack Vendor :STMicroelectronics X-CUBE-MEMS1 9.5.0
2023-12-23 18:24:36,779 [INFO] ThirdParty:1030 - CMSIS Pack Vendor :STMicroelectronics ThreadX 1.0.0
2023-12-23 18:24:36,779 [INFO] ThirdParty:1030 - CMSIS Pack Vendor :STMicroelectronics X-CUBE-AZRTOS-WB 1.1.0
2023-12-23 18:24:36,779 [INFO] ThirdParty:1030 - CMSIS Pack Vendor :SEGGER I-CUBE-embOS 1.3.1
2023-12-23 18:24:36,779 [INFO] ThirdParty:1030 - CMSIS Pack Vendor :STMicroelectronics X-CUBE-AZRTOS-L5 1.0.0
2023-12-23 18:24:36,780 [INFO] ThirdParty:1030 - CMSIS Pack Vendor :STMicroelectronics X-CUBE-EEPRMA1 3.1.1
2023-12-23 18:24:36,780 [INFO] ThirdParty:1030 - CMSIS Pack Vendor :STMicroelectronics X-CUBE-GNSS1 5.2.0
2023-12-23 18:24:36,780 [INFO] ThirdParty:1030 - CMSIS Pack Vendor :STMicroelectronics FP-ATR-ASTRA1 2.0.0
2023-12-23 18:24:36,780 [INFO] ThirdParty:1030 - CMSIS Pack Vendor :STMicroelectronics X-CUBE-DISPLAY 2.0.1
2023-12-23 18:24:36,780 [INFO] ThirdParty:1030 - CMSIS Pack Vendor :STMicroelectronics X-CUBE-TOF1 3.4.0
2023-12-23 18:24:36,780 [INFO] ThirdParty:1030 - CMSIS Pack Vendor :STMicroelectronics X-CUBE-AZRTOS-H7 3.2.0
2023-12-23 18:24:36,780 [INFO] ThirdParty:1030 - CMSIS Pack Vendor :STMicroelectronics X-CUBE-TOF1 3.0.0
2023-12-23 18:24:36,780 [INFO] ThirdParty:841 - exiting critical section [change project]
2023-12-23 18:24:37,317 [INFO] PinOutPanel:1499 - setPackage(No Configuration,No Configuration)
2023-12-23 18:24:37,318 [INFO] PinOutPanel:1499 - setPackage(STM32H743IITx,LQFP176)
2023-12-23 18:24:38,075 [INFO] UtilMem:75 - Before build in PCC Used Memory: 409186320 Bytes (591396864)
2023-12-23 18:24:39,047 [ERROR] LogOutputStream:75 - [STDERR_REDIRECT] SLF4J: Failed to load class "org.slf4j.impl.StaticLoggerBinder".
2023-12-23 18:24:39,048 [ERROR] LogOutputStream:75 - [STDERR_REDIRECT] SLF4J: Defaulting to no-operation (NOP) logger implementation
2023-12-23 18:24:39,049 [ERROR] LogOutputStream:75 - [STDERR_REDIRECT] SLF4J: See http://www.slf4j.org/codes.html#StaticLoggerBinder for further details.
2023-12-23 18:24:39,084 [INFO] UtilMem:75 - After build in PCC Used Memory: 352183784 Bytes (591396864)
2023-12-23 18:24:39,121 [INFO] IPUIPlugin:80 - create IPUIPlugin
2023-12-23 18:24:39,121 [INFO] IPUIPlugin:80 - create IPUIPlugin
2023-12-23 18:24:39,121 [INFO] IPUIPlugin:80 - create IPUIPlugin
2023-12-23 18:24:39,121 [INFO] IPUIPlugin:80 - create IPUIPlugin
2023-12-23 18:24:39,121 [INFO] IPUIPlugin:80 - create IPUIPlugin
2023-12-23 18:24:39,121 [INFO] IPUIPlugin:80 - create IPUIPlugin
2023-12-23 18:24:39,121 [INFO] IPUIPlugin:80 - create IPUIPlugin
2023-12-23 18:24:39,121 [INFO] IPUIPlugin:80 - create IPUIPlugin
2023-12-23 18:24:39,121 [INFO] IPUIPlugin:80 - create IPUIPlugin
2023-12-23 18:24:39,121 [INFO] IPUIPlugin:80 - create IPUIPlugin
2023-12-23 18:24:39,122 [INFO] IPUIPlugin:80 - create IPUIPlugin
2023-12-23 18:24:39,122 [INFO] IPUIPlugin:80 - create IPUIPlugin
2023-12-23 18:24:39,122 [INFO] IPUIPlugin:80 - create IPUIPlugin
2023-12-23 18:24:39,122 [INFO] IPUIPlugin:80 - create IPUIPlugin
2023-12-23 18:24:39,122 [INFO] IPUIPlugin:80 - create IPUIPlugin
2023-12-23 18:24:39,122 [INFO] IPUIPlugin:80 - create IPUIPlugin
2023-12-23 18:24:39,122 [INFO] IPUIPlugin:80 - create IPUIPlugin
2023-12-23 18:24:39,122 [INFO] IPUIPlugin:80 - create IPUIPlugin
2023-12-23 18:24:39,122 [INFO] IPUIPlugin:80 - create IPUIPlugin
2023-12-23 18:24:39,122 [INFO] IPUIPlugin:80 - create IPUIPlugin
2023-12-23 18:24:39,122 [INFO] IPUIPlugin:80 - create IPUIPlugin
2023-12-23 18:24:39,122 [INFO] IPUIPlugin:80 - create IPUIPlugin
2023-12-23 18:24:39,123 [INFO] IPUIPlugin:80 - create IPUIPlugin
2023-12-23 18:24:39,123 [INFO] IPUIPlugin:80 - create IPUIPlugin
2023-12-23 18:24:39,123 [INFO] IPUIPlugin:80 - create IPUIPlugin
2023-12-23 18:24:39,123 [INFO] IPUIPlugin:80 - create IPUIPlugin
2023-12-23 18:24:39,123 [INFO] IPUIPlugin:80 - create IPUIPlugin
2023-12-23 18:24:39,123 [INFO] IPUIPlugin:80 - create IPUIPlugin
2023-12-23 18:24:39,123 [INFO] IPUIPlugin:80 - create IPUIPlugin
2023-12-23 18:24:39,123 [INFO] IPUIPlugin:80 - create IPUIPlugin
2023-12-23 18:24:39,123 [INFO] IPUIPlugin:80 - create IPUIPlugin
2023-12-23 18:24:39,123 [INFO] IPUIPlugin:80 - create IPUIPlugin
2023-12-23 18:24:39,124 [INFO] IPUIPlugin:80 - create IPUIPlugin
2023-12-23 18:24:39,124 [INFO] IPUIPlugin:80 - create IPUIPlugin
2023-12-23 18:24:39,124 [INFO] IPUIPlugin:80 - create IPUIPlugin
2023-12-23 18:24:39,124 [INFO] IPUIPlugin:80 - create IPUIPlugin
2023-12-23 18:24:39,124 [INFO] IPUIPlugin:80 - create IPUIPlugin
2023-12-23 18:24:39,125 [INFO] IPUIPlugin:80 - create IPUIPlugin
2023-12-23 18:24:39,125 [INFO] IPUIPlugin:80 - create IPUIPlugin
2023-12-23 18:24:39,125 [INFO] IPUIPlugin:80 - create IPUIPlugin
2023-12-23 18:24:39,125 [INFO] IPUIPlugin:80 - create IPUIPlugin
2023-12-23 18:24:39,125 [INFO] IPUIPlugin:80 - create IPUIPlugin
2023-12-23 18:24:39,125 [INFO] IPUIPlugin:80 - create IPUIPlugin
2023-12-23 18:24:39,126 [INFO] IPUIPlugin:80 - create IPUIPlugin
2023-12-23 18:24:39,126 [INFO] IPUIPlugin:80 - create IPUIPlugin
2023-12-23 18:24:39,126 [INFO] IPUIPlugin:80 - create IPUIPlugin
2023-12-23 18:24:39,126 [INFO] IPUIPlugin:80 - create IPUIPlugin
2023-12-23 18:24:39,126 [INFO] IPUIPlugin:80 - create IPUIPlugin
2023-12-23 18:24:39,126 [INFO] IPUIPlugin:80 - create IPUIPlugin
2023-12-23 18:24:39,126 [INFO] IPUIPlugin:80 - create IPUIPlugin
2023-12-23 18:24:39,127 [INFO] IPUIPlugin:80 - create IPUIPlugin
2023-12-23 18:24:39,127 [INFO] IPUIPlugin:80 - create IPUIPlugin
2023-12-23 18:24:39,127 [INFO] IPUIPlugin:80 - create IPUIPlugin
2023-12-23 18:24:39,127 [INFO] IPUIPlugin:80 - create IPUIPlugin
2023-12-23 18:24:39,127 [INFO] IPUIPlugin:80 - create IPUIPlugin
2023-12-23 18:24:39,128 [INFO] IPUIPlugin:80 - create IPUIPlugin
2023-12-23 18:24:39,128 [INFO] IPUIPlugin:80 - create IPUIPlugin
2023-12-23 18:24:39,128 [INFO] IPUIPlugin:80 - create IPUIPlugin
2023-12-23 18:24:39,128 [INFO] IPUIPlugin:80 - create IPUIPlugin
2023-12-23 18:24:39,128 [INFO] IPUIPlugin:80 - create IPUIPlugin
2023-12-23 18:24:39,129 [INFO] IPUIPlugin:80 - create IPUIPlugin
2023-12-23 18:24:39,129 [INFO] IPUIPlugin:80 - create IPUIPlugin
2023-12-23 18:24:39,129 [INFO] IPUIPlugin:80 - create IPUIPlugin
2023-12-23 18:24:39,129 [INFO] IPUIPlugin:80 - create IPUIPlugin
2023-12-23 18:24:39,129 [INFO] IPUIPlugin:80 - create IPUIPlugin
2023-12-23 18:24:39,129 [INFO] IPUIPlugin:80 - create IPUIPlugin
2023-12-23 18:24:39,130 [INFO] IPUIPlugin:80 - create IPUIPlugin
2023-12-23 18:24:39,130 [INFO] IPUIPlugin:80 - create IPUIPlugin
2023-12-23 18:24:39,130 [INFO] IPUIPlugin:80 - create IPUIPlugin
2023-12-23 18:24:39,130 [INFO] IPUIPlugin:80 - create IPUIPlugin
2023-12-23 18:24:39,131 [INFO] IPUIPlugin:80 - create IPUIPlugin
2023-12-23 18:24:39,131 [INFO] IPUIPlugin:80 - create IPUIPlugin
2023-12-23 18:24:39,131 [INFO] IPUIPlugin:80 - create IPUIPlugin
2023-12-23 18:24:39,131 [INFO] IPUIPlugin:80 - create IPUIPlugin
2023-12-23 18:24:39,131 [INFO] IPUIPlugin:80 - create IPUIPlugin
2023-12-23 18:24:39,132 [INFO] IPUIPlugin:80 - create IPUIPlugin
2023-12-23 18:24:39,132 [INFO] IPUIPlugin:80 - create IPUIPlugin
2023-12-23 18:24:39,132 [INFO] IPUIPlugin:80 - create IPUIPlugin
2023-12-23 18:24:39,132 [INFO] IPUIPlugin:80 - create IPUIPlugin
2023-12-23 18:24:39,132 [INFO] IPUIPlugin:80 - create IPUIPlugin
2023-12-23 18:24:39,133 [INFO] IPUIPlugin:80 - create IPUIPlugin
2023-12-23 18:24:39,133 [INFO] IPUIPlugin:80 - create IPUIPlugin
2023-12-23 18:24:39,133 [INFO] IPUIPlugin:80 - create IPUIPlugin
2023-12-23 18:24:39,133 [INFO] IPUIPlugin:80 - create IPUIPlugin
2023-12-23 18:24:39,134 [INFO] IPUIPlugin:80 - create IPUIPlugin
2023-12-23 18:24:39,134 [INFO] IPUIPlugin:80 - create IPUIPlugin
2023-12-23 18:24:39,134 [INFO] IPUIPlugin:80 - create IPUIPlugin
2023-12-23 18:24:39,135 [INFO] IPUIPlugin:80 - create IPUIPlugin
2023-12-23 18:24:39,135 [INFO] IPUIPlugin:80 - create IPUIPlugin
2023-12-23 18:24:39,135 [INFO] IPUIPlugin:80 - create IPUIPlugin
2023-12-23 18:24:39,135 [INFO] IPUIPlugin:80 - create IPUIPlugin
2023-12-23 18:24:39,136 [INFO] IPUIPlugin:80 - create IPUIPlugin
2023-12-23 18:24:39,136 [INFO] IPUIPlugin:80 - create IPUIPlugin
2023-12-23 18:24:39,136 [INFO] IPUIPlugin:80 - create IPUIPlugin
2023-12-23 18:24:39,137 [INFO] IPUIPlugin:80 - create IPUIPlugin
2023-12-23 18:24:39,137 [INFO] IPUIPlugin:80 - create IPUIPlugin
2023-12-23 18:24:39,138 [INFO] IPUIPlugin:80 - create IPUIPlugin
2023-12-23 18:24:39,276 [INFO] ApiDbMcu:507 - Load IP Config File for PDM2PCM
2023-12-23 18:24:39,594 [INFO] CADModel:165 - CPN selected for project levelSTM32H743IIT6
2023-12-23 18:24:39,594 [INFO] CADModel:114 - Register for checkConnection events
2023-12-23 18:24:39,647 [INFO] OpenFileManager:328 - Restore cursor
