2023-07-23 14:18:53,716 [INFO] Activator:176 - 


2023-07-23 14:18:53,721 [INFO] Activator:177 - !SESSION log4j initialized
2023-07-23 14:18:59,258 [ERROR] LogOutputStream:75 - [STDERR_REDIRECT] Warning: NLS unused message: ?????????????????????? in: org.eclipse.ui.views.markers.internal.messages
2023-07-23 14:19:02,129 [INFO] LogOutputStream:77 - [STDOUT_REDIRECT] 
2023-07-23 14:19:30,876 [ERROR] LogOutputStream:75 - [STDERR_REDIRECT] SLF4J: Failed to load class "org.slf4j.impl.StaticLoggerBinder".
2023-07-23 14:19:30,876 [ERROR] LogOutputStream:75 - [STDERR_REDIRECT] SLF4J: Defaulting to no-operation (NOP) logger implementation
2023-07-23 14:19:30,876 [ERROR] LogOutputStream:75 - [STDERR_REDIRECT] SLF4J: See http://www.slf4j.org/codes.html#StaticLoggerBinder for further details.
2023-07-23 14:20:59,658 [INFO] ApplicationProperties:184 - Using Application install path: E:\Software\STM32CubeIDE_1.12.0\STM32CubeIDE\plugins\com.st.stm32cube.common.mx_6.8.1.202304191431
2023-07-23 14:20:59,688 [INFO] DbMcusXml:78 - Set database path to: E:\Software\STM32CubeIDE_1.12.0\STM32CubeIDE\plugins\com.st.stm32cube.common.mx_6.8.1.202304191431\\db\/mcu/
2023-07-23 14:20:59,688 [INFO] ApiDb:274 - Set plugin database path to: E:\Software\STM32CubeIDE_1.12.0\STM32CubeIDE\plugins\com.st.stm32cube.common.mx_6.8.1.202304191431\\db\/plugins/boardmanager/
2023-07-23 14:20:59,688 [WARN] ApiDb:259 - Overriding images path with different value:  => E:\Software\STM32CubeIDE_1.12.0\STM32CubeIDE\plugins\com.st.stm32cube.common.mx_6.8.1.202304191431\\db\/plugins/mcufinder/images/
2023-07-23 14:20:59,728 [INFO] ApiDb:250 - Set database path to: C:\Users\Administrator\.stmcufinder\plugins\mcufinder//mcu/
2023-07-23 14:20:59,728 [INFO] DbMcusAds:125 - Set database path to: C:\Users\Administrator\.stmcufinder\plugins\mcufinder//mcu/
2023-07-23 14:20:59,748 [INFO] CrossReferenceDbSqlite:203 - Set database path to: C:\Users\Administrator\.stmcufinder\plugins\mcufinder//mcu/cs/
2023-07-23 14:20:59,888 [INFO] RulesReader:64 - Compatibility file has been processed (293 Rules)
2023-07-23 14:20:59,998 [INFO] DbMcusXml:78 - Set database path to: E:\Software\STM32CubeIDE_1.12.0\STM32CubeIDE\plugins\com.st.stm32cube.common.mx_6.8.1.202304191431\\db\/mcu/
2023-07-23 14:20:59,998 [INFO] ApiDb:274 - Set plugin database path to: E:\Software\STM32CubeIDE_1.12.0\STM32CubeIDE\plugins\com.st.stm32cube.common.mx_6.8.1.202304191431\\db\/plugins/boardmanager/
2023-07-23 14:20:59,998 [INFO] ApiDb:261 - Set plugin images path to: E:\Software\STM32CubeIDE_1.12.0\STM32CubeIDE\plugins\com.st.stm32cube.common.mx_6.8.1.202304191431\\db\/plugins/mcufinder/images/
2023-07-23 14:20:59,998 [WARN] DbFile:41 - Overriding database path with different value: C:\Users\Administrator\.stmcufinder\plugins\mcufinder/ => C:\Users\Administrator\.stmcufinder\plugins\mcufinder
2023-07-23 14:20:59,998 [INFO] ApiDb:250 - Set database path to: C:\Users\Administrator\.stmcufinder\plugins\mcufinder//mcu/
2023-07-23 14:20:59,998 [WARN] DbFile:41 - Overriding database path with different value: C:\Users\Administrator\.stmcufinder\plugins\mcufinder/ => C:\Users\Administrator\.stmcufinder\plugins\mcufinder
2023-07-23 14:20:59,998 [INFO] DbMcusAds:125 - Set database path to: C:\Users\Administrator\.stmcufinder\plugins\mcufinder//mcu/
2023-07-23 14:20:59,998 [WARN] DbFile:41 - Overriding database path with different value: C:\Users\Administrator\.stmcufinder\plugins\mcufinder/ => C:\Users\Administrator\.stmcufinder\plugins\mcufinder
2023-07-23 14:20:59,998 [WARN] DbFile:41 - Overriding database path with different value: C:\Users\Administrator\.stmcufinder\plugins\mcufinder/ => C:\Users\Administrator\.stmcufinder\plugins\mcufinder
2023-07-23 14:20:59,998 [INFO] CrossReferenceDbSqlite:203 - Set database path to: C:\Users\Administrator\.stmcufinder\plugins\mcufinder//mcu/cs/
2023-07-23 14:21:00,118 [INFO] MainPanel:253 - HeapMemory: 710934528
2023-07-23 14:21:00,248 [INFO] DbMcusXml:78 - Set database path to: E:\Software\STM32CubeIDE_1.12.0\STM32CubeIDE\plugins\com.st.stm32cube.common.mx_6.8.1.202304191431\\db\/mcu/
2023-07-23 14:21:00,248 [INFO] ApiDb:274 - Set plugin database path to: E:\Software\STM32CubeIDE_1.12.0\STM32CubeIDE\plugins\com.st.stm32cube.common.mx_6.8.1.202304191431\\db\/plugins/boardmanager/
2023-07-23 14:21:00,248 [INFO] ApiDb:261 - Set plugin images path to: E:\Software\STM32CubeIDE_1.12.0\STM32CubeIDE\plugins\com.st.stm32cube.common.mx_6.8.1.202304191431\\db\/plugins/mcufinder/images/
2023-07-23 14:21:00,248 [WARN] DbFile:41 - Overriding database path with different value: C:\Users\Administrator\.stmcufinder\plugins\mcufinder/ => C:\Users\Administrator\.stmcufinder\plugins\mcufinder
2023-07-23 14:21:00,248 [INFO] ApiDb:250 - Set database path to: C:\Users\Administrator\.stmcufinder\plugins\mcufinder//mcu/
2023-07-23 14:21:00,248 [WARN] DbFile:41 - Overriding database path with different value: C:\Users\Administrator\.stmcufinder\plugins\mcufinder/ => C:\Users\Administrator\.stmcufinder\plugins\mcufinder
2023-07-23 14:21:00,248 [INFO] DbMcusAds:125 - Set database path to: C:\Users\Administrator\.stmcufinder\plugins\mcufinder//mcu/
2023-07-23 14:21:00,248 [WARN] DbFile:41 - Overriding database path with different value: C:\Users\Administrator\.stmcufinder\plugins\mcufinder/ => C:\Users\Administrator\.stmcufinder\plugins\mcufinder
2023-07-23 14:21:00,248 [WARN] DbFile:41 - Overriding database path with different value: C:\Users\Administrator\.stmcufinder\plugins\mcufinder/ => C:\Users\Administrator\.stmcufinder\plugins\mcufinder
2023-07-23 14:21:00,248 [INFO] CrossReferenceDbSqlite:203 - Set database path to: C:\Users\Administrator\.stmcufinder\plugins\mcufinder//mcu/cs/
2023-07-23 14:21:00,268 [INFO] ApplicationProperties:184 - Using Application install path: E:\Software\STM32CubeIDE_1.12.0\STM32CubeIDE\plugins\com.st.stm32cube.common.mx_6.8.1.202304191431
2023-07-23 14:21:00,268 [INFO] PluginManage:196 - Search for loadable plugins [exclusion list=, ]
2023-07-23 14:21:00,268 [INFO] PluginManage:310 - Check plugin analytics
2023-07-23 14:21:00,478 [INFO] AnalyticsPlugin:253 - Accepted Software Licenses: 
2023-07-23 14:21:00,478 [INFO] AnalyticsPlugin:255 - Accepted CMSIS Pack Licenses: 
2023-07-23 14:21:00,478 [INFO] AnalyticsPlugin:257 - Accepted Firmware Licenses: FW.C0.1.0.0
2023-07-23 14:21:00,488 [INFO] PluginManage:359 - Loaded plugin analytics (category:tool,tabindex:-1)
2023-07-23 14:21:00,488 [INFO] PluginManage:310 - Check plugin cadmodel
2023-07-23 14:21:00,518 [INFO] CADModel:105 - Init CAD model plugin
2023-07-23 14:21:00,518 [INFO] PluginManage:359 - Loaded plugin cadmodel (category:power,tabindex:5)
2023-07-23 14:21:00,518 [INFO] PluginManage:310 - Check plugin clock
2023-07-23 14:21:00,548 [INFO] PluginManage:359 - Loaded plugin clock (category:base,tabindex:2)
2023-07-23 14:21:00,548 [INFO] PluginManage:310 - Check plugin ddr
2023-07-23 14:21:00,548 [INFO] PluginManage:359 - Loaded plugin ddr (category:tool,tabindex:6)
2023-07-23 14:21:00,548 [INFO] PluginManage:310 - Check plugin filemanager
2023-07-23 14:21:00,688 [INFO] PluginManage:359 - Loaded plugin filemanager (category:base,tabindex:10)
2023-07-23 14:21:00,688 [INFO] PluginManage:310 - Check plugin ipmanager
2023-07-23 14:21:00,698 [INFO] PluginManage:359 - Loaded plugin ipmanager (category:base,tabindex:5)
2023-07-23 14:21:00,698 [INFO] PluginManage:310 - Check plugin lpbam
2023-07-23 14:21:00,718 [INFO] PluginManage:359 - Loaded plugin lpbam (category:base,tabindex:0)
2023-07-23 14:21:00,718 [INFO] PluginManage:310 - Check plugin pinoutandconfiguration
2023-07-23 14:21:00,738 [INFO] PluginManage:359 - Loaded plugin pinoutandconfiguration (category:base,tabindex:1)
2023-07-23 14:21:00,738 [INFO] PluginManage:310 - Check plugin pinoutconfig
2023-07-23 14:21:00,878 [WARN] SupportedApi:132 - Cannot load RTOS API schema: s4s-elt-must-match.1: The content of 'definitions' must match (annotation?, (simpleType | complexType)?, (unique | key | keyref)*)). A problem was found starting at: attribute.
2023-07-23 14:21:00,988 [INFO] PluginManage:359 - Loaded plugin pinoutconfig (category:base,tabindex:0)
2023-07-23 14:21:00,998 [INFO] PluginManage:310 - Check plugin power
2023-07-23 14:21:01,038 [INFO] PluginManage:359 - Loaded plugin power (category:power,tabindex:4)
2023-07-23 14:21:01,038 [INFO] PluginManage:310 - Check plugin projectmanager
2023-07-23 14:21:01,058 [INFO] PluginManage:359 - Loaded plugin projectmanager (category:projectmanager,tabindex:3)
2023-07-23 14:21:01,058 [INFO] PluginManage:310 - Check plugin thirdparty
2023-07-23 14:21:01,378 [INFO] PluginManage:359 - Loaded plugin thirdparty (category:base,tabindex:-1)
2023-07-23 14:21:01,378 [INFO] PluginManage:310 - Check plugin tools
2023-07-23 14:21:01,378 [WARN] IntegrityCheckThread:84 - waiting for thirdparty lock release [integrity check]
2023-07-23 14:21:01,378 [INFO] IntegrityCheckThread:86 - entering critical section [integrity check]
2023-07-23 14:21:01,378 [INFO] ThirdPartyUpdaterWithRetryManager:70 - Updater plugin not ready yet. [1/15]
2023-07-23 14:21:01,408 [INFO] PluginManage:359 - Loaded plugin tools (category:base,tabindex:7)
2023-07-23 14:21:01,408 [INFO] PluginManage:310 - Check plugin tutovideos
2023-07-23 14:21:01,648 [INFO] PluginManage:359 - Loaded plugin tutovideos (category:base,tabindex:-1)
2023-07-23 14:21:01,648 [INFO] PluginManage:310 - Check plugin updater
2023-07-23 14:21:01,688 [INFO] PluginManage:359 - Loaded plugin updater (category:base,tabindex:12)
2023-07-23 14:21:01,688 [INFO] PluginManage:283 - PluginManage : Loaded plugins [15]
2023-07-23 14:21:02,068 [INFO] PinOutPanel:1499 - setPackage(No Configuration,No Configuration)
2023-07-23 14:21:02,198 [INFO] CADModel:165 - CPN selected for project level
2023-07-23 14:21:02,198 [INFO] CADModel:114 - Register for checkConnection events
2023-07-23 14:21:02,268 [INFO] IPUIPlugin:80 - create IPUIPlugin
2023-07-23 14:21:02,268 [INFO] PluginManager:220 - loadIPPluginJar : add adc
2023-07-23 14:21:02,298 [INFO] IPUIPlugin:80 - create IPUIPlugin
2023-07-23 14:21:02,298 [INFO] PluginManager:220 - loadIPPluginJar : add aes
2023-07-23 14:21:02,338 [INFO] IPUIPlugin:80 - create IPUIPlugin
2023-07-23 14:21:02,338 [INFO] PluginManager:220 - loadIPPluginJar : add can
2023-07-23 14:21:02,358 [INFO] IPUIPlugin:80 - create IPUIPlugin
2023-07-23 14:21:02,358 [INFO] PluginManager:220 - loadIPPluginJar : add comp
2023-07-23 14:21:02,388 [INFO] IPUIPlugin:80 - create IPUIPlugin
2023-07-23 14:21:02,388 [INFO] PluginManager:220 - loadIPPluginJar : add cryp
2023-07-23 14:21:02,418 [INFO] IPUIPlugin:80 - create IPUIPlugin
2023-07-23 14:21:02,418 [INFO] PluginManager:220 - loadIPPluginJar : add dfsdm
2023-07-23 14:21:02,438 [INFO] IPUIPlugin:80 - create IPUIPlugin
2023-07-23 14:21:02,438 [INFO] PluginManager:220 - loadIPPluginJar : add dma
2023-07-23 14:21:02,468 [INFO] IPUIPlugin:80 - create IPUIPlugin
2023-07-23 14:21:02,468 [INFO] PluginManager:220 - loadIPPluginJar : add dma3
2023-07-23 14:21:02,488 [INFO] IPUIPlugin:80 - create IPUIPlugin
2023-07-23 14:21:02,488 [INFO] PluginManager:220 - loadIPPluginJar : add fatfs
2023-07-23 14:21:02,528 [INFO] IPUIPlugin:80 - create IPUIPlugin
2023-07-23 14:21:02,528 [INFO] PluginManager:220 - loadIPPluginJar : add fmc
2023-07-23 14:21:02,548 [INFO] IPUIPlugin:80 - create IPUIPlugin
2023-07-23 14:21:02,548 [INFO] PluginManager:220 - loadIPPluginJar : add freertos
2023-07-23 14:21:02,568 [INFO] IPUIPlugin:80 - create IPUIPlugin
2023-07-23 14:21:02,568 [INFO] PluginManager:220 - loadIPPluginJar : add genericplugin
2023-07-23 14:21:02,628 [INFO] IPUIPlugin:80 - create IPUIPlugin
2023-07-23 14:21:02,628 [INFO] PluginManager:220 - loadIPPluginJar : add gfxmmu
2023-07-23 14:21:02,728 [INFO] IPUIPlugin:80 - create IPUIPlugin
2023-07-23 14:21:02,728 [INFO] PluginManager:220 - loadIPPluginJar : add gic
2023-07-23 14:21:02,738 [INFO] IPUIPlugin:80 - create IPUIPlugin
2023-07-23 14:21:02,738 [INFO] PluginManager:220 - loadIPPluginJar : add gpio
2023-07-23 14:21:02,808 [INFO] IPUIPlugin:80 - create IPUIPlugin
2023-07-23 14:21:02,808 [INFO] PluginManager:220 - loadIPPluginJar : add gtzc
2023-07-23 14:21:02,828 [INFO] IPUIPlugin:80 - create IPUIPlugin
2023-07-23 14:21:02,828 [INFO] PluginManager:220 - loadIPPluginJar : add hash
2023-07-23 14:21:02,858 [INFO] IPUIPlugin:80 - create IPUIPlugin
2023-07-23 14:21:02,858 [INFO] PluginManager:220 - loadIPPluginJar : add i2c
2023-07-23 14:21:02,898 [INFO] IPUIPlugin:80 - create IPUIPlugin
2023-07-23 14:21:02,898 [INFO] PluginManager:220 - loadIPPluginJar : add i2s
2023-07-23 14:21:02,938 [INFO] IPUIPlugin:80 - create IPUIPlugin
2023-07-23 14:21:02,938 [INFO] PluginManager:220 - loadIPPluginJar : add i3c
2023-07-23 14:21:03,048 [INFO] IPUIPlugin:80 - create IPUIPlugin
2023-07-23 14:21:03,048 [INFO] PluginManager:220 - loadIPPluginJar : add ipddr
2023-07-23 14:21:03,108 [INFO] IPUIPlugin:80 - create IPUIPlugin
2023-07-23 14:21:03,108 [INFO] PluginManager:220 - loadIPPluginJar : add linkedlist
2023-07-23 14:21:03,128 [INFO] IPUIPlugin:80 - create IPUIPlugin
2023-07-23 14:21:03,128 [INFO] PluginManager:220 - loadIPPluginJar : add lorawan
2023-07-23 14:21:03,158 [INFO] IPUIPlugin:80 - create IPUIPlugin
2023-07-23 14:21:03,158 [INFO] PluginManager:220 - loadIPPluginJar : add ltdc
2023-07-23 14:21:03,188 [INFO] IPUIPlugin:80 - create IPUIPlugin
2023-07-23 14:21:03,188 [INFO] PluginManager:220 - loadIPPluginJar : add mdma
2023-07-23 14:21:03,198 [INFO] IPUIPlugin:80 - create IPUIPlugin
2023-07-23 14:21:03,198 [INFO] PluginManager:220 - loadIPPluginJar : add nvic
2023-07-23 14:21:03,228 [INFO] IPUIPlugin:80 - create IPUIPlugin
2023-07-23 14:21:03,228 [INFO] PluginManager:220 - loadIPPluginJar : add opamp
2023-07-23 14:21:03,268 [INFO] IPUIPlugin:80 - create IPUIPlugin
2023-07-23 14:21:03,268 [INFO] PluginManager:220 - loadIPPluginJar : add openamp
2023-07-23 14:21:03,298 [INFO] IPUIPlugin:80 - create IPUIPlugin
2023-07-23 14:21:03,298 [INFO] PluginManager:220 - loadIPPluginJar : add pdm2pcm
2023-07-23 14:21:03,318 [INFO] IPUIPlugin:80 - create IPUIPlugin
2023-07-23 14:21:03,318 [INFO] PluginManager:220 - loadIPPluginJar : add plateformsettings
2023-07-23 14:21:03,328 [INFO] IPUIPlugin:80 - create IPUIPlugin
2023-07-23 14:21:03,328 [INFO] PluginManager:220 - loadIPPluginJar : add quadspi
2023-07-23 14:21:03,348 [INFO] IPUIPlugin:80 - create IPUIPlugin
2023-07-23 14:21:03,348 [INFO] PluginManager:220 - loadIPPluginJar : add resmgrutility
2023-07-23 14:21:03,378 [INFO] IPUIPlugin:80 - create IPUIPlugin
2023-07-23 14:21:03,378 [INFO] PluginManager:220 - loadIPPluginJar : add sai
2023-07-23 14:21:03,408 [INFO] IPUIPlugin:80 - create IPUIPlugin
2023-07-23 14:21:03,408 [INFO] PluginManager:220 - loadIPPluginJar : add spi
2023-07-23 14:21:03,448 [INFO] IPUIPlugin:80 - create IPUIPlugin
2023-07-23 14:21:03,448 [INFO] PluginManager:220 - loadIPPluginJar : add stm32_wpan
2023-07-23 14:21:03,458 [INFO] IPUIPlugin:80 - create IPUIPlugin
2023-07-23 14:21:03,458 [INFO] PluginManager:220 - loadIPPluginJar : add tim
2023-07-23 14:21:03,508 [INFO] IPUIPlugin:80 - create IPUIPlugin
2023-07-23 14:21:03,508 [INFO] PluginManager:220 - loadIPPluginJar : add touchsensing
2023-07-23 14:21:03,518 [INFO] IPUIPlugin:80 - create IPUIPlugin
2023-07-23 14:21:03,518 [INFO] PluginManager:220 - loadIPPluginJar : add tracer_emb
2023-07-23 14:21:03,538 [INFO] IPUIPlugin:80 - create IPUIPlugin
2023-07-23 14:21:03,538 [INFO] PluginManager:220 - loadIPPluginJar : add ts
2023-07-23 14:21:03,558 [INFO] IPUIPlugin:80 - create IPUIPlugin
2023-07-23 14:21:03,558 [INFO] PluginManager:220 - loadIPPluginJar : add tsc
2023-07-23 14:21:03,578 [INFO] IPUIPlugin:80 - create IPUIPlugin
2023-07-23 14:21:03,578 [INFO] PluginManager:220 - loadIPPluginJar : add ucpd
2023-07-23 14:21:03,608 [INFO] IPUIPlugin:80 - create IPUIPlugin
2023-07-23 14:21:03,608 [INFO] PluginManager:220 - loadIPPluginJar : add usart
2023-07-23 14:21:03,638 [INFO] IPUIPlugin:80 - create IPUIPlugin
2023-07-23 14:21:03,638 [INFO] PluginManager:220 - loadIPPluginJar : add usbx
2023-07-23 14:21:03,790 [INFO] CADModel:165 - CPN selected for project level
2023-07-23 14:21:03,790 [INFO] CADModel:114 - Register for checkConnection events
2023-07-23 14:21:03,790 [FATAL] Updater:308 - Updater called before beeing initialized
2023-07-23 14:21:03,790 [ERROR] CADModel:125 - Updater not yet initialized, retry later 
2023-07-23 14:21:04,030 [INFO] CADModel:165 - CPN selected for project level
2023-07-23 14:21:04,030 [INFO] CADModel:114 - Register for checkConnection events
2023-07-23 14:21:04,030 [FATAL] Updater:308 - Updater called before beeing initialized
2023-07-23 14:21:04,030 [ERROR] CADModel:125 - Updater not yet initialized, retry later 
2023-07-23 14:21:04,040 [FATAL] Updater:308 - Updater called before beeing initialized
2023-07-23 14:21:04,190 [FATAL] Updater:308 - Updater called before beeing initialized
2023-07-23 14:21:04,200 [INFO] DbMcusAds:53 - JSON generation date=Tue Mar 07 16:50:55 CST 2023 (1678179055114)
2023-07-23 14:21:04,200 [FATAL] Updater:308 - Updater called before beeing initialized
2023-07-23 14:21:04,370 [WARN] DetailPanel:346 - Failed to get advertising image, set to default
2023-07-23 14:21:04,380 [INFO] ThirdPartyUpdaterWithRetryManager:70 - Updater plugin not ready yet. [2/15]
2023-07-23 14:21:04,450 [FATAL] Updater:308 - Updater called before beeing initialized
2023-07-23 14:21:04,450 [FATAL] Updater:308 - Updater called before beeing initialized
2023-07-23 14:21:04,450 [FATAL] Updater:308 - Updater called before beeing initialized
2023-07-23 14:21:04,450 [WARN] DetailPanel:346 - Failed to get advertising image, set to default
2023-07-23 14:21:04,450 [FATAL] Updater:308 - Updater called before beeing initialized
2023-07-23 14:21:04,530 [ERROR] Updater:1120 - MainUpdater not yet initialized. External WinMGr cannot be set.
2023-07-23 14:21:04,530 [INFO] Updater:1056 - Updater Version found : 6.8.1
2023-07-23 14:21:04,560 [INFO] ApplicationProperties:184 - Using Application install path: E:\Software\STM32CubeIDE_1.12.0\STM32CubeIDE\plugins\com.st.stm32cube.common.mx_6.8.1.202304191431
2023-07-23 14:21:04,880 [INFO] MainUpdater:2854 - connection check result : 10
2023-07-23 14:21:04,880 [INFO] MainUpdater:283 - Updater Check For Update Now.
2023-07-23 14:21:04,880 [INFO] MicroXplorer:498 - Change Database Version : DB.6.0.81
2023-07-23 14:21:05,040 [INFO] CheckServerUpdateThread:120 - End of CheckServer Thread
2023-07-23 14:21:05,110 [INFO] MainUpdater:2854 - connection check result : 10
2023-07-23 14:21:05,130 [INFO] MainUpdater:2854 - connection check result : 10
2023-07-23 14:21:05,350 [INFO] MicroXplorer:468 - Change Database Path : 
2023-07-23 14:21:05,350 [INFO] MicroXplorer:498 - Change Database Version : DB.6.0.81
2023-07-23 14:21:05,350 [WARN] ThirdParty:871 - waiting for thirdparty lock release [close project]
2023-07-23 14:21:07,546 [WARN] PackLoader:240 - Cannot read IP mode file for wolfSSL.I-CUBE-wolfSSL.5.2.0
2023-07-23 14:21:07,566 [WARN] PackLoader:240 - Cannot read IP mode file for STMicroelectronics.X-CUBE-GNSS1.6.0.0
2023-07-23 14:21:07,596 [WARN] PackLoader:240 - Cannot read IP mode file for STMicroelectronics.X-CUBE-AZRTOS-F4.1.1.0
2023-07-23 14:21:07,606 [WARN] PackLoader:240 - Cannot read IP mode file for STMicroelectronics.X-CUBE-SMBUS.2.1.0
2023-07-23 14:21:07,656 [WARN] PackLoader:240 - Cannot read IP mode file for STMicroelectronics.X-CUBE-MEMS1.9.2.0
2023-07-23 14:21:07,776 [WARN] PackLoader:240 - Cannot read IP mode file for STMicroelectronics.X-CUBE-BLEMGR.1.2.0
2023-07-23 14:21:07,796 [WARN] PackLoader:240 - Cannot read IP mode file for STMicroelectronics.X-CUBE-AZRTOS-F7.1.1.0
2023-07-23 14:21:07,846 [WARN] PackLoader:240 - Cannot read IP mode file for STMicroelectronics.X-CUBE-MEMS1.9.6.0
2023-07-23 14:21:08,016 [WARN] PackLoader:240 - Cannot read IP mode file for STMicroelectronics.X-CUBE-AI.7.1.0
2023-07-23 14:21:08,026 [WARN] PackLoader:240 - Cannot read IP mode file for STMicroelectronics.X-CUBE-TOUCHGFX.4.19.1
2023-07-23 14:21:08,026 [ERROR] RealEvaluatedCondition:428 - Found unsupported composite condition: CLASS='Data Exchange' GROUP='STM32_MetaDataManager'
2023-07-23 14:21:08,026 [ERROR] RealEvaluatedCondition:428 - Found unsupported composite condition: CLASS='Data Exchange' GROUP='STM32_MetaDataManager'
2023-07-23 14:21:08,026 [WARN] PackLoader:240 - Cannot read IP mode file for STMicroelectronics.FP-SNS-MOTENV1.4.3.0
2023-07-23 14:21:08,036 [WARN] PackLoader:240 - Cannot read IP mode file for STMicroelectronics.FP-SNS-MOTENV1.4.3.2
2023-07-23 14:21:08,046 [WARN] PackLoader:240 - Cannot read IP mode file for STMicroelectronics.FP-SNS-FLIGHT1.5.0.0
2023-07-23 14:21:08,056 [ERROR] RealEvaluatedCondition:428 - Found unsupported composite condition: CLASS='Data Exchange' GROUP='STM32_MetaDataManager'
2023-07-23 14:21:08,056 [ERROR] RealEvaluatedCondition:428 - Found unsupported composite condition: GROUP='STM32_MetaDataManager' CLASS='Data Exchange'
2023-07-23 14:21:08,056 [WARN] PackLoader:240 - Cannot read IP mode file for STMicroelectronics.FP-SNS-MOTENV1.4.3.1
2023-07-23 14:21:08,066 [WARN] PackLoader:240 - Cannot read IP mode file for STMicroelectronics.FP-SNS-FLIGHT1.5.0.1
2023-07-23 14:21:08,076 [WARN] PackLoader:240 - Cannot read IP mode file for STMicroelectronics.X-CUBE-BLE1.6.2.3
2023-07-23 14:21:08,086 [WARN] PackLoader:240 - Cannot read IP mode file for STMicroelectronics.X-CUBE-BLE1.6.2.4
2023-07-23 14:21:08,096 [WARN] PackLoader:240 - Cannot read IP mode file for STMicroelectronics.X-CUBE-BLEMGR.2.0.0
2023-07-23 14:21:08,096 [WARN] PackLoader:240 - Cannot read IP mode file for STMicroelectronics.X-CUBE-BLE1.6.2.2
2023-07-23 14:21:08,106 [WARN] PackLoader:240 - Cannot read IP mode file for STMicroelectronics.X-CUBE-NFC4.2.0.5
2023-07-23 14:21:08,116 [WARN] PackLoader:240 - Cannot read IP mode file for STMicroelectronics.FP-SNS-FLIGHT1.5.0.2
2023-07-23 14:21:08,126 [WARN] PackLoader:240 - Cannot read IP mode file for STMicroelectronics.X-CUBE-NFC4.2.0.4
2023-07-23 14:21:08,136 [WARN] PackLoader:240 - Cannot read IP mode file for STMicroelectronics.X-CUBE-BLE2.3.2.2
2023-07-23 14:21:08,146 [WARN] PackLoader:240 - Cannot read IP mode file for STMicroelectronics.X-CUBE-NFC4.2.0.3
2023-07-23 14:21:08,166 [WARN] ConditionMgr:438 - getConditionDescription Invalid condition id : UX DEVICE CLASS RTOS Condition cause : null
2023-07-23 14:21:08,166 [WARN] ConditionMgr:438 - getConditionDescription Invalid condition id : UX DEVICE CLASS RTOS Condition cause : null
2023-07-23 14:21:08,176 [WARN] PackLoader:240 - Cannot read IP mode file for STMicroelectronics.X-CUBE-AZRTOS-H7.3.1.0
2023-07-23 14:21:08,176 [WARN] ConditionMgr:1039 - genDependencies : Invalid condition id : UX DEVICE CLASS RTOS Condition cause : null
2023-07-23 14:21:08,176 [WARN] ConditionMgr:1039 - genDependencies : Invalid condition id : UX DEVICE CLASS RTOS Condition cause : null
2023-07-23 14:21:08,176 [WARN] ConditionMgr:1039 - genDependencies : Invalid condition id : UX DEVICE CLASS RTOS Condition cause : null
2023-07-23 14:21:08,176 [WARN] ConditionMgr:1039 - genDependencies : Invalid condition id : UX DEVICE CLASS RTOS Condition cause : null
2023-07-23 14:21:08,176 [WARN] ConditionMgr:1039 - genDependencies : Invalid condition id : UX DEVICE CLASS RTOS Condition cause : null
2023-07-23 14:21:08,186 [WARN] PackLoader:240 - Cannot read IP mode file for STMicroelectronics.X-CUBE-TOF1.3.1.0
2023-07-23 14:21:08,196 [WARN] PackLoader:240 - Cannot read IP mode file for STMicroelectronics.X-CUBE-SFXS2LP1.3.1.0
2023-07-23 14:21:08,216 [WARN] PackLoader:240 - Cannot read IP mode file for STMicroelectronics.X-CUBE-DISPLAY.3.0.0
2023-07-23 14:21:08,236 [WARN] PackLoader:240 - Cannot read IP mode file for STMicroelectronics.X-CUBE-AZRTOS-F4.1.0.0
2023-07-23 14:21:08,246 [WARN] PackLoader:240 - Cannot read IP mode file for STMicroelectronics.X-CUBE-TOUCHGFX.4.22.0
2023-07-23 14:21:08,246 [WARN] PackLoader:240 - Cannot read IP mode file for STMicroelectronics.X-CUBE-NFC7.1.0.1
2023-07-23 14:21:08,256 [WARN] PackLoader:240 - Cannot read IP mode file for STMicroelectronics.X-CUBE-NFC7.1.0.0
2023-07-23 14:21:08,266 [WARN] PackLoader:240 - Cannot read IP mode file for STMicroelectronics.X-CUBE-SUBG2.4.2.0
2023-07-23 14:21:08,306 [WARN] PackLoader:240 - Cannot read IP mode file for STMicroelectronics.X-CUBE-MEMS1.9.3.0
2023-07-23 14:21:08,406 [WARN] PackLoader:240 - Cannot read IP mode file for STMicroelectronics.X-CUBE-EEPRMA1.4.1.0
2023-07-23 14:21:08,416 [WARN] PackLoader:240 - Cannot read IP mode file for STMicroelectronics.X-CUBE-AI.7.2.0
2023-07-23 14:21:08,436 [INFO] LogOutputStream:77 - [STDOUT_REDIRECT] 1 : Invalid condition id : UX_CORESTACK_Condition cause : null
2023-07-23 14:21:08,436 [INFO] LogOutputStream:77 - [STDOUT_REDIRECT] 1 : Invalid condition id : UX_CORESTACK_Condition cause : null
2023-07-23 14:21:08,436 [INFO] LogOutputStream:77 - [STDOUT_REDIRECT] 1 : Invalid condition id : UX_CORESTACK_Condition cause : null
2023-07-23 14:21:08,436 [INFO] LogOutputStream:77 - [STDOUT_REDIRECT] 1 : Invalid condition id : UX_CORESTACK_Condition cause : null
2023-07-23 14:21:08,436 [INFO] LogOutputStream:77 - [STDOUT_REDIRECT] 1 : Invalid condition id : UX_CORESTACK_Condition cause : null
2023-07-23 14:21:08,436 [WARN] PackLoader:240 - Cannot read IP mode file for STMicroelectronics.X-CUBE-AZRTOS-WL.2.0.0
2023-07-23 14:21:08,456 [WARN] PackLoader:240 - Cannot read IP mode file for STMicroelectronics.X-CUBE-AZRTOS-G0.1.0.0
2023-07-23 14:21:08,476 [WARN] ConditionMgr:438 - getConditionDescription Invalid condition id : LAN8742 Phy interface Condition cause : null
2023-07-23 14:21:08,476 [WARN] PackLoader:240 - Cannot read IP mode file for STMicroelectronics.X-CUBE-AZRTOS-L4.2.0.0
2023-07-23 14:21:08,476 [WARN] ConditionMgr:1039 - genDependencies : Invalid condition id : LAN8742 Phy interface Condition cause : null
2023-07-23 14:21:08,476 [WARN] ConditionMgr:1039 - genDependencies : Invalid condition id : LAN8742 Phy interface Condition cause : null
2023-07-23 14:21:08,476 [WARN] ConditionMgr:1039 - genDependencies : Invalid condition id : LAN8742 Phy interface Condition cause : null
2023-07-23 14:21:08,496 [WARN] PackLoader:240 - Cannot read IP mode file for WES.I-CUBE-Cesium.1.3.0
2023-07-23 14:21:08,496 [WARN] PackLoader:240 - Cannot read IP mode file for STMicroelectronics.X-CUBE-SFXS2LP1.4.0.0
2023-07-23 14:21:08,516 [WARN] PackLoader:240 - Cannot read IP mode file for STMicroelectronics.X-CUBE-BLE2.3.3.0
2023-07-23 14:21:08,526 [WARN] PackLoader:240 - Cannot read IP mode file for STMicroelectronics.X-CUBE-DISPLAY.2.2.0
2023-07-23 14:21:08,546 [WARN] PackLoader:240 - Cannot read IP mode file for STMicroelectronics.X-CUBE-TOF1.3.2.0
2023-07-23 14:21:08,556 [WARN] PackLoader:240 - Cannot read IP mode file for STMicroelectronics.X-CUBE-TOUCHGFX.4.18.1
2023-07-23 14:21:08,576 [WARN] PackLoader:240 - Cannot read IP mode file for STMicroelectronics.X-CUBE-AZRTOS-H7.3.0.0
2023-07-23 14:21:08,586 [WARN] PackLoader:240 - Cannot read IP mode file for STMicroelectronics.X-CUBE-ISPU.1.1.0
2023-07-23 14:21:08,596 [WARN] PackLoader:240 - Cannot read IP mode file for RoweBots.I-CUBE-UNISONRTOS.5.5.0-4
2023-07-23 14:21:08,616 [WARN] PackLoader:240 - Cannot read IP mode file for STMicroelectronics.X-CUBE-AZRTOS-H7.2.1.0
2023-07-23 14:21:08,626 [WARN] PackLoader:240 - Cannot read IP mode file for STMicroelectronics.X-CUBE-AI.8.0.0
2023-07-23 14:21:08,636 [WARN] PackLoader:240 - Cannot read IP mode file for STMicroelectronics.X-CUBE-FREERTOS.1.0.0
2023-07-23 14:21:08,646 [WARN] PackLoader:240 - Cannot read IP mode file for STMicroelectronics.X-CUBE-FREERTOS.1.0.1
2023-07-23 14:21:08,656 [WARN] PackLoader:240 - Cannot read IP mode file for STMicroelectronics.X-CUBE-TOUCHGFX.4.21.1
2023-07-23 14:21:08,666 [WARN] PackLoader:240 - Cannot read IP mode file for STMicroelectronics.X-CUBE-TOUCHGFX.4.21.3
2023-07-23 14:21:08,676 [WARN] PackLoader:240 - Cannot read IP mode file for STMicroelectronics.X-CUBE-BLEMGR.1.0.0
2023-07-23 14:21:08,676 [WARN] PackLoader:240 - Cannot read IP mode file for STMicroelectronics.X-CUBE-TOUCHGFX.4.21.4
2023-07-23 14:21:08,686 [WARN] PackLoader:240 - Cannot read IP mode file for STMicroelectronics.X-CUBE-AI.7.3.0
2023-07-23 14:21:08,696 [WARN] PackLoader:240 - Cannot read IP mode file for STMicroelectronics.X-CUBE-ALGOBUILD.1.3.0
2023-07-23 14:21:08,716 [WARN] PackLoader:240 - Cannot read IP mode file for STMicroelectronics.X-CUBE-AZRTOS-L5.1.1.0
2023-07-23 14:21:08,736 [WARN] PackLoader:240 - Cannot read IP mode file for STMicroelectronics.X-CUBE-AZRTOS-G0.1.1.0
2023-07-23 14:21:08,746 [WARN] PackLoader:240 - Cannot read IP mode file for STMicroelectronics.X-CUBE-AI.8.0.1
2023-07-23 14:21:08,756 [WARN] PackLoader:240 - Cannot read IP mode file for STMicroelectronics.X-CUBE-SUBG2.5.0.0
2023-07-23 14:21:08,776 [WARN] PackLoader:240 - Cannot read IP mode file for STMicroelectronics.X-CUBE-NFC4.3.0.0
2023-07-23 14:21:08,826 [WARN] PackLoader:240 - Cannot read IP mode file for SEGGER.I-CUBE-embOS.1.2.0
2023-07-23 14:21:08,866 [WARN] PackLoader:240 - Cannot read IP mode file for STMicroelectronics.X-CUBE-TOF1.3.3.1
2023-07-23 14:21:08,876 [WARN] PackLoader:240 - Cannot read IP mode file for STMicroelectronics.X-CUBE-DISPLAY.2.1.0
2023-07-23 14:21:08,896 [WARN] PackLoader:240 - Cannot read IP mode file for STMicroelectronics.X-CUBE-AZRTOS-G4.2.0.0
2023-07-23 14:21:08,906 [WARN] PackLoader:240 - Cannot read IP mode file for STMicroelectronics.X-CUBE-TOF1.3.3.0
2023-07-23 14:21:08,916 [WARN] PackLoader:240 - Cannot read IP mode file for STMicroelectronics.FP-ATR-ASTRA1.1.1.1
2023-07-23 14:21:08,926 [WARN] PackLoader:240 - Cannot read IP mode file for STMicroelectronics.FP-ATR-ASTRA1.1.1.0
2023-07-23 14:21:08,946 [WARN] PackLoader:240 - Cannot read IP mode file for STMicroelectronics.X-CUBE-AZRTOS-H7.2.0.0
2023-07-23 14:21:08,966 [WARN] PackLoader:240 - Cannot read IP mode file for STMicroelectronics.X-CUBE-AZRTOS-G4.1.0.0
2023-07-23 14:21:08,976 [WARN] PackLoader:240 - Cannot read IP mode file for STMicroelectronics.FP-ATR-SIGFOX1.3.2.0
2023-07-23 14:21:08,996 [WARN] PackLoader:240 - Cannot read IP mode file for STMicroelectronics.X-CUBE-AZRTOS-L4.1.0.0
2023-07-23 14:21:09,006 [WARN] PackLoader:240 - Cannot read IP mode file for emotas.I-CUBE-CANOPEN.1.1.2
2023-07-23 14:21:09,006 [WARN] PackLoader:240 - Cannot read IP mode file for STMicroelectronics.X-CUBE-TOUCHGFX.4.20.0
2023-07-23 14:21:09,026 [WARN] PackLoader:240 - Cannot read IP mode file for STMicroelectronics.X-CUBE-AZRTOS-F7.1.0.0
2023-07-23 14:21:09,046 [WARN] PackLoader:240 - Cannot read IP mode file for STMicroelectronics.X-CUBE-AZRTOS-WL.1.0.0
2023-07-23 14:21:09,076 [WARN] PackLoader:240 - Cannot read IP mode file for STMicroelectronics.X-CUBE-MEMS1.9.1.0
2023-07-23 14:21:09,157 [WARN] PackLoader:240 - Cannot read IP mode file for portGmbH.I-Cube-SoM-uGOAL.1.1.0
2023-07-23 14:21:09,157 [WARN] PackLoader:240 - Cannot read IP mode file for STMicroelectronics.X-CUBE-ALS.1.0.1
2023-07-23 14:21:09,197 [WARN] PackLoader:240 - Cannot read IP mode file for STMicroelectronics.X-CUBE-MEMS1.9.5.0
2023-07-23 14:21:09,307 [WARN] PackLoader:240 - Cannot read IP mode file for STMicroelectronics.X-CUBE-AZRTOS-WB.1.1.0
2023-07-23 14:21:09,327 [WARN] PackLoader:240 - Cannot read IP mode file for SEGGER.I-CUBE-embOS.1.3.1
2023-07-23 14:21:09,367 [WARN] PackLoader:240 - Cannot read IP mode file for STMicroelectronics.X-CUBE-AZRTOS-L5.1.0.0
2023-07-23 14:21:09,377 [WARN] PackLoader:240 - Cannot read IP mode file for STMicroelectronics.X-CUBE-EEPRMA1.3.1.1
2023-07-23 14:21:09,387 [WARN] PackLoader:240 - Cannot read IP mode file for STMicroelectronics.X-CUBE-GNSS1.5.2.0
2023-07-23 14:21:09,397 [WARN] PackLoader:240 - Cannot read IP mode file for STMicroelectronics.FP-ATR-ASTRA1.2.0.0
2023-07-23 14:21:09,407 [WARN] PackLoader:240 - Cannot read IP mode file for STMicroelectronics.X-CUBE-DISPLAY.2.0.1
2023-07-23 14:21:09,417 [WARN] PackLoader:240 - Cannot read IP mode file for STMicroelectronics.X-CUBE-TOF1.3.0.0
2023-07-23 14:21:09,417 [INFO] ThirdParty:978 - Integrity check success = true
2023-07-23 14:21:09,417 [INFO] IntegrityCheckThread:100 - exiting critical section [integrity check]
2023-07-23 14:21:09,417 [INFO] IntegrityCheckThread:103 - End integrity checks thread
2023-07-23 14:21:09,417 [INFO] ThirdParty:873 - entering critical section [close project]
2023-07-23 14:21:09,417 [INFO] ThirdParty:883 - exiting critical section [close project]
2023-07-23 14:21:09,427 [INFO] PinOutPanel:1499 - setPackage(No Configuration,No Configuration)
2023-07-23 14:21:09,427 [INFO] UtilMem:75 - Begin LoadConfig() Used Memory: 712825624 Bytes (743440384)
2023-07-23 14:21:09,427 [INFO] MicroXplorer:468 - Change Database Path : 
2023-07-23 14:21:09,427 [INFO] MicroXplorer:498 - Change Database Version : DB.6.0.81
2023-07-23 14:21:09,427 [INFO] OpenFileManager:308 - Change cursor
2023-07-23 14:21:09,524 [INFO] Mcu:1937 - Initializing MCU STM32F407Z(E-G)Tx STM32F407ZGTx STM32F407ZGT6
2023-07-23 14:21:11,644 [INFO] Context:659 - Trying to add GPIOservice into a context  which must be forbidden
2023-07-23 14:21:12,384 [INFO] RtosManager:555 - Registered RTOS mode: class=CMSIS, group=RTOS, mode=CMSIS_V1, owner=FREERTOS
2023-07-23 14:21:12,384 [INFO] RtosManager:555 - Registered RTOS mode: class=CMSIS, group=RTOS2, mode=CMSIS_V2, owner=FREERTOS
2023-07-23 14:21:12,384 [INFO] RtosManager:555 - Registered RTOS mode: class=RTOS, group=Core, mode=CMSIS_V1, owner=FREERTOS
2023-07-23 14:21:12,384 [INFO] RtosManager:555 - Registered RTOS mode: class=RTOS, group=Core, mode=CMSIS_V2, owner=FREERTOS
2023-07-23 14:21:12,384 [WARN] ModelIntegratedComponent:184 - Missing modes for component STMicroelectronics:FreeRTOS:0.0.1:STMicroelectronics:RTOS:FreeRTOS:Core:::10.2.0:
2023-07-23 14:21:12,394 [WARN] ModelIntegratedComponent:63 - No mode defined for component null
2023-07-23 14:21:12,394 [WARN] ModelIntegratedComponent:63 - No mode defined for component null
2023-07-23 14:21:12,394 [WARN] ModelIntegratedComponent:63 - No mode defined for component null
2023-07-23 14:21:12,394 [WARN] ModelIntegratedComponent:63 - No mode defined for component null
2023-07-23 14:21:12,394 [WARN] ModelIntegratedComponent:63 - No mode defined for component null
2023-07-23 14:21:12,394 [WARN] ModelIntegratedComponent:63 - No mode defined for component null
2023-07-23 14:21:12,394 [WARN] ModelIntegratedComponent:63 - No mode defined for component null
2023-07-23 14:21:12,394 [WARN] ModelIntegratedComponent:63 - No mode defined for component null
2023-07-23 14:21:12,394 [WARN] ModelIntegratedComponent:63 - No mode defined for component null
2023-07-23 14:21:12,394 [WARN] ModelIntegratedComponent:63 - No mode defined for component null
2023-07-23 14:21:12,394 [WARN] ModelIntegratedComponent:63 - No mode defined for component null
2023-07-23 14:21:12,394 [WARN] ModelIntegratedComponent:63 - No mode defined for component null
2023-07-23 14:21:12,394 [WARN] ModelIntegratedComponent:63 - No mode defined for component null
2023-07-23 14:21:12,394 [WARN] ModelIntegratedComponent:63 - No mode defined for component null
2023-07-23 14:21:12,394 [WARN] ModelIntegratedComponent:63 - No mode defined for component null
2023-07-23 14:21:12,394 [WARN] ModelIntegratedComponent:63 - No mode defined for component null
2023-07-23 14:21:12,394 [WARN] ModelIntegratedComponent:63 - No mode defined for component null
2023-07-23 14:21:12,394 [WARN] ModelIntegratedComponent:63 - No mode defined for component null
2023-07-23 14:21:12,394 [WARN] ModelIntegratedComponent:63 - No mode defined for component null
2023-07-23 14:21:12,394 [WARN] ModelIntegratedComponent:63 - No mode defined for component null
2023-07-23 14:21:12,394 [WARN] ModelIntegratedComponent:63 - No mode defined for component null
2023-07-23 14:21:12,394 [WARN] ModelIntegratedComponent:63 - No mode defined for component null
2023-07-23 14:21:12,394 [WARN] ModelIntegratedComponent:63 - No mode defined for component null
2023-07-23 14:21:12,394 [WARN] ModelIntegratedComponent:63 - No mode defined for component null
2023-07-23 14:21:12,394 [WARN] ModelIntegratedComponent:63 - No mode defined for component null
2023-07-23 14:21:12,394 [WARN] ModelIntegratedComponent:63 - No mode defined for component null
2023-07-23 14:21:12,394 [WARN] ModelIntegratedComponent:63 - No mode defined for component null
2023-07-23 14:21:12,394 [WARN] ModelIntegratedComponent:63 - No mode defined for component null
2023-07-23 14:21:12,394 [WARN] ModelIntegratedComponent:63 - No mode defined for component null
2023-07-23 14:21:12,394 [WARN] ModelIntegratedComponent:63 - No mode defined for component null
2023-07-23 14:21:12,394 [WARN] ModelIntegratedComponent:63 - No mode defined for component null
2023-07-23 14:21:12,394 [WARN] ModelIntegratedComponent:63 - No mode defined for component null
2023-07-23 14:21:12,394 [WARN] ModelIntegratedComponent:63 - No mode defined for component null
2023-07-23 14:21:12,654 [INFO] ThirdPartyModel:298 - Start build external matchings
2023-07-23 14:21:14,315 [INFO] ThirdPartyModel:316 - End build external matchings
2023-07-23 14:21:14,395 [INFO] ImportTextPane:194 - (OptionalMessage_ERROR) IP (RCC) : Parameter (48MHZClocksFreq_Value) has invalid value (84000000)
2023-07-23 14:21:14,395 [INFO] ImportTextPane:194 - (OptionalMessage_ERROR) IP (RCC) : Parameter (RTCHSEDivFreq_Value) has invalid value (4000000)
2023-07-23 14:21:14,914 [INFO] UtilMem:75 - End LoadConfig() Used Memory: 913413600 Bytes (959447040)
2023-07-23 14:21:15,082 [INFO] ApiDb:581 - Connected to CubeFinder SQLite database (C:\Users\Administrator\.stmcufinder\plugins\mcufinder\mcu\cube-finder-db.db)
2023-07-23 14:21:15,142 [INFO] ApiDb:668 - CubeFinder database Data Model version=2.1
2023-07-23 14:21:15,142 [INFO] ApiDb:669 - CubeFinder database Configuration version=3.0.37
2023-07-23 14:21:15,142 [INFO] ApiDb:670 - CubeFinder database generation date=2023-06-26 (1687786131)
2023-07-23 14:21:15,142 [INFO] ApiDb:671 - CubeFinder database FW Pack versions=[FP-ATR-ASTRA1_V2.0.0, FP-SNS-FLIGHT1_V5.0.1, FP-SNS-MOTENV1_V4.3.1, STM32Cube_FW_C0_V1.1.0, STM32Cube_FW_F4_V1.27.1, STM32Cube_FW_F7_V1.17.0, STM32Cube_FW_G0_V1.6.1, STM32Cube_FW_G4_V1.5.1, STM32Cube_FW_H5_V0.5.1, STM32Cube_FW_H5_V1.1.0, STM32Cube_FW_H7_V1.11.0, STM32Cube_FW_L0_V1.12.2, STM32Cube_FW_L5_V1.5.0, STM32Cube_FW_U5_V1.3.0, STM32Cube_FW_U5_V1.3.0RC4, STM32Cube_FW_WBA_V1.0.0RC1, STM32Cube_FW_WBA_V1.1.0, STM32Cube_FW_WBA_V1.1.0RC1, STM32Cube_FW_WB_V1.15.0RC1, STM32Cube_FW_WB_V1.16.0, STM32Cube_FW_WB_V1.16.0RC2, STM32Cube_FW_WB_V1.17.0, STM32Cube_FW_WL_V1.3.0, X-CUBE-ALGOBUILD_V1.3.0, X-CUBE-ALS_V1.0.1, X-CUBE-AZRTOS-F4_V1.1.0, X-CUBE-AZRTOS-F7_V1.1.0, X-CUBE-AZRTOS-G0_V1.1.0, X-CUBE-AZRTOS-G4_V2.0.0, X-CUBE-AZRTOS-H7_V3.1.0, X-CUBE-AZRTOS-L4_V1.0.0, X-CUBE-AZRTOS-L4_V2.0.0, X-CUBE-AZRTOS-L5_V1.1.0, X-CUBE-AZRTOS-WB_V1.1.0, X-CUBE-AZRTOS-WL_V2.0.0, X-CUBE-BLE1_V6.2.4, X-CUBE-BLE2_V3.3.0, X-CUBE-BLEMGR_V2.0.0, X-CUBE-EEPRMA1_V4.1.0, X-CUBE-FREERTOS_V1.0.1, X-CUBE-GNSS1_V6.0.0, X-CUBE-MEMS1_V9.1.0, X-CUBE-MEMS1_V9.4.0, X-CUBE-MEMS1_V9.6.0, X-CUBE-NFC4_V3.0.0, X-CUBE-NFC7_V1.0.0, X-CUBE-SFXS2LP1_V4.0.0, X-CUBE-SUBG2_V5.0.0]
2023-07-23 14:21:17,563 [INFO] ApiDb:240 - Found 297 in-development CPN: [B-G473E-ZEST1S, B-WB1M-WPAN1, B-WL5M-SUBG1, NUCLEO-C031C6, NUCLEO-H503RB, NUCLEO-H563ZI, NUCLEO-U545RE-Q, NUCLEO-U5A5ZJ-Q, NUCLEO-WBA52CG, STEVAL-PROTEUS1, STEVAL-STWINBX1, STM320518-EVAL, STM32C0116-DK, STM32C011D6Y3TR, STM32C011D6Y6TR, STM32C011F4P3, STM32C011F4P6, STM32C011F4U3, STM32C011F4U6TR, STM32C011F6P3, STM32C011F6P6, STM32C011F6U3, STM32C011F6U6TR, STM32C011J4M3, STM32C011J4M6, STM32C011J6M3, STM32C011J6M6, STM32C0316-DK, STM32C031C4T3, STM32C031C4T6, STM32C031C4U3, STM32C031C4U6, STM32C031C6T3, STM32C031C6T6, STM32C031C6U3, STM32C031C6U6, STM32C031F4P3, STM32C031F4P6, STM32C031F6P3, STM32C031F6P6, STM32C031G4U3, STM32C031G4U6, STM32C031G6U3, STM32C031G6U6, STM32C031K4T3, STM32C031K4T6, STM32C031K4U3, STM32C031K4U6, STM32C031K6T3, STM32C031K6T6, STM32C031K6U3, STM32C031K6U6, STM32G071K8TXN, STM32G071K8UXN, STM32G081GBU6N, STM32G081KBT6N, STM32G081KBUXN, STM32G0B1CCT6N, STM32G0B1KCT6, STM32G0B1NEY6TR, STM32G0B1RCT6N, STM32G0C1CCT6, STM32G0C1CCT6N, STM32G0C1CCU6N, STM32G0C1CET6N, STM32G0C1CEU6N, STM32G0C1KCT6, STM32G0C1NEY6TR, STM32G0C1RCI6N, STM32G0C1RCT6N, STM32G0C1REI6N, STM32G0C1RET6N, STM32G0C1VCI6, STM32G0C1VEI6, STM32G471CCT6, STM32G471CCU6, STM32G471CET3, STM32G471CET6, STM32G471CEU3, STM32G471CEU6, STM32G471MCT6, STM32G471MET3, STM32G471MET6, STM32G471MEY6TR, STM32G471QCT6, STM32G471QET3, STM32G471RCT6, STM32G471RET3, STM32G471RET6, STM32G471VCH6, STM32G471VCI6, STM32G471VCT6, STM32G471VEH3, STM32G471VEH6, STM32G471VEI3, STM32G471VEI6, STM32G471VET3, STM32G471VET6, STM32G474CCT6, STM32H503CBT6, STM32H503CBU6, STM32H503EBY6TR, STM32H503KBU6, STM32H503RBT6, STM32H562AGI6, STM32H562AII6, STM32H562IGK6, STM32H562IGT6, STM32H562IIK6, STM32H562IIT6, STM32H562RGT6, STM32H562RGV6, STM32H562RIT6, STM32H562RIV6, STM32H562VGT6, STM32H562VIT6, STM32H562ZGT6, STM32H562ZIT6, STM32H563AGI6, STM32H563AII3Q, STM32H563AII6, STM32H563IGK6, STM32H563IGT6, STM32H563IIK3Q, STM32H563IIK6, STM32H563IIT3Q, STM32H563IIT6, STM32H563MIY3QTR, STM32H563RGT6, STM32H563RGV6, STM32H563RIT6, STM32H563RIV6, STM32H563VGT6, STM32H563VIT3Q, STM32H563VIT6, STM32H563ZGT6, STM32H563ZIT3Q, STM32H563ZIT6, STM32H573AII3Q, STM32H573AII6, STM32H573I-DK, STM32H573IIK3Q, STM32H573IIK6, STM32H573IIT3Q, STM32H573IIT6, STM32H573MIY3QTR, STM32H573RIT6, STM32H573RIV6, STM32H573VIT3Q, STM32H573VIT6, STM32H573ZIT3Q, STM32H573ZIT6, STM32L4R5QGI6STR, STM32MP131AAE3, STM32MP131AAF3, STM32MP131AAG3, STM32MP131CAE3, STM32MP131CAF3, STM32MP131CAG3, STM32MP131DAE7, STM32MP131DAF7, STM32MP131DAG7, STM32MP131FAE7, STM32MP131FAF7, STM32MP131FAG7, STM32MP133AAE3, STM32MP133AAF3, STM32MP133AAG3, STM32MP133CAE3, STM32MP133CAF3, STM32MP133CAG3, STM32MP133DAE7, STM32MP133DAF7, STM32MP133DAG7, STM32MP133FAE7, STM32MP133FAF7, STM32MP133FAG7, STM32MP135AAE3, STM32MP135AAF3, STM32MP135AAG3, STM32MP135CAE3, STM32MP135CAF3, STM32MP135CAG3, STM32MP135DAE7, STM32MP135DAF7, STM32MP135DAG7, STM32MP135F-DK, STM32MP135FAE7, STM32MP135FAF7, STM32MP135FAF7T, STM32MP135FAF7U, STM32MP135FAG7, STM32U535CBT6, STM32U535CBT6Q, STM32U535CBU6, STM32U535CBU6Q, STM32U535CCT6, STM32U535CCT6Q, STM32U535CCU6, STM32U535CCU6Q, STM32U535CET6, STM32U535CET6Q, STM32U535CEU6, STM32U535CEU6Q, STM32U535JEY6QTR, STM32U535NCY6QTR, STM32U535NEY6QTR, STM32U535RBI6, STM32U535RBI6Q, STM32U535RBT6, STM32U535RBT6Q, STM32U535RCI6, STM32U535RCI6Q, STM32U535RCT6, STM32U535RCT6Q, STM32U535REI6, STM32U535REI6Q, STM32U535RET6, STM32U535RET6Q, STM32U535VCI6, STM32U535VCI6Q, STM32U535VCT6, STM32U535VCT6Q, STM32U535VEI6, STM32U535VEI6Q, STM32U535VET6, STM32U535VET6Q, STM32U545CET6, STM32U545CET6Q, STM32U545CEU6, STM32U545CEU6Q, STM32U545JEY6QTR, STM32U545NEY6QTR, STM32U545REI6, STM32U545REI6Q, STM32U545RET6, STM32U545RET6Q, STM32U545VEI6, STM32U545VEI6Q, STM32U545VET6, STM32U545VET6Q, STM32U595AIH6, STM32U595AIH6Q, STM32U595AJH6, STM32U595AJH6Q, STM32U595QII6, STM32U595QII6Q, STM32U595QJI6, STM32U595QJI6Q, STM32U595RIT6, STM32U595RIT6Q, STM32U595RJT6, STM32U595RJT6Q, STM32U595VIT6, STM32U595VIT6Q, STM32U595VJT6, STM32U595VJT6Q, STM32U595ZIT6, STM32U595ZIT6Q, STM32U595ZIY6QTR, STM32U595ZJT6, STM32U595ZJT6Q, STM32U595ZJY6QTR, STM32U599BJY6QTR, STM32U599NIH6Q, STM32U599NJH6Q, STM32U599VIT6Q, STM32U599VJT6, STM32U599VJT6Q, STM32U599ZIT6Q, STM32U599ZIY6QTR, STM32U599ZJT6Q, STM32U599ZJY6QTR, STM32U5A5AJH6, STM32U5A5AJH6Q, STM32U5A5QJI6, STM32U5A5QJI6Q, STM32U5A5RJT6, STM32U5A5RJT6Q, STM32U5A5VJT6, STM32U5A5VJT6Q, STM32U5A5ZJT6, STM32U5A5ZJT6Q, STM32U5A5ZJY6QTR, STM32U5A9BJY6QTR, STM32U5A9J-DK, STM32U5A9NJH6Q, STM32U5A9VJT6Q, STM32U5A9ZJT6Q, STM32U5A9ZJY6QTR, STM32WB1MMCH6, STM32WBA52CEU6, STM32WBA52CEU6T, STM32WBA52CGU6, STM32WBA52CGU6T, STM32WL5MOCH6, STM32WL5MOCH6TR]
2023-07-23 14:21:17,563 [INFO] DbMcus:216 - Found 3825 MCUs, 3825 are supported
2023-07-23 14:21:17,573 [INFO] ApiDb:423 - Load user favorites file C:\Users\Administrator/.stm32cubeide/favorites.mcus.txt: 2 item(s)
2023-07-23 14:21:17,583 [INFO] ApiDb:427 - User favorites MCUs=[STM32F103C6T6A, STM32F103ZET6]
2023-07-23 14:21:17,583 [INFO] DbMcus:222 - Set 2 / 2 favorites MCUs
2023-07-23 14:21:17,953 [WARN] ThirdParty:833 - waiting for thirdparty lock release [change project]
2023-07-23 14:21:17,953 [INFO] ThirdParty:835 - entering critical section [change project]
2023-07-23 14:21:17,953 [INFO] ThirdParty:1030 - CMSIS Pack Vendor :wolfSSL I-CUBE-wolfSSL 5.2.0
2023-07-23 14:21:17,953 [INFO] ThirdParty:1030 - CMSIS Pack Vendor :STMicroelectronics X-CUBE-GNSS1 6.0.0
2023-07-23 14:21:17,953 [INFO] ThirdParty:1030 - CMSIS Pack Vendor :STMicroelectronics USB_HOST 2.0.0
2023-07-23 14:21:17,953 [INFO] ThirdParty:1030 - CMSIS Pack Vendor :STMicroelectronics X-CUBE-AZRTOS-F4 1.1.0
2023-07-23 14:21:17,953 [INFO] ThirdParty:1030 - CMSIS Pack Vendor :STMicroelectronics LIBJPEG 8.0.0
2023-07-23 14:21:17,953 [INFO] ThirdParty:1030 - CMSIS Pack Vendor :STMicroelectronics X-CUBE-SMBUS 2.1.0
2023-07-23 14:21:17,953 [INFO] ThirdParty:1030 - CMSIS Pack Vendor :STMicroelectronics X-CUBE-MEMS1 9.2.0
2023-07-23 14:21:17,953 [INFO] ThirdParty:1030 - CMSIS Pack Vendor :STMicroelectronics X-CUBE-BLEMGR 1.2.0
2023-07-23 14:21:17,953 [INFO] ThirdParty:1030 - CMSIS Pack Vendor :STMicroelectronics X-CUBE-AZRTOS-F7 1.1.0
2023-07-23 14:21:17,953 [INFO] ThirdParty:1030 - CMSIS Pack Vendor :STMicroelectronics USB_DEVICE 2.0.0
2023-07-23 14:21:17,953 [INFO] ThirdParty:1030 - CMSIS Pack Vendor :STMicroelectronics X-CUBE-MEMS1 9.6.0
2023-07-23 14:21:17,953 [INFO] ThirdParty:1030 - CMSIS Pack Vendor :STMicroelectronics X-CUBE-AI 7.1.0
2023-07-23 14:21:17,953 [INFO] ThirdParty:1030 - CMSIS Pack Vendor :STMicroelectronics X-CUBE-TOUCHGFX 4.19.1
2023-07-23 14:21:17,953 [INFO] ThirdParty:1030 - CMSIS Pack Vendor :STMicroelectronics FP-SNS-MOTENV1 4.3.0
2023-07-23 14:21:17,953 [INFO] ThirdParty:1030 - CMSIS Pack Vendor :STMicroelectronics FP-SNS-MOTENV1 4.3.2
2023-07-23 14:21:17,953 [INFO] ThirdParty:1030 - CMSIS Pack Vendor :STMicroelectronics FP-SNS-FLIGHT1 5.0.0
2023-07-23 14:21:17,953 [INFO] ThirdParty:1030 - CMSIS Pack Vendor :STMicroelectronics FP-SNS-MOTENV1 4.3.1
2023-07-23 14:21:17,953 [INFO] ThirdParty:1030 - CMSIS Pack Vendor :STMicroelectronics FP-SNS-FLIGHT1 5.0.1
2023-07-23 14:21:17,953 [INFO] ThirdParty:1030 - CMSIS Pack Vendor :STMicroelectronics X-CUBE-BLE1 6.2.3
2023-07-23 14:21:17,953 [INFO] ThirdParty:1030 - CMSIS Pack Vendor :STMicroelectronics X-CUBE-BLE1 6.2.4
2023-07-23 14:21:17,953 [INFO] ThirdParty:1030 - CMSIS Pack Vendor :STMicroelectronics FreeRTOS 0.0.1
2023-07-23 14:21:17,953 [INFO] ThirdParty:1030 - CMSIS Pack Vendor :STMicroelectronics X-CUBE-BLEMGR 2.0.0
2023-07-23 14:21:17,953 [INFO] ThirdParty:1030 - CMSIS Pack Vendor :STMicroelectronics X-CUBE-BLE1 6.2.2
2023-07-23 14:21:17,953 [INFO] ThirdParty:1030 - CMSIS Pack Vendor :STMicroelectronics X-CUBE-NFC4 2.0.5
2023-07-23 14:21:17,953 [INFO] ThirdParty:1030 - CMSIS Pack Vendor :STMicroelectronics FP-SNS-FLIGHT1 5.0.2
2023-07-23 14:21:17,953 [INFO] ThirdParty:1030 - CMSIS Pack Vendor :STMicroelectronics X-CUBE-NFC4 2.0.4
2023-07-23 14:21:17,953 [INFO] ThirdParty:1030 - CMSIS Pack Vendor :STMicroelectronics X-CUBE-BLE2 3.2.2
2023-07-23 14:21:17,963 [INFO] ThirdParty:1030 - CMSIS Pack Vendor :STMicroelectronics X-CUBE-NFC4 2.0.3
2023-07-23 14:21:17,963 [INFO] ThirdParty:1030 - CMSIS Pack Vendor :STMicroelectronics X-CUBE-AZRTOS-H7 3.1.0
2023-07-23 14:21:17,963 [INFO] ThirdParty:1030 - CMSIS Pack Vendor :STMicroelectronics PDM2PCM 3.3.0
2023-07-23 14:21:17,963 [INFO] ThirdParty:1030 - CMSIS Pack Vendor :STMicroelectronics X-CUBE-TOF1 3.1.0
2023-07-23 14:21:17,963 [INFO] ThirdParty:1030 - CMSIS Pack Vendor :STMicroelectronics X-CUBE-SFXS2LP1 3.1.0
2023-07-23 14:21:17,963 [INFO] ThirdParty:1030 - CMSIS Pack Vendor :STMicroelectronics X-CUBE-DISPLAY 3.0.0
2023-07-23 14:21:17,963 [INFO] ThirdParty:1030 - CMSIS Pack Vendor :STMicroelectronics X-CUBE-AZRTOS-F4 1.0.0
2023-07-23 14:21:17,963 [INFO] ThirdParty:1030 - CMSIS Pack Vendor :STMicroelectronics HAL Drivers 0.0.0
2023-07-23 14:21:17,963 [INFO] ThirdParty:1030 - CMSIS Pack Vendor :STMicroelectronics X-CUBE-TOUCHGFX 4.22.0
2023-07-23 14:21:17,963 [INFO] ThirdParty:1030 - CMSIS Pack Vendor :STMicroelectronics X-CUBE-NFC7 1.0.1
2023-07-23 14:21:17,963 [INFO] ThirdParty:1030 - CMSIS Pack Vendor :STMicroelectronics MBEDTLS 2.14.1
2023-07-23 14:21:17,963 [INFO] ThirdParty:1030 - CMSIS Pack Vendor :STMicroelectronics X-CUBE-NFC7 1.0.0
2023-07-23 14:21:17,963 [INFO] ThirdParty:1030 - CMSIS Pack Vendor :STMicroelectronics X-CUBE-SUBG2 4.2.0
2023-07-23 14:21:17,963 [INFO] ThirdParty:1030 - CMSIS Pack Vendor :STMicroelectronics X-CUBE-MEMS1 9.3.0
2023-07-23 14:21:17,963 [INFO] ThirdParty:1030 - CMSIS Pack Vendor :STMicroelectronics X-CUBE-EEPRMA1 4.1.0
2023-07-23 14:21:17,963 [INFO] ThirdParty:1030 - CMSIS Pack Vendor :STMicroelectronics X-CUBE-AI 7.2.0
2023-07-23 14:21:17,963 [INFO] ThirdParty:1030 - CMSIS Pack Vendor :STMicroelectronics X-CUBE-AZRTOS-WL 2.0.0
2023-07-23 14:21:17,963 [INFO] ThirdParty:1030 - CMSIS Pack Vendor :STMicroelectronics USB_DEVICE 1.0.0
2023-07-23 14:21:17,963 [INFO] ThirdParty:1030 - CMSIS Pack Vendor :STMicroelectronics X-CUBE-AZRTOS-G0 1.0.0
2023-07-23 14:21:17,963 [INFO] ThirdParty:1030 - CMSIS Pack Vendor :STMicroelectronics X-CUBE-AZRTOS-L4 2.0.0
2023-07-23 14:21:17,963 [INFO] ThirdParty:1030 - CMSIS Pack Vendor :STMicroelectronics ThreadX 0.0.2
2023-07-23 14:21:17,963 [INFO] ThirdParty:1030 - CMSIS Pack Vendor :WES I-CUBE-Cesium 1.3.0
2023-07-23 14:21:17,963 [INFO] ThirdParty:1030 - CMSIS Pack Vendor :STMicroelectronics lwIP 2.1.2
2023-07-23 14:21:17,963 [INFO] ThirdParty:1030 - CMSIS Pack Vendor :STMicroelectronics X-CUBE-SFXS2LP1 4.0.0
2023-07-23 14:21:17,963 [INFO] ThirdParty:1030 - CMSIS Pack Vendor :STMicroelectronics X-CUBE-BLE2 3.3.0
2023-07-23 14:21:17,963 [INFO] ThirdParty:1030 - CMSIS Pack Vendor :STMicroelectronics X-CUBE-DISPLAY 2.2.0
2023-07-23 14:21:17,963 [INFO] ThirdParty:1030 - CMSIS Pack Vendor :STMicroelectronics X-CUBE-TOF1 3.2.0
2023-07-23 14:21:17,963 [INFO] ThirdParty:1030 - CMSIS Pack Vendor :STMicroelectronics PDM2PCM 3.2.0
2023-07-23 14:21:17,963 [INFO] ThirdParty:1030 - CMSIS Pack Vendor :STMicroelectronics X-CUBE-TOUCHGFX 4.18.1
2023-07-23 14:21:17,963 [INFO] ThirdParty:1030 - CMSIS Pack Vendor :STMicroelectronics X-CUBE-AZRTOS-H7 3.0.0
2023-07-23 14:21:17,963 [INFO] ThirdParty:1030 - CMSIS Pack Vendor :STMicroelectronics X-CUBE-ISPU 1.1.0
2023-07-23 14:21:17,963 [INFO] ThirdParty:1030 - CMSIS Pack Vendor :RoweBots I-CUBE-UNISONRTOS 5.5.0-4
2023-07-23 14:21:17,963 [INFO] ThirdParty:1030 - CMSIS Pack Vendor :STMicroelectronics X-CUBE-AZRTOS-H7 2.1.0
2023-07-23 14:21:17,963 [INFO] ThirdParty:1030 - CMSIS Pack Vendor :STMicroelectronics USB_DEVICE 3.0.0
2023-07-23 14:21:17,963 [INFO] ThirdParty:1030 - CMSIS Pack Vendor :STMicroelectronics X-CUBE-AI 8.0.0
2023-07-23 14:21:17,963 [INFO] ThirdParty:1030 - CMSIS Pack Vendor :STMicroelectronics X-CUBE-FREERTOS 1.0.0
2023-07-23 14:21:17,963 [INFO] ThirdParty:1030 - CMSIS Pack Vendor :STMicroelectronics X-CUBE-FREERTOS 1.0.1
2023-07-23 14:21:17,963 [INFO] ThirdParty:1030 - CMSIS Pack Vendor :STMicroelectronics X-CUBE-TOUCHGFX 4.21.1
2023-07-23 14:21:17,963 [INFO] ThirdParty:1030 - CMSIS Pack Vendor :STMicroelectronics X-CUBE-TOUCHGFX 4.21.3
2023-07-23 14:21:17,963 [INFO] ThirdParty:1030 - CMSIS Pack Vendor :STMicroelectronics X-CUBE-BLEMGR 1.0.0
2023-07-23 14:21:17,963 [INFO] ThirdParty:1030 - CMSIS Pack Vendor :STMicroelectronics X-CUBE-TOUCHGFX 4.21.4
2023-07-23 14:21:17,963 [INFO] ThirdParty:1030 - CMSIS Pack Vendor :STMicroelectronics X-CUBE-AI 7.3.0
2023-07-23 14:21:17,963 [INFO] ThirdParty:1030 - CMSIS Pack Vendor :STMicroelectronics X-CUBE-ALGOBUILD 1.3.0
2023-07-23 14:21:17,963 [INFO] ThirdParty:1030 - CMSIS Pack Vendor :STMicroelectronics X-CUBE-AZRTOS-L5 1.1.0
2023-07-23 14:21:17,963 [INFO] ThirdParty:1030 - CMSIS Pack Vendor :STMicroelectronics X-CUBE-AZRTOS-G0 1.1.0
2023-07-23 14:21:17,963 [INFO] ThirdParty:1030 - CMSIS Pack Vendor :STMicroelectronics X-CUBE-AI 8.0.1
2023-07-23 14:21:17,963 [INFO] ThirdParty:1030 - CMSIS Pack Vendor :STMicroelectronics X-CUBE-SUBG2 5.0.0
2023-07-23 14:21:17,963 [INFO] ThirdParty:1030 - CMSIS Pack Vendor :STMicroelectronics X-CUBE-NFC4 3.0.0
2023-07-23 14:21:17,963 [INFO] ThirdParty:1030 - CMSIS Pack Vendor :SEGGER I-CUBE-embOS 1.2.0
2023-07-23 14:21:17,963 [INFO] ThirdParty:1030 - CMSIS Pack Vendor :STMicroelectronics STM32_WPAN 1.0.0
2023-07-23 14:21:17,963 [INFO] ThirdParty:1030 - CMSIS Pack Vendor :STMicroelectronics lwIP 2.0.3
2023-07-23 14:21:17,963 [INFO] ThirdParty:1030 - CMSIS Pack Vendor :STMicroelectronics USB_HOST 1.0.0
2023-07-23 14:21:17,963 [INFO] ThirdParty:1030 - CMSIS Pack Vendor :STMicroelectronics X-CUBE-TOF1 3.3.1
2023-07-23 14:21:17,963 [INFO] ThirdParty:1030 - CMSIS Pack Vendor :STMicroelectronics X-CUBE-DISPLAY 2.1.0
2023-07-23 14:21:17,963 [INFO] ThirdParty:1030 - CMSIS Pack Vendor :STMicroelectronics X-CUBE-AZRTOS-G4 2.0.0
2023-07-23 14:21:17,963 [INFO] ThirdParty:1030 - CMSIS Pack Vendor :STMicroelectronics PDM2PCM 3.1.0
2023-07-23 14:21:17,963 [INFO] ThirdParty:1030 - CMSIS Pack Vendor :STMicroelectronics X-CUBE-TOF1 3.3.0
2023-07-23 14:21:17,963 [INFO] ThirdParty:1030 - CMSIS Pack Vendor :STMicroelectronics FP-ATR-ASTRA1 1.1.1
2023-07-23 14:21:17,963 [INFO] ThirdParty:1030 - CMSIS Pack Vendor :STMicroelectronics FP-ATR-ASTRA1 1.1.0
2023-07-23 14:21:17,963 [INFO] ThirdParty:1030 - CMSIS Pack Vendor :STMicroelectronics X-CUBE-AZRTOS-H7 2.0.0
2023-07-23 14:21:17,963 [INFO] ThirdParty:1030 - CMSIS Pack Vendor :STMicroelectronics X-CUBE-AZRTOS-G4 1.0.0
2023-07-23 14:21:17,963 [INFO] ThirdParty:1030 - CMSIS Pack Vendor :STMicroelectronics FP-ATR-SIGFOX1 3.2.0
2023-07-23 14:21:17,963 [INFO] ThirdParty:1030 - CMSIS Pack Vendor :STMicroelectronics X-CUBE-AZRTOS-L4 1.0.0
2023-07-23 14:21:17,963 [INFO] ThirdParty:1030 - CMSIS Pack Vendor :STMicroelectronics MBEDTLS 2.16.2
2023-07-23 14:21:17,963 [INFO] ThirdParty:1030 - CMSIS Pack Vendor :emotas I-CUBE-CANOPEN 1.1.2
2023-07-23 14:21:17,963 [INFO] ThirdParty:1030 - CMSIS Pack Vendor :STMicroelectronics X-CUBE-TOUCHGFX 4.20.0
2023-07-23 14:21:17,963 [INFO] ThirdParty:1030 - CMSIS Pack Vendor :STMicroelectronics X-CUBE-AZRTOS-F7 1.0.0
2023-07-23 14:21:17,963 [INFO] ThirdParty:1030 - CMSIS Pack Vendor :STMicroelectronics X-CUBE-AZRTOS-WL 1.0.0
2023-07-23 14:21:17,963 [INFO] ThirdParty:1030 - CMSIS Pack Vendor :STMicroelectronics X-CUBE-MEMS1 9.1.0
2023-07-23 14:21:17,963 [INFO] ThirdParty:1030 - CMSIS Pack Vendor :portGmbH I-Cube-SoM-uGOAL 1.1.0
2023-07-23 14:21:17,963 [INFO] ThirdParty:1030 - CMSIS Pack Vendor :STMicroelectronics X-CUBE-ALS 1.0.1
2023-07-23 14:21:17,963 [INFO] ThirdParty:1030 - CMSIS Pack Vendor :STMicroelectronics X-CUBE-MEMS1 9.5.0
2023-07-23 14:21:17,963 [INFO] ThirdParty:1030 - CMSIS Pack Vendor :STMicroelectronics ThreadX 1.0.0
2023-07-23 14:21:17,963 [INFO] ThirdParty:1030 - CMSIS Pack Vendor :STMicroelectronics X-CUBE-AZRTOS-WB 1.1.0
2023-07-23 14:21:17,963 [INFO] ThirdParty:1030 - CMSIS Pack Vendor :SEGGER I-CUBE-embOS 1.3.1
2023-07-23 14:21:17,963 [INFO] ThirdParty:1030 - CMSIS Pack Vendor :STMicroelectronics X-CUBE-AZRTOS-L5 1.0.0
2023-07-23 14:21:17,963 [INFO] ThirdParty:1030 - CMSIS Pack Vendor :STMicroelectronics X-CUBE-EEPRMA1 3.1.1
2023-07-23 14:21:17,963 [INFO] ThirdParty:1030 - CMSIS Pack Vendor :STMicroelectronics X-CUBE-GNSS1 5.2.0
2023-07-23 14:21:17,963 [INFO] ThirdParty:1030 - CMSIS Pack Vendor :STMicroelectronics FP-ATR-ASTRA1 2.0.0
2023-07-23 14:21:17,963 [INFO] ThirdParty:1030 - CMSIS Pack Vendor :STMicroelectronics X-CUBE-DISPLAY 2.0.1
2023-07-23 14:21:17,963 [INFO] ThirdParty:1030 - CMSIS Pack Vendor :STMicroelectronics X-CUBE-TOF1 3.0.0
2023-07-23 14:21:17,963 [INFO] ThirdParty:841 - exiting critical section [change project]
2023-07-23 14:21:18,543 [INFO] PinOutPanel:1499 - setPackage(No Configuration,No Configuration)
2023-07-23 14:21:18,543 [INFO] PinOutPanel:1499 - setPackage(STM32F407ZGTx,LQFP144)
2023-07-23 14:21:19,293 [INFO] UtilMem:75 - Before build in PCC Used Memory: 962224872 Bytes (1073741824)
2023-07-23 14:21:20,417 [INFO] UtilMem:75 - After build in PCC Used Memory: 979550328 Bytes (1073741824)
2023-07-23 14:21:20,447 [INFO] IPUIPlugin:80 - create IPUIPlugin
2023-07-23 14:21:20,447 [INFO] IPUIPlugin:80 - create IPUIPlugin
2023-07-23 14:21:20,447 [INFO] IPUIPlugin:80 - create IPUIPlugin
2023-07-23 14:21:20,447 [INFO] IPUIPlugin:80 - create IPUIPlugin
2023-07-23 14:21:20,447 [INFO] IPUIPlugin:80 - create IPUIPlugin
2023-07-23 14:21:20,447 [INFO] IPUIPlugin:80 - create IPUIPlugin
2023-07-23 14:21:20,447 [INFO] IPUIPlugin:80 - create IPUIPlugin
2023-07-23 14:21:20,447 [INFO] IPUIPlugin:80 - create IPUIPlugin
2023-07-23 14:21:20,447 [INFO] IPUIPlugin:80 - create IPUIPlugin
2023-07-23 14:21:20,447 [INFO] IPUIPlugin:80 - create IPUIPlugin
2023-07-23 14:21:20,447 [INFO] IPUIPlugin:80 - create IPUIPlugin
2023-07-23 14:21:20,447 [INFO] IPUIPlugin:80 - create IPUIPlugin
2023-07-23 14:21:20,447 [INFO] IPUIPlugin:80 - create IPUIPlugin
2023-07-23 14:21:20,457 [INFO] IPUIPlugin:80 - create IPUIPlugin
2023-07-23 14:21:20,457 [INFO] IPUIPlugin:80 - create IPUIPlugin
2023-07-23 14:21:20,457 [INFO] IPUIPlugin:80 - create IPUIPlugin
2023-07-23 14:21:20,457 [INFO] IPUIPlugin:80 - create IPUIPlugin
2023-07-23 14:21:20,457 [INFO] IPUIPlugin:80 - create IPUIPlugin
2023-07-23 14:21:20,457 [INFO] IPUIPlugin:80 - create IPUIPlugin
2023-07-23 14:21:20,457 [INFO] IPUIPlugin:80 - create IPUIPlugin
2023-07-23 14:21:20,457 [INFO] IPUIPlugin:80 - create IPUIPlugin
2023-07-23 14:21:20,457 [INFO] IPUIPlugin:80 - create IPUIPlugin
2023-07-23 14:21:20,457 [INFO] IPUIPlugin:80 - create IPUIPlugin
2023-07-23 14:21:20,457 [INFO] IPUIPlugin:80 - create IPUIPlugin
2023-07-23 14:21:20,457 [INFO] IPUIPlugin:80 - create IPUIPlugin
2023-07-23 14:21:20,457 [INFO] IPUIPlugin:80 - create IPUIPlugin
2023-07-23 14:21:20,457 [INFO] IPUIPlugin:80 - create IPUIPlugin
2023-07-23 14:21:20,457 [INFO] IPUIPlugin:80 - create IPUIPlugin
2023-07-23 14:21:20,467 [INFO] IPUIPlugin:80 - create IPUIPlugin
2023-07-23 14:21:20,467 [INFO] IPUIPlugin:80 - create IPUIPlugin
2023-07-23 14:21:20,467 [INFO] IPUIPlugin:80 - create IPUIPlugin
2023-07-23 14:21:20,467 [INFO] IPUIPlugin:80 - create IPUIPlugin
2023-07-23 14:21:20,467 [INFO] IPUIPlugin:80 - create IPUIPlugin
2023-07-23 14:21:20,467 [INFO] IPUIPlugin:80 - create IPUIPlugin
2023-07-23 14:21:20,467 [INFO] IPUIPlugin:80 - create IPUIPlugin
2023-07-23 14:21:20,467 [INFO] IPUIPlugin:80 - create IPUIPlugin
2023-07-23 14:21:20,467 [INFO] IPUIPlugin:80 - create IPUIPlugin
2023-07-23 14:21:20,467 [INFO] IPUIPlugin:80 - create IPUIPlugin
2023-07-23 14:21:20,467 [INFO] IPUIPlugin:80 - create IPUIPlugin
2023-07-23 14:21:20,467 [INFO] IPUIPlugin:80 - create IPUIPlugin
2023-07-23 14:21:20,467 [INFO] IPUIPlugin:80 - create IPUIPlugin
2023-07-23 14:21:20,467 [INFO] IPUIPlugin:80 - create IPUIPlugin
2023-07-23 14:21:20,467 [INFO] IPUIPlugin:80 - create IPUIPlugin
2023-07-23 14:21:20,467 [INFO] IPUIPlugin:80 - create IPUIPlugin
2023-07-23 14:21:20,467 [INFO] IPUIPlugin:80 - create IPUIPlugin
2023-07-23 14:21:20,467 [INFO] IPUIPlugin:80 - create IPUIPlugin
2023-07-23 14:21:20,467 [INFO] IPUIPlugin:80 - create IPUIPlugin
2023-07-23 14:21:20,467 [INFO] IPUIPlugin:80 - create IPUIPlugin
2023-07-23 14:21:20,467 [INFO] IPUIPlugin:80 - create IPUIPlugin
2023-07-23 14:21:20,467 [INFO] IPUIPlugin:80 - create IPUIPlugin
2023-07-23 14:21:20,467 [INFO] IPUIPlugin:80 - create IPUIPlugin
2023-07-23 14:21:20,467 [INFO] IPUIPlugin:80 - create IPUIPlugin
2023-07-23 14:21:20,467 [INFO] IPUIPlugin:80 - create IPUIPlugin
2023-07-23 14:21:20,467 [INFO] IPUIPlugin:80 - create IPUIPlugin
2023-07-23 14:21:20,467 [INFO] IPUIPlugin:80 - create IPUIPlugin
2023-07-23 14:21:20,467 [INFO] IPUIPlugin:80 - create IPUIPlugin
2023-07-23 14:21:20,467 [INFO] IPUIPlugin:80 - create IPUIPlugin
2023-07-23 14:21:20,467 [INFO] IPUIPlugin:80 - create IPUIPlugin
2023-07-23 14:21:20,577 [INFO] ApiDbMcu:507 - Load IP Config File for PDM2PCM
2023-07-23 14:21:20,927 [INFO] CADModel:165 - CPN selected for project levelSTM32F407ZGT6
2023-07-23 14:21:20,927 [INFO] CADModel:114 - Register for checkConnection events
2023-07-23 14:21:21,011 [INFO] OpenFileManager:328 - Restore cursor
2023-07-23 14:21:31,192 [INFO] ApiDbMcu:507 - Load IP Config File for FATFS
2023-07-23 14:22:02,090 [WARN] MainPanel:257 - <html><b><center>Warning: This peripheral has no parameters to be configured<br></b></html>
2023-07-23 14:26:36,929 [INFO] NvicIntPanel:101 - NVIC parent = com.st.microxplorer.plugins.ip.nvic.MultiNvicIntPanel[,0,0,0x0,invalid,layout=javax.swing.BoxLayout,alignmentX=0.0,alignmentY=0.0,border=,flags=9,maximumSize=,minimumSize=,preferredSize=]
2023-07-23 14:26:53,483 [ERROR] LogOutputStream:75 - [STDERR_REDIRECT] Exception in thread "AWT-EventQueue-0" java.lang.ClassCastException: class sun.awt.windows.WEmbeddedFrame cannot be cast to class javax.swing.JFrame (sun.awt.windows.WEmbeddedFrame and javax.swing.JFrame are in module java.desktop of loader 'bootstrap')
2023-07-23 14:26:53,483 [ERROR] LogOutputStream:75 - [STDERR_REDIRECT] 	at com.st.microxplorer.plugins.clock.ClockConfigurationView.activatePlugin(ClockConfigurationView.java:425)
2023-07-23 14:26:53,483 [ERROR] LogOutputStream:75 - [STDERR_REDIRECT] 	at com.st.microxplorer.maingui.MainPanel$1.stateChanged(MainPanel.java:358)
2023-07-23 14:26:53,493 [ERROR] LogOutputStream:75 - [STDERR_REDIRECT] 	at java.desktop/javax.swing.JTabbedPane.fireStateChanged(JTabbedPane.java:418)
2023-07-23 14:26:53,493 [ERROR] LogOutputStream:75 - [STDERR_REDIRECT] 	at java.desktop/javax.swing.JTabbedPane$ModelListener.stateChanged(JTabbedPane.java:269)
2023-07-23 14:26:53,493 [ERROR] LogOutputStream:75 - [STDERR_REDIRECT] 	at java.desktop/javax.swing.DefaultSingleSelectionModel.fireStateChanged(DefaultSingleSelectionModel.java:143)
2023-07-23 14:26:53,493 [ERROR] LogOutputStream:75 - [STDERR_REDIRECT] 	at java.desktop/javax.swing.DefaultSingleSelectionModel.setSelectedIndex(DefaultSingleSelectionModel.java:74)
2023-07-23 14:26:53,493 [ERROR] LogOutputStream:75 - [STDERR_REDIRECT] 	at java.desktop/javax.swing.JTabbedPane.setSelectedIndexImpl(JTabbedPane.java:622)
2023-07-23 14:26:53,493 [ERROR] LogOutputStream:75 - [STDERR_REDIRECT] 	at java.desktop/javax.swing.JTabbedPane.setSelectedIndex(JTabbedPane.java:597)
2023-07-23 14:26:53,493 [ERROR] LogOutputStream:75 - [STDERR_REDIRECT] 	at java.desktop/javax.swing.plaf.basic.BasicTabbedPaneUI$Handler.mousePressed(BasicTabbedPaneUI.java:4090)
2023-07-23 14:26:53,493 [ERROR] LogOutputStream:75 - [STDERR_REDIRECT] 	at java.desktop/java.awt.Component.processMouseEvent(Component.java:6632)
2023-07-23 14:26:53,503 [ERROR] LogOutputStream:75 - [STDERR_REDIRECT] 	at java.desktop/javax.swing.JComponent.processMouseEvent(JComponent.java:3342)
2023-07-23 14:26:53,503 [ERROR] LogOutputStream:75 - [STDERR_REDIRECT] 	at java.desktop/java.awt.Component.processEvent(Component.java:6400)
2023-07-23 14:26:53,503 [ERROR] LogOutputStream:75 - [STDERR_REDIRECT] 	at java.desktop/java.awt.Container.processEvent(Container.java:2263)
2023-07-23 14:26:53,503 [ERROR] LogOutputStream:75 - [STDERR_REDIRECT] 	at java.desktop/java.awt.Component.dispatchEventImpl(Component.java:5011)
2023-07-23 14:26:53,503 [ERROR] LogOutputStream:75 - [STDERR_REDIRECT] 	at java.desktop/java.awt.Container.dispatchEventImpl(Container.java:2321)
2023-07-23 14:26:53,503 [ERROR] LogOutputStream:75 - [STDERR_REDIRECT] 	at java.desktop/java.awt.Component.dispatchEvent(Component.java:4843)
2023-07-23 14:26:53,503 [ERROR] LogOutputStream:75 - [STDERR_REDIRECT] 	at java.desktop/java.awt.LightweightDispatcher.retargetMouseEvent(Container.java:4918)
2023-07-23 14:26:53,503 [ERROR] LogOutputStream:75 - [STDERR_REDIRECT] 	at java.desktop/java.awt.LightweightDispatcher.processMouseEvent(Container.java:4544)
2023-07-23 14:26:53,503 [ERROR] LogOutputStream:75 - [STDERR_REDIRECT] 	at java.desktop/java.awt.LightweightDispatcher.dispatchEvent(Container.java:4488)
2023-07-23 14:26:53,503 [ERROR] LogOutputStream:75 - [STDERR_REDIRECT] 	at java.desktop/java.awt.Container.dispatchEventImpl(Container.java:2307)
2023-07-23 14:26:53,513 [ERROR] LogOutputStream:75 - [STDERR_REDIRECT] 	at java.desktop/java.awt.Component.dispatchEvent(Component.java:4843)
2023-07-23 14:26:53,513 [ERROR] LogOutputStream:75 - [STDERR_REDIRECT] 	at java.desktop/java.awt.EventQueue.dispatchEventImpl(EventQueue.java:772)
2023-07-23 14:26:53,513 [ERROR] LogOutputStream:75 - [STDERR_REDIRECT] 	at java.desktop/java.awt.EventQueue$4.run(EventQueue.java:721)
2023-07-23 14:26:53,513 [ERROR] LogOutputStream:75 - [STDERR_REDIRECT] 	at java.desktop/java.awt.EventQueue$4.run(EventQueue.java:715)
2023-07-23 14:26:53,513 [ERROR] LogOutputStream:75 - [STDERR_REDIRECT] 	at java.base/java.security.AccessController.doPrivileged(Native Method)
2023-07-23 14:26:53,513 [ERROR] LogOutputStream:75 - [STDERR_REDIRECT] 	at java.base/java.security.ProtectionDomain$JavaSecurityAccessImpl.doIntersectionPrivilege(ProtectionDomain.java:85)
2023-07-23 14:26:53,513 [ERROR] LogOutputStream:75 - [STDERR_REDIRECT] 	at java.base/java.security.ProtectionDomain$JavaSecurityAccessImpl.doIntersectionPrivilege(ProtectionDomain.java:95)
2023-07-23 14:26:53,513 [ERROR] LogOutputStream:75 - [STDERR_REDIRECT] 	at java.desktop/java.awt.EventQueue$5.run(EventQueue.java:745)
2023-07-23 14:26:53,513 [ERROR] LogOutputStream:75 - [STDERR_REDIRECT] 	at java.desktop/java.awt.EventQueue$5.run(EventQueue.java:743)
2023-07-23 14:26:53,513 [ERROR] LogOutputStream:75 - [STDERR_REDIRECT] 	at java.base/java.security.AccessController.doPrivileged(Native Method)
2023-07-23 14:26:53,523 [ERROR] LogOutputStream:75 - [STDERR_REDIRECT] 	at java.base/java.security.ProtectionDomain$JavaSecurityAccessImpl.doIntersectionPrivilege(ProtectionDomain.java:85)
2023-07-23 14:26:53,523 [ERROR] LogOutputStream:75 - [STDERR_REDIRECT] 	at java.desktop/java.awt.EventQueue.dispatchEvent(EventQueue.java:742)
2023-07-23 14:26:53,523 [ERROR] LogOutputStream:75 - [STDERR_REDIRECT] 	at java.desktop/java.awt.EventDispatchThread.pumpOneEventForFilters(EventDispatchThread.java:203)
2023-07-23 14:26:53,523 [ERROR] LogOutputStream:75 - [STDERR_REDIRECT] 	at java.desktop/java.awt.EventDispatchThread.pumpEventsForFilter(EventDispatchThread.java:124)
2023-07-23 14:26:53,523 [ERROR] LogOutputStream:75 - [STDERR_REDIRECT] 	at java.desktop/java.awt.EventDispatchThread.pumpEventsForHierarchy(EventDispatchThread.java:113)
2023-07-23 14:26:53,523 [ERROR] LogOutputStream:75 - [STDERR_REDIRECT] 	at java.desktop/java.awt.EventDispatchThread.pumpEvents(EventDispatchThread.java:109)
2023-07-23 14:26:53,523 [ERROR] LogOutputStream:75 - [STDERR_REDIRECT] 	at java.desktop/java.awt.EventDispatchThread.pumpEvents(EventDispatchThread.java:101)
2023-07-23 14:26:53,523 [ERROR] LogOutputStream:75 - [STDERR_REDIRECT] 	at java.desktop/java.awt.EventDispatchThread.run(EventDispatchThread.java:90)
