2023-11-16 18:12:21,070 [INFO] Activator:176 - 


2023-11-16 18:12:21,090 [INFO] Activator:177 - !SESSION log4j initialized
2023-11-16 18:12:30,171 [ERROR] LogOutputStream:75 - [STDERR_REDIRECT] Warning: NLS unused message: ?????????????????????? in: org.eclipse.ui.views.markers.internal.messages
2023-11-16 18:12:33,791 [INFO] LogOutputStream:77 - [STDOUT_REDIRECT] 
2023-11-16 18:13:04,025 [ERROR] LogOutputStream:75 - [STDERR_REDIRECT] SLF4J: Failed to load class "org.slf4j.impl.StaticLoggerBinder".
2023-11-16 18:13:04,035 [ERROR] LogOutputStream:75 - [STDERR_REDIRECT] SLF4J: Defaulting to no-operation (NOP) logger implementation
2023-11-16 18:13:04,035 [ERROR] LogOutputStream:75 - [STDERR_REDIRECT] SLF4J: See http://www.slf4j.org/codes.html#StaticLoggerBinder for further details.
2023-11-16 18:13:29,918 [INFO] ApplicationProperties:184 - Using Application install path: E:\Software\STM32CubeIDE_1.12.0\STM32CubeIDE\plugins\com.st.stm32cube.common.mx_6.8.1.202304191431
2023-11-16 18:13:29,978 [INFO] DbMcusXml:78 - Set database path to: E:\Software\STM32CubeIDE_1.12.0\STM32CubeIDE\plugins\com.st.stm32cube.common.mx_6.8.1.202304191431\\db\/mcu/
2023-11-16 18:13:29,978 [INFO] ApiDb:274 - Set plugin database path to: E:\Software\STM32CubeIDE_1.12.0\STM32CubeIDE\plugins\com.st.stm32cube.common.mx_6.8.1.202304191431\\db\/plugins/boardmanager/
2023-11-16 18:13:29,978 [WARN] ApiDb:259 - Overriding images path with different value:  => E:\Software\STM32CubeIDE_1.12.0\STM32CubeIDE\plugins\com.st.stm32cube.common.mx_6.8.1.202304191431\\db\/plugins/mcufinder/images/
2023-11-16 18:13:30,038 [INFO] ApiDb:250 - Set database path to: C:\Users\Administrator\.stmcufinder\plugins\mcufinder//mcu/
2023-11-16 18:13:30,038 [INFO] DbMcusAds:125 - Set database path to: C:\Users\Administrator\.stmcufinder\plugins\mcufinder//mcu/
2023-11-16 18:13:30,068 [INFO] CrossReferenceDbSqlite:203 - Set database path to: C:\Users\Administrator\.stmcufinder\plugins\mcufinder//mcu/cs/
2023-11-16 18:13:30,428 [INFO] RulesReader:64 - Compatibility file has been processed (293 Rules)
2023-11-16 18:13:30,678 [INFO] DbMcusXml:78 - Set database path to: E:\Software\STM32CubeIDE_1.12.0\STM32CubeIDE\plugins\com.st.stm32cube.common.mx_6.8.1.202304191431\\db\/mcu/
2023-11-16 18:13:30,678 [INFO] ApiDb:274 - Set plugin database path to: E:\Software\STM32CubeIDE_1.12.0\STM32CubeIDE\plugins\com.st.stm32cube.common.mx_6.8.1.202304191431\\db\/plugins/boardmanager/
2023-11-16 18:13:30,678 [INFO] ApiDb:261 - Set plugin images path to: E:\Software\STM32CubeIDE_1.12.0\STM32CubeIDE\plugins\com.st.stm32cube.common.mx_6.8.1.202304191431\\db\/plugins/mcufinder/images/
2023-11-16 18:13:30,678 [WARN] DbFile:41 - Overriding database path with different value: C:\Users\Administrator\.stmcufinder\plugins\mcufinder/ => C:\Users\Administrator\.stmcufinder\plugins\mcufinder
2023-11-16 18:13:30,678 [INFO] ApiDb:250 - Set database path to: C:\Users\Administrator\.stmcufinder\plugins\mcufinder//mcu/
2023-11-16 18:13:30,678 [WARN] DbFile:41 - Overriding database path with different value: C:\Users\Administrator\.stmcufinder\plugins\mcufinder/ => C:\Users\Administrator\.stmcufinder\plugins\mcufinder
2023-11-16 18:13:30,678 [INFO] DbMcusAds:125 - Set database path to: C:\Users\Administrator\.stmcufinder\plugins\mcufinder//mcu/
2023-11-16 18:13:30,678 [WARN] DbFile:41 - Overriding database path with different value: C:\Users\Administrator\.stmcufinder\plugins\mcufinder/ => C:\Users\Administrator\.stmcufinder\plugins\mcufinder
2023-11-16 18:13:30,678 [WARN] DbFile:41 - Overriding database path with different value: C:\Users\Administrator\.stmcufinder\plugins\mcufinder/ => C:\Users\Administrator\.stmcufinder\plugins\mcufinder
2023-11-16 18:13:30,678 [INFO] CrossReferenceDbSqlite:203 - Set database path to: C:\Users\Administrator\.stmcufinder\plugins\mcufinder//mcu/cs/
2023-11-16 18:13:30,999 [INFO] MainPanel:253 - HeapMemory: 435159040
2023-11-16 18:13:31,269 [INFO] DbMcusXml:78 - Set database path to: E:\Software\STM32CubeIDE_1.12.0\STM32CubeIDE\plugins\com.st.stm32cube.common.mx_6.8.1.202304191431\\db\/mcu/
2023-11-16 18:13:31,269 [INFO] ApiDb:274 - Set plugin database path to: E:\Software\STM32CubeIDE_1.12.0\STM32CubeIDE\plugins\com.st.stm32cube.common.mx_6.8.1.202304191431\\db\/plugins/boardmanager/
2023-11-16 18:13:31,269 [INFO] ApiDb:261 - Set plugin images path to: E:\Software\STM32CubeIDE_1.12.0\STM32CubeIDE\plugins\com.st.stm32cube.common.mx_6.8.1.202304191431\\db\/plugins/mcufinder/images/
2023-11-16 18:13:31,269 [WARN] DbFile:41 - Overriding database path with different value: C:\Users\Administrator\.stmcufinder\plugins\mcufinder/ => C:\Users\Administrator\.stmcufinder\plugins\mcufinder
2023-11-16 18:13:31,269 [INFO] ApiDb:250 - Set database path to: C:\Users\Administrator\.stmcufinder\plugins\mcufinder//mcu/
2023-11-16 18:13:31,269 [WARN] DbFile:41 - Overriding database path with different value: C:\Users\Administrator\.stmcufinder\plugins\mcufinder/ => C:\Users\Administrator\.stmcufinder\plugins\mcufinder
2023-11-16 18:13:31,269 [INFO] DbMcusAds:125 - Set database path to: C:\Users\Administrator\.stmcufinder\plugins\mcufinder//mcu/
2023-11-16 18:13:31,269 [WARN] DbFile:41 - Overriding database path with different value: C:\Users\Administrator\.stmcufinder\plugins\mcufinder/ => C:\Users\Administrator\.stmcufinder\plugins\mcufinder
2023-11-16 18:13:31,269 [WARN] DbFile:41 - Overriding database path with different value: C:\Users\Administrator\.stmcufinder\plugins\mcufinder/ => C:\Users\Administrator\.stmcufinder\plugins\mcufinder
2023-11-16 18:13:31,269 [INFO] CrossReferenceDbSqlite:203 - Set database path to: C:\Users\Administrator\.stmcufinder\plugins\mcufinder//mcu/cs/
2023-11-16 18:13:31,329 [INFO] ApplicationProperties:184 - Using Application install path: E:\Software\STM32CubeIDE_1.12.0\STM32CubeIDE\plugins\com.st.stm32cube.common.mx_6.8.1.202304191431
2023-11-16 18:13:31,329 [INFO] PluginManage:196 - Search for loadable plugins [exclusion list=, ]
2023-11-16 18:13:31,339 [INFO] PluginManage:310 - Check plugin analytics
2023-11-16 18:13:31,789 [INFO] AnalyticsPlugin:253 - Accepted Software Licenses: STM32CubeMX.6.9.0,STM32CubeMX.6.4.0,STM32CubeMX.6.5.0
2023-11-16 18:13:31,789 [INFO] AnalyticsPlugin:255 - Accepted CMSIS Pack Licenses: 
2023-11-16 18:13:31,789 [INFO] AnalyticsPlugin:257 - Accepted Firmware Licenses: FW.C0.1.0.0
2023-11-16 18:13:31,819 [INFO] PluginManage:359 - Loaded plugin analytics (category:tool,tabindex:-1)
2023-11-16 18:13:31,819 [INFO] PluginManage:310 - Check plugin cadmodel
2023-11-16 18:13:31,899 [INFO] CADModel:105 - Init CAD model plugin
2023-11-16 18:13:31,899 [INFO] PluginManage:359 - Loaded plugin cadmodel (category:power,tabindex:5)
2023-11-16 18:13:31,899 [INFO] PluginManage:310 - Check plugin clock
2023-11-16 18:13:31,969 [INFO] PluginManage:359 - Loaded plugin clock (category:base,tabindex:2)
2023-11-16 18:13:31,969 [INFO] PluginManage:310 - Check plugin ddr
2023-11-16 18:13:31,979 [INFO] PluginManage:359 - Loaded plugin ddr (category:tool,tabindex:6)
2023-11-16 18:13:31,979 [INFO] PluginManage:310 - Check plugin filemanager
2023-11-16 18:13:32,579 [INFO] PluginManage:359 - Loaded plugin filemanager (category:base,tabindex:10)
2023-11-16 18:13:32,579 [INFO] PluginManage:310 - Check plugin ipmanager
2023-11-16 18:13:32,619 [INFO] PluginManage:359 - Loaded plugin ipmanager (category:base,tabindex:5)
2023-11-16 18:13:32,619 [INFO] PluginManage:310 - Check plugin lpbam
2023-11-16 18:13:32,689 [INFO] PluginManage:359 - Loaded plugin lpbam (category:base,tabindex:0)
2023-11-16 18:13:32,689 [INFO] PluginManage:310 - Check plugin pinoutandconfiguration
2023-11-16 18:13:32,729 [INFO] PluginManage:359 - Loaded plugin pinoutandconfiguration (category:base,tabindex:1)
2023-11-16 18:13:32,729 [INFO] PluginManage:310 - Check plugin pinoutconfig
2023-11-16 18:13:32,971 [WARN] SupportedApi:132 - Cannot load RTOS API schema: s4s-elt-must-match.1: The content of 'definitions' must match (annotation?, (simpleType | complexType)?, (unique | key | keyref)*)). A problem was found starting at: attribute.
2023-11-16 18:13:33,281 [INFO] PluginManage:359 - Loaded plugin pinoutconfig (category:base,tabindex:0)
2023-11-16 18:13:33,291 [INFO] PluginManage:310 - Check plugin power
2023-11-16 18:13:33,361 [INFO] PluginManage:359 - Loaded plugin power (category:power,tabindex:4)
2023-11-16 18:13:33,361 [INFO] PluginManage:310 - Check plugin projectmanager
2023-11-16 18:13:33,401 [INFO] PluginManage:359 - Loaded plugin projectmanager (category:projectmanager,tabindex:3)
2023-11-16 18:13:33,411 [INFO] PluginManage:310 - Check plugin thirdparty
2023-11-16 18:13:34,111 [INFO] PluginManage:359 - Loaded plugin thirdparty (category:base,tabindex:-1)
2023-11-16 18:13:34,111 [WARN] IntegrityCheckThread:84 - waiting for thirdparty lock release [integrity check]
2023-11-16 18:13:34,111 [INFO] PluginManage:310 - Check plugin tools
2023-11-16 18:13:34,111 [INFO] IntegrityCheckThread:86 - entering critical section [integrity check]
2023-11-16 18:13:34,121 [INFO] ThirdPartyUpdaterWithRetryManager:70 - Updater plugin not ready yet. [1/15]
2023-11-16 18:13:34,201 [INFO] PluginManage:359 - Loaded plugin tools (category:base,tabindex:7)
2023-11-16 18:13:34,201 [INFO] PluginManage:310 - Check plugin tutovideos
2023-11-16 18:13:34,701 [INFO] PluginManage:359 - Loaded plugin tutovideos (category:base,tabindex:-1)
2023-11-16 18:13:34,701 [INFO] PluginManage:310 - Check plugin updater
2023-11-16 18:13:34,761 [INFO] PluginManage:359 - Loaded plugin updater (category:base,tabindex:12)
2023-11-16 18:13:34,761 [INFO] PluginManage:283 - PluginManage : Loaded plugins [15]
2023-11-16 18:13:35,594 [INFO] PinOutPanel:1499 - setPackage(No Configuration,No Configuration)
2023-11-16 18:13:35,834 [INFO] CADModel:165 - CPN selected for project level
2023-11-16 18:13:35,834 [INFO] CADModel:114 - Register for checkConnection events
2023-11-16 18:13:35,914 [INFO] IPUIPlugin:80 - create IPUIPlugin
2023-11-16 18:13:35,914 [INFO] PluginManager:220 - loadIPPluginJar : add adc
2023-11-16 18:13:36,014 [INFO] IPUIPlugin:80 - create IPUIPlugin
2023-11-16 18:13:36,014 [INFO] PluginManager:220 - loadIPPluginJar : add aes
2023-11-16 18:13:36,094 [INFO] IPUIPlugin:80 - create IPUIPlugin
2023-11-16 18:13:36,094 [INFO] PluginManager:220 - loadIPPluginJar : add can
2023-11-16 18:13:36,144 [INFO] IPUIPlugin:80 - create IPUIPlugin
2023-11-16 18:13:36,144 [INFO] PluginManager:220 - loadIPPluginJar : add comp
2023-11-16 18:13:36,204 [INFO] IPUIPlugin:80 - create IPUIPlugin
2023-11-16 18:13:36,204 [INFO] PluginManager:220 - loadIPPluginJar : add cryp
2023-11-16 18:13:36,264 [INFO] IPUIPlugin:80 - create IPUIPlugin
2023-11-16 18:13:36,264 [INFO] PluginManager:220 - loadIPPluginJar : add dfsdm
2023-11-16 18:13:36,294 [INFO] IPUIPlugin:80 - create IPUIPlugin
2023-11-16 18:13:36,294 [INFO] PluginManager:220 - loadIPPluginJar : add dma
2023-11-16 18:13:36,384 [INFO] IPUIPlugin:80 - create IPUIPlugin
2023-11-16 18:13:36,384 [INFO] PluginManager:220 - loadIPPluginJar : add dma3
2023-11-16 18:13:36,444 [INFO] IPUIPlugin:80 - create IPUIPlugin
2023-11-16 18:13:36,444 [INFO] PluginManager:220 - loadIPPluginJar : add fatfs
2023-11-16 18:13:36,534 [INFO] IPUIPlugin:80 - create IPUIPlugin
2023-11-16 18:13:36,534 [INFO] PluginManager:220 - loadIPPluginJar : add fmc
2023-11-16 18:13:36,604 [INFO] IPUIPlugin:80 - create IPUIPlugin
2023-11-16 18:13:36,604 [INFO] PluginManager:220 - loadIPPluginJar : add freertos
2023-11-16 18:13:36,644 [INFO] IPUIPlugin:80 - create IPUIPlugin
2023-11-16 18:13:36,644 [INFO] PluginManager:220 - loadIPPluginJar : add genericplugin
2023-11-16 18:13:36,844 [INFO] IPUIPlugin:80 - create IPUIPlugin
2023-11-16 18:13:36,844 [INFO] PluginManager:220 - loadIPPluginJar : add gfxmmu
2023-11-16 18:13:37,094 [INFO] IPUIPlugin:80 - create IPUIPlugin
2023-11-16 18:13:37,094 [INFO] PluginManager:220 - loadIPPluginJar : add gic
2023-11-16 18:13:37,124 [INFO] ThirdPartyUpdaterWithRetryManager:70 - Updater plugin not ready yet. [2/15]
2023-11-16 18:13:37,124 [INFO] IPUIPlugin:80 - create IPUIPlugin
2023-11-16 18:13:37,124 [INFO] PluginManager:220 - loadIPPluginJar : add gpio
2023-11-16 18:13:37,274 [INFO] IPUIPlugin:80 - create IPUIPlugin
2023-11-16 18:13:37,274 [INFO] PluginManager:220 - loadIPPluginJar : add gtzc
2023-11-16 18:13:37,324 [INFO] IPUIPlugin:80 - create IPUIPlugin
2023-11-16 18:13:37,324 [INFO] PluginManager:220 - loadIPPluginJar : add hash
2023-11-16 18:13:37,404 [INFO] IPUIPlugin:80 - create IPUIPlugin
2023-11-16 18:13:37,404 [INFO] PluginManager:220 - loadIPPluginJar : add i2c
2023-11-16 18:13:37,464 [INFO] IPUIPlugin:80 - create IPUIPlugin
2023-11-16 18:13:37,464 [INFO] PluginManager:220 - loadIPPluginJar : add i2s
2023-11-16 18:13:37,534 [INFO] IPUIPlugin:80 - create IPUIPlugin
2023-11-16 18:13:37,534 [INFO] PluginManager:220 - loadIPPluginJar : add i3c
2023-11-16 18:13:37,744 [INFO] IPUIPlugin:80 - create IPUIPlugin
2023-11-16 18:13:37,744 [INFO] PluginManager:220 - loadIPPluginJar : add ipddr
2023-11-16 18:13:37,935 [INFO] IPUIPlugin:80 - create IPUIPlugin
2023-11-16 18:13:37,935 [INFO] PluginManager:220 - loadIPPluginJar : add linkedlist
2023-11-16 18:13:37,995 [INFO] IPUIPlugin:80 - create IPUIPlugin
2023-11-16 18:13:37,995 [INFO] PluginManager:220 - loadIPPluginJar : add lorawan
2023-11-16 18:13:38,065 [INFO] IPUIPlugin:80 - create IPUIPlugin
2023-11-16 18:13:38,065 [INFO] PluginManager:220 - loadIPPluginJar : add ltdc
2023-11-16 18:13:38,115 [INFO] IPUIPlugin:80 - create IPUIPlugin
2023-11-16 18:13:38,115 [INFO] PluginManager:220 - loadIPPluginJar : add mdma
2023-11-16 18:13:38,145 [INFO] IPUIPlugin:80 - create IPUIPlugin
2023-11-16 18:13:38,145 [INFO] PluginManager:220 - loadIPPluginJar : add nvic
2023-11-16 18:13:38,205 [INFO] IPUIPlugin:80 - create IPUIPlugin
2023-11-16 18:13:38,205 [INFO] PluginManager:220 - loadIPPluginJar : add opamp
2023-11-16 18:13:38,315 [INFO] IPUIPlugin:80 - create IPUIPlugin
2023-11-16 18:13:38,315 [INFO] PluginManager:220 - loadIPPluginJar : add openamp
2023-11-16 18:13:38,405 [INFO] IPUIPlugin:80 - create IPUIPlugin
2023-11-16 18:13:38,405 [INFO] PluginManager:220 - loadIPPluginJar : add pdm2pcm
2023-11-16 18:13:38,435 [INFO] IPUIPlugin:80 - create IPUIPlugin
2023-11-16 18:13:38,435 [INFO] PluginManager:220 - loadIPPluginJar : add plateformsettings
2023-11-16 18:13:38,475 [INFO] IPUIPlugin:80 - create IPUIPlugin
2023-11-16 18:13:38,475 [INFO] PluginManager:220 - loadIPPluginJar : add quadspi
2023-11-16 18:13:38,505 [INFO] IPUIPlugin:80 - create IPUIPlugin
2023-11-16 18:13:38,505 [INFO] PluginManager:220 - loadIPPluginJar : add resmgrutility
2023-11-16 18:13:38,595 [INFO] IPUIPlugin:80 - create IPUIPlugin
2023-11-16 18:13:38,595 [INFO] PluginManager:220 - loadIPPluginJar : add sai
2023-11-16 18:13:38,675 [INFO] IPUIPlugin:80 - create IPUIPlugin
2023-11-16 18:13:38,725 [INFO] PluginManager:220 - loadIPPluginJar : add spi
2023-11-16 18:13:38,825 [INFO] IPUIPlugin:80 - create IPUIPlugin
2023-11-16 18:13:38,825 [INFO] PluginManager:220 - loadIPPluginJar : add stm32_wpan
2023-11-16 18:13:38,865 [INFO] IPUIPlugin:80 - create IPUIPlugin
2023-11-16 18:13:38,865 [INFO] PluginManager:220 - loadIPPluginJar : add tim
2023-11-16 18:13:38,975 [INFO] IPUIPlugin:80 - create IPUIPlugin
2023-11-16 18:13:38,975 [INFO] PluginManager:220 - loadIPPluginJar : add touchsensing
2023-11-16 18:13:39,015 [INFO] IPUIPlugin:80 - create IPUIPlugin
2023-11-16 18:13:39,015 [INFO] PluginManager:220 - loadIPPluginJar : add tracer_emb
2023-11-16 18:13:39,055 [INFO] IPUIPlugin:80 - create IPUIPlugin
2023-11-16 18:13:39,055 [INFO] PluginManager:220 - loadIPPluginJar : add ts
2023-11-16 18:13:39,105 [INFO] IPUIPlugin:80 - create IPUIPlugin
2023-11-16 18:13:39,105 [INFO] PluginManager:220 - loadIPPluginJar : add tsc
2023-11-16 18:13:39,155 [INFO] IPUIPlugin:80 - create IPUIPlugin
2023-11-16 18:13:39,155 [INFO] PluginManager:220 - loadIPPluginJar : add ucpd
2023-11-16 18:13:39,225 [INFO] IPUIPlugin:80 - create IPUIPlugin
2023-11-16 18:13:39,225 [INFO] PluginManager:220 - loadIPPluginJar : add usart
2023-11-16 18:13:39,305 [INFO] IPUIPlugin:80 - create IPUIPlugin
2023-11-16 18:13:39,305 [INFO] PluginManager:220 - loadIPPluginJar : add usbx
2023-11-16 18:13:39,535 [INFO] CADModel:165 - CPN selected for project level
2023-11-16 18:13:39,535 [INFO] CADModel:114 - Register for checkConnection events
2023-11-16 18:13:39,535 [FATAL] Updater:308 - Updater called before beeing initialized
2023-11-16 18:13:39,535 [ERROR] CADModel:125 - Updater not yet initialized, retry later 
2023-11-16 18:13:39,925 [INFO] CADModel:165 - CPN selected for project level
2023-11-16 18:13:39,925 [INFO] CADModel:114 - Register for checkConnection events
2023-11-16 18:13:39,925 [FATAL] Updater:308 - Updater called before beeing initialized
2023-11-16 18:13:39,925 [ERROR] CADModel:125 - Updater not yet initialized, retry later 
2023-11-16 18:13:39,935 [FATAL] Updater:308 - Updater called before beeing initialized
2023-11-16 18:13:40,125 [INFO] ThirdPartyUpdaterWithRetryManager:70 - Updater plugin not ready yet. [3/15]
2023-11-16 18:13:40,205 [FATAL] Updater:308 - Updater called before beeing initialized
2023-11-16 18:13:40,235 [INFO] DbMcusAds:53 - JSON generation date=Tue Mar 07 16:50:55 CST 2023 (1678179055114)
2023-11-16 18:13:40,235 [FATAL] Updater:308 - Updater called before beeing initialized
2023-11-16 18:13:40,535 [WARN] DetailPanel:346 - Failed to get advertising image, set to default
2023-11-16 18:13:40,835 [FATAL] Updater:308 - Updater called before beeing initialized
2023-11-16 18:13:40,845 [FATAL] Updater:308 - Updater called before beeing initialized
2023-11-16 18:13:40,845 [FATAL] Updater:308 - Updater called before beeing initialized
2023-11-16 18:13:40,845 [WARN] DetailPanel:346 - Failed to get advertising image, set to default
2023-11-16 18:13:40,845 [FATAL] Updater:308 - Updater called before beeing initialized
2023-11-16 18:13:40,995 [ERROR] Updater:1120 - MainUpdater not yet initialized. External WinMGr cannot be set.
2023-11-16 18:13:41,015 [INFO] Updater:1056 - Updater Version found : 6.8.1
2023-11-16 18:13:41,075 [INFO] ApplicationProperties:184 - Using Application install path: E:\Software\STM32CubeIDE_1.12.0\STM32CubeIDE\plugins\com.st.stm32cube.common.mx_6.8.1.202304191431
2023-11-16 18:13:41,585 [INFO] MainUpdater:2854 - connection check result : 10
2023-11-16 18:13:41,585 [INFO] MainUpdater:3548 - Updater definition file requires update
2023-11-16 18:13:41,585 [INFO] MainUpdater:283 - Updater Check For Update Now.
2023-11-16 18:13:41,585 [INFO] MicroXplorer:498 - Change Database Version : DB.6.0.81
2023-11-16 18:13:41,645 [INFO] ServerAccessManage:473 - Download File updaters.zip
2023-11-16 18:13:41,775 [INFO] FileExtend:240 - Unzip File : updaters.zip
2023-11-16 18:13:41,775 [INFO] FileExtend:255 - Standard Zip Deflate
2023-11-16 18:13:42,495 [INFO] ServerAccessManage:473 - Download File PacksControlFlags.xml
2023-11-16 18:13:42,635 [INFO] ServerAccessManage:473 - Download File cubemx.pidx
2023-11-16 18:13:43,125 [WARN] MainUpdater:1187 - Updater busy. Cannot search thirdparties
2023-11-16 18:13:43,125 [INFO] ThirdPartyUpdaterWithRetryManager:96 - Updater plugin is busy. [1/15]
2023-11-16 18:13:43,565 [INFO] ServerAccessManage:473 - Download File STMicroelectronics.FP-SNS-MOTENVWB1.pdsc
2023-11-16 18:13:43,675 [INFO] ServerAccessManage:473 - Download File STMicroelectronics.FP-SNS-SMARTAG2.pdsc
2023-11-16 18:13:43,865 [INFO] ServerAccessManage:473 - Download File STMicroelectronics.X-CUBE-AI.pdsc
2023-11-16 18:13:44,596 [INFO] ServerAccessManage:473 - Download File STMicroelectronics.X-CUBE-BLE1.pdsc
2023-11-16 18:13:45,976 [ERROR] ServerAccessManage:1089 - Problem, file not found on Server
2023-11-16 18:13:46,076 [INFO] ServerAccessManage:473 - Download File STMicroelectronics.X-CUBE-BLEMGR.pdsc
2023-11-16 18:13:46,126 [WARN] MainUpdater:1187 - Updater busy. Cannot search thirdparties
2023-11-16 18:13:46,126 [INFO] ThirdPartyUpdaterWithRetryManager:96 - Updater plugin is busy. [2/15]
2023-11-16 18:13:46,426 [INFO] ServerAccessManage:473 - Download File STMicroelectronics.X-CUBE-EEPRMA1.pdsc
2023-11-16 18:13:47,386 [ERROR] ServerAccessManage:1089 - Problem, file not found on Server
2023-11-16 18:13:48,397 [INFO] ServerAccessManage:473 - Download File STMicroelectronics.X-CUBE-FREERTOS.pdsc
2023-11-16 18:13:48,767 [INFO] ServerAccessManage:473 - Download File STMicroelectronics.X-CUBE-MEMS1.pdsc
2023-11-16 18:13:49,127 [WARN] MainUpdater:1187 - Updater busy. Cannot search thirdparties
2023-11-16 18:13:49,127 [INFO] ThirdPartyUpdaterWithRetryManager:96 - Updater plugin is busy. [3/15]
2023-11-16 18:13:49,917 [INFO] ServerAccessManage:473 - Download File STMicroelectronics.X-CUBE-NFC6.pdsc
2023-11-16 18:13:50,299 [INFO] ServerAccessManage:473 - Download File STMicroelectronics.X-CUBE-TOUCHGFX.pdsc
2023-11-16 18:13:51,569 [INFO] ServerAccessManage:473 - Download File STMicroelectronics.X-CUBE-AZRTOS-L5.pdsc
2023-11-16 18:13:52,089 [INFO] ServerAccessManage:473 - Download File STMicroelectronics.X-CUBE-AZRTOS-WB.pdsc
2023-11-16 18:13:52,129 [WARN] MainUpdater:1187 - Updater busy. Cannot search thirdparties
2023-11-16 18:13:52,129 [INFO] ThirdPartyUpdaterWithRetryManager:96 - Updater plugin is busy. [4/15]
2023-11-16 18:13:53,919 [INFO] ServerAccessManage:473 - Download File ITTIA_DB.I-CUBE-ITTIADB.pdsc
2023-11-16 18:13:55,130 [WARN] MainUpdater:1187 - Updater busy. Cannot search thirdparties
2023-11-16 18:13:55,130 [INFO] ThirdPartyUpdaterWithRetryManager:96 - Updater plugin is busy. [5/15]
2023-11-16 18:13:58,136 [WARN] MainUpdater:1187 - Updater busy. Cannot search thirdparties
2023-11-16 18:13:58,136 [INFO] ThirdPartyUpdaterWithRetryManager:96 - Updater plugin is busy. [6/15]
2023-11-16 18:13:59,726 [INFO] ServerAccessManage:473 - Download File Infineon.AIROC-Wi-Fi-Bluetooth-STM32.pdsc
2023-11-16 18:14:01,137 [WARN] MainUpdater:1187 - Updater busy. Cannot search thirdparties
2023-11-16 18:14:01,137 [INFO] ThirdPartyUpdaterWithRetryManager:96 - Updater plugin is busy. [7/15]
2023-11-16 18:14:02,267 [INFO] MainUpdater:2854 - connection check result : 10
2023-11-16 18:14:02,977 [WARN] PackLoader:240 - Cannot read IP mode file for STMicroelectronics.FP-SNS-MOTENVWB1.1.3.0
2023-11-16 18:14:02,997 [WARN] PackLoader:240 - Cannot read IP mode file for STMicroelectronics.FP-SNS-SMARTAG2.1.2.0
2023-11-16 18:14:02,997 [WARN] PackLoader:240 - Cannot read IP mode file for STMicroelectronics.X-CUBE-AI.8.1.0
2023-11-16 18:14:03,007 [WARN] PackLoader:240 - Cannot read IP mode file for STMicroelectronics.X-CUBE-BLE1.7.0.0
2023-11-16 18:14:03,027 [WARN] PackLoader:240 - Cannot read IP mode file for STMicroelectronics.X-CUBE-BLEMGR.3.0.0
2023-11-16 18:14:03,047 [WARN] PackLoader:240 - Cannot read IP mode file for STMicroelectronics.X-CUBE-EEPRMA1.4.2.0
2023-11-16 18:14:03,057 [WARN] PackLoader:240 - Cannot read IP mode file for STMicroelectronics.X-CUBE-FREERTOS.1.1.0
2023-11-16 18:14:03,107 [INFO] CheckServerUpdateThread:120 - End of CheckServer Thread
2023-11-16 18:14:03,117 [INFO] MainUpdater:2854 - connection check result : 10
2023-11-16 18:14:03,207 [WARN] PackLoader:240 - Cannot read IP mode file for STMicroelectronics.X-CUBE-MEMS1.10.0.0
2023-11-16 18:14:03,607 [WARN] PackLoader:240 - Cannot read IP mode file for STMicroelectronics.X-CUBE-NFC6.3.0.0
2023-11-16 18:14:03,617 [WARN] PackLoader:240 - Cannot read IP mode file for STMicroelectronics.X-CUBE-TOUCHGFX.4.22.1
2023-11-16 18:14:03,663 [WARN] PackLoader:240 - Cannot read IP mode file for STMicroelectronics.X-CUBE-AZRTOS-L5.2.0.0
2023-11-16 18:14:03,697 [WARN] ConditionMgr:438 - getConditionDescription Invalid condition id : UX DEVICE CLASS RTOS Condition cause : null
2023-11-16 18:14:03,717 [WARN] ConditionMgr:438 - getConditionDescription Invalid condition id : UX DEVICE CLASS RTOS Condition cause : null
2023-11-16 18:14:03,727 [WARN] PackLoader:240 - Cannot read IP mode file for STMicroelectronics.X-CUBE-AZRTOS-WB.2.0.0
2023-11-16 18:14:03,727 [WARN] ConditionMgr:1039 - genDependencies : Invalid condition id : UX DEVICE CLASS RTOS Condition cause : null
2023-11-16 18:14:03,727 [WARN] ConditionMgr:1039 - genDependencies : Invalid condition id : UX DEVICE CLASS RTOS Condition cause : null
2023-11-16 18:14:03,727 [WARN] ConditionMgr:1039 - genDependencies : Invalid condition id : UX DEVICE CLASS RTOS Condition cause : null
2023-11-16 18:14:03,727 [WARN] ConditionMgr:1039 - genDependencies : Invalid condition id : UX DEVICE CLASS RTOS Condition cause : null
2023-11-16 18:14:03,727 [WARN] ConditionMgr:1039 - genDependencies : Invalid condition id : UX DEVICE CLASS RTOS Condition cause : null
2023-11-16 18:14:03,747 [WARN] PackLoader:240 - Cannot read IP mode file for ITTIA_DB.I-CUBE-ITTIADB.8.8.0
2023-11-16 18:14:03,797 [WARN] PackLoader:240 - Cannot read IP mode file for Infineon.AIROC-Wi-Fi-Bluetooth-STM32.1.5.1
2023-11-16 18:14:03,827 [INFO] PopulateThirdPartyThread:66 - Ending populate Thread
2023-11-16 18:14:03,957 [INFO] MicroXplorer:468 - Change Database Path : 
2023-11-16 18:14:03,957 [INFO] MicroXplorer:498 - Change Database Version : DB.6.0.81
2023-11-16 18:14:03,957 [WARN] ThirdParty:871 - waiting for thirdparty lock release [close project]
2023-11-16 18:14:03,957 [INFO] ThirdParty:1030 - CMSIS Pack Vendor :STMicroelectronics FP-SNS-SMARTAG2 1.2.0
2023-11-16 18:14:03,957 [INFO] ThirdParty:1030 - CMSIS Pack Vendor :STMicroelectronics FP-SNS-MOTENVWB1 1.3.0
2023-11-16 18:14:03,957 [INFO] ThirdParty:1030 - CMSIS Pack Vendor :STMicroelectronics X-CUBE-BLE1 7.0.0
2023-11-16 18:14:03,957 [INFO] ThirdParty:1030 - CMSIS Pack Vendor :STMicroelectronics X-CUBE-AI 8.1.0
2023-11-16 18:14:03,957 [INFO] ThirdParty:1030 - CMSIS Pack Vendor :STMicroelectronics X-CUBE-AZRTOS-WB 2.0.0
2023-11-16 18:14:03,957 [INFO] ThirdParty:1030 - CMSIS Pack Vendor :STMicroelectronics X-CUBE-MEMS1 10.0.0
2023-11-16 18:14:03,957 [INFO] ThirdParty:1030 - CMSIS Pack Vendor :STMicroelectronics X-CUBE-FREERTOS 1.1.0
2023-11-16 18:14:03,957 [INFO] ThirdParty:1030 - CMSIS Pack Vendor :STMicroelectronics X-CUBE-TOUCHGFX 4.22.1
2023-11-16 18:14:03,967 [INFO] ThirdParty:1030 - CMSIS Pack Vendor :STMicroelectronics X-CUBE-AZRTOS-L5 2.0.0
2023-11-16 18:14:03,967 [INFO] ThirdParty:1030 - CMSIS Pack Vendor :STMicroelectronics X-CUBE-NFC6 3.0.0
2023-11-16 18:14:03,967 [INFO] ThirdParty:1030 - CMSIS Pack Vendor :Infineon AIROC-Wi-Fi-Bluetooth-STM32 1.5.1
2023-11-16 18:14:03,967 [INFO] ThirdParty:1030 - CMSIS Pack Vendor :STMicroelectronics X-CUBE-BLEMGR 3.0.0
2023-11-16 18:14:03,967 [INFO] ThirdParty:1030 - CMSIS Pack Vendor :STMicroelectronics X-CUBE-EEPRMA1 4.2.0
2023-11-16 18:14:03,967 [INFO] ThirdParty:1030 - CMSIS Pack Vendor :ITTIA_DB I-CUBE-ITTIADB 8.8.0
2023-11-16 18:14:03,967 [INFO] LoadServerUpdatesThread:373 - End of LoadServerUpdate Thread
2023-11-16 18:14:05,187 [WARN] PackLoader:240 - Cannot read IP mode file for wolfSSL.I-CUBE-wolfSSL.5.2.0
2023-11-16 18:14:05,237 [WARN] PackLoader:240 - Cannot read IP mode file for STMicroelectronics.X-CUBE-SMBUS.2.1.0
2023-11-16 18:14:05,647 [WARN] PackLoader:240 - Cannot read IP mode file for STMicroelectronics.X-CUBE-MEMS1.9.2.0
2023-11-16 18:14:06,207 [WARN] PackLoader:240 - Cannot read IP mode file for STMicroelectronics.X-CUBE-AZRTOS-F7.1.1.0
2023-11-16 18:14:06,247 [WARN] PackLoader:240 - Cannot read IP mode file for STMicroelectronics.X-CUBE-AI.7.1.0
2023-11-16 18:14:06,277 [WARN] PackLoader:240 - Cannot read IP mode file for STMicroelectronics.X-CUBE-TOUCHGFX.4.19.1
2023-11-16 18:14:06,297 [ERROR] RealEvaluatedCondition:428 - Found unsupported composite condition: GROUP='STM32_MetaDataManager' CLASS='Data Exchange'
2023-11-16 18:14:06,297 [ERROR] RealEvaluatedCondition:428 - Found unsupported composite condition: CLASS='Data Exchange' GROUP='STM32_MetaDataManager'
2023-11-16 18:14:06,307 [WARN] PackLoader:240 - Cannot read IP mode file for STMicroelectronics.FP-SNS-MOTENV1.4.3.0
2023-11-16 18:14:06,357 [WARN] PackLoader:240 - Cannot read IP mode file for STMicroelectronics.FP-SNS-MOTENV1.4.3.2
2023-11-16 18:14:06,387 [WARN] PackLoader:240 - Cannot read IP mode file for STMicroelectronics.FP-SNS-FLIGHT1.5.0.0
2023-11-16 18:14:06,417 [ERROR] RealEvaluatedCondition:428 - Found unsupported composite condition: CLASS='Data Exchange' GROUP='STM32_MetaDataManager'
2023-11-16 18:14:06,417 [ERROR] RealEvaluatedCondition:428 - Found unsupported composite condition: GROUP='STM32_MetaDataManager' CLASS='Data Exchange'
2023-11-16 18:14:06,417 [WARN] PackLoader:240 - Cannot read IP mode file for STMicroelectronics.FP-SNS-MOTENV1.4.3.1
2023-11-16 18:14:06,447 [WARN] PackLoader:240 - Cannot read IP mode file for STMicroelectronics.FP-SNS-FLIGHT1.5.0.1
2023-11-16 18:14:06,477 [WARN] PackLoader:240 - Cannot read IP mode file for STMicroelectronics.X-CUBE-BLE1.6.2.3
2023-11-16 18:14:06,517 [WARN] PackLoader:240 - Cannot read IP mode file for STMicroelectronics.X-CUBE-BLE1.6.2.4
2023-11-16 18:14:06,547 [WARN] PackLoader:240 - Cannot read IP mode file for STMicroelectronics.X-CUBE-BLE1.6.2.2
2023-11-16 18:14:06,557 [WARN] PackLoader:240 - Cannot read IP mode file for STMicroelectronics.FP-SNS-FLIGHT1.5.0.2
2023-11-16 18:14:06,587 [WARN] PackLoader:240 - Cannot read IP mode file for STMicroelectronics.X-CUBE-BLE2.3.2.2
2023-11-16 18:14:06,657 [WARN] PackLoader:240 - Cannot read IP mode file for STMicroelectronics.X-CUBE-TOF1.3.1.0
2023-11-16 18:14:06,697 [WARN] PackLoader:240 - Cannot read IP mode file for STMicroelectronics.X-CUBE-DISPLAY.3.0.0
2023-11-16 18:14:06,717 [WARN] PackLoader:240 - Cannot read IP mode file for STMicroelectronics.X-CUBE-BLE1.7.0.0
2023-11-16 18:14:06,747 [WARN] PackLoader:240 - Cannot read IP mode file for STMicroelectronics.X-CUBE-TOUCHGFX.4.22.0
2023-11-16 18:14:06,757 [WARN] PackLoader:240 - Cannot read IP mode file for STMicroelectronics.X-CUBE-TOUCHGFX.4.22.1
2023-11-16 18:14:06,807 [WARN] PackLoader:240 - Cannot read IP mode file for STMicroelectronics.X-CUBE-SUBG2.4.2.0
2023-11-16 18:14:06,987 [WARN] PackLoader:240 - Cannot read IP mode file for STMicroelectronics.X-CUBE-MEMS1.9.3.0
2023-11-16 18:14:07,459 [WARN] PackLoader:240 - Cannot read IP mode file for STMicroelectronics.X-CUBE-AI.7.2.0
2023-11-16 18:14:07,469 [WARN] PackLoader:240 - Cannot read IP mode file for STMicroelectronics.FP-SNS-SMARTAG2.1.2.0
2023-11-16 18:14:07,529 [INFO] LogOutputStream:77 - [STDOUT_REDIRECT] 1 : Invalid condition id : UX_CORESTACK_Condition cause : null
2023-11-16 18:14:07,539 [INFO] LogOutputStream:77 - [STDOUT_REDIRECT] 1 : Invalid condition id : UX_CORESTACK_Condition cause : null
2023-11-16 18:14:07,539 [INFO] LogOutputStream:77 - [STDOUT_REDIRECT] 1 : Invalid condition id : UX_CORESTACK_Condition cause : null
2023-11-16 18:14:07,539 [INFO] LogOutputStream:77 - [STDOUT_REDIRECT] 1 : Invalid condition id : UX_CORESTACK_Condition cause : null
2023-11-16 18:14:07,539 [INFO] LogOutputStream:77 - [STDOUT_REDIRECT] 1 : Invalid condition id : UX_CORESTACK_Condition cause : null
2023-11-16 18:14:07,559 [WARN] PackLoader:240 - Cannot read IP mode file for STMicroelectronics.X-CUBE-AZRTOS-WL.2.0.0
2023-11-16 18:14:07,639 [WARN] PackLoader:240 - Cannot read IP mode file for WES.I-CUBE-Cesium.1.3.0
2023-11-16 18:14:07,669 [WARN] PackLoader:240 - Cannot read IP mode file for STMicroelectronics.X-CUBE-BLE2.3.3.0
2023-11-16 18:14:07,709 [WARN] PackLoader:240 - Cannot read IP mode file for STMicroelectronics.X-CUBE-DISPLAY.2.2.0
2023-11-16 18:14:07,779 [WARN] PackLoader:240 - Cannot read IP mode file for STMicroelectronics.X-CUBE-TOF1.3.2.0
2023-11-16 18:14:07,839 [WARN] PackLoader:240 - Cannot read IP mode file for STMicroelectronics.X-CUBE-TOUCHGFX.4.18.1
2023-11-16 18:14:07,979 [WARN] PackLoader:240 - Cannot read IP mode file for STMicroelectronics.X-CUBE-AZRTOS-H7.2.1.0
2023-11-16 18:14:08,049 [WARN] PackLoader:240 - Cannot read IP mode file for STMicroelectronics.X-CUBE-TOUCHGFX.4.21.1
2023-11-16 18:14:08,079 [WARN] PackLoader:240 - Cannot read IP mode file for STMicroelectronics.X-CUBE-TOUCHGFX.4.21.3
2023-11-16 18:14:08,109 [WARN] PackLoader:240 - Cannot read IP mode file for STMicroelectronics.X-CUBE-TOUCHGFX.4.21.4
2023-11-16 18:14:08,129 [WARN] PackLoader:240 - Cannot read IP mode file for STMicroelectronics.X-CUBE-AI.7.3.0
2023-11-16 18:14:08,199 [WARN] PackLoader:240 - Cannot read IP mode file for STMicroelectronics.X-CUBE-ALGOBUILD.1.3.0
2023-11-16 18:14:08,319 [WARN] PackLoader:240 - Cannot read IP mode file for STMicroelectronics.X-CUBE-AZRTOS-G0.1.1.0
2023-11-16 18:14:08,399 [WARN] PackLoader:240 - Cannot read IP mode file for STMicroelectronics.X-CUBE-NFC4.3.0.0
2023-11-16 18:14:08,519 [WARN] PackLoader:240 - Cannot read IP mode file for SEGGER.I-CUBE-embOS.1.2.0
2023-11-16 18:14:08,679 [WARN] PackLoader:240 - Cannot read IP mode file for STMicroelectronics.X-CUBE-DISPLAY.2.1.0
2023-11-16 18:14:08,729 [WARN] PackLoader:240 - Cannot read IP mode file for STMicroelectronics.X-CUBE-BLEMGR.3.0.0
2023-11-16 18:14:08,809 [WARN] PackLoader:240 - Cannot read IP mode file for STMicroelectronics.X-CUBE-AZRTOS-H7.2.0.0
2023-11-16 18:14:08,829 [WARN] PackLoader:240 - Cannot read IP mode file for STMicroelectronics.FP-ATR-SIGFOX1.3.2.0
2023-11-16 18:14:08,859 [WARN] PackLoader:240 - Cannot read IP mode file for emotas.I-CUBE-CANOPEN.1.1.2
2023-11-16 18:14:08,889 [WARN] PackLoader:240 - Cannot read IP mode file for STMicroelectronics.X-CUBE-TOUCHGFX.4.20.0
2023-11-16 18:14:09,049 [WARN] PackLoader:240 - Cannot read IP mode file for STMicroelectronics.X-CUBE-MEMS1.9.5.0
2023-11-16 18:14:10,149 [WARN] PackLoader:240 - Cannot read IP mode file for SEGGER.I-CUBE-embOS.1.3.1
2023-11-16 18:14:10,399 [WARN] PackLoader:240 - Cannot read IP mode file for STMicroelectronics.X-CUBE-DISPLAY.2.0.1
2023-11-16 18:14:10,489 [WARN] PackLoader:240 - Cannot read IP mode file for STMicroelectronics.X-CUBE-TOF1.3.0.0
2023-11-16 18:14:10,589 [WARN] PackLoader:240 - Cannot read IP mode file for STMicroelectronics.X-CUBE-GNSS1.6.0.0
2023-11-16 18:14:10,699 [WARN] PackLoader:240 - Cannot read IP mode file for STMicroelectronics.X-CUBE-AZRTOS-F4.1.1.0
2023-11-16 18:14:10,809 [WARN] PackLoader:240 - Cannot read IP mode file for STMicroelectronics.X-CUBE-BLEMGR.1.2.0
2023-11-16 18:14:10,859 [WARN] PackLoader:240 - Cannot read IP mode file for STMicroelectronics.X-CUBE-AZRTOS-L5.2.0.0
2023-11-16 18:14:11,079 [WARN] PackLoader:240 - Cannot read IP mode file for STMicroelectronics.X-CUBE-MEMS1.9.6.0
2023-11-16 18:14:11,559 [WARN] PackLoader:240 - Cannot read IP mode file for STMicroelectronics.X-CUBE-EEPRMA1.4.2.0
2023-11-16 18:14:11,569 [WARN] PackLoader:240 - Cannot read IP mode file for ITTIA_DB.I-CUBE-ITTIADB.8.8.0
2023-11-16 18:14:11,669 [WARN] PackLoader:240 - Cannot read IP mode file for STMicroelectronics.X-CUBE-BLEMGR.2.0.0
2023-11-16 18:14:11,709 [WARN] PackLoader:240 - Cannot read IP mode file for STMicroelectronics.X-CUBE-NFC4.2.0.5
2023-11-16 18:14:11,739 [WARN] PackLoader:240 - Cannot read IP mode file for STMicroelectronics.X-CUBE-NFC4.2.0.4
2023-11-16 18:14:11,789 [WARN] PackLoader:240 - Cannot read IP mode file for STMicroelectronics.X-CUBE-NFC4.2.0.3
2023-11-16 18:14:11,899 [WARN] ConditionMgr:438 - getConditionDescription Invalid condition id : UX DEVICE CLASS RTOS Condition cause : null
2023-11-16 18:14:11,899 [WARN] ConditionMgr:438 - getConditionDescription Invalid condition id : UX DEVICE CLASS RTOS Condition cause : null
2023-11-16 18:14:11,909 [WARN] PackLoader:240 - Cannot read IP mode file for STMicroelectronics.X-CUBE-AZRTOS-H7.3.1.0
2023-11-16 18:14:11,909 [WARN] ConditionMgr:1039 - genDependencies : Invalid condition id : UX DEVICE CLASS RTOS Condition cause : null
2023-11-16 18:14:11,909 [WARN] ConditionMgr:1039 - genDependencies : Invalid condition id : UX DEVICE CLASS RTOS Condition cause : null
2023-11-16 18:14:11,919 [WARN] ConditionMgr:1039 - genDependencies : Invalid condition id : UX DEVICE CLASS RTOS Condition cause : null
2023-11-16 18:14:11,919 [WARN] ConditionMgr:1039 - genDependencies : Invalid condition id : UX DEVICE CLASS RTOS Condition cause : null
2023-11-16 18:14:11,919 [WARN] ConditionMgr:1039 - genDependencies : Invalid condition id : UX DEVICE CLASS RTOS Condition cause : null
2023-11-16 18:14:11,969 [WARN] PackLoader:240 - Cannot read IP mode file for STMicroelectronics.X-CUBE-SFXS2LP1.3.1.0
2023-11-16 18:14:12,059 [WARN] PackLoader:240 - Cannot read IP mode file for STMicroelectronics.X-CUBE-AZRTOS-F4.1.0.0
2023-11-16 18:14:12,099 [WARN] PackLoader:240 - Cannot read IP mode file for STMicroelectronics.X-CUBE-NFC7.1.0.1
2023-11-16 18:14:12,129 [WARN] PackLoader:240 - Cannot read IP mode file for STMicroelectronics.X-CUBE-NFC7.1.0.0
2023-11-16 18:14:12,149 [WARN] PackLoader:240 - Cannot read IP mode file for STMicroelectronics.X-CUBE-NFC6.3.0.0
2023-11-16 18:14:12,179 [WARN] PackLoader:240 - Cannot read IP mode file for STMicroelectronics.X-CUBE-EEPRMA1.4.1.0
2023-11-16 18:14:12,189 [WARN] PackLoader:240 - Cannot read IP mode file for STMicroelectronics.X-CUBE-AI.8.1.0
2023-11-16 18:14:12,249 [WARN] PackLoader:240 - Cannot read IP mode file for STMicroelectronics.X-CUBE-AZRTOS-G0.1.0.0
2023-11-16 18:14:12,359 [WARN] ConditionMgr:438 - getConditionDescription Invalid condition id : LAN8742 Phy interface Condition cause : null
2023-11-16 18:14:12,359 [WARN] PackLoader:240 - Cannot read IP mode file for STMicroelectronics.X-CUBE-AZRTOS-L4.2.0.0
2023-11-16 18:14:12,359 [WARN] ConditionMgr:1039 - genDependencies : Invalid condition id : LAN8742 Phy interface Condition cause : null
2023-11-16 18:14:12,359 [WARN] ConditionMgr:1039 - genDependencies : Invalid condition id : LAN8742 Phy interface Condition cause : null
2023-11-16 18:14:12,359 [WARN] ConditionMgr:1039 - genDependencies : Invalid condition id : LAN8742 Phy interface Condition cause : null
2023-11-16 18:14:12,389 [WARN] PackLoader:240 - Cannot read IP mode file for STMicroelectronics.X-CUBE-SFXS2LP1.4.0.0
2023-11-16 18:14:12,449 [WARN] PackLoader:240 - Cannot read IP mode file for STMicroelectronics.X-CUBE-AZRTOS-H7.3.0.0
2023-11-16 18:14:12,479 [WARN] PackLoader:240 - Cannot read IP mode file for STMicroelectronics.X-CUBE-ISPU.1.1.0
2023-11-16 18:14:12,509 [WARN] PackLoader:240 - Cannot read IP mode file for RoweBots.I-CUBE-UNISONRTOS.5.5.0-4
2023-11-16 18:14:12,539 [WARN] PackLoader:240 - Cannot read IP mode file for STMicroelectronics.X-CUBE-AI.8.0.0
2023-11-16 18:14:12,559 [WARN] ConditionMgr:438 - getConditionDescription Invalid condition id : UX DEVICE CLASS RTOS Condition cause : null
2023-11-16 18:14:12,559 [WARN] ConditionMgr:438 - getConditionDescription Invalid condition id : UX DEVICE CLASS RTOS Condition cause : null
2023-11-16 18:14:12,569 [WARN] PackLoader:240 - Cannot read IP mode file for STMicroelectronics.X-CUBE-AZRTOS-WB.2.0.0
2023-11-16 18:14:12,569 [WARN] ConditionMgr:1039 - genDependencies : Invalid condition id : UX DEVICE CLASS RTOS Condition cause : null
2023-11-16 18:14:12,569 [WARN] ConditionMgr:1039 - genDependencies : Invalid condition id : UX DEVICE CLASS RTOS Condition cause : null
2023-11-16 18:14:12,569 [WARN] ConditionMgr:1039 - genDependencies : Invalid condition id : UX DEVICE CLASS RTOS Condition cause : null
2023-11-16 18:14:12,569 [WARN] ConditionMgr:1039 - genDependencies : Invalid condition id : UX DEVICE CLASS RTOS Condition cause : null
2023-11-16 18:14:12,569 [WARN] ConditionMgr:1039 - genDependencies : Invalid condition id : UX DEVICE CLASS RTOS Condition cause : null
2023-11-16 18:14:12,599 [WARN] PackLoader:240 - Cannot read IP mode file for STMicroelectronics.X-CUBE-FREERTOS.1.0.0
2023-11-16 18:14:12,629 [WARN] PackLoader:240 - Cannot read IP mode file for STMicroelectronics.X-CUBE-FREERTOS.1.0.1
2023-11-16 18:14:12,689 [WARN] PackLoader:240 - Cannot read IP mode file for STMicroelectronics.X-CUBE-BLEMGR.1.0.0
2023-11-16 18:14:12,756 [WARN] PackLoader:240 - Cannot read IP mode file for STMicroelectronics.X-CUBE-AZRTOS-L5.1.1.0
2023-11-16 18:14:12,776 [WARN] PackLoader:240 - Cannot read IP mode file for STMicroelectronics.X-CUBE-AI.8.0.1
2023-11-16 18:14:12,836 [WARN] PackLoader:240 - Cannot read IP mode file for STMicroelectronics.X-CUBE-SUBG2.5.0.0
2023-11-16 18:14:12,886 [WARN] PackLoader:240 - Cannot read IP mode file for STMicroelectronics.X-CUBE-TOF1.3.3.1
2023-11-16 18:14:12,996 [WARN] PackLoader:240 - Cannot read IP mode file for STMicroelectronics.X-CUBE-AZRTOS-G4.2.0.0
2023-11-16 18:14:13,096 [WARN] PackLoader:240 - Cannot read IP mode file for STMicroelectronics.X-CUBE-TOF1.3.3.0
2023-11-16 18:14:13,146 [WARN] PackLoader:240 - Cannot read IP mode file for STMicroelectronics.FP-ATR-ASTRA1.1.1.1
2023-11-16 18:14:13,176 [WARN] PackLoader:240 - Cannot read IP mode file for Infineon.AIROC-Wi-Fi-Bluetooth-STM32.1.5.1
2023-11-16 18:14:13,216 [WARN] PackLoader:240 - Cannot read IP mode file for STMicroelectronics.FP-ATR-ASTRA1.1.1.0
2023-11-16 18:14:13,226 [WARN] PackLoader:240 - Cannot read IP mode file for STMicroelectronics.FP-SNS-MOTENVWB1.1.3.0
2023-11-16 18:14:13,276 [WARN] PackLoader:240 - Cannot read IP mode file for STMicroelectronics.X-CUBE-AZRTOS-G4.1.0.0
2023-11-16 18:14:13,336 [WARN] PackLoader:240 - Cannot read IP mode file for STMicroelectronics.X-CUBE-AZRTOS-L4.1.0.0
2023-11-16 18:14:13,446 [WARN] PackLoader:240 - Cannot read IP mode file for STMicroelectronics.X-CUBE-MEMS1.10.0.0
2023-11-16 18:14:13,696 [WARN] PackLoader:240 - Cannot read IP mode file for STMicroelectronics.X-CUBE-FREERTOS.1.1.0
2023-11-16 18:14:13,756 [WARN] PackLoader:240 - Cannot read IP mode file for STMicroelectronics.X-CUBE-AZRTOS-F7.1.0.0
2023-11-16 18:14:13,866 [WARN] PackLoader:240 - Cannot read IP mode file for STMicroelectronics.X-CUBE-AZRTOS-WL.1.0.0
2023-11-16 18:14:13,976 [WARN] PackLoader:240 - Cannot read IP mode file for STMicroelectronics.X-CUBE-MEMS1.9.1.0
2023-11-16 18:14:14,226 [WARN] PackLoader:240 - Cannot read IP mode file for portGmbH.I-Cube-SoM-uGOAL.1.1.0
2023-11-16 18:14:14,266 [WARN] PackLoader:240 - Cannot read IP mode file for STMicroelectronics.X-CUBE-ALS.1.0.1
2023-11-16 18:14:14,426 [WARN] PackLoader:240 - Cannot read IP mode file for STMicroelectronics.X-CUBE-AZRTOS-WB.1.1.0
2023-11-16 18:14:14,486 [WARN] PackLoader:240 - Cannot read IP mode file for STMicroelectronics.X-CUBE-AZRTOS-L5.1.0.0
2023-11-16 18:14:14,516 [WARN] PackLoader:240 - Cannot read IP mode file for STMicroelectronics.X-CUBE-EEPRMA1.3.1.1
2023-11-16 18:14:14,536 [WARN] PackLoader:240 - Cannot read IP mode file for STMicroelectronics.X-CUBE-GNSS1.5.2.0
2023-11-16 18:14:14,566 [WARN] PackLoader:240 - Cannot read IP mode file for STMicroelectronics.FP-ATR-ASTRA1.2.0.0
2023-11-16 18:14:14,566 [INFO] ThirdParty:978 - Integrity check success = true
2023-11-16 18:14:14,566 [INFO] IntegrityCheckThread:100 - exiting critical section [integrity check]
2023-11-16 18:14:14,566 [INFO] IntegrityCheckThread:103 - End integrity checks thread
2023-11-16 18:14:14,566 [INFO] ThirdParty:873 - entering critical section [close project]
2023-11-16 18:14:14,566 [INFO] ThirdParty:883 - exiting critical section [close project]
2023-11-16 18:14:14,586 [INFO] PinOutPanel:1499 - setPackage(No Configuration,No Configuration)
2023-11-16 18:14:14,606 [INFO] UtilMem:75 - Begin LoadConfig() Used Memory: 700311816 Bytes (864026624)
2023-11-16 18:14:14,606 [INFO] MicroXplorer:468 - Change Database Path : 
2023-11-16 18:14:14,606 [INFO] MicroXplorer:498 - Change Database Version : DB.6.0.81
2023-11-16 18:14:14,616 [INFO] OpenFileManager:308 - Change cursor
2023-11-16 18:14:14,752 [INFO] Mcu:1937 - Initializing MCU STM32F407Z(E-G)Tx STM32F407ZETx STM32F407ZET6
2023-11-16 18:14:20,357 [INFO] Context:659 - Trying to add GPIOservice into a context  which must be forbidden
2023-11-16 18:14:22,477 [INFO] RtosManager:555 - Registered RTOS mode: class=CMSIS, group=RTOS, mode=CMSIS_V1, owner=FREERTOS
2023-11-16 18:14:22,477 [INFO] RtosManager:555 - Registered RTOS mode: class=CMSIS, group=RTOS2, mode=CMSIS_V2, owner=FREERTOS
2023-11-16 18:14:22,477 [INFO] RtosManager:555 - Registered RTOS mode: class=RTOS, group=Core, mode=CMSIS_V1, owner=FREERTOS
2023-11-16 18:14:22,477 [INFO] RtosManager:555 - Registered RTOS mode: class=RTOS, group=Core, mode=CMSIS_V2, owner=FREERTOS
2023-11-16 18:14:22,477 [WARN] ModelIntegratedComponent:184 - Missing modes for component STMicroelectronics:FreeRTOS:0.0.1:STMicroelectronics:RTOS:FreeRTOS:Core:::10.2.0:
2023-11-16 18:14:22,497 [WARN] ModelIntegratedComponent:63 - No mode defined for component null
2023-11-16 18:14:22,497 [WARN] ModelIntegratedComponent:63 - No mode defined for component null
2023-11-16 18:14:22,497 [WARN] ModelIntegratedComponent:63 - No mode defined for component null
2023-11-16 18:14:22,497 [WARN] ModelIntegratedComponent:63 - No mode defined for component null
2023-11-16 18:14:22,497 [WARN] ModelIntegratedComponent:63 - No mode defined for component null
2023-11-16 18:14:22,497 [WARN] ModelIntegratedComponent:63 - No mode defined for component null
2023-11-16 18:14:22,497 [WARN] ModelIntegratedComponent:63 - No mode defined for component null
2023-11-16 18:14:22,497 [WARN] ModelIntegratedComponent:63 - No mode defined for component null
2023-11-16 18:14:22,497 [WARN] ModelIntegratedComponent:63 - No mode defined for component null
2023-11-16 18:14:22,497 [WARN] ModelIntegratedComponent:63 - No mode defined for component null
2023-11-16 18:14:22,497 [WARN] ModelIntegratedComponent:63 - No mode defined for component null
2023-11-16 18:14:22,497 [WARN] ModelIntegratedComponent:63 - No mode defined for component null
2023-11-16 18:14:22,497 [WARN] ModelIntegratedComponent:63 - No mode defined for component null
2023-11-16 18:14:22,497 [WARN] ModelIntegratedComponent:63 - No mode defined for component null
2023-11-16 18:14:22,497 [WARN] ModelIntegratedComponent:63 - No mode defined for component null
2023-11-16 18:14:22,497 [WARN] ModelIntegratedComponent:63 - No mode defined for component null
2023-11-16 18:14:22,497 [WARN] ModelIntegratedComponent:63 - No mode defined for component null
2023-11-16 18:14:22,497 [WARN] ModelIntegratedComponent:63 - No mode defined for component null
2023-11-16 18:14:22,497 [WARN] ModelIntegratedComponent:63 - No mode defined for component null
2023-11-16 18:14:22,497 [WARN] ModelIntegratedComponent:63 - No mode defined for component null
2023-11-16 18:14:22,497 [WARN] ModelIntegratedComponent:63 - No mode defined for component null
2023-11-16 18:14:22,497 [WARN] ModelIntegratedComponent:63 - No mode defined for component null
2023-11-16 18:14:22,497 [WARN] ModelIntegratedComponent:63 - No mode defined for component null
2023-11-16 18:14:22,497 [WARN] ModelIntegratedComponent:63 - No mode defined for component null
2023-11-16 18:14:22,497 [WARN] ModelIntegratedComponent:63 - No mode defined for component null
2023-11-16 18:14:22,497 [WARN] ModelIntegratedComponent:63 - No mode defined for component null
2023-11-16 18:14:22,497 [WARN] ModelIntegratedComponent:63 - No mode defined for component null
2023-11-16 18:14:22,497 [WARN] ModelIntegratedComponent:63 - No mode defined for component null
2023-11-16 18:14:22,497 [WARN] ModelIntegratedComponent:63 - No mode defined for component null
2023-11-16 18:14:22,497 [WARN] ModelIntegratedComponent:63 - No mode defined for component null
2023-11-16 18:14:22,497 [WARN] ModelIntegratedComponent:63 - No mode defined for component null
2023-11-16 18:14:22,497 [WARN] ModelIntegratedComponent:63 - No mode defined for component null
2023-11-16 18:14:22,497 [WARN] ModelIntegratedComponent:63 - No mode defined for component null
2023-11-16 18:14:23,249 [INFO] ThirdPartyModel:298 - Start build external matchings
