2023-07-08 10:06:15,878 [INFO] Activator:176 - 


2023-07-08 10:06:15,888 [INFO] Activator:177 - !SESSION log4j initialized
2023-07-08 10:06:21,542 [ERROR] LogOutputStream:75 - [STDERR_REDIRECT] Warning: NLS unused message: ?????????????????????? in: org.eclipse.ui.views.markers.internal.messages
2023-07-08 10:06:24,981 [INFO] LogOutputStream:77 - [STDOUT_REDIRECT] 
2023-07-08 10:06:49,035 [ERROR] LogOutputStream:75 - [STDERR_REDIRECT] SLF4J: Failed to load class "org.slf4j.impl.StaticLoggerBinder".
2023-07-08 10:06:49,035 [ERROR] LogOutputStream:75 - [STDERR_REDIRECT] SLF4J: Defaulting to no-operation (NOP) logger implementation
2023-07-08 10:06:49,035 [ERROR] LogOutputStream:75 - [STDERR_REDIRECT] SLF4J: See http://www.slf4j.org/codes.html#StaticLoggerBinder for further details.
2023-07-08 14:50:11,536 [INFO] ApplicationProperties:184 - Using Application install path: E:\Software\STM32CubeIDE_1.12.0\STM32CubeIDE\plugins\com.st.stm32cube.common.mx_6.8.0.202302231600
2023-07-08 14:50:11,556 [INFO] DbMcusXml:78 - Set database path to: E:\Software\STM32CubeIDE_1.12.0\STM32CubeIDE\plugins\com.st.stm32cube.common.mx_6.8.0.202302231600\\db\/mcu/
2023-07-08 14:50:11,566 [INFO] ApiDb:274 - Set plugin database path to: E:\Software\STM32CubeIDE_1.12.0\STM32CubeIDE\plugins\com.st.stm32cube.common.mx_6.8.0.202302231600\\db\/plugins/boardmanager/
2023-07-08 14:50:11,566 [WARN] ApiDb:259 - Overriding images path with different value:  => E:\Software\STM32CubeIDE_1.12.0\STM32CubeIDE\plugins\com.st.stm32cube.common.mx_6.8.0.202302231600\\db\/plugins/mcufinder/images/
2023-07-08 14:50:11,666 [INFO] ApiDb:250 - Set database path to: C:\Users\Administrator\.stmcufinder\plugins\mcufinder//mcu/
2023-07-08 14:50:11,666 [INFO] DbMcusAds:125 - Set database path to: C:\Users\Administrator\.stmcufinder\plugins\mcufinder//mcu/
2023-07-08 14:50:11,706 [INFO] CrossReferenceDbSqlite:203 - Set database path to: C:\Users\Administrator\.stmcufinder\plugins\mcufinder//mcu/cs/
2023-07-08 14:50:11,857 [INFO] RulesReader:64 - Compatibility file has been processed (293 Rules)
2023-07-08 14:50:11,977 [INFO] DbMcusXml:78 - Set database path to: E:\Software\STM32CubeIDE_1.12.0\STM32CubeIDE\plugins\com.st.stm32cube.common.mx_6.8.0.202302231600\\db\/mcu/
2023-07-08 14:50:11,977 [INFO] ApiDb:274 - Set plugin database path to: E:\Software\STM32CubeIDE_1.12.0\STM32CubeIDE\plugins\com.st.stm32cube.common.mx_6.8.0.202302231600\\db\/plugins/boardmanager/
2023-07-08 14:50:11,977 [INFO] ApiDb:261 - Set plugin images path to: E:\Software\STM32CubeIDE_1.12.0\STM32CubeIDE\plugins\com.st.stm32cube.common.mx_6.8.0.202302231600\\db\/plugins/mcufinder/images/
2023-07-08 14:50:11,977 [WARN] DbFile:41 - Overriding database path with different value: C:\Users\Administrator\.stmcufinder\plugins\mcufinder/ => C:\Users\Administrator\.stmcufinder\plugins\mcufinder
2023-07-08 14:50:11,977 [INFO] ApiDb:250 - Set database path to: C:\Users\Administrator\.stmcufinder\plugins\mcufinder//mcu/
2023-07-08 14:50:11,977 [WARN] DbFile:41 - Overriding database path with different value: C:\Users\Administrator\.stmcufinder\plugins\mcufinder/ => C:\Users\Administrator\.stmcufinder\plugins\mcufinder
2023-07-08 14:50:11,977 [INFO] DbMcusAds:125 - Set database path to: C:\Users\Administrator\.stmcufinder\plugins\mcufinder//mcu/
2023-07-08 14:50:11,977 [WARN] DbFile:41 - Overriding database path with different value: C:\Users\Administrator\.stmcufinder\plugins\mcufinder/ => C:\Users\Administrator\.stmcufinder\plugins\mcufinder
2023-07-08 14:50:11,977 [WARN] DbFile:41 - Overriding database path with different value: C:\Users\Administrator\.stmcufinder\plugins\mcufinder/ => C:\Users\Administrator\.stmcufinder\plugins\mcufinder
2023-07-08 14:50:11,977 [INFO] CrossReferenceDbSqlite:203 - Set database path to: C:\Users\Administrator\.stmcufinder\plugins\mcufinder//mcu/cs/
2023-07-08 14:50:12,087 [INFO] MainPanel:253 - HeapMemory: 1073741824
2023-07-08 14:50:12,237 [INFO] DbMcusXml:78 - Set database path to: E:\Software\STM32CubeIDE_1.12.0\STM32CubeIDE\plugins\com.st.stm32cube.common.mx_6.8.0.202302231600\\db\/mcu/
2023-07-08 14:50:12,237 [INFO] ApiDb:274 - Set plugin database path to: E:\Software\STM32CubeIDE_1.12.0\STM32CubeIDE\plugins\com.st.stm32cube.common.mx_6.8.0.202302231600\\db\/plugins/boardmanager/
2023-07-08 14:50:12,237 [INFO] ApiDb:261 - Set plugin images path to: E:\Software\STM32CubeIDE_1.12.0\STM32CubeIDE\plugins\com.st.stm32cube.common.mx_6.8.0.202302231600\\db\/plugins/mcufinder/images/
2023-07-08 14:50:12,237 [WARN] DbFile:41 - Overriding database path with different value: C:\Users\Administrator\.stmcufinder\plugins\mcufinder/ => C:\Users\Administrator\.stmcufinder\plugins\mcufinder
2023-07-08 14:50:12,237 [INFO] ApiDb:250 - Set database path to: C:\Users\Administrator\.stmcufinder\plugins\mcufinder//mcu/
2023-07-08 14:50:12,237 [WARN] DbFile:41 - Overriding database path with different value: C:\Users\Administrator\.stmcufinder\plugins\mcufinder/ => C:\Users\Administrator\.stmcufinder\plugins\mcufinder
2023-07-08 14:50:12,237 [INFO] DbMcusAds:125 - Set database path to: C:\Users\Administrator\.stmcufinder\plugins\mcufinder//mcu/
2023-07-08 14:50:12,237 [WARN] DbFile:41 - Overriding database path with different value: C:\Users\Administrator\.stmcufinder\plugins\mcufinder/ => C:\Users\Administrator\.stmcufinder\plugins\mcufinder
2023-07-08 14:50:12,237 [WARN] DbFile:41 - Overriding database path with different value: C:\Users\Administrator\.stmcufinder\plugins\mcufinder/ => C:\Users\Administrator\.stmcufinder\plugins\mcufinder
2023-07-08 14:50:12,237 [INFO] CrossReferenceDbSqlite:203 - Set database path to: C:\Users\Administrator\.stmcufinder\plugins\mcufinder//mcu/cs/
2023-07-08 14:50:12,257 [INFO] ApplicationProperties:184 - Using Application install path: E:\Software\STM32CubeIDE_1.12.0\STM32CubeIDE\plugins\com.st.stm32cube.common.mx_6.8.0.202302231600
2023-07-08 14:50:12,257 [INFO] PluginManage:196 - Search for loadable plugins [exclusion list=, ]
2023-07-08 14:50:12,257 [INFO] PluginManage:310 - Check plugin analytics
2023-07-08 14:50:12,437 [INFO] AnalyticsPlugin:253 - Accepted Software Licenses: 
2023-07-08 14:50:12,437 [INFO] AnalyticsPlugin:255 - Accepted CMSIS Pack Licenses: 
2023-07-08 14:50:12,437 [INFO] AnalyticsPlugin:257 - Accepted Firmware Licenses: FW.C0.1.0.0
2023-07-08 14:50:12,447 [INFO] PluginManage:359 - Loaded plugin analytics (category:tool,tabindex:-1)
2023-07-08 14:50:12,447 [INFO] PluginManage:310 - Check plugin cadmodel
2023-07-08 14:50:12,477 [INFO] CADModel:105 - Init CAD model plugin
2023-07-08 14:50:12,477 [INFO] PluginManage:359 - Loaded plugin cadmodel (category:power,tabindex:5)
2023-07-08 14:50:12,477 [INFO] PluginManage:310 - Check plugin clock
2023-07-08 14:50:12,517 [INFO] PluginManage:359 - Loaded plugin clock (category:base,tabindex:2)
2023-07-08 14:50:12,517 [INFO] PluginManage:310 - Check plugin ddr
2023-07-08 14:50:12,527 [INFO] PluginManage:359 - Loaded plugin ddr (category:tool,tabindex:6)
2023-07-08 14:50:12,527 [INFO] PluginManage:310 - Check plugin filemanager
2023-07-08 14:50:12,767 [INFO] PluginManage:359 - Loaded plugin filemanager (category:base,tabindex:10)
2023-07-08 14:50:12,767 [INFO] PluginManage:310 - Check plugin ipmanager
2023-07-08 14:50:12,777 [INFO] PluginManage:359 - Loaded plugin ipmanager (category:base,tabindex:5)
2023-07-08 14:50:12,777 [INFO] PluginManage:310 - Check plugin lpbam
2023-07-08 14:50:12,817 [INFO] PluginManage:359 - Loaded plugin lpbam (category:base,tabindex:0)
2023-07-08 14:50:12,817 [INFO] PluginManage:310 - Check plugin pinoutandconfiguration
2023-07-08 14:50:12,827 [INFO] PluginManage:359 - Loaded plugin pinoutandconfiguration (category:base,tabindex:1)
2023-07-08 14:50:12,827 [INFO] PluginManage:310 - Check plugin pinoutconfig
2023-07-08 14:50:12,957 [WARN] SupportedApi:132 - Cannot load RTOS API schema: s4s-elt-must-match.1: The content of 'definitions' must match (annotation?, (simpleType | complexType)?, (unique | key | keyref)*)). A problem was found starting at: attribute.
2023-07-08 14:50:13,087 [INFO] PluginManage:359 - Loaded plugin pinoutconfig (category:base,tabindex:0)
2023-07-08 14:50:13,087 [INFO] PluginManage:310 - Check plugin power
2023-07-08 14:50:13,137 [INFO] PluginManage:359 - Loaded plugin power (category:power,tabindex:4)
2023-07-08 14:50:13,137 [INFO] PluginManage:310 - Check plugin projectmanager
2023-07-08 14:50:13,147 [INFO] PluginManage:359 - Loaded plugin projectmanager (category:projectmanager,tabindex:3)
2023-07-08 14:50:13,147 [INFO] PluginManage:310 - Check plugin thirdparty
2023-07-08 14:50:13,437 [INFO] PluginManage:359 - Loaded plugin thirdparty (category:base,tabindex:-1)
2023-07-08 14:50:13,437 [INFO] PluginManage:310 - Check plugin tools
2023-07-08 14:50:13,437 [WARN] IntegrityCheckThread:84 - waiting for thirdparty lock release [integrity check]
2023-07-08 14:50:13,437 [INFO] IntegrityCheckThread:86 - entering critical section [integrity check]
2023-07-08 14:50:13,437 [INFO] ThirdPartyUpdaterWithRetryManager:70 - Updater plugin not ready yet. [1/15]
2023-07-08 14:50:13,457 [INFO] PluginManage:359 - Loaded plugin tools (category:base,tabindex:7)
2023-07-08 14:50:13,457 [INFO] PluginManage:310 - Check plugin tutovideos
2023-07-08 14:50:13,758 [INFO] PluginManage:359 - Loaded plugin tutovideos (category:base,tabindex:-1)
2023-07-08 14:50:13,758 [INFO] PluginManage:310 - Check plugin updater
2023-07-08 14:50:13,778 [INFO] PluginManage:359 - Loaded plugin updater (category:base,tabindex:12)
2023-07-08 14:50:13,778 [INFO] PluginManage:283 - PluginManage : Loaded plugins [15]
2023-07-08 14:50:14,168 [INFO] PinOutPanel:1499 - setPackage(No Configuration,No Configuration)
2023-07-08 14:50:14,253 [INFO] CADModel:165 - CPN selected for project level
2023-07-08 14:50:14,253 [INFO] CADModel:114 - Register for checkConnection events
2023-07-08 14:50:14,308 [INFO] IPUIPlugin:80 - create IPUIPlugin
2023-07-08 14:50:14,308 [INFO] PluginManager:220 - loadIPPluginJar : add adc
2023-07-08 14:50:14,356 [INFO] IPUIPlugin:80 - create IPUIPlugin
2023-07-08 14:50:14,356 [INFO] PluginManager:220 - loadIPPluginJar : add aes
2023-07-08 14:50:14,398 [INFO] IPUIPlugin:80 - create IPUIPlugin
2023-07-08 14:50:14,398 [INFO] PluginManager:220 - loadIPPluginJar : add can
2023-07-08 14:50:14,422 [INFO] IPUIPlugin:80 - create IPUIPlugin
2023-07-08 14:50:14,422 [INFO] PluginManager:220 - loadIPPluginJar : add comp
2023-07-08 14:50:14,453 [INFO] IPUIPlugin:80 - create IPUIPlugin
2023-07-08 14:50:14,453 [INFO] PluginManager:220 - loadIPPluginJar : add cryp
2023-07-08 14:50:14,476 [INFO] IPUIPlugin:80 - create IPUIPlugin
2023-07-08 14:50:14,476 [INFO] PluginManager:220 - loadIPPluginJar : add dfsdm
2023-07-08 14:50:14,487 [INFO] IPUIPlugin:80 - create IPUIPlugin
2023-07-08 14:50:14,487 [INFO] PluginManager:220 - loadIPPluginJar : add dma
2023-07-08 14:50:14,523 [INFO] IPUIPlugin:80 - create IPUIPlugin
2023-07-08 14:50:14,523 [INFO] PluginManager:220 - loadIPPluginJar : add dma3
2023-07-08 14:50:14,538 [INFO] IPUIPlugin:80 - create IPUIPlugin
2023-07-08 14:50:14,538 [INFO] PluginManager:220 - loadIPPluginJar : add fatfs
2023-07-08 14:50:14,575 [INFO] IPUIPlugin:80 - create IPUIPlugin
2023-07-08 14:50:14,575 [INFO] PluginManager:220 - loadIPPluginJar : add fmc
2023-07-08 14:50:14,596 [INFO] IPUIPlugin:80 - create IPUIPlugin
2023-07-08 14:50:14,596 [INFO] PluginManager:220 - loadIPPluginJar : add freertos
2023-07-08 14:50:14,612 [INFO] IPUIPlugin:80 - create IPUIPlugin
2023-07-08 14:50:14,612 [INFO] PluginManager:220 - loadIPPluginJar : add genericplugin
2023-07-08 14:50:14,693 [INFO] IPUIPlugin:80 - create IPUIPlugin
2023-07-08 14:50:14,693 [INFO] PluginManager:220 - loadIPPluginJar : add gfxmmu
2023-07-08 14:50:14,801 [INFO] IPUIPlugin:80 - create IPUIPlugin
2023-07-08 14:50:14,801 [INFO] PluginManager:220 - loadIPPluginJar : add gic
2023-07-08 14:50:14,811 [INFO] IPUIPlugin:80 - create IPUIPlugin
2023-07-08 14:50:14,811 [INFO] PluginManager:220 - loadIPPluginJar : add gpio
2023-07-08 14:50:14,882 [INFO] IPUIPlugin:80 - create IPUIPlugin
2023-07-08 14:50:14,882 [INFO] PluginManager:220 - loadIPPluginJar : add gtzc
2023-07-08 14:50:14,907 [INFO] IPUIPlugin:80 - create IPUIPlugin
2023-07-08 14:50:14,907 [INFO] PluginManager:220 - loadIPPluginJar : add hash
2023-07-08 14:50:14,951 [INFO] IPUIPlugin:80 - create IPUIPlugin
2023-07-08 14:50:14,952 [INFO] PluginManager:220 - loadIPPluginJar : add i2c
2023-07-08 14:50:14,994 [INFO] IPUIPlugin:80 - create IPUIPlugin
2023-07-08 14:50:14,994 [INFO] PluginManager:220 - loadIPPluginJar : add i2s
2023-07-08 14:50:15,022 [INFO] IPUIPlugin:80 - create IPUIPlugin
2023-07-08 14:50:15,022 [INFO] PluginManager:220 - loadIPPluginJar : add i3c
2023-07-08 14:50:15,112 [INFO] IPUIPlugin:80 - create IPUIPlugin
2023-07-08 14:50:15,112 [INFO] PluginManager:220 - loadIPPluginJar : add ipddr
2023-07-08 14:50:15,194 [INFO] IPUIPlugin:80 - create IPUIPlugin
2023-07-08 14:50:15,194 [INFO] PluginManager:220 - loadIPPluginJar : add linkedlist
2023-07-08 14:50:15,223 [INFO] IPUIPlugin:80 - create IPUIPlugin
2023-07-08 14:50:15,223 [INFO] PluginManager:220 - loadIPPluginJar : add lorawan
2023-07-08 14:50:15,247 [INFO] IPUIPlugin:80 - create IPUIPlugin
2023-07-08 14:50:15,247 [INFO] PluginManager:220 - loadIPPluginJar : add ltdc
2023-07-08 14:50:15,276 [INFO] IPUIPlugin:80 - create IPUIPlugin
2023-07-08 14:50:15,276 [INFO] PluginManager:220 - loadIPPluginJar : add mdma
2023-07-08 14:50:15,276 [INFO] IPUIPlugin:80 - create IPUIPlugin
2023-07-08 14:50:15,276 [INFO] PluginManager:220 - loadIPPluginJar : add nvic
2023-07-08 14:50:15,306 [INFO] IPUIPlugin:80 - create IPUIPlugin
2023-07-08 14:50:15,306 [INFO] PluginManager:220 - loadIPPluginJar : add opamp
2023-07-08 14:50:15,346 [INFO] IPUIPlugin:80 - create IPUIPlugin
2023-07-08 14:50:15,346 [INFO] PluginManager:220 - loadIPPluginJar : add openamp
2023-07-08 14:50:15,376 [INFO] IPUIPlugin:80 - create IPUIPlugin
2023-07-08 14:50:15,376 [INFO] PluginManager:220 - loadIPPluginJar : add pdm2pcm
2023-07-08 14:50:15,386 [INFO] IPUIPlugin:80 - create IPUIPlugin
2023-07-08 14:50:15,386 [INFO] PluginManager:220 - loadIPPluginJar : add plateformsettings
2023-07-08 14:50:15,406 [INFO] IPUIPlugin:80 - create IPUIPlugin
2023-07-08 14:50:15,406 [INFO] PluginManager:220 - loadIPPluginJar : add quadspi
2023-07-08 14:50:15,426 [INFO] IPUIPlugin:80 - create IPUIPlugin
2023-07-08 14:50:15,426 [INFO] PluginManager:220 - loadIPPluginJar : add resmgrutility
2023-07-08 14:50:15,456 [INFO] IPUIPlugin:80 - create IPUIPlugin
2023-07-08 14:50:15,456 [INFO] PluginManager:220 - loadIPPluginJar : add sai
2023-07-08 14:50:15,476 [INFO] IPUIPlugin:80 - create IPUIPlugin
2023-07-08 14:50:15,486 [INFO] PluginManager:220 - loadIPPluginJar : add spi
2023-07-08 14:50:15,526 [INFO] IPUIPlugin:80 - create IPUIPlugin
2023-07-08 14:50:15,526 [INFO] PluginManager:220 - loadIPPluginJar : add stm32_wpan
2023-07-08 14:50:15,546 [INFO] IPUIPlugin:80 - create IPUIPlugin
2023-07-08 14:50:15,546 [INFO] PluginManager:220 - loadIPPluginJar : add tim
2023-07-08 14:50:15,586 [INFO] IPUIPlugin:80 - create IPUIPlugin
2023-07-08 14:50:15,586 [INFO] PluginManager:220 - loadIPPluginJar : add touchsensing
2023-07-08 14:50:15,596 [INFO] IPUIPlugin:80 - create IPUIPlugin
2023-07-08 14:50:15,596 [INFO] PluginManager:220 - loadIPPluginJar : add tracer_emb
2023-07-08 14:50:15,616 [INFO] IPUIPlugin:80 - create IPUIPlugin
2023-07-08 14:50:15,616 [INFO] PluginManager:220 - loadIPPluginJar : add ts
2023-07-08 14:50:15,626 [INFO] IPUIPlugin:80 - create IPUIPlugin
2023-07-08 14:50:15,626 [INFO] PluginManager:220 - loadIPPluginJar : add tsc
2023-07-08 14:50:15,646 [INFO] IPUIPlugin:80 - create IPUIPlugin
2023-07-08 14:50:15,646 [INFO] PluginManager:220 - loadIPPluginJar : add ucpd
2023-07-08 14:50:15,676 [INFO] IPUIPlugin:80 - create IPUIPlugin
2023-07-08 14:50:15,676 [INFO] PluginManager:220 - loadIPPluginJar : add usart
2023-07-08 14:50:15,706 [INFO] IPUIPlugin:80 - create IPUIPlugin
2023-07-08 14:50:15,706 [INFO] PluginManager:220 - loadIPPluginJar : add usbx
2023-07-08 14:50:15,839 [INFO] CADModel:165 - CPN selected for project level
2023-07-08 14:50:15,839 [INFO] CADModel:114 - Register for checkConnection events
2023-07-08 14:50:15,839 [FATAL] Updater:308 - Updater called before beeing initialized
2023-07-08 14:50:15,839 [ERROR] CADModel:125 - Updater not yet initialized, retry later 
2023-07-08 14:50:16,029 [INFO] CADModel:165 - CPN selected for project level
2023-07-08 14:50:16,029 [INFO] CADModel:114 - Register for checkConnection events
2023-07-08 14:50:16,029 [FATAL] Updater:308 - Updater called before beeing initialized
2023-07-08 14:50:16,029 [ERROR] CADModel:125 - Updater not yet initialized, retry later 
2023-07-08 14:50:16,029 [FATAL] Updater:308 - Updater called before beeing initialized
2023-07-08 14:50:16,159 [FATAL] Updater:308 - Updater called before beeing initialized
2023-07-08 14:50:16,170 [INFO] DbMcusAds:53 - JSON generation date=Tue Mar 07 16:50:55 CST 2023 (1678179055335)
2023-07-08 14:50:16,170 [FATAL] Updater:308 - Updater called before beeing initialized
2023-07-08 14:50:16,270 [WARN] DetailPanel:346 - Failed to get advertising image, set to default
2023-07-08 14:50:16,380 [FATAL] Updater:308 - Updater called before beeing initialized
2023-07-08 14:50:16,380 [FATAL] Updater:308 - Updater called before beeing initialized
2023-07-08 14:50:16,390 [FATAL] Updater:308 - Updater called before beeing initialized
2023-07-08 14:50:16,390 [WARN] DetailPanel:346 - Failed to get advertising image, set to default
2023-07-08 14:50:16,390 [FATAL] Updater:308 - Updater called before beeing initialized
2023-07-08 14:50:16,440 [INFO] ThirdPartyUpdaterWithRetryManager:70 - Updater plugin not ready yet. [2/15]
2023-07-08 14:50:16,480 [ERROR] Updater:1120 - MainUpdater not yet initialized. External WinMGr cannot be set.
2023-07-08 14:50:16,500 [INFO] Updater:1056 - Updater Version found : 6.8.0
2023-07-08 14:50:16,530 [INFO] ApplicationProperties:184 - Using Application install path: E:\Software\STM32CubeIDE_1.12.0\STM32CubeIDE\plugins\com.st.stm32cube.common.mx_6.8.0.202302231600
2023-07-08 14:50:16,690 [INFO] MainUpdater:2854 - connection check result : 10
2023-07-08 14:50:16,690 [INFO] MainUpdater:283 - Updater Check For Update Now.
2023-07-08 14:50:16,690 [INFO] MicroXplorer:498 - Change Database Version : DB.6.0.80
2023-07-08 14:50:16,840 [INFO] CheckServerUpdateThread:120 - End of CheckServer Thread
2023-07-08 14:50:16,921 [INFO] MainUpdater:2854 - connection check result : 10
2023-07-08 14:50:16,931 [INFO] MainUpdater:2854 - connection check result : 10
2023-07-08 14:50:17,131 [INFO] MicroXplorer:468 - Change Database Path : 
2023-07-08 14:50:17,131 [INFO] MicroXplorer:498 - Change Database Version : DB.6.0.80
2023-07-08 14:50:17,131 [WARN] ThirdParty:871 - waiting for thirdparty lock release [close project]
2023-07-08 14:50:19,615 [WARN] PackLoader:240 - Cannot read IP mode file for wolfSSL.I-CUBE-wolfSSL.5.2.0
2023-07-08 14:50:19,625 [WARN] PackLoader:240 - Cannot read IP mode file for STMicroelectronics.X-CUBE-GNSS1.6.0.0
2023-07-08 14:50:19,645 [WARN] PackLoader:240 - Cannot read IP mode file for STMicroelectronics.X-CUBE-AZRTOS-F4.1.1.0
2023-07-08 14:50:19,665 [WARN] PackLoader:240 - Cannot read IP mode file for STMicroelectronics.X-CUBE-SMBUS.2.1.0
2023-07-08 14:50:19,705 [WARN] PackLoader:240 - Cannot read IP mode file for STMicroelectronics.X-CUBE-MEMS1.9.2.0
2023-07-08 14:50:19,817 [WARN] PackLoader:240 - Cannot read IP mode file for STMicroelectronics.X-CUBE-BLEMGR.1.2.0
2023-07-08 14:50:19,837 [WARN] PackLoader:240 - Cannot read IP mode file for STMicroelectronics.X-CUBE-AZRTOS-F7.1.1.0
2023-07-08 14:50:19,877 [WARN] PackLoader:240 - Cannot read IP mode file for STMicroelectronics.X-CUBE-MEMS1.9.6.0
2023-07-08 14:50:19,987 [WARN] PackLoader:240 - Cannot read IP mode file for STMicroelectronics.X-CUBE-AI.7.1.0
2023-07-08 14:50:19,987 [WARN] PackLoader:240 - Cannot read IP mode file for STMicroelectronics.X-CUBE-TOUCHGFX.4.19.1
2023-07-08 14:50:19,997 [ERROR] RealEvaluatedCondition:428 - Found unsupported composite condition: GROUP='STM32_MetaDataManager' CLASS='Data Exchange'
2023-07-08 14:50:19,997 [ERROR] RealEvaluatedCondition:428 - Found unsupported composite condition: CLASS='Data Exchange' GROUP='STM32_MetaDataManager'
2023-07-08 14:50:19,997 [WARN] PackLoader:240 - Cannot read IP mode file for STMicroelectronics.FP-SNS-MOTENV1.4.3.0
2023-07-08 14:50:20,007 [WARN] PackLoader:240 - Cannot read IP mode file for STMicroelectronics.FP-SNS-MOTENV1.4.3.2
2023-07-08 14:50:20,017 [WARN] PackLoader:240 - Cannot read IP mode file for STMicroelectronics.FP-SNS-FLIGHT1.5.0.0
2023-07-08 14:50:20,017 [ERROR] RealEvaluatedCondition:428 - Found unsupported composite condition: CLASS='Data Exchange' GROUP='STM32_MetaDataManager'
2023-07-08 14:50:20,027 [ERROR] RealEvaluatedCondition:428 - Found unsupported composite condition: CLASS='Data Exchange' GROUP='STM32_MetaDataManager'
2023-07-08 14:50:20,027 [WARN] PackLoader:240 - Cannot read IP mode file for STMicroelectronics.FP-SNS-MOTENV1.4.3.1
2023-07-08 14:50:20,027 [WARN] PackLoader:240 - Cannot read IP mode file for STMicroelectronics.FP-SNS-FLIGHT1.5.0.1
2023-07-08 14:50:20,037 [WARN] PackLoader:240 - Cannot read IP mode file for STMicroelectronics.X-CUBE-BLE1.6.2.3
2023-07-08 14:50:20,047 [WARN] PackLoader:240 - Cannot read IP mode file for STMicroelectronics.X-CUBE-BLE1.6.2.4
2023-07-08 14:50:20,057 [WARN] PackLoader:240 - Cannot read IP mode file for STMicroelectronics.X-CUBE-BLEMGR.2.0.0
2023-07-08 14:50:20,067 [WARN] PackLoader:240 - Cannot read IP mode file for STMicroelectronics.X-CUBE-BLE1.6.2.2
2023-07-08 14:50:20,077 [WARN] PackLoader:240 - Cannot read IP mode file for STMicroelectronics.X-CUBE-NFC4.2.0.5
2023-07-08 14:50:20,087 [WARN] PackLoader:240 - Cannot read IP mode file for STMicroelectronics.X-CUBE-NFC4.2.0.4
2023-07-08 14:50:20,087 [WARN] PackLoader:240 - Cannot read IP mode file for STMicroelectronics.X-CUBE-BLE2.3.2.2
2023-07-08 14:50:20,097 [WARN] PackLoader:240 - Cannot read IP mode file for STMicroelectronics.X-CUBE-NFC4.2.0.3
2023-07-08 14:50:20,117 [WARN] ConditionMgr:438 - getConditionDescription Invalid condition id : UX DEVICE CLASS RTOS Condition cause : null
2023-07-08 14:50:20,117 [WARN] ConditionMgr:438 - getConditionDescription Invalid condition id : UX DEVICE CLASS RTOS Condition cause : null
2023-07-08 14:50:20,117 [WARN] PackLoader:240 - Cannot read IP mode file for STMicroelectronics.X-CUBE-AZRTOS-H7.3.1.0
2023-07-08 14:50:20,117 [WARN] ConditionMgr:1039 - genDependencies : Invalid condition id : UX DEVICE CLASS RTOS Condition cause : null
2023-07-08 14:50:20,117 [WARN] ConditionMgr:1039 - genDependencies : Invalid condition id : UX DEVICE CLASS RTOS Condition cause : null
2023-07-08 14:50:20,127 [WARN] ConditionMgr:1039 - genDependencies : Invalid condition id : UX DEVICE CLASS RTOS Condition cause : null
2023-07-08 14:50:20,127 [WARN] ConditionMgr:1039 - genDependencies : Invalid condition id : UX DEVICE CLASS RTOS Condition cause : null
2023-07-08 14:50:20,127 [WARN] ConditionMgr:1039 - genDependencies : Invalid condition id : UX DEVICE CLASS RTOS Condition cause : null
2023-07-08 14:50:20,137 [WARN] PackLoader:240 - Cannot read IP mode file for STMicroelectronics.X-CUBE-TOF1.3.1.0
2023-07-08 14:50:20,147 [WARN] PackLoader:240 - Cannot read IP mode file for STMicroelectronics.X-CUBE-SFXS2LP1.3.1.0
2023-07-08 14:50:20,157 [WARN] PackLoader:240 - Cannot read IP mode file for STMicroelectronics.X-CUBE-DISPLAY.3.0.0
2023-07-08 14:50:20,177 [WARN] PackLoader:240 - Cannot read IP mode file for STMicroelectronics.X-CUBE-AZRTOS-F4.1.0.0
2023-07-08 14:50:20,187 [WARN] PackLoader:240 - Cannot read IP mode file for STMicroelectronics.X-CUBE-TOUCHGFX.4.22.0
2023-07-08 14:50:20,197 [WARN] PackLoader:240 - Cannot read IP mode file for STMicroelectronics.X-CUBE-NFC7.1.0.1
2023-07-08 14:50:20,197 [WARN] PackLoader:240 - Cannot read IP mode file for STMicroelectronics.X-CUBE-NFC7.1.0.0
2023-07-08 14:50:20,217 [WARN] PackLoader:240 - Cannot read IP mode file for STMicroelectronics.X-CUBE-SUBG2.4.2.0
2023-07-08 14:50:20,247 [WARN] PackLoader:240 - Cannot read IP mode file for STMicroelectronics.X-CUBE-MEMS1.9.3.0
2023-07-08 14:50:20,397 [WARN] PackLoader:240 - Cannot read IP mode file for STMicroelectronics.X-CUBE-EEPRMA1.4.1.0
2023-07-08 14:50:20,397 [WARN] PackLoader:240 - Cannot read IP mode file for STMicroelectronics.X-CUBE-AI.7.2.0
2023-07-08 14:50:20,417 [INFO] LogOutputStream:77 - [STDOUT_REDIRECT] 1 : Invalid condition id : UX_CORESTACK_Condition cause : null
2023-07-08 14:50:20,417 [INFO] LogOutputStream:77 - [STDOUT_REDIRECT] 1 : Invalid condition id : UX_CORESTACK_Condition cause : null
2023-07-08 14:50:20,417 [INFO] LogOutputStream:77 - [STDOUT_REDIRECT] 1 : Invalid condition id : UX_CORESTACK_Condition cause : null
2023-07-08 14:50:20,417 [INFO] LogOutputStream:77 - [STDOUT_REDIRECT] 1 : Invalid condition id : UX_CORESTACK_Condition cause : null
2023-07-08 14:50:20,417 [INFO] LogOutputStream:77 - [STDOUT_REDIRECT] 1 : Invalid condition id : UX_CORESTACK_Condition cause : null
2023-07-08 14:50:20,417 [WARN] PackLoader:240 - Cannot read IP mode file for STMicroelectronics.X-CUBE-AZRTOS-WL.2.0.0
2023-07-08 14:50:20,437 [WARN] PackLoader:240 - Cannot read IP mode file for STMicroelectronics.X-CUBE-AZRTOS-G0.1.0.0
2023-07-08 14:50:20,457 [WARN] ConditionMgr:438 - getConditionDescription Invalid condition id : LAN8742 Phy interface Condition cause : null
2023-07-08 14:50:20,457 [WARN] PackLoader:240 - Cannot read IP mode file for STMicroelectronics.X-CUBE-AZRTOS-L4.2.0.0
2023-07-08 14:50:20,457 [WARN] ConditionMgr:1039 - genDependencies : Invalid condition id : LAN8742 Phy interface Condition cause : null
2023-07-08 14:50:20,457 [WARN] ConditionMgr:1039 - genDependencies : Invalid condition id : LAN8742 Phy interface Condition cause : null
2023-07-08 14:50:20,457 [WARN] ConditionMgr:1039 - genDependencies : Invalid condition id : LAN8742 Phy interface Condition cause : null
2023-07-08 14:50:20,476 [WARN] PackLoader:240 - Cannot read IP mode file for WES.I-CUBE-Cesium.1.3.0
2023-07-08 14:50:20,477 [WARN] PackLoader:240 - Cannot read IP mode file for STMicroelectronics.X-CUBE-SFXS2LP1.4.0.0
2023-07-08 14:50:20,487 [WARN] PackLoader:240 - Cannot read IP mode file for STMicroelectronics.X-CUBE-BLE2.3.3.0
2023-07-08 14:50:20,497 [WARN] PackLoader:240 - Cannot read IP mode file for STMicroelectronics.X-CUBE-DISPLAY.2.2.0
2023-07-08 14:50:20,507 [WARN] PackLoader:240 - Cannot read IP mode file for STMicroelectronics.X-CUBE-TOF1.3.2.0
2023-07-08 14:50:20,517 [WARN] PackLoader:240 - Cannot read IP mode file for STMicroelectronics.X-CUBE-TOUCHGFX.4.18.1
2023-07-08 14:50:20,537 [WARN] PackLoader:240 - Cannot read IP mode file for STMicroelectronics.X-CUBE-AZRTOS-H7.3.0.0
2023-07-08 14:50:20,547 [WARN] PackLoader:240 - Cannot read IP mode file for STMicroelectronics.X-CUBE-ISPU.1.1.0
2023-07-08 14:50:20,557 [WARN] PackLoader:240 - Cannot read IP mode file for RoweBots.I-CUBE-UNISONRTOS.5.5.0-4
2023-07-08 14:50:20,587 [WARN] PackLoader:240 - Cannot read IP mode file for STMicroelectronics.X-CUBE-AZRTOS-H7.2.1.0
2023-07-08 14:50:20,597 [WARN] PackLoader:240 - Cannot read IP mode file for STMicroelectronics.X-CUBE-AI.8.0.0
2023-07-08 14:50:20,597 [WARN] PackLoader:240 - Cannot read IP mode file for STMicroelectronics.X-CUBE-FREERTOS.1.0.0
2023-07-08 14:50:20,607 [WARN] PackLoader:240 - Cannot read IP mode file for STMicroelectronics.X-CUBE-FREERTOS.1.0.1
2023-07-08 14:50:20,627 [WARN] PackLoader:240 - Cannot read IP mode file for STMicroelectronics.X-CUBE-TOUCHGFX.4.21.1
2023-07-08 14:50:20,627 [WARN] PackLoader:240 - Cannot read IP mode file for STMicroelectronics.X-CUBE-TOUCHGFX.4.21.3
2023-07-08 14:50:20,637 [WARN] PackLoader:240 - Cannot read IP mode file for STMicroelectronics.X-CUBE-BLEMGR.1.0.0
2023-07-08 14:50:20,647 [WARN] PackLoader:240 - Cannot read IP mode file for STMicroelectronics.X-CUBE-TOUCHGFX.4.21.4
2023-07-08 14:50:20,657 [WARN] PackLoader:240 - Cannot read IP mode file for STMicroelectronics.X-CUBE-AI.7.3.0
2023-07-08 14:50:20,657 [WARN] PackLoader:240 - Cannot read IP mode file for STMicroelectronics.X-CUBE-ALGOBUILD.1.3.0
2023-07-08 14:50:20,677 [WARN] PackLoader:240 - Cannot read IP mode file for STMicroelectronics.X-CUBE-AZRTOS-L5.1.1.0
2023-07-08 14:50:20,697 [WARN] PackLoader:240 - Cannot read IP mode file for STMicroelectronics.X-CUBE-AZRTOS-G0.1.1.0
2023-07-08 14:50:20,697 [WARN] PackLoader:240 - Cannot read IP mode file for STMicroelectronics.X-CUBE-AI.8.0.1
2023-07-08 14:50:20,707 [WARN] PackLoader:240 - Cannot read IP mode file for STMicroelectronics.X-CUBE-SUBG2.5.0.0
2023-07-08 14:50:20,727 [WARN] PackLoader:240 - Cannot read IP mode file for STMicroelectronics.X-CUBE-NFC4.3.0.0
2023-07-08 14:50:20,747 [WARN] PackLoader:240 - Cannot read IP mode file for SEGGER.I-CUBE-embOS.1.2.0
2023-07-08 14:50:20,777 [WARN] PackLoader:240 - Cannot read IP mode file for STMicroelectronics.X-CUBE-DISPLAY.2.1.0
2023-07-08 14:50:20,787 [WARN] PackLoader:240 - Cannot read IP mode file for STMicroelectronics.X-CUBE-AZRTOS-G4.2.0.0
2023-07-08 14:50:20,807 [WARN] PackLoader:240 - Cannot read IP mode file for STMicroelectronics.X-CUBE-TOF1.3.3.0
2023-07-08 14:50:20,817 [WARN] PackLoader:240 - Cannot read IP mode file for STMicroelectronics.FP-ATR-ASTRA1.1.1.1
2023-07-08 14:50:20,817 [WARN] PackLoader:240 - Cannot read IP mode file for STMicroelectronics.FP-ATR-ASTRA1.1.1.0
2023-07-08 14:50:20,837 [WARN] PackLoader:240 - Cannot read IP mode file for STMicroelectronics.X-CUBE-AZRTOS-H7.2.0.0
2023-07-08 14:50:20,847 [WARN] PackLoader:240 - Cannot read IP mode file for STMicroelectronics.X-CUBE-AZRTOS-G4.1.0.0
2023-07-08 14:50:20,857 [WARN] PackLoader:240 - Cannot read IP mode file for STMicroelectronics.FP-ATR-SIGFOX1.3.2.0
2023-07-08 14:50:20,878 [WARN] PackLoader:240 - Cannot read IP mode file for STMicroelectronics.X-CUBE-AZRTOS-L4.1.0.0
2023-07-08 14:50:20,878 [WARN] PackLoader:240 - Cannot read IP mode file for emotas.I-CUBE-CANOPEN.1.1.2
2023-07-08 14:50:20,888 [WARN] PackLoader:240 - Cannot read IP mode file for STMicroelectronics.X-CUBE-TOUCHGFX.4.20.0
2023-07-08 14:50:20,908 [WARN] PackLoader:240 - Cannot read IP mode file for STMicroelectronics.X-CUBE-AZRTOS-F7.1.0.0
2023-07-08 14:50:20,928 [WARN] PackLoader:240 - Cannot read IP mode file for STMicroelectronics.X-CUBE-AZRTOS-WL.1.0.0
2023-07-08 14:50:20,948 [WARN] PackLoader:240 - Cannot read IP mode file for STMicroelectronics.X-CUBE-MEMS1.9.1.0
2023-07-08 14:50:21,018 [WARN] PackLoader:240 - Cannot read IP mode file for portGmbH.I-Cube-SoM-uGOAL.1.1.0
2023-07-08 14:50:21,018 [WARN] PackLoader:240 - Cannot read IP mode file for STMicroelectronics.X-CUBE-ALS.1.0.1
2023-07-08 14:50:21,048 [WARN] PackLoader:240 - Cannot read IP mode file for STMicroelectronics.X-CUBE-MEMS1.9.5.0
2023-07-08 14:50:21,128 [WARN] PackLoader:240 - Cannot read IP mode file for STMicroelectronics.X-CUBE-AZRTOS-WB.1.1.0
2023-07-08 14:50:21,158 [WARN] PackLoader:240 - Cannot read IP mode file for SEGGER.I-CUBE-embOS.1.3.1
2023-07-08 14:50:21,188 [WARN] PackLoader:240 - Cannot read IP mode file for STMicroelectronics.X-CUBE-AZRTOS-L5.1.0.0
2023-07-08 14:50:21,188 [WARN] PackLoader:240 - Cannot read IP mode file for STMicroelectronics.X-CUBE-EEPRMA1.3.1.1
2023-07-08 14:50:21,198 [WARN] PackLoader:240 - Cannot read IP mode file for STMicroelectronics.X-CUBE-GNSS1.5.2.0
2023-07-08 14:50:21,208 [WARN] PackLoader:240 - Cannot read IP mode file for STMicroelectronics.FP-ATR-ASTRA1.2.0.0
2023-07-08 14:50:21,218 [WARN] PackLoader:240 - Cannot read IP mode file for STMicroelectronics.X-CUBE-DISPLAY.2.0.1
2023-07-08 14:50:21,228 [WARN] PackLoader:240 - Cannot read IP mode file for STMicroelectronics.X-CUBE-TOF1.3.0.0
2023-07-08 14:50:21,228 [INFO] ThirdParty:978 - Integrity check success = true
2023-07-08 14:50:21,228 [INFO] IntegrityCheckThread:100 - exiting critical section [integrity check]
2023-07-08 14:50:21,228 [INFO] IntegrityCheckThread:103 - End integrity checks thread
2023-07-08 14:50:21,228 [INFO] ThirdParty:873 - entering critical section [close project]
2023-07-08 14:50:21,228 [INFO] ThirdParty:883 - exiting critical section [close project]
2023-07-08 14:50:21,238 [INFO] PinOutPanel:1499 - setPackage(No Configuration,No Configuration)
2023-07-08 14:50:21,238 [INFO] UtilMem:75 - Begin LoadConfig() Used Memory: 869506952 Bytes (1073741824)
2023-07-08 14:50:21,238 [INFO] MicroXplorer:468 - Change Database Path : 
2023-07-08 14:50:21,238 [INFO] MicroXplorer:498 - Change Database Version : DB.6.0.80
2023-07-08 14:50:21,238 [INFO] OpenFileManager:308 - Change cursor
2023-07-08 14:50:21,348 [INFO] Mcu:1937 - Initializing MCU STM32F407Z(E-G)Tx STM32F407ZGTx STM32F407ZGT6
2023-07-08 14:50:23,338 [INFO] Context:659 - Trying to add GPIOservice into a context  which must be forbidden
2023-07-08 14:50:23,949 [INFO] RtosManager:555 - Registered RTOS mode: class=CMSIS, group=RTOS, mode=CMSIS_V1, owner=FREERTOS
2023-07-08 14:50:23,949 [INFO] RtosManager:555 - Registered RTOS mode: class=CMSIS, group=RTOS2, mode=CMSIS_V2, owner=FREERTOS
2023-07-08 14:50:23,949 [INFO] RtosManager:555 - Registered RTOS mode: class=RTOS, group=Core, mode=CMSIS_V1, owner=FREERTOS
2023-07-08 14:50:23,949 [INFO] RtosManager:555 - Registered RTOS mode: class=RTOS, group=Core, mode=CMSIS_V2, owner=FREERTOS
2023-07-08 14:50:23,949 [WARN] ModelIntegratedComponent:184 - Missing modes for component STMicroelectronics:FreeRTOS:0.0.1:STMicroelectronics:RTOS:FreeRTOS:Core:::10.2.0:
2023-07-08 14:50:23,959 [WARN] ModelIntegratedComponent:63 - No mode defined for component null
2023-07-08 14:50:23,959 [WARN] ModelIntegratedComponent:63 - No mode defined for component null
2023-07-08 14:50:23,959 [WARN] ModelIntegratedComponent:63 - No mode defined for component null
2023-07-08 14:50:23,959 [WARN] ModelIntegratedComponent:63 - No mode defined for component null
2023-07-08 14:50:23,959 [WARN] ModelIntegratedComponent:63 - No mode defined for component null
2023-07-08 14:50:23,959 [WARN] ModelIntegratedComponent:63 - No mode defined for component null
2023-07-08 14:50:23,959 [WARN] ModelIntegratedComponent:63 - No mode defined for component null
2023-07-08 14:50:23,959 [WARN] ModelIntegratedComponent:63 - No mode defined for component null
2023-07-08 14:50:23,959 [WARN] ModelIntegratedComponent:63 - No mode defined for component null
2023-07-08 14:50:23,959 [WARN] ModelIntegratedComponent:63 - No mode defined for component null
2023-07-08 14:50:23,959 [WARN] ModelIntegratedComponent:63 - No mode defined for component null
2023-07-08 14:50:23,959 [WARN] ModelIntegratedComponent:63 - No mode defined for component null
2023-07-08 14:50:23,959 [WARN] ModelIntegratedComponent:63 - No mode defined for component null
2023-07-08 14:50:23,959 [WARN] ModelIntegratedComponent:63 - No mode defined for component null
2023-07-08 14:50:23,959 [WARN] ModelIntegratedComponent:63 - No mode defined for component null
2023-07-08 14:50:23,959 [WARN] ModelIntegratedComponent:63 - No mode defined for component null
2023-07-08 14:50:23,959 [WARN] ModelIntegratedComponent:63 - No mode defined for component null
2023-07-08 14:50:23,959 [WARN] ModelIntegratedComponent:63 - No mode defined for component null
2023-07-08 14:50:23,959 [WARN] ModelIntegratedComponent:63 - No mode defined for component null
2023-07-08 14:50:23,959 [WARN] ModelIntegratedComponent:63 - No mode defined for component null
2023-07-08 14:50:23,959 [WARN] ModelIntegratedComponent:63 - No mode defined for component null
2023-07-08 14:50:23,959 [WARN] ModelIntegratedComponent:63 - No mode defined for component null
2023-07-08 14:50:23,959 [WARN] ModelIntegratedComponent:63 - No mode defined for component null
2023-07-08 14:50:23,959 [WARN] ModelIntegratedComponent:63 - No mode defined for component null
2023-07-08 14:50:23,959 [WARN] ModelIntegratedComponent:63 - No mode defined for component null
2023-07-08 14:50:23,959 [WARN] ModelIntegratedComponent:63 - No mode defined for component null
2023-07-08 14:50:23,959 [WARN] ModelIntegratedComponent:63 - No mode defined for component null
2023-07-08 14:50:23,959 [WARN] ModelIntegratedComponent:63 - No mode defined for component null
2023-07-08 14:50:23,959 [WARN] ModelIntegratedComponent:63 - No mode defined for component null
2023-07-08 14:50:23,959 [WARN] ModelIntegratedComponent:63 - No mode defined for component null
2023-07-08 14:50:23,959 [WARN] ModelIntegratedComponent:63 - No mode defined for component null
2023-07-08 14:50:23,959 [WARN] ModelIntegratedComponent:63 - No mode defined for component null
2023-07-08 14:50:23,959 [WARN] ModelIntegratedComponent:63 - No mode defined for component null
2023-07-08 14:50:24,153 [INFO] ThirdPartyModel:298 - Start build external matchings
2023-07-08 14:50:25,614 [INFO] ThirdPartyModel:316 - End build external matchings
2023-07-08 14:50:25,654 [INFO] ImportTextPane:194 - (OptionalMessage_ERROR) IP (RCC) : Parameter (48MHZClocksFreq_Value) has invalid value (84000000)
2023-07-08 14:50:25,654 [INFO] ImportTextPane:194 - (OptionalMessage_ERROR) IP (RCC) : Parameter (RTCHSEDivFreq_Value) has invalid value (4000000)
2023-07-08 14:50:26,080 [INFO] UtilMem:75 - End LoadConfig() Used Memory: 892459000 Bytes (1073741824)
2023-07-08 14:50:26,255 [INFO] ApiDb:581 - Connected to CubeFinder SQLite database (C:\Users\Administrator\.stmcufinder\plugins\mcufinder\mcu\cube-finder-db.db)
2023-07-08 14:50:26,305 [INFO] ApiDb:668 - CubeFinder database Data Model version=2.1
2023-07-08 14:50:26,305 [INFO] ApiDb:669 - CubeFinder database Configuration version=3.0.35
2023-07-08 14:50:26,315 [INFO] ApiDb:670 - CubeFinder database generation date=2023-05-12 (1683877179)
2023-07-08 14:50:26,315 [INFO] ApiDb:671 - CubeFinder database FW Pack versions=[FP-ATR-ASTRA1_V2.0.0, FP-SNS-FLIGHT1_V5.0.0, FP-SNS-MOTENV1_V4.3.0, STM32Cube_FW_C0_V1.0.1, STM32Cube_FW_F0_V1.11.4, STM32Cube_FW_F3_V1.11.4, STM32Cube_FW_F4_V1.27.1, STM32Cube_FW_F7_V1.17.0, STM32Cube_FW_G0_V1.6.1, STM32Cube_FW_G4_V1.5.1, STM32Cube_FW_H5_V0.5.1, STM32Cube_FW_H5_V1.0.0, STM32Cube_FW_H7_V1.11.0, STM32Cube_FW_L0_V1.12.2, STM32Cube_FW_L5_V1.5.0, STM32Cube_FW_U5_V1.2.0, STM32Cube_FW_WBA_V1.0.0, STM32Cube_FW_WBA_V1.0.0RC1, STM32Cube_FW_WBA_V1.0.0RC3, STM32Cube_FW_WB_V1.15.0RC1, STM32Cube_FW_WB_V1.16.0, STM32Cube_FW_WB_V1.16.0RC2, STM32Cube_FW_WL_V1.3.0, X-CUBE-ALGOBUILD_V1.3.0, X-CUBE-ALS_V1.0.1, X-CUBE-AZRTOS-F4_V1.1.0, X-CUBE-AZRTOS-F7_V1.1.0, X-CUBE-AZRTOS-G0_V1.1.0, X-CUBE-AZRTOS-G4_V2.0.0, X-CUBE-AZRTOS-H7_V3.1.0, X-CUBE-AZRTOS-L4_V1.0.0, X-CUBE-AZRTOS-L5_V1.1.0, X-CUBE-AZRTOS-WB_V1.1.0, X-CUBE-AZRTOS-WL_V1.0.0, X-CUBE-BLE1_V6.2.4, X-CUBE-BLE2_V3.3.0, X-CUBE-BLEMGR_V2.0.0, X-CUBE-EEPRMA1_V4.1.0, X-CUBE-FREERTOS_V1.0.1, X-CUBE-GNSS1_V6.0.0, X-CUBE-MEMS1_V9.1.0, X-CUBE-MEMS1_V9.4.0, X-CUBE-MEMS1_V9.6.0, X-CUBE-NFC4_V3.0.0, X-CUBE-NFC7_V1.0.0, X-CUBE-SFXS2LP1_V4.0.0, X-CUBE-SUBG2_V5.0.0]
2023-07-08 14:50:28,321 [INFO] ApiDb:240 - Found 297 in-development CPN: [B-G473E-ZEST1S, B-WB1M-WPAN1, B-WL5M-SUBG1, NUCLEO-C031C6, NUCLEO-H503RB, NUCLEO-H563ZI, NUCLEO-U545RE-Q, NUCLEO-U5A5ZJ-Q, NUCLEO-WBA52CG, STEVAL-PROTEUS1, STEVAL-STWINBX1, STM320518-EVAL, STM32C0116-DK, STM32C011D6Y3TR, STM32C011D6Y6TR, STM32C011F4P3, STM32C011F4P6, STM32C011F4U3, STM32C011F4U6TR, STM32C011F6P3, STM32C011F6P6, STM32C011F6U3, STM32C011F6U6TR, STM32C011J4M3, STM32C011J4M6, STM32C011J6M3, STM32C011J6M6, STM32C0316-DK, STM32C031C4T3, STM32C031C4T6, STM32C031C4U3, STM32C031C4U6, STM32C031C6T3, STM32C031C6T6, STM32C031C6U3, STM32C031C6U6, STM32C031F4P3, STM32C031F4P6, STM32C031F6P3, STM32C031F6P6, STM32C031G4U3, STM32C031G4U6, STM32C031G6U3, STM32C031G6U6, STM32C031K4T3, STM32C031K4T6, STM32C031K4U3, STM32C031K4U6, STM32C031K6T3, STM32C031K6T6, STM32C031K6U3, STM32C031K6U6, STM32G071K8TXN, STM32G071K8UXN, STM32G081GBU6N, STM32G081KBT6N, STM32G081KBUXN, STM32G0B1CCT6N, STM32G0B1KCT6, STM32G0B1NEY6TR, STM32G0B1RCT6N, STM32G0C1CCT6, STM32G0C1CCT6N, STM32G0C1CCU6N, STM32G0C1CET6N, STM32G0C1CEU6N, STM32G0C1KCT6, STM32G0C1NEY6TR, STM32G0C1RCI6N, STM32G0C1RCT6N, STM32G0C1REI6N, STM32G0C1RET6N, STM32G0C1VCI6, STM32G0C1VEI6, STM32G471CCT6, STM32G471CCU6, STM32G471CET3, STM32G471CET6, STM32G471CEU3, STM32G471CEU6, STM32G471MCT6, STM32G471MET3, STM32G471MET6, STM32G471MEY6TR, STM32G471QCT6, STM32G471QET3, STM32G471RCT6, STM32G471RET3, STM32G471RET6, STM32G471VCH6, STM32G471VCI6, STM32G471VCT6, STM32G471VEH3, STM32G471VEH6, STM32G471VEI3, STM32G471VEI6, STM32G471VET3, STM32G471VET6, STM32G474CCT6, STM32H503CBT6, STM32H503CBU6, STM32H503EBY6TR, STM32H503KBU6, STM32H503RBT6, STM32H562AGI6, STM32H562AII6, STM32H562IGK6, STM32H562IGT6, STM32H562IIK6, STM32H562IIT6, STM32H562RGT6, STM32H562RGV6, STM32H562RIT6, STM32H562RIV6, STM32H562VGT6, STM32H562VIT6, STM32H562ZGT6, STM32H562ZIT6, STM32H563AGI6, STM32H563AII3Q, STM32H563AII6, STM32H563IGK6, STM32H563IGT6, STM32H563IIK3Q, STM32H563IIK6, STM32H563IIT3Q, STM32H563IIT6, STM32H563MIY3QTR, STM32H563RGT6, STM32H563RGV6, STM32H563RIT6, STM32H563RIV6, STM32H563VGT6, STM32H563VIT3Q, STM32H563VIT6, STM32H563ZGT6, STM32H563ZIT3Q, STM32H563ZIT6, STM32H573AII3Q, STM32H573AII6, STM32H573I-DK, STM32H573IIK3Q, STM32H573IIK6, STM32H573IIT3Q, STM32H573IIT6, STM32H573MIY3QTR, STM32H573RIT6, STM32H573RIV6, STM32H573VIT3Q, STM32H573VIT6, STM32H573ZIT3Q, STM32H573ZIT6, STM32L4R5QGI6STR, STM32MP131AAE3, STM32MP131AAF3, STM32MP131AAG3, STM32MP131CAE3, STM32MP131CAF3, STM32MP131CAG3, STM32MP131DAE7, STM32MP131DAF7, STM32MP131DAG7, STM32MP131FAE7, STM32MP131FAF7, STM32MP131FAG7, STM32MP133AAE3, STM32MP133AAF3, STM32MP133AAG3, STM32MP133CAE3, STM32MP133CAF3, STM32MP133CAG3, STM32MP133DAE7, STM32MP133DAF7, STM32MP133DAG7, STM32MP133FAE7, STM32MP133FAF7, STM32MP133FAG7, STM32MP135AAE3, STM32MP135AAF3, STM32MP135AAG3, STM32MP135CAE3, STM32MP135CAF3, STM32MP135CAG3, STM32MP135DAE7, STM32MP135DAF7, STM32MP135DAG7, STM32MP135F-DK, STM32MP135FAE7, STM32MP135FAF7, STM32MP135FAF7T, STM32MP135FAF7U, STM32MP135FAG7, STM32U535CBT6, STM32U535CBT6Q, STM32U535CBU6, STM32U535CBU6Q, STM32U535CCT6, STM32U535CCT6Q, STM32U535CCU6, STM32U535CCU6Q, STM32U535CET6, STM32U535CET6Q, STM32U535CEU6, STM32U535CEU6Q, STM32U535JEY6QTR, STM32U535NCY6QTR, STM32U535NEY6QTR, STM32U535RBI6, STM32U535RBI6Q, STM32U535RBT6, STM32U535RBT6Q, STM32U535RCI6, STM32U535RCI6Q, STM32U535RCT6, STM32U535RCT6Q, STM32U535REI6, STM32U535REI6Q, STM32U535RET6, STM32U535RET6Q, STM32U535VCI6, STM32U535VCI6Q, STM32U535VCT6, STM32U535VCT6Q, STM32U535VEI6, STM32U535VEI6Q, STM32U535VET6, STM32U535VET6Q, STM32U545CET6, STM32U545CET6Q, STM32U545CEU6, STM32U545CEU6Q, STM32U545JEY6QTR, STM32U545NEY6QTR, STM32U545REI6, STM32U545REI6Q, STM32U545RET6, STM32U545RET6Q, STM32U545VEI6, STM32U545VEI6Q, STM32U545VET6, STM32U545VET6Q, STM32U595AIH6, STM32U595AIH6Q, STM32U595AJH6, STM32U595AJH6Q, STM32U595QII6, STM32U595QII6Q, STM32U595QJI6, STM32U595QJI6Q, STM32U595RIT6, STM32U595RIT6Q, STM32U595RJT6, STM32U595RJT6Q, STM32U595VIT6, STM32U595VIT6Q, STM32U595VJT6, STM32U595VJT6Q, STM32U595ZIT6, STM32U595ZIT6Q, STM32U595ZIY6QTR, STM32U595ZJT6, STM32U595ZJT6Q, STM32U595ZJY6QTR, STM32U599BJY6QTR, STM32U599NIH6Q, STM32U599NJH6Q, STM32U599VIT6Q, STM32U599VJT6, STM32U599VJT6Q, STM32U599ZIT6Q, STM32U599ZIY6QTR, STM32U599ZJT6Q, STM32U599ZJY6QTR, STM32U5A5AJH6, STM32U5A5AJH6Q, STM32U5A5QJI6, STM32U5A5QJI6Q, STM32U5A5RJT6, STM32U5A5RJT6Q, STM32U5A5VJT6, STM32U5A5VJT6Q, STM32U5A5ZJT6, STM32U5A5ZJT6Q, STM32U5A5ZJY6QTR, STM32U5A9BJY6QTR, STM32U5A9J-DK, STM32U5A9NJH6Q, STM32U5A9VJT6Q, STM32U5A9ZJT6Q, STM32U5A9ZJY6QTR, STM32WB1MMCH6, STM32WBA52CEU6, STM32WBA52CEU6T, STM32WBA52CGU6, STM32WBA52CGU6T, STM32WL5MOCH6, STM32WL5MOCH6TR]
2023-07-08 14:50:28,321 [INFO] DbMcus:216 - Found 3775 MCUs, 3775 are supported
2023-07-08 14:50:28,331 [INFO] ApiDb:423 - Load user favorites file C:\Users\Administrator/.stm32cubeide/favorites.mcus.txt: 2 item(s)
2023-07-08 14:50:28,331 [INFO] ApiDb:427 - User favorites MCUs=[STM32F103C6T6A, STM32F103ZET6]
2023-07-08 14:50:28,331 [INFO] DbMcus:222 - Set 2 / 2 favorites MCUs
2023-07-08 14:50:28,711 [WARN] ThirdParty:833 - waiting for thirdparty lock release [change project]
2023-07-08 14:50:28,711 [INFO] ThirdParty:835 - entering critical section [change project]
2023-07-08 14:50:28,711 [INFO] ThirdParty:1030 - CMSIS Pack Vendor :wolfSSL I-CUBE-wolfSSL 5.2.0
2023-07-08 14:50:28,711 [INFO] ThirdParty:1030 - CMSIS Pack Vendor :STMicroelectronics X-CUBE-GNSS1 6.0.0
2023-07-08 14:50:28,711 [INFO] ThirdParty:1030 - CMSIS Pack Vendor :STMicroelectronics USB_HOST 2.0.0
2023-07-08 14:50:28,711 [INFO] ThirdParty:1030 - CMSIS Pack Vendor :STMicroelectronics X-CUBE-AZRTOS-F4 1.1.0
2023-07-08 14:50:28,711 [INFO] ThirdParty:1030 - CMSIS Pack Vendor :STMicroelectronics LIBJPEG 8.0.0
2023-07-08 14:50:28,711 [INFO] ThirdParty:1030 - CMSIS Pack Vendor :STMicroelectronics X-CUBE-SMBUS 2.1.0
2023-07-08 14:50:28,711 [INFO] ThirdParty:1030 - CMSIS Pack Vendor :STMicroelectronics X-CUBE-MEMS1 9.2.0
2023-07-08 14:50:28,711 [INFO] ThirdParty:1030 - CMSIS Pack Vendor :STMicroelectronics X-CUBE-BLEMGR 1.2.0
2023-07-08 14:50:28,711 [INFO] ThirdParty:1030 - CMSIS Pack Vendor :STMicroelectronics X-CUBE-AZRTOS-F7 1.1.0
2023-07-08 14:50:28,711 [INFO] ThirdParty:1030 - CMSIS Pack Vendor :STMicroelectronics USB_DEVICE 2.0.0
2023-07-08 14:50:28,711 [INFO] ThirdParty:1030 - CMSIS Pack Vendor :STMicroelectronics X-CUBE-MEMS1 9.6.0
2023-07-08 14:50:28,711 [INFO] ThirdParty:1030 - CMSIS Pack Vendor :STMicroelectronics X-CUBE-AI 7.1.0
2023-07-08 14:50:28,711 [INFO] ThirdParty:1030 - CMSIS Pack Vendor :STMicroelectronics X-CUBE-TOUCHGFX 4.19.1
2023-07-08 14:50:28,711 [INFO] ThirdParty:1030 - CMSIS Pack Vendor :STMicroelectronics FP-SNS-MOTENV1 4.3.0
2023-07-08 14:50:28,711 [INFO] ThirdParty:1030 - CMSIS Pack Vendor :STMicroelectronics FP-SNS-MOTENV1 4.3.2
2023-07-08 14:50:28,711 [INFO] ThirdParty:1030 - CMSIS Pack Vendor :STMicroelectronics FP-SNS-FLIGHT1 5.0.0
2023-07-08 14:50:28,711 [INFO] ThirdParty:1030 - CMSIS Pack Vendor :STMicroelectronics FP-SNS-MOTENV1 4.3.1
2023-07-08 14:50:28,711 [INFO] ThirdParty:1030 - CMSIS Pack Vendor :STMicroelectronics FP-SNS-FLIGHT1 5.0.1
2023-07-08 14:50:28,711 [INFO] ThirdParty:1030 - CMSIS Pack Vendor :STMicroelectronics X-CUBE-BLE1 6.2.3
2023-07-08 14:50:28,721 [INFO] ThirdParty:1030 - CMSIS Pack Vendor :STMicroelectronics X-CUBE-BLE1 6.2.4
2023-07-08 14:50:28,721 [INFO] ThirdParty:1030 - CMSIS Pack Vendor :STMicroelectronics FreeRTOS 0.0.1
2023-07-08 14:50:28,721 [INFO] ThirdParty:1030 - CMSIS Pack Vendor :STMicroelectronics X-CUBE-BLEMGR 2.0.0
2023-07-08 14:50:28,721 [INFO] ThirdParty:1030 - CMSIS Pack Vendor :STMicroelectronics X-CUBE-BLE1 6.2.2
2023-07-08 14:50:28,721 [INFO] ThirdParty:1030 - CMSIS Pack Vendor :STMicroelectronics X-CUBE-NFC4 2.0.5
2023-07-08 14:50:28,721 [INFO] ThirdParty:1030 - CMSIS Pack Vendor :STMicroelectronics X-CUBE-NFC4 2.0.4
2023-07-08 14:50:28,721 [INFO] ThirdParty:1030 - CMSIS Pack Vendor :STMicroelectronics X-CUBE-BLE2 3.2.2
2023-07-08 14:50:28,721 [INFO] ThirdParty:1030 - CMSIS Pack Vendor :STMicroelectronics X-CUBE-NFC4 2.0.3
2023-07-08 14:50:28,721 [INFO] ThirdParty:1030 - CMSIS Pack Vendor :STMicroelectronics X-CUBE-AZRTOS-H7 3.1.0
2023-07-08 14:50:28,721 [INFO] ThirdParty:1030 - CMSIS Pack Vendor :STMicroelectronics PDM2PCM 3.3.0
2023-07-08 14:50:28,721 [INFO] ThirdParty:1030 - CMSIS Pack Vendor :STMicroelectronics X-CUBE-TOF1 3.1.0
2023-07-08 14:50:28,721 [INFO] ThirdParty:1030 - CMSIS Pack Vendor :STMicroelectronics X-CUBE-SFXS2LP1 3.1.0
2023-07-08 14:50:28,721 [INFO] ThirdParty:1030 - CMSIS Pack Vendor :STMicroelectronics X-CUBE-DISPLAY 3.0.0
2023-07-08 14:50:28,721 [INFO] ThirdParty:1030 - CMSIS Pack Vendor :STMicroelectronics X-CUBE-AZRTOS-F4 1.0.0
2023-07-08 14:50:28,721 [INFO] ThirdParty:1030 - CMSIS Pack Vendor :STMicroelectronics HAL Drivers 0.0.0
2023-07-08 14:50:28,721 [INFO] ThirdParty:1030 - CMSIS Pack Vendor :STMicroelectronics X-CUBE-TOUCHGFX 4.22.0
2023-07-08 14:50:28,721 [INFO] ThirdParty:1030 - CMSIS Pack Vendor :STMicroelectronics X-CUBE-NFC7 1.0.1
2023-07-08 14:50:28,721 [INFO] ThirdParty:1030 - CMSIS Pack Vendor :STMicroelectronics MBEDTLS 2.14.1
2023-07-08 14:50:28,721 [INFO] ThirdParty:1030 - CMSIS Pack Vendor :STMicroelectronics X-CUBE-NFC7 1.0.0
2023-07-08 14:50:28,721 [INFO] ThirdParty:1030 - CMSIS Pack Vendor :STMicroelectronics X-CUBE-SUBG2 4.2.0
2023-07-08 14:50:28,721 [INFO] ThirdParty:1030 - CMSIS Pack Vendor :STMicroelectronics X-CUBE-MEMS1 9.3.0
2023-07-08 14:50:28,721 [INFO] ThirdParty:1030 - CMSIS Pack Vendor :STMicroelectronics X-CUBE-EEPRMA1 4.1.0
2023-07-08 14:50:28,721 [INFO] ThirdParty:1030 - CMSIS Pack Vendor :STMicroelectronics X-CUBE-AI 7.2.0
2023-07-08 14:50:28,721 [INFO] ThirdParty:1030 - CMSIS Pack Vendor :STMicroelectronics X-CUBE-AZRTOS-WL 2.0.0
2023-07-08 14:50:28,721 [INFO] ThirdParty:1030 - CMSIS Pack Vendor :STMicroelectronics USB_DEVICE 1.0.0
2023-07-08 14:50:28,721 [INFO] ThirdParty:1030 - CMSIS Pack Vendor :STMicroelectronics X-CUBE-AZRTOS-G0 1.0.0
2023-07-08 14:50:28,721 [INFO] ThirdParty:1030 - CMSIS Pack Vendor :STMicroelectronics X-CUBE-AZRTOS-L4 2.0.0
2023-07-08 14:50:28,721 [INFO] ThirdParty:1030 - CMSIS Pack Vendor :STMicroelectronics ThreadX 0.0.2
2023-07-08 14:50:28,721 [INFO] ThirdParty:1030 - CMSIS Pack Vendor :WES I-CUBE-Cesium 1.3.0
2023-07-08 14:50:28,721 [INFO] ThirdParty:1030 - CMSIS Pack Vendor :STMicroelectronics lwIP 2.1.2
2023-07-08 14:50:28,721 [INFO] ThirdParty:1030 - CMSIS Pack Vendor :STMicroelectronics X-CUBE-SFXS2LP1 4.0.0
2023-07-08 14:50:28,721 [INFO] ThirdParty:1030 - CMSIS Pack Vendor :STMicroelectronics X-CUBE-BLE2 3.3.0
2023-07-08 14:50:28,721 [INFO] ThirdParty:1030 - CMSIS Pack Vendor :STMicroelectronics X-CUBE-DISPLAY 2.2.0
2023-07-08 14:50:28,721 [INFO] ThirdParty:1030 - CMSIS Pack Vendor :STMicroelectronics X-CUBE-TOF1 3.2.0
2023-07-08 14:50:28,721 [INFO] ThirdParty:1030 - CMSIS Pack Vendor :STMicroelectronics PDM2PCM 3.2.0
2023-07-08 14:50:28,721 [INFO] ThirdParty:1030 - CMSIS Pack Vendor :STMicroelectronics X-CUBE-TOUCHGFX 4.18.1
2023-07-08 14:50:28,721 [INFO] ThirdParty:1030 - CMSIS Pack Vendor :STMicroelectronics X-CUBE-AZRTOS-H7 3.0.0
2023-07-08 14:50:28,721 [INFO] ThirdParty:1030 - CMSIS Pack Vendor :STMicroelectronics X-CUBE-ISPU 1.1.0
2023-07-08 14:50:28,721 [INFO] ThirdParty:1030 - CMSIS Pack Vendor :RoweBots I-CUBE-UNISONRTOS 5.5.0-4
2023-07-08 14:50:28,721 [INFO] ThirdParty:1030 - CMSIS Pack Vendor :STMicroelectronics X-CUBE-AZRTOS-H7 2.1.0
2023-07-08 14:50:28,721 [INFO] ThirdParty:1030 - CMSIS Pack Vendor :STMicroelectronics USB_DEVICE 3.0.0
2023-07-08 14:50:28,721 [INFO] ThirdParty:1030 - CMSIS Pack Vendor :STMicroelectronics X-CUBE-AI 8.0.0
2023-07-08 14:50:28,721 [INFO] ThirdParty:1030 - CMSIS Pack Vendor :STMicroelectronics X-CUBE-FREERTOS 1.0.0
2023-07-08 14:50:28,721 [INFO] ThirdParty:1030 - CMSIS Pack Vendor :STMicroelectronics X-CUBE-FREERTOS 1.0.1
2023-07-08 14:50:28,721 [INFO] ThirdParty:1030 - CMSIS Pack Vendor :STMicroelectronics X-CUBE-TOUCHGFX 4.21.1
2023-07-08 14:50:28,721 [INFO] ThirdParty:1030 - CMSIS Pack Vendor :STMicroelectronics X-CUBE-TOUCHGFX 4.21.3
2023-07-08 14:50:28,721 [INFO] ThirdParty:1030 - CMSIS Pack Vendor :STMicroelectronics X-CUBE-BLEMGR 1.0.0
2023-07-08 14:50:28,721 [INFO] ThirdParty:1030 - CMSIS Pack Vendor :STMicroelectronics X-CUBE-TOUCHGFX 4.21.4
2023-07-08 14:50:28,721 [INFO] ThirdParty:1030 - CMSIS Pack Vendor :STMicroelectronics X-CUBE-AI 7.3.0
2023-07-08 14:50:28,721 [INFO] ThirdParty:1030 - CMSIS Pack Vendor :STMicroelectronics X-CUBE-ALGOBUILD 1.3.0
2023-07-08 14:50:28,721 [INFO] ThirdParty:1030 - CMSIS Pack Vendor :STMicroelectronics X-CUBE-AZRTOS-L5 1.1.0
2023-07-08 14:50:28,721 [INFO] ThirdParty:1030 - CMSIS Pack Vendor :STMicroelectronics X-CUBE-AZRTOS-G0 1.1.0
2023-07-08 14:50:28,721 [INFO] ThirdParty:1030 - CMSIS Pack Vendor :STMicroelectronics X-CUBE-AI 8.0.1
2023-07-08 14:50:28,721 [INFO] ThirdParty:1030 - CMSIS Pack Vendor :STMicroelectronics X-CUBE-SUBG2 5.0.0
2023-07-08 14:50:28,721 [INFO] ThirdParty:1030 - CMSIS Pack Vendor :STMicroelectronics X-CUBE-NFC4 3.0.0
2023-07-08 14:50:28,721 [INFO] ThirdParty:1030 - CMSIS Pack Vendor :SEGGER I-CUBE-embOS 1.2.0
2023-07-08 14:50:28,721 [INFO] ThirdParty:1030 - CMSIS Pack Vendor :STMicroelectronics STM32_WPAN 1.0.0
2023-07-08 14:50:28,721 [INFO] ThirdParty:1030 - CMSIS Pack Vendor :STMicroelectronics lwIP 2.0.3
2023-07-08 14:50:28,721 [INFO] ThirdParty:1030 - CMSIS Pack Vendor :STMicroelectronics USB_HOST 1.0.0
2023-07-08 14:50:28,721 [INFO] ThirdParty:1030 - CMSIS Pack Vendor :STMicroelectronics X-CUBE-DISPLAY 2.1.0
2023-07-08 14:50:28,721 [INFO] ThirdParty:1030 - CMSIS Pack Vendor :STMicroelectronics X-CUBE-AZRTOS-G4 2.0.0
2023-07-08 14:50:28,721 [INFO] ThirdParty:1030 - CMSIS Pack Vendor :STMicroelectronics PDM2PCM 3.1.0
2023-07-08 14:50:28,721 [INFO] ThirdParty:1030 - CMSIS Pack Vendor :STMicroelectronics X-CUBE-TOF1 3.3.0
2023-07-08 14:50:28,721 [INFO] ThirdParty:1030 - CMSIS Pack Vendor :STMicroelectronics FP-ATR-ASTRA1 1.1.1
2023-07-08 14:50:28,721 [INFO] ThirdParty:1030 - CMSIS Pack Vendor :STMicroelectronics FP-ATR-ASTRA1 1.1.0
2023-07-08 14:50:28,721 [INFO] ThirdParty:1030 - CMSIS Pack Vendor :STMicroelectronics X-CUBE-AZRTOS-H7 2.0.0
2023-07-08 14:50:28,721 [INFO] ThirdParty:1030 - CMSIS Pack Vendor :STMicroelectronics X-CUBE-AZRTOS-G4 1.0.0
2023-07-08 14:50:28,721 [INFO] ThirdParty:1030 - CMSIS Pack Vendor :STMicroelectronics FP-ATR-SIGFOX1 3.2.0
2023-07-08 14:50:28,721 [INFO] ThirdParty:1030 - CMSIS Pack Vendor :STMicroelectronics X-CUBE-AZRTOS-L4 1.0.0
2023-07-08 14:50:28,721 [INFO] ThirdParty:1030 - CMSIS Pack Vendor :STMicroelectronics MBEDTLS 2.16.2
2023-07-08 14:50:28,721 [INFO] ThirdParty:1030 - CMSIS Pack Vendor :emotas I-CUBE-CANOPEN 1.1.2
2023-07-08 14:50:28,721 [INFO] ThirdParty:1030 - CMSIS Pack Vendor :STMicroelectronics X-CUBE-TOUCHGFX 4.20.0
2023-07-08 14:50:28,721 [INFO] ThirdParty:1030 - CMSIS Pack Vendor :STMicroelectronics X-CUBE-AZRTOS-F7 1.0.0
2023-07-08 14:50:28,721 [INFO] ThirdParty:1030 - CMSIS Pack Vendor :STMicroelectronics X-CUBE-AZRTOS-WL 1.0.0
2023-07-08 14:50:28,721 [INFO] ThirdParty:1030 - CMSIS Pack Vendor :STMicroelectronics X-CUBE-MEMS1 9.1.0
2023-07-08 14:50:28,721 [INFO] ThirdParty:1030 - CMSIS Pack Vendor :portGmbH I-Cube-SoM-uGOAL 1.1.0
2023-07-08 14:50:28,721 [INFO] ThirdParty:1030 - CMSIS Pack Vendor :STMicroelectronics X-CUBE-ALS 1.0.1
2023-07-08 14:50:28,721 [INFO] ThirdParty:1030 - CMSIS Pack Vendor :STMicroelectronics X-CUBE-MEMS1 9.5.0
2023-07-08 14:50:28,721 [INFO] ThirdParty:1030 - CMSIS Pack Vendor :STMicroelectronics ThreadX 1.0.0
2023-07-08 14:50:28,721 [INFO] ThirdParty:1030 - CMSIS Pack Vendor :STMicroelectronics X-CUBE-AZRTOS-WB 1.1.0
2023-07-08 14:50:28,721 [INFO] ThirdParty:1030 - CMSIS Pack Vendor :SEGGER I-CUBE-embOS 1.3.1
2023-07-08 14:50:28,721 [INFO] ThirdParty:1030 - CMSIS Pack Vendor :STMicroelectronics X-CUBE-AZRTOS-L5 1.0.0
2023-07-08 14:50:28,721 [INFO] ThirdParty:1030 - CMSIS Pack Vendor :STMicroelectronics X-CUBE-EEPRMA1 3.1.1
2023-07-08 14:50:28,721 [INFO] ThirdParty:1030 - CMSIS Pack Vendor :STMicroelectronics X-CUBE-GNSS1 5.2.0
2023-07-08 14:50:28,721 [INFO] ThirdParty:1030 - CMSIS Pack Vendor :STMicroelectronics FP-ATR-ASTRA1 2.0.0
2023-07-08 14:50:28,721 [INFO] ThirdParty:1030 - CMSIS Pack Vendor :STMicroelectronics X-CUBE-DISPLAY 2.0.1
2023-07-08 14:50:28,721 [INFO] ThirdParty:1030 - CMSIS Pack Vendor :STMicroelectronics X-CUBE-TOF1 3.0.0
2023-07-08 14:50:28,721 [INFO] ThirdParty:841 - exiting critical section [change project]
2023-07-08 14:50:29,251 [INFO] PinOutPanel:1499 - setPackage(No Configuration,No Configuration)
2023-07-08 14:50:29,251 [INFO] PinOutPanel:1499 - setPackage(STM32F407ZGTx,LQFP144)
2023-07-08 14:50:29,861 [INFO] UtilMem:75 - Before build in PCC Used Memory: 903761848 Bytes (1073741824)
2023-07-08 14:50:30,611 [INFO] UtilMem:75 - After build in PCC Used Memory: 926410880 Bytes (1073741824)
2023-07-08 14:50:30,641 [INFO] IPUIPlugin:80 - create IPUIPlugin
2023-07-08 14:50:30,641 [INFO] IPUIPlugin:80 - create IPUIPlugin
2023-07-08 14:50:30,641 [INFO] IPUIPlugin:80 - create IPUIPlugin
2023-07-08 14:50:30,641 [INFO] IPUIPlugin:80 - create IPUIPlugin
2023-07-08 14:50:30,641 [INFO] IPUIPlugin:80 - create IPUIPlugin
2023-07-08 14:50:30,641 [INFO] IPUIPlugin:80 - create IPUIPlugin
2023-07-08 14:50:30,641 [INFO] IPUIPlugin:80 - create IPUIPlugin
2023-07-08 14:50:30,641 [INFO] IPUIPlugin:80 - create IPUIPlugin
2023-07-08 14:50:30,641 [INFO] IPUIPlugin:80 - create IPUIPlugin
2023-07-08 14:50:30,641 [INFO] IPUIPlugin:80 - create IPUIPlugin
2023-07-08 14:50:30,641 [INFO] IPUIPlugin:80 - create IPUIPlugin
2023-07-08 14:50:30,641 [INFO] IPUIPlugin:80 - create IPUIPlugin
2023-07-08 14:50:30,641 [INFO] IPUIPlugin:80 - create IPUIPlugin
2023-07-08 14:50:30,641 [INFO] IPUIPlugin:80 - create IPUIPlugin
2023-07-08 14:50:30,641 [INFO] IPUIPlugin:80 - create IPUIPlugin
2023-07-08 14:50:30,641 [INFO] IPUIPlugin:80 - create IPUIPlugin
2023-07-08 14:50:30,641 [INFO] IPUIPlugin:80 - create IPUIPlugin
2023-07-08 14:50:30,641 [INFO] IPUIPlugin:80 - create IPUIPlugin
2023-07-08 14:50:30,641 [INFO] IPUIPlugin:80 - create IPUIPlugin
2023-07-08 14:50:30,641 [INFO] IPUIPlugin:80 - create IPUIPlugin
2023-07-08 14:50:30,641 [INFO] IPUIPlugin:80 - create IPUIPlugin
2023-07-08 14:50:30,641 [INFO] IPUIPlugin:80 - create IPUIPlugin
2023-07-08 14:50:30,641 [INFO] IPUIPlugin:80 - create IPUIPlugin
2023-07-08 14:50:30,641 [INFO] IPUIPlugin:80 - create IPUIPlugin
2023-07-08 14:50:30,641 [INFO] IPUIPlugin:80 - create IPUIPlugin
2023-07-08 14:50:30,641 [INFO] IPUIPlugin:80 - create IPUIPlugin
2023-07-08 14:50:30,641 [INFO] IPUIPlugin:80 - create IPUIPlugin
2023-07-08 14:50:30,651 [INFO] IPUIPlugin:80 - create IPUIPlugin
2023-07-08 14:50:30,651 [INFO] IPUIPlugin:80 - create IPUIPlugin
2023-07-08 14:50:30,651 [INFO] IPUIPlugin:80 - create IPUIPlugin
2023-07-08 14:50:30,651 [INFO] IPUIPlugin:80 - create IPUIPlugin
2023-07-08 14:50:30,651 [INFO] IPUIPlugin:80 - create IPUIPlugin
2023-07-08 14:50:30,651 [INFO] IPUIPlugin:80 - create IPUIPlugin
2023-07-08 14:50:30,651 [INFO] IPUIPlugin:80 - create IPUIPlugin
2023-07-08 14:50:30,651 [INFO] IPUIPlugin:80 - create IPUIPlugin
2023-07-08 14:50:30,651 [INFO] IPUIPlugin:80 - create IPUIPlugin
2023-07-08 14:50:30,651 [INFO] IPUIPlugin:80 - create IPUIPlugin
2023-07-08 14:50:30,651 [INFO] IPUIPlugin:80 - create IPUIPlugin
2023-07-08 14:50:30,651 [INFO] IPUIPlugin:80 - create IPUIPlugin
2023-07-08 14:50:30,651 [INFO] IPUIPlugin:80 - create IPUIPlugin
2023-07-08 14:50:30,651 [INFO] IPUIPlugin:80 - create IPUIPlugin
2023-07-08 14:50:30,651 [INFO] IPUIPlugin:80 - create IPUIPlugin
2023-07-08 14:50:30,651 [INFO] IPUIPlugin:80 - create IPUIPlugin
2023-07-08 14:50:30,651 [INFO] IPUIPlugin:80 - create IPUIPlugin
2023-07-08 14:50:30,661 [INFO] IPUIPlugin:80 - create IPUIPlugin
2023-07-08 14:50:30,661 [INFO] IPUIPlugin:80 - create IPUIPlugin
2023-07-08 14:50:30,661 [INFO] IPUIPlugin:80 - create IPUIPlugin
2023-07-08 14:50:30,661 [INFO] IPUIPlugin:80 - create IPUIPlugin
2023-07-08 14:50:30,661 [INFO] IPUIPlugin:80 - create IPUIPlugin
2023-07-08 14:50:30,661 [INFO] IPUIPlugin:80 - create IPUIPlugin
2023-07-08 14:50:30,661 [INFO] IPUIPlugin:80 - create IPUIPlugin
2023-07-08 14:50:30,661 [INFO] IPUIPlugin:80 - create IPUIPlugin
2023-07-08 14:50:30,661 [INFO] IPUIPlugin:80 - create IPUIPlugin
2023-07-08 14:50:30,661 [INFO] IPUIPlugin:80 - create IPUIPlugin
2023-07-08 14:50:30,661 [INFO] IPUIPlugin:80 - create IPUIPlugin
2023-07-08 14:50:30,661 [INFO] IPUIPlugin:80 - create IPUIPlugin
2023-07-08 14:50:30,661 [INFO] IPUIPlugin:80 - create IPUIPlugin
2023-07-08 14:50:30,661 [INFO] IPUIPlugin:80 - create IPUIPlugin
2023-07-08 14:50:30,761 [INFO] ApiDbMcu:507 - Load IP Config File for PDM2PCM
2023-07-08 14:50:30,781 [WARN] IP:2113 - I2C_Coeff_DF not found: check if there is a RefParameter without a condition.
2023-07-08 14:50:30,781 [WARN] IP:2113 - Analog_Filter not found: check if there is a RefParameter without a condition.
2023-07-08 14:50:30,781 [WARN] IP:2113 - I2C_Coeff_DF not found: check if there is a RefParameter without a condition.
2023-07-08 14:50:30,781 [WARN] IP:2113 - Analog_Filter not found: check if there is a RefParameter without a condition.
2023-07-08 14:50:31,031 [INFO] CADModel:165 - CPN selected for project levelSTM32F407ZGT6
2023-07-08 14:50:31,031 [INFO] CADModel:114 - Register for checkConnection events
2023-07-08 14:50:31,091 [INFO] OpenFileManager:328 - Restore cursor
2023-07-08 14:50:31,311 [WARN] IP:2113 - I2C_Coeff_DF not found: check if there is a RefParameter without a condition.
2023-07-08 14:50:31,311 [WARN] IP:2113 - Analog_Filter not found: check if there is a RefParameter without a condition.
2023-07-08 14:50:31,311 [WARN] IP:2113 - I2C_Coeff_DF not found: check if there is a RefParameter without a condition.
2023-07-08 14:50:31,311 [WARN] IP:2113 - Analog_Filter not found: check if there is a RefParameter without a condition.
2023-07-08 14:50:31,311 [WARN] IP:2113 - I2C_Coeff_DF not found: check if there is a RefParameter without a condition.
2023-07-08 14:50:31,311 [WARN] IP:2113 - Analog_Filter not found: check if there is a RefParameter without a condition.
2023-07-08 14:50:31,311 [WARN] IP:2113 - I2C_Coeff_DF not found: check if there is a RefParameter without a condition.
2023-07-08 14:50:31,311 [WARN] IP:2113 - Analog_Filter not found: check if there is a RefParameter without a condition.
2023-07-08 14:52:59,507 [WARN] IP:2113 - I2C_Coeff_DF not found: check if there is a RefParameter without a condition.
2023-07-08 14:52:59,507 [WARN] IP:2113 - Analog_Filter not found: check if there is a RefParameter without a condition.
2023-07-08 14:52:59,507 [WARN] IP:2113 - I2C_Coeff_DF not found: check if there is a RefParameter without a condition.
2023-07-08 14:52:59,507 [WARN] IP:2113 - Analog_Filter not found: check if there is a RefParameter without a condition.
2023-07-08 14:52:59,507 [WARN] IP:2113 - I2C_Coeff_DF not found: check if there is a RefParameter without a condition.
2023-07-08 14:52:59,507 [WARN] IP:2113 - Analog_Filter not found: check if there is a RefParameter without a condition.
2023-07-08 14:52:59,507 [WARN] IP:2113 - I2C_Coeff_DF not found: check if there is a RefParameter without a condition.
2023-07-08 14:52:59,507 [WARN] IP:2113 - Analog_Filter not found: check if there is a RefParameter without a condition.
2023-07-08 14:52:59,537 [WARN] IP:2113 - I2C_Coeff_DF not found: check if there is a RefParameter without a condition.
2023-07-08 14:52:59,537 [WARN] IP:2113 - Analog_Filter not found: check if there is a RefParameter without a condition.
2023-07-08 14:52:59,537 [WARN] IP:2113 - I2C_Coeff_DF not found: check if there is a RefParameter without a condition.
2023-07-08 14:52:59,537 [WARN] IP:2113 - Analog_Filter not found: check if there is a RefParameter without a condition.
2023-07-08 14:52:59,567 [WARN] IP:2113 - I2C_Coeff_DF not found: check if there is a RefParameter without a condition.
2023-07-08 14:52:59,567 [WARN] IP:2113 - Analog_Filter not found: check if there is a RefParameter without a condition.
2023-07-08 14:52:59,567 [WARN] IP:2113 - I2C_Coeff_DF not found: check if there is a RefParameter without a condition.
2023-07-08 14:52:59,567 [WARN] IP:2113 - Analog_Filter not found: check if there is a RefParameter without a condition.
2023-07-08 14:53:02,815 [INFO] Gpio:273 - dependency for GPIO [I2C1, I2C2, RCC, SPI1, SYS, TIM8]
2023-07-08 14:53:44,337 [INFO] UtilMem:75 - End SaveConfig() Used Memory: 906518280 Bytes (1073741824)
2023-07-08 14:53:45,159 [INFO] UtilMem:75 - End SaveConfig() Used Memory: 889599728 Bytes (1073741824)
2023-07-08 14:53:45,349 [INFO] UtilMem:75 - End SaveConfig() Used Memory: 949890800 Bytes (1073741824)
2023-07-08 14:53:45,772 [INFO] BlockDiagram:2759 - set Specific Code input for plugin: SPI
2023-07-08 14:53:45,772 [INFO] BlockDiagram:2759 - set Specific Code input for plugin: TIM1_8
2023-07-08 14:53:45,772 [INFO] BlockDiagram:2759 - set Specific Code input for plugin: SYS
2023-07-08 14:53:45,772 [INFO] BlockDiagram:2759 - set Specific Code input for plugin: RCC
2023-07-08 14:53:45,772 [INFO] BlockDiagram:2759 - set Specific Code input for plugin: I2C
2023-07-08 14:53:45,772 [INFO] BlockDiagram:2759 - set Specific Code input for plugin: I2C
2023-07-08 14:53:45,772 [INFO] BlockDiagram:2759 - set Specific Code input for plugin: NVIC
2023-07-08 14:53:45,772 [INFO] BlockDiagram:2759 - set Specific Code input for plugin: TIM1_8
2023-07-08 14:53:45,772 [INFO] BlockDiagram:2759 - set Specific Code input for plugin: GPIO
2023-07-08 14:53:45,782 [INFO] CodeGenerator:793 - code generatio: config db path: E:\Software\STM32CubeIDE_1.12.0\STM32CubeIDE\plugins\com.st.stm32cube.common.mx_6.8.0.202302231600\\db\
2023-07-08 14:53:45,792 [WARN] IP:2113 - I2C_Coeff_DF not found: check if there is a RefParameter without a condition.
2023-07-08 14:53:45,792 [WARN] IP:2113 - Analog_Filter not found: check if there is a RefParameter without a condition.
2023-07-08 14:53:45,792 [WARN] IP:2113 - I2C_Coeff_DF not found: check if there is a RefParameter without a condition.
2023-07-08 14:53:45,792 [WARN] IP:2113 - Analog_Filter not found: check if there is a RefParameter without a condition.
2023-07-08 14:53:46,232 [INFO] CodeEngine:255 - oldGeneratedFile, E:\Document\STM32_Project\EX_DCParallel_F407ZGT6_Hollies\MXTmpFiles\license.tmp_save
2023-07-08 14:53:46,702 [INFO] CodeEngine:279 - Generated code: E:\Document\STM32_Project\EX_DCParallel_F407ZGT6_Hollies\MXTmpFiles\license.tmp
2023-07-08 14:53:46,822 [INFO] CodeEngine:255 - oldGeneratedFile, E:\Document\STM32_Project\EX_DCParallel_F407ZGT6_Hollies\MXTmpFiles\gpio.tmp_save
2023-07-08 14:53:46,952 [INFO] CodeEngine:279 - Generated code: E:\Document\STM32_Project\EX_DCParallel_F407ZGT6_Hollies\MXTmpFiles\gpio.tmp
2023-07-08 14:53:47,282 [INFO] CodeEngine:255 - oldGeneratedFile, E:\Document\STM32_Project\EX_DCParallel_F407ZGT6_Hollies\Core\Src\stm32f4xx_it.c_save
2023-07-08 14:53:47,372 [INFO] CodeEngine:279 - Generated code: E:\Document\STM32_Project\EX_DCParallel_F407ZGT6_Hollies\Core\Src\stm32f4xx_it.c
2023-07-08 14:53:47,392 [INFO] CodeEngine:255 - oldGeneratedFile, E:\Document\STM32_Project\EX_DCParallel_F407ZGT6_Hollies\Core\Inc\stm32f4xx_it.h_save
2023-07-08 14:53:47,473 [INFO] CodeEngine:279 - Generated code: E:\Document\STM32_Project\EX_DCParallel_F407ZGT6_Hollies\Core\Inc\stm32f4xx_it.h
2023-07-08 14:53:47,562 [INFO] CodeEngine:255 - oldGeneratedFile, E:\Document\STM32_Project\EX_DCParallel_F407ZGT6_Hollies\Core\Src\stm32f4xx_hal_msp.c_save
2023-07-08 14:53:47,666 [INFO] CodeEngine:279 - Generated code: E:\Document\STM32_Project\EX_DCParallel_F407ZGT6_Hollies\Core\Src\stm32f4xx_hal_msp.c
2023-07-08 14:53:47,675 [INFO] CodeEngine:255 - oldGeneratedFile, E:\Document\STM32_Project\EX_DCParallel_F407ZGT6_Hollies\MXTmpFiles\system.tmp_save
2023-07-08 14:53:47,749 [INFO] CodeEngine:279 - Generated code: E:\Document\STM32_Project\EX_DCParallel_F407ZGT6_Hollies\MXTmpFiles\system.tmp
2023-07-08 14:53:47,770 [INFO] CodeEngine:311 - oldGeneratedFile, E:\Document\STM32_Project\EX_DCParallel_F407ZGT6_Hollies\Core\Inc\stm32f4xx_hal_conf.h_save
2023-07-08 14:53:47,862 [INFO] CodeEngine:335 - Generated code: E:\Document\STM32_Project\EX_DCParallel_F407ZGT6_Hollies\Core\Inc\stm32f4xx_hal_conf.h
2023-07-08 14:53:47,894 [WARN] IPConfigManager:3431 - IP not found : TIM
2023-07-08 14:53:47,895 [WARN] CodeGenerator:3754 - IP not found : null
2023-07-08 14:53:47,920 [INFO] CodeEngine:255 - oldGeneratedFile, E:\Document\STM32_Project\EX_DCParallel_F407ZGT6_Hollies\Core\Inc\main.h_save
2023-07-08 14:53:48,013 [INFO] CodeEngine:279 - Generated code: E:\Document\STM32_Project\EX_DCParallel_F407ZGT6_Hollies\Core\Inc\main.h
2023-07-08 14:53:48,030 [INFO] CodeEngine:255 - oldGeneratedFile, E:\Document\STM32_Project\EX_DCParallel_F407ZGT6_Hollies\Core\Src\main.c_save
2023-07-08 14:53:48,176 [INFO] CodeEngine:279 - Generated code: E:\Document\STM32_Project\EX_DCParallel_F407ZGT6_Hollies\Core\Src\main.c
2023-07-08 14:53:48,748 [INFO] ProjectBuilder:2996 - Time for Copy HAL[1] : 159mS.
2023-07-08 14:53:48,755 [INFO] ProjectBuilder:4304 - Project Generator version: 3.19.2
2023-07-08 14:53:49,410 [INFO] ConfigFileManager:1483 - The Die is : DIE413
2023-07-08 14:53:49,453 [INFO] ApiDbMcu:507 - Load IP Config File for FATFS
2023-07-08 14:53:49,470 [INFO] ApiDbMcu:507 - Load IP Config File for FREERTOS
2023-07-08 14:53:49,505 [INFO] ApiDbMcu:507 - Load IP Config File for LIBJPEG
2023-07-08 14:53:49,517 [INFO] ApiDbMcu:507 - Load IP Config File for LWIP
2023-07-08 14:53:49,537 [INFO] ApiDbMcu:507 - Load IP Config File for MBEDTLS
2023-07-08 14:53:49,563 [INFO] ApiDbMcu:507 - Load IP Config File for USB_DEVICE
2023-07-08 14:53:49,576 [INFO] ApiDbMcu:507 - Load IP Config File for USB_HOST
2023-07-08 14:53:50,662 [INFO] LogOutputStream:77 - [STDOUT_REDIRECT] 
2023-07-08 14:53:52,164 [INFO] ProjectBuilder:4505 - Time for Generating toolchain IDE Files: 3409mS.
2023-07-08 14:53:52,164 [INFO] ProjectBuilder:2867 - Time for Copy CMSIS : 0mS.
2023-07-08 14:53:52,164 [INFO] ProjectBuilder:2867 - Time for Copy CMSIS : 0mS.
2023-07-08 18:05:50,106 [INFO] NvicIntPanel:101 - NVIC parent = com.st.microxplorer.plugins.ip.nvic.MultiNvicIntPanel[,0,0,0x0,invalid,layout=javax.swing.BoxLayout,alignmentX=0.0,alignmentY=0.0,border=,flags=9,maximumSize=,minimumSize=,preferredSize=]
2023-07-08 18:05:51,733 [INFO] UtilMem:75 - End SaveConfig() Used Memory: 932538672 Bytes (1073741824)
2023-07-08 18:05:53,416 [INFO] UtilMem:75 - End SaveConfig() Used Memory: 910971576 Bytes (1073741824)
2023-07-08 18:05:53,793 [INFO] UtilMem:75 - End SaveConfig() Used Memory: 953518424 Bytes (1073741824)
2023-07-08 18:05:53,987 [INFO] BlockDiagram:2759 - set Specific Code input for plugin: SPI
2023-07-08 18:05:53,987 [INFO] BlockDiagram:2759 - set Specific Code input for plugin: TIM1_8
2023-07-08 18:05:53,987 [INFO] BlockDiagram:2759 - set Specific Code input for plugin: SYS
2023-07-08 18:05:53,987 [INFO] BlockDiagram:2759 - set Specific Code input for plugin: RCC
2023-07-08 18:05:53,987 [INFO] BlockDiagram:2759 - set Specific Code input for plugin: I2C
2023-07-08 18:05:53,987 [INFO] BlockDiagram:2759 - set Specific Code input for plugin: I2C
2023-07-08 18:05:53,987 [INFO] BlockDiagram:2759 - set Specific Code input for plugin: NVIC
2023-07-08 18:05:53,987 [INFO] BlockDiagram:2759 - set Specific Code input for plugin: TIM1_8
2023-07-08 18:05:53,987 [INFO] BlockDiagram:2759 - set Specific Code input for plugin: GPIO
2023-07-08 18:05:53,987 [INFO] CodeGenerator:793 - code generatio: config db path: E:\Software\STM32CubeIDE_1.12.0\STM32CubeIDE\plugins\com.st.stm32cube.common.mx_6.8.0.202302231600\\db\
2023-07-08 18:05:53,987 [WARN] IP:2113 - I2C_Coeff_DF not found: check if there is a RefParameter without a condition.
2023-07-08 18:05:53,987 [WARN] IP:2113 - Analog_Filter not found: check if there is a RefParameter without a condition.
2023-07-08 18:05:53,987 [WARN] IP:2113 - I2C_Coeff_DF not found: check if there is a RefParameter without a condition.
2023-07-08 18:05:53,987 [WARN] IP:2113 - Analog_Filter not found: check if there is a RefParameter without a condition.
2023-07-08 18:05:54,147 [INFO] CodeEngine:255 - oldGeneratedFile, E:\Document\STM32_Project\EX_DCParallel_F407ZGT6_Hollies\MXTmpFiles\license.tmp_save
2023-07-08 18:05:54,237 [INFO] CodeEngine:279 - Generated code: E:\Document\STM32_Project\EX_DCParallel_F407ZGT6_Hollies\MXTmpFiles\license.tmp
2023-07-08 18:05:54,257 [INFO] CodeEngine:255 - oldGeneratedFile, E:\Document\STM32_Project\EX_DCParallel_F407ZGT6_Hollies\MXTmpFiles\gpio.tmp_save
2023-07-08 18:05:54,347 [INFO] CodeEngine:279 - Generated code: E:\Document\STM32_Project\EX_DCParallel_F407ZGT6_Hollies\MXTmpFiles\gpio.tmp
2023-07-08 18:05:54,477 [INFO] CodeEngine:255 - oldGeneratedFile, E:\Document\STM32_Project\EX_DCParallel_F407ZGT6_Hollies\Core\Src\stm32f4xx_it.c_save
2023-07-08 18:05:54,607 [INFO] CodeEngine:279 - Generated code: E:\Document\STM32_Project\EX_DCParallel_F407ZGT6_Hollies\Core\Src\stm32f4xx_it.c
2023-07-08 18:05:54,607 [INFO] CodeEngine:255 - oldGeneratedFile, E:\Document\STM32_Project\EX_DCParallel_F407ZGT6_Hollies\Core\Inc\stm32f4xx_it.h_save
2023-07-08 18:05:54,667 [INFO] CodeEngine:279 - Generated code: E:\Document\STM32_Project\EX_DCParallel_F407ZGT6_Hollies\Core\Inc\stm32f4xx_it.h
2023-07-08 18:05:54,687 [INFO] CodeEngine:255 - oldGeneratedFile, E:\Document\STM32_Project\EX_DCParallel_F407ZGT6_Hollies\Core\Src\stm32f4xx_hal_msp.c_save
2023-07-08 18:05:54,787 [INFO] CodeEngine:279 - Generated code: E:\Document\STM32_Project\EX_DCParallel_F407ZGT6_Hollies\Core\Src\stm32f4xx_hal_msp.c
2023-07-08 18:05:54,787 [INFO] CodeEngine:255 - oldGeneratedFile, E:\Document\STM32_Project\EX_DCParallel_F407ZGT6_Hollies\MXTmpFiles\system.tmp_save
2023-07-08 18:05:54,837 [INFO] CodeEngine:279 - Generated code: E:\Document\STM32_Project\EX_DCParallel_F407ZGT6_Hollies\MXTmpFiles\system.tmp
2023-07-08 18:05:54,857 [INFO] CodeEngine:311 - oldGeneratedFile, E:\Document\STM32_Project\EX_DCParallel_F407ZGT6_Hollies\Core\Inc\stm32f4xx_hal_conf.h_save
2023-07-08 18:05:54,927 [INFO] CodeEngine:335 - Generated code: E:\Document\STM32_Project\EX_DCParallel_F407ZGT6_Hollies\Core\Inc\stm32f4xx_hal_conf.h
2023-07-08 18:05:54,947 [WARN] IPConfigManager:3431 - IP not found : TIM
2023-07-08 18:05:54,947 [WARN] CodeGenerator:3754 - IP not found : null
2023-07-08 18:05:54,967 [INFO] CodeEngine:255 - oldGeneratedFile, E:\Document\STM32_Project\EX_DCParallel_F407ZGT6_Hollies\Core\Inc\main.h_save
2023-07-08 18:05:55,037 [INFO] CodeEngine:279 - Generated code: E:\Document\STM32_Project\EX_DCParallel_F407ZGT6_Hollies\Core\Inc\main.h
2023-07-08 18:05:55,047 [INFO] CodeEngine:255 - oldGeneratedFile, E:\Document\STM32_Project\EX_DCParallel_F407ZGT6_Hollies\Core\Src\main.c_save
2023-07-08 18:05:55,187 [INFO] CodeEngine:279 - Generated code: E:\Document\STM32_Project\EX_DCParallel_F407ZGT6_Hollies\Core\Src\main.c
2023-07-08 18:05:55,938 [INFO] ProjectBuilder:2996 - Time for Copy HAL[1] : 81mS.
2023-07-08 18:05:55,938 [INFO] ProjectBuilder:4304 - Project Generator version: 3.19.2
2023-07-08 18:05:56,158 [INFO] ConfigFileManager:1483 - The Die is : DIE413
2023-07-08 18:05:57,390 [INFO] ProjectBuilder:4505 - Time for Generating toolchain IDE Files: 1452mS.
2023-07-08 18:05:57,390 [INFO] ProjectBuilder:2867 - Time for Copy CMSIS : 0mS.
2023-07-08 18:05:57,390 [INFO] ProjectBuilder:2867 - Time for Copy CMSIS : 0mS.
2023-07-08 18:45:52,921 [ERROR] AdobePublisher:162 - Exception while opening the connection: java.net.SocketTimeoutException: Read timed out
